

================================================================
== Vivado HLS Report for 'dense_resource_ap_fixed_ap_fixed_8_2_5_3_0_config6_s'
================================================================
* Date:           Wed Nov 12 17:33:14 2025

* Version:        2019.2 (Build 2704478 on Wed Nov 06 22:10:23 MST 2019)
* Project:        model_1_hls4ml_prj_prj
* Solution:       solution1
* Product family: artix7
* Target device:  xc7a100t-csg324-1


================================================================
== Performance Estimates
================================================================
+ Timing: 
    * Summary: 
    +--------+---------+----------+------------+
    |  Clock |  Target | Estimated| Uncertainty|
    +--------+---------+----------+------------+
    |ap_clk  | 5.00 ns | 3.820 ns |   0.62 ns  |
    +--------+---------+----------+------------+

+ Latency: 
    * Summary: 
    +---------+---------+----------+----------+-----+-----+---------------------------------------------+
    |  Latency (cycles) |  Latency (absolute) |  Interval |                   Pipeline                  |
    |   min   |   max   |    min   |    max   | min | max |                     Type                    |
    +---------+---------+----------+----------+-----+-----+---------------------------------------------+
    |      104|      105| 0.520 us | 0.525 us |  100|  100| loop rewind(delay=0 initiation interval(s)) |
    +---------+---------+----------+----------+-----+-----+---------------------------------------------+

    + Detail: 
        * Instance: 
        N/A

        * Loop: 
        +-------------+---------+---------+----------+-----------+-----------+------+----------+
        |             |  Latency (cycles) | Iteration|  Initiation Interval  | Trip |          |
        |  Loop Name  |   min   |   max   |  Latency |  achieved |   target  | Count| Pipelined|
        +-------------+---------+---------+----------+-----------+-----------+------+----------+
        |- ReuseLoop  |      104|      104|         6|          1|          1|   100|    yes   |
        +-------------+---------+---------+----------+-----------+-----------+------+----------+



================================================================
== Utilization Estimates
================================================================
* Summary: 
+-----------------+---------+-------+--------+-------+-----+
|       Name      | BRAM_18K| DSP48E|   FF   |  LUT  | URAM|
+-----------------+---------+-------+--------+-------+-----+
|DSP              |        -|     50|       -|      -|    -|
|Expression       |        -|      -|       0|     34|    -|
|FIFO             |        -|      -|       -|      -|    -|
|Instance         |        -|      -|       0|    217|    -|
|Memory           |       12|      -|       0|      0|    -|
|Multiplexer      |        -|      -|       -|   4131|    -|
|Register         |        0|      -|    5701|     32|    -|
+-----------------+---------+-------+--------+-------+-----+
|Total            |       12|     50|    5701|   4414|    0|
+-----------------+---------+-------+--------+-------+-----+
|Available        |      270|    240|  126800|  63400|    0|
+-----------------+---------+-------+--------+-------+-----+
|Utilization (%)  |        4|     20|       4|      6|    0|
+-----------------+---------+-------+--------+-------+-----+

+ Detail: 
    * Instance: 
    +-----------------------------------------+------------------------------------+---------+-------+---+-----+-----+
    |                 Instance                |               Module               | BRAM_18K| DSP48E| FF| LUT | URAM|
    +-----------------------------------------+------------------------------------+---------+-------+---+-----+-----+
    |model_1_hls4ml_prj_mux_1007_16_1_1_U928  |model_1_hls4ml_prj_mux_1007_16_1_1  |        0|      0|  0|  217|    0|
    +-----------------------------------------+------------------------------------+---------+-------+---+-----+-----+
    |Total                                    |                                    |        0|      0|  0|  217|    0|
    +-----------------------------------------+------------------------------------+---------+-------+---+-----+-----+

    * DSP48E: 
    +-------------------------------------------------------+--------------------------------------------------+--------------+
    |                        Instance                       |                      Module                      |  Expression  |
    +-------------------------------------------------------+--------------------------------------------------+--------------+
    |model_1_hls4ml_prj_mac_muladd_16s_5s_16ns_16_3_1_U978  |model_1_hls4ml_prj_mac_muladd_16s_5s_16ns_16_3_1  | i0 * i1 + i2 |
    |model_1_hls4ml_prj_mac_muladd_16s_8s_16ns_16_3_1_U929  |model_1_hls4ml_prj_mac_muladd_16s_8s_16ns_16_3_1  | i0 * i1 + i2 |
    |model_1_hls4ml_prj_mac_muladd_16s_8s_16ns_16_3_1_U930  |model_1_hls4ml_prj_mac_muladd_16s_8s_16ns_16_3_1  | i0 * i1 + i2 |
    |model_1_hls4ml_prj_mac_muladd_16s_8s_16ns_16_3_1_U931  |model_1_hls4ml_prj_mac_muladd_16s_8s_16ns_16_3_1  | i0 * i1 + i2 |
    |model_1_hls4ml_prj_mac_muladd_16s_8s_16ns_16_3_1_U932  |model_1_hls4ml_prj_mac_muladd_16s_8s_16ns_16_3_1  | i0 * i1 + i2 |
    |model_1_hls4ml_prj_mac_muladd_16s_8s_16ns_16_3_1_U933  |model_1_hls4ml_prj_mac_muladd_16s_8s_16ns_16_3_1  | i0 * i1 + i2 |
    |model_1_hls4ml_prj_mac_muladd_16s_8s_16ns_16_3_1_U934  |model_1_hls4ml_prj_mac_muladd_16s_8s_16ns_16_3_1  | i0 * i1 + i2 |
    |model_1_hls4ml_prj_mac_muladd_16s_8s_16ns_16_3_1_U935  |model_1_hls4ml_prj_mac_muladd_16s_8s_16ns_16_3_1  | i0 * i1 + i2 |
    |model_1_hls4ml_prj_mac_muladd_16s_8s_16ns_16_3_1_U936  |model_1_hls4ml_prj_mac_muladd_16s_8s_16ns_16_3_1  | i0 * i1 + i2 |
    |model_1_hls4ml_prj_mac_muladd_16s_8s_16ns_16_3_1_U937  |model_1_hls4ml_prj_mac_muladd_16s_8s_16ns_16_3_1  | i0 * i1 + i2 |
    |model_1_hls4ml_prj_mac_muladd_16s_8s_16ns_16_3_1_U938  |model_1_hls4ml_prj_mac_muladd_16s_8s_16ns_16_3_1  | i0 * i1 + i2 |
    |model_1_hls4ml_prj_mac_muladd_16s_8s_16ns_16_3_1_U939  |model_1_hls4ml_prj_mac_muladd_16s_8s_16ns_16_3_1  | i0 * i1 + i2 |
    |model_1_hls4ml_prj_mac_muladd_16s_8s_16ns_16_3_1_U940  |model_1_hls4ml_prj_mac_muladd_16s_8s_16ns_16_3_1  | i0 * i1 + i2 |
    |model_1_hls4ml_prj_mac_muladd_16s_8s_16ns_16_3_1_U941  |model_1_hls4ml_prj_mac_muladd_16s_8s_16ns_16_3_1  | i0 * i1 + i2 |
    |model_1_hls4ml_prj_mac_muladd_16s_8s_16ns_16_3_1_U942  |model_1_hls4ml_prj_mac_muladd_16s_8s_16ns_16_3_1  | i0 * i1 + i2 |
    |model_1_hls4ml_prj_mac_muladd_16s_8s_16ns_16_3_1_U943  |model_1_hls4ml_prj_mac_muladd_16s_8s_16ns_16_3_1  | i0 * i1 + i2 |
    |model_1_hls4ml_prj_mac_muladd_16s_8s_16ns_16_3_1_U944  |model_1_hls4ml_prj_mac_muladd_16s_8s_16ns_16_3_1  | i0 * i1 + i2 |
    |model_1_hls4ml_prj_mac_muladd_16s_8s_16ns_16_3_1_U945  |model_1_hls4ml_prj_mac_muladd_16s_8s_16ns_16_3_1  | i0 * i1 + i2 |
    |model_1_hls4ml_prj_mac_muladd_16s_8s_16ns_16_3_1_U946  |model_1_hls4ml_prj_mac_muladd_16s_8s_16ns_16_3_1  | i0 * i1 + i2 |
    |model_1_hls4ml_prj_mac_muladd_16s_8s_16ns_16_3_1_U947  |model_1_hls4ml_prj_mac_muladd_16s_8s_16ns_16_3_1  | i0 * i1 + i2 |
    |model_1_hls4ml_prj_mac_muladd_16s_8s_16ns_16_3_1_U948  |model_1_hls4ml_prj_mac_muladd_16s_8s_16ns_16_3_1  | i0 * i1 + i2 |
    |model_1_hls4ml_prj_mac_muladd_16s_8s_16ns_16_3_1_U949  |model_1_hls4ml_prj_mac_muladd_16s_8s_16ns_16_3_1  | i0 * i1 + i2 |
    |model_1_hls4ml_prj_mac_muladd_16s_8s_16ns_16_3_1_U950  |model_1_hls4ml_prj_mac_muladd_16s_8s_16ns_16_3_1  | i0 * i1 + i2 |
    |model_1_hls4ml_prj_mac_muladd_16s_8s_16ns_16_3_1_U951  |model_1_hls4ml_prj_mac_muladd_16s_8s_16ns_16_3_1  | i0 * i1 + i2 |
    |model_1_hls4ml_prj_mac_muladd_16s_8s_16ns_16_3_1_U952  |model_1_hls4ml_prj_mac_muladd_16s_8s_16ns_16_3_1  | i0 * i1 + i2 |
    |model_1_hls4ml_prj_mac_muladd_16s_8s_16ns_16_3_1_U953  |model_1_hls4ml_prj_mac_muladd_16s_8s_16ns_16_3_1  | i0 * i1 + i2 |
    |model_1_hls4ml_prj_mac_muladd_16s_8s_16ns_16_3_1_U954  |model_1_hls4ml_prj_mac_muladd_16s_8s_16ns_16_3_1  | i0 * i1 + i2 |
    |model_1_hls4ml_prj_mac_muladd_16s_8s_16ns_16_3_1_U955  |model_1_hls4ml_prj_mac_muladd_16s_8s_16ns_16_3_1  | i0 * i1 + i2 |
    |model_1_hls4ml_prj_mac_muladd_16s_8s_16ns_16_3_1_U956  |model_1_hls4ml_prj_mac_muladd_16s_8s_16ns_16_3_1  | i0 * i1 + i2 |
    |model_1_hls4ml_prj_mac_muladd_16s_8s_16ns_16_3_1_U957  |model_1_hls4ml_prj_mac_muladd_16s_8s_16ns_16_3_1  | i0 * i1 + i2 |
    |model_1_hls4ml_prj_mac_muladd_16s_8s_16ns_16_3_1_U958  |model_1_hls4ml_prj_mac_muladd_16s_8s_16ns_16_3_1  | i0 * i1 + i2 |
    |model_1_hls4ml_prj_mac_muladd_16s_8s_16ns_16_3_1_U959  |model_1_hls4ml_prj_mac_muladd_16s_8s_16ns_16_3_1  | i0 * i1 + i2 |
    |model_1_hls4ml_prj_mac_muladd_16s_8s_16ns_16_3_1_U960  |model_1_hls4ml_prj_mac_muladd_16s_8s_16ns_16_3_1  | i0 * i1 + i2 |
    |model_1_hls4ml_prj_mac_muladd_16s_8s_16ns_16_3_1_U961  |model_1_hls4ml_prj_mac_muladd_16s_8s_16ns_16_3_1  | i0 * i1 + i2 |
    |model_1_hls4ml_prj_mac_muladd_16s_8s_16ns_16_3_1_U962  |model_1_hls4ml_prj_mac_muladd_16s_8s_16ns_16_3_1  | i0 * i1 + i2 |
    |model_1_hls4ml_prj_mac_muladd_16s_8s_16ns_16_3_1_U963  |model_1_hls4ml_prj_mac_muladd_16s_8s_16ns_16_3_1  | i0 * i1 + i2 |
    |model_1_hls4ml_prj_mac_muladd_16s_8s_16ns_16_3_1_U964  |model_1_hls4ml_prj_mac_muladd_16s_8s_16ns_16_3_1  | i0 * i1 + i2 |
    |model_1_hls4ml_prj_mac_muladd_16s_8s_16ns_16_3_1_U965  |model_1_hls4ml_prj_mac_muladd_16s_8s_16ns_16_3_1  | i0 * i1 + i2 |
    |model_1_hls4ml_prj_mac_muladd_16s_8s_16ns_16_3_1_U966  |model_1_hls4ml_prj_mac_muladd_16s_8s_16ns_16_3_1  | i0 * i1 + i2 |
    |model_1_hls4ml_prj_mac_muladd_16s_8s_16ns_16_3_1_U967  |model_1_hls4ml_prj_mac_muladd_16s_8s_16ns_16_3_1  | i0 * i1 + i2 |
    |model_1_hls4ml_prj_mac_muladd_16s_8s_16ns_16_3_1_U968  |model_1_hls4ml_prj_mac_muladd_16s_8s_16ns_16_3_1  | i0 * i1 + i2 |
    |model_1_hls4ml_prj_mac_muladd_16s_8s_16ns_16_3_1_U969  |model_1_hls4ml_prj_mac_muladd_16s_8s_16ns_16_3_1  | i0 * i1 + i2 |
    |model_1_hls4ml_prj_mac_muladd_16s_8s_16ns_16_3_1_U970  |model_1_hls4ml_prj_mac_muladd_16s_8s_16ns_16_3_1  | i0 * i1 + i2 |
    |model_1_hls4ml_prj_mac_muladd_16s_8s_16ns_16_3_1_U971  |model_1_hls4ml_prj_mac_muladd_16s_8s_16ns_16_3_1  | i0 * i1 + i2 |
    |model_1_hls4ml_prj_mac_muladd_16s_8s_16ns_16_3_1_U972  |model_1_hls4ml_prj_mac_muladd_16s_8s_16ns_16_3_1  | i0 * i1 + i2 |
    |model_1_hls4ml_prj_mac_muladd_16s_8s_16ns_16_3_1_U973  |model_1_hls4ml_prj_mac_muladd_16s_8s_16ns_16_3_1  | i0 * i1 + i2 |
    |model_1_hls4ml_prj_mac_muladd_16s_8s_16ns_16_3_1_U974  |model_1_hls4ml_prj_mac_muladd_16s_8s_16ns_16_3_1  | i0 * i1 + i2 |
    |model_1_hls4ml_prj_mac_muladd_16s_8s_16ns_16_3_1_U975  |model_1_hls4ml_prj_mac_muladd_16s_8s_16ns_16_3_1  | i0 * i1 + i2 |
    |model_1_hls4ml_prj_mac_muladd_16s_8s_16ns_16_3_1_U976  |model_1_hls4ml_prj_mac_muladd_16s_8s_16ns_16_3_1  | i0 * i1 + i2 |
    |model_1_hls4ml_prj_mac_muladd_16s_8s_16ns_16_3_1_U977  |model_1_hls4ml_prj_mac_muladd_16s_8s_16ns_16_3_1  | i0 * i1 + i2 |
    +-------------------------------------------------------+--------------------------------------------------+--------------+

    * Memory: 
    +--------+-----------------------------------------------------------+---------+---+----+-----+------+-----+------+-------------+
    | Memory |                           Module                          | BRAM_18K| FF| LUT| URAM| Words| Bits| Banks| W*Bits*Banks|
    +--------+-----------------------------------------------------------+---------+---+----+-----+------+-----+------+-------------+
    |w6_V_U  |dense_resource_ap_fixed_ap_fixed_8_2_5_3_0_config6_s_w6_V  |       12|  0|   0|    0|   100|  397|     1|        39700|
    +--------+-----------------------------------------------------------+---------+---+----+-----+------+-----+------+-------------+
    |Total   |                                                           |       12|  0|   0|    0|   100|  397|     1|        39700|
    +--------+-----------------------------------------------------------+---------+---+----+-----+------+-----+------+-------------+

    * FIFO: 
    N/A

    * Expression: 
    +----------------------+----------+-------+---+----+------------+------------+
    |     Variable Name    | Operation| DSP48E| FF| LUT| Bitwidth P0| Bitwidth P1|
    +----------------------+----------+-------+---+----+------------+------------+
    |w_index_fu_4509_p2    |     +    |      0|  0|  15|           1|           7|
    |ap_condition_1052     |    and   |      0|  0|   2|           1|           1|
    |ap_condition_46       |    and   |      0|  0|   2|           1|           1|
    |icmp_ln64_fu_4515_p2  |   icmp   |      0|  0|  11|           7|           6|
    |ap_block_state1       |    or    |      0|  0|   2|           1|           1|
    |ap_enable_pp0         |    xor   |      0|  0|   2|           1|           2|
    +----------------------+----------+-------+---+----+------------+------------+
    |Total                 |          |      0|  0|  34|          12|          18|
    +----------------------+----------+-------+---+----+------------+------------+

    * Multiplexer: 
    +----------------------------------------------------+----+-----------+-----+-----------+
    |                        Name                        | LUT| Input Size| Bits| Total Bits|
    +----------------------------------------------------+----+-----------+-----+-----------+
    |ap_NS_fsm                                           |  15|          3|    1|          3|
    |ap_done                                             |   9|          2|    1|          2|
    |ap_enable_reg_pp0_iter1                             |   9|          2|    1|          2|
    |ap_enable_reg_pp0_iter5                             |   9|          2|    1|          2|
    |ap_phi_mux_data_0_V_read104_rewind_phi_fu_1093_p6   |   9|          2|   16|         32|
    |ap_phi_mux_data_10_V_read114_rewind_phi_fu_1233_p6  |   9|          2|   16|         32|
    |ap_phi_mux_data_11_V_read115_rewind_phi_fu_1247_p6  |   9|          2|   16|         32|
    |ap_phi_mux_data_12_V_read116_rewind_phi_fu_1261_p6  |   9|          2|   16|         32|
    |ap_phi_mux_data_13_V_read117_rewind_phi_fu_1275_p6  |   9|          2|   16|         32|
    |ap_phi_mux_data_14_V_read118_rewind_phi_fu_1289_p6  |   9|          2|   16|         32|
    |ap_phi_mux_data_15_V_read119_rewind_phi_fu_1303_p6  |   9|          2|   16|         32|
    |ap_phi_mux_data_16_V_read120_rewind_phi_fu_1317_p6  |   9|          2|   16|         32|
    |ap_phi_mux_data_17_V_read121_rewind_phi_fu_1331_p6  |   9|          2|   16|         32|
    |ap_phi_mux_data_18_V_read122_rewind_phi_fu_1345_p6  |   9|          2|   16|         32|
    |ap_phi_mux_data_19_V_read123_rewind_phi_fu_1359_p6  |   9|          2|   16|         32|
    |ap_phi_mux_data_1_V_read105_rewind_phi_fu_1107_p6   |   9|          2|   16|         32|
    |ap_phi_mux_data_20_V_read124_rewind_phi_fu_1373_p6  |   9|          2|   16|         32|
    |ap_phi_mux_data_21_V_read125_rewind_phi_fu_1387_p6  |   9|          2|   16|         32|
    |ap_phi_mux_data_22_V_read126_rewind_phi_fu_1401_p6  |   9|          2|   16|         32|
    |ap_phi_mux_data_23_V_read127_rewind_phi_fu_1415_p6  |   9|          2|   16|         32|
    |ap_phi_mux_data_24_V_read128_rewind_phi_fu_1429_p6  |   9|          2|   16|         32|
    |ap_phi_mux_data_25_V_read129_rewind_phi_fu_1443_p6  |   9|          2|   16|         32|
    |ap_phi_mux_data_26_V_read130_rewind_phi_fu_1457_p6  |   9|          2|   16|         32|
    |ap_phi_mux_data_27_V_read131_rewind_phi_fu_1471_p6  |   9|          2|   16|         32|
    |ap_phi_mux_data_28_V_read132_rewind_phi_fu_1485_p6  |   9|          2|   16|         32|
    |ap_phi_mux_data_29_V_read133_rewind_phi_fu_1499_p6  |   9|          2|   16|         32|
    |ap_phi_mux_data_2_V_read106_rewind_phi_fu_1121_p6   |   9|          2|   16|         32|
    |ap_phi_mux_data_30_V_read134_rewind_phi_fu_1513_p6  |   9|          2|   16|         32|
    |ap_phi_mux_data_31_V_read135_rewind_phi_fu_1527_p6  |   9|          2|   16|         32|
    |ap_phi_mux_data_32_V_read136_rewind_phi_fu_1541_p6  |   9|          2|   16|         32|
    |ap_phi_mux_data_33_V_read137_rewind_phi_fu_1555_p6  |   9|          2|   16|         32|
    |ap_phi_mux_data_34_V_read138_rewind_phi_fu_1569_p6  |   9|          2|   16|         32|
    |ap_phi_mux_data_35_V_read139_rewind_phi_fu_1583_p6  |   9|          2|   16|         32|
    |ap_phi_mux_data_36_V_read140_rewind_phi_fu_1597_p6  |   9|          2|   16|         32|
    |ap_phi_mux_data_37_V_read141_rewind_phi_fu_1611_p6  |   9|          2|   16|         32|
    |ap_phi_mux_data_38_V_read142_rewind_phi_fu_1625_p6  |   9|          2|   16|         32|
    |ap_phi_mux_data_39_V_read143_rewind_phi_fu_1639_p6  |   9|          2|   16|         32|
    |ap_phi_mux_data_3_V_read107_rewind_phi_fu_1135_p6   |   9|          2|   16|         32|
    |ap_phi_mux_data_40_V_read144_rewind_phi_fu_1653_p6  |   9|          2|   16|         32|
    |ap_phi_mux_data_41_V_read145_rewind_phi_fu_1667_p6  |   9|          2|   16|         32|
    |ap_phi_mux_data_42_V_read146_rewind_phi_fu_1681_p6  |   9|          2|   16|         32|
    |ap_phi_mux_data_43_V_read147_rewind_phi_fu_1695_p6  |   9|          2|   16|         32|
    |ap_phi_mux_data_44_V_read148_rewind_phi_fu_1709_p6  |   9|          2|   16|         32|
    |ap_phi_mux_data_45_V_read149_rewind_phi_fu_1723_p6  |   9|          2|   16|         32|
    |ap_phi_mux_data_46_V_read150_rewind_phi_fu_1737_p6  |   9|          2|   16|         32|
    |ap_phi_mux_data_47_V_read151_rewind_phi_fu_1751_p6  |   9|          2|   16|         32|
    |ap_phi_mux_data_48_V_read152_rewind_phi_fu_1765_p6  |   9|          2|   16|         32|
    |ap_phi_mux_data_49_V_read153_rewind_phi_fu_1779_p6  |   9|          2|   16|         32|
    |ap_phi_mux_data_4_V_read108_rewind_phi_fu_1149_p6   |   9|          2|   16|         32|
    |ap_phi_mux_data_50_V_read154_rewind_phi_fu_1793_p6  |   9|          2|   16|         32|
    |ap_phi_mux_data_51_V_read155_rewind_phi_fu_1807_p6  |   9|          2|   16|         32|
    |ap_phi_mux_data_52_V_read156_rewind_phi_fu_1821_p6  |   9|          2|   16|         32|
    |ap_phi_mux_data_53_V_read157_rewind_phi_fu_1835_p6  |   9|          2|   16|         32|
    |ap_phi_mux_data_54_V_read158_rewind_phi_fu_1849_p6  |   9|          2|   16|         32|
    |ap_phi_mux_data_55_V_read159_rewind_phi_fu_1863_p6  |   9|          2|   16|         32|
    |ap_phi_mux_data_56_V_read160_rewind_phi_fu_1877_p6  |   9|          2|   16|         32|
    |ap_phi_mux_data_57_V_read161_rewind_phi_fu_1891_p6  |   9|          2|   16|         32|
    |ap_phi_mux_data_58_V_read162_rewind_phi_fu_1905_p6  |   9|          2|   16|         32|
    |ap_phi_mux_data_59_V_read163_rewind_phi_fu_1919_p6  |   9|          2|   16|         32|
    |ap_phi_mux_data_5_V_read109_rewind_phi_fu_1163_p6   |   9|          2|   16|         32|
    |ap_phi_mux_data_60_V_read164_rewind_phi_fu_1933_p6  |   9|          2|   16|         32|
    |ap_phi_mux_data_61_V_read165_rewind_phi_fu_1947_p6  |   9|          2|   16|         32|
    |ap_phi_mux_data_62_V_read166_rewind_phi_fu_1961_p6  |   9|          2|   16|         32|
    |ap_phi_mux_data_63_V_read167_rewind_phi_fu_1975_p6  |   9|          2|   16|         32|
    |ap_phi_mux_data_64_V_read168_rewind_phi_fu_1989_p6  |   9|          2|   16|         32|
    |ap_phi_mux_data_65_V_read169_rewind_phi_fu_2003_p6  |   9|          2|   16|         32|
    |ap_phi_mux_data_66_V_read170_rewind_phi_fu_2017_p6  |   9|          2|   16|         32|
    |ap_phi_mux_data_67_V_read171_rewind_phi_fu_2031_p6  |   9|          2|   16|         32|
    |ap_phi_mux_data_68_V_read172_rewind_phi_fu_2045_p6  |   9|          2|   16|         32|
    |ap_phi_mux_data_69_V_read173_rewind_phi_fu_2059_p6  |   9|          2|   16|         32|
    |ap_phi_mux_data_6_V_read110_rewind_phi_fu_1177_p6   |   9|          2|   16|         32|
    |ap_phi_mux_data_70_V_read174_rewind_phi_fu_2073_p6  |   9|          2|   16|         32|
    |ap_phi_mux_data_71_V_read175_rewind_phi_fu_2087_p6  |   9|          2|   16|         32|
    |ap_phi_mux_data_72_V_read176_rewind_phi_fu_2101_p6  |   9|          2|   16|         32|
    |ap_phi_mux_data_73_V_read177_rewind_phi_fu_2115_p6  |   9|          2|   16|         32|
    |ap_phi_mux_data_74_V_read178_rewind_phi_fu_2129_p6  |   9|          2|   16|         32|
    |ap_phi_mux_data_75_V_read179_rewind_phi_fu_2143_p6  |   9|          2|   16|         32|
    |ap_phi_mux_data_76_V_read180_rewind_phi_fu_2157_p6  |   9|          2|   16|         32|
    |ap_phi_mux_data_77_V_read181_rewind_phi_fu_2171_p6  |   9|          2|   16|         32|
    |ap_phi_mux_data_78_V_read182_rewind_phi_fu_2185_p6  |   9|          2|   16|         32|
    |ap_phi_mux_data_79_V_read183_rewind_phi_fu_2199_p6  |   9|          2|   16|         32|
    |ap_phi_mux_data_7_V_read111_rewind_phi_fu_1191_p6   |   9|          2|   16|         32|
    |ap_phi_mux_data_80_V_read184_rewind_phi_fu_2213_p6  |   9|          2|   16|         32|
    |ap_phi_mux_data_81_V_read185_rewind_phi_fu_2227_p6  |   9|          2|   16|         32|
    |ap_phi_mux_data_82_V_read186_rewind_phi_fu_2241_p6  |   9|          2|   16|         32|
    |ap_phi_mux_data_83_V_read187_rewind_phi_fu_2255_p6  |   9|          2|   16|         32|
    |ap_phi_mux_data_84_V_read188_rewind_phi_fu_2269_p6  |   9|          2|   16|         32|
    |ap_phi_mux_data_85_V_read189_rewind_phi_fu_2283_p6  |   9|          2|   16|         32|
    |ap_phi_mux_data_86_V_read190_rewind_phi_fu_2297_p6  |   9|          2|   16|         32|
    |ap_phi_mux_data_87_V_read191_rewind_phi_fu_2311_p6  |   9|          2|   16|         32|
    |ap_phi_mux_data_88_V_read192_rewind_phi_fu_2325_p6  |   9|          2|   16|         32|
    |ap_phi_mux_data_89_V_read193_rewind_phi_fu_2339_p6  |   9|          2|   16|         32|
    |ap_phi_mux_data_8_V_read112_rewind_phi_fu_1205_p6   |   9|          2|   16|         32|
    |ap_phi_mux_data_90_V_read194_rewind_phi_fu_2353_p6  |   9|          2|   16|         32|
    |ap_phi_mux_data_91_V_read195_rewind_phi_fu_2367_p6  |   9|          2|   16|         32|
    |ap_phi_mux_data_92_V_read196_rewind_phi_fu_2381_p6  |   9|          2|   16|         32|
    |ap_phi_mux_data_93_V_read197_rewind_phi_fu_2395_p6  |   9|          2|   16|         32|
    |ap_phi_mux_data_94_V_read198_rewind_phi_fu_2409_p6  |   9|          2|   16|         32|
    |ap_phi_mux_data_95_V_read199_rewind_phi_fu_2423_p6  |   9|          2|   16|         32|
    |ap_phi_mux_data_96_V_read200_rewind_phi_fu_2437_p6  |   9|          2|   16|         32|
    |ap_phi_mux_data_97_V_read201_rewind_phi_fu_2451_p6  |   9|          2|   16|         32|
    |ap_phi_mux_data_98_V_read202_rewind_phi_fu_2465_p6  |   9|          2|   16|         32|
    |ap_phi_mux_data_99_V_read203_rewind_phi_fu_2479_p6  |   9|          2|   16|         32|
    |ap_phi_mux_data_9_V_read113_rewind_phi_fu_1219_p6   |   9|          2|   16|         32|
    |ap_phi_mux_do_init_phi_fu_1077_p6                   |  15|          3|    1|          3|
    |ap_phi_mux_p_Val2_102_phi_fu_3808_p6                |  15|          3|   16|         48|
    |ap_phi_mux_p_Val2_1080_phi_fu_3948_p6               |  15|          3|   16|         48|
    |ap_phi_mux_p_Val2_1100_phi_fu_3822_p6               |  15|          3|   16|         48|
    |ap_phi_mux_p_Val2_1178_phi_fu_3962_p6               |  15|          3|   16|         48|
    |ap_phi_mux_p_Val2_1276_phi_fu_3976_p6               |  15|          3|   16|         48|
    |ap_phi_mux_p_Val2_1374_phi_fu_3990_p6               |  15|          3|   16|         48|
    |ap_phi_mux_p_Val2_1472_phi_fu_4004_p6               |  15|          3|   16|         48|
    |ap_phi_mux_p_Val2_1570_phi_fu_4018_p6               |  15|          3|   16|         48|
    |ap_phi_mux_p_Val2_1668_phi_fu_4032_p6               |  15|          3|   16|         48|
    |ap_phi_mux_p_Val2_1766_phi_fu_4046_p6               |  15|          3|   16|         48|
    |ap_phi_mux_p_Val2_1864_phi_fu_4060_p6               |  15|          3|   16|         48|
    |ap_phi_mux_p_Val2_1962_phi_fu_4074_p6               |  15|          3|   16|         48|
    |ap_phi_mux_p_Val2_2060_phi_fu_4088_p6               |  15|          3|   16|         48|
    |ap_phi_mux_p_Val2_2158_phi_fu_4102_p6               |  15|          3|   16|         48|
    |ap_phi_mux_p_Val2_2256_phi_fu_4116_p6               |  15|          3|   16|         48|
    |ap_phi_mux_p_Val2_2354_phi_fu_4130_p6               |  15|          3|   16|         48|
    |ap_phi_mux_p_Val2_2452_phi_fu_4144_p6               |  15|          3|   16|         48|
    |ap_phi_mux_p_Val2_2550_phi_fu_4158_p6               |  15|          3|   16|         48|
    |ap_phi_mux_p_Val2_2648_phi_fu_4172_p6               |  15|          3|   16|         48|
    |ap_phi_mux_p_Val2_2746_phi_fu_4186_p6               |  15|          3|   16|         48|
    |ap_phi_mux_p_Val2_2844_phi_fu_4200_p6               |  15|          3|   16|         48|
    |ap_phi_mux_p_Val2_2942_phi_fu_4214_p6               |  15|          3|   16|         48|
    |ap_phi_mux_p_Val2_298_phi_fu_3836_p6                |  15|          3|   16|         48|
    |ap_phi_mux_p_Val2_3040_phi_fu_4228_p6               |  15|          3|   16|         48|
    |ap_phi_mux_p_Val2_3138_phi_fu_4242_p6               |  15|          3|   16|         48|
    |ap_phi_mux_p_Val2_3236_phi_fu_4256_p6               |  15|          3|   16|         48|
    |ap_phi_mux_p_Val2_3334_phi_fu_4270_p6               |  15|          3|   16|         48|
    |ap_phi_mux_p_Val2_3432_phi_fu_4284_p6               |  15|          3|   16|         48|
    |ap_phi_mux_p_Val2_3530_phi_fu_4298_p6               |  15|          3|   16|         48|
    |ap_phi_mux_p_Val2_3628_phi_fu_4312_p6               |  15|          3|   16|         48|
    |ap_phi_mux_p_Val2_3726_phi_fu_4326_p6               |  15|          3|   16|         48|
    |ap_phi_mux_p_Val2_3824_phi_fu_4340_p6               |  15|          3|   16|         48|
    |ap_phi_mux_p_Val2_3922_phi_fu_4354_p6               |  15|          3|   16|         48|
    |ap_phi_mux_p_Val2_396_phi_fu_3850_p6                |  15|          3|   16|         48|
    |ap_phi_mux_p_Val2_4020_phi_fu_4368_p6               |  15|          3|   16|         48|
    |ap_phi_mux_p_Val2_4118_phi_fu_4382_p6               |  15|          3|   16|         48|
    |ap_phi_mux_p_Val2_4216_phi_fu_4396_p6               |  15|          3|   16|         48|
    |ap_phi_mux_p_Val2_4314_phi_fu_4410_p6               |  15|          3|   16|         48|
    |ap_phi_mux_p_Val2_4412_phi_fu_4424_p6               |  15|          3|   16|         48|
    |ap_phi_mux_p_Val2_4510_phi_fu_4438_p6               |  15|          3|   16|         48|
    |ap_phi_mux_p_Val2_468_phi_fu_4452_p6                |  15|          3|   16|         48|
    |ap_phi_mux_p_Val2_476_phi_fu_4466_p6                |  15|          3|   16|         48|
    |ap_phi_mux_p_Val2_484_phi_fu_4480_p6                |  15|          3|   16|         48|
    |ap_phi_mux_p_Val2_492_phi_fu_4494_p6                |  15|          3|   16|         48|
    |ap_phi_mux_p_Val2_494_phi_fu_3864_p6                |  15|          3|   16|         48|
    |ap_phi_mux_p_Val2_590_phi_fu_3878_p6                |  15|          3|   16|         48|
    |ap_phi_mux_p_Val2_688_phi_fu_3892_p6                |  15|          3|   16|         48|
    |ap_phi_mux_p_Val2_786_phi_fu_3906_p6                |  15|          3|   16|         48|
    |ap_phi_mux_p_Val2_884_phi_fu_3920_p6                |  15|          3|   16|         48|
    |ap_phi_mux_p_Val2_982_phi_fu_3934_p6                |  15|          3|   16|         48|
    |ap_phi_mux_w_index103_phi_fu_2493_p6                |  15|          3|    7|         21|
    |ap_return_0                                         |   9|          2|    8|         16|
    |ap_return_1                                         |   9|          2|    8|         16|
    |ap_return_10                                        |   9|          2|    8|         16|
    |ap_return_11                                        |   9|          2|    8|         16|
    |ap_return_12                                        |   9|          2|    8|         16|
    |ap_return_13                                        |   9|          2|    8|         16|
    |ap_return_14                                        |   9|          2|    8|         16|
    |ap_return_15                                        |   9|          2|    8|         16|
    |ap_return_16                                        |   9|          2|    8|         16|
    |ap_return_17                                        |   9|          2|    8|         16|
    |ap_return_18                                        |   9|          2|    8|         16|
    |ap_return_19                                        |   9|          2|    8|         16|
    |ap_return_2                                         |   9|          2|    8|         16|
    |ap_return_20                                        |   9|          2|    8|         16|
    |ap_return_21                                        |   9|          2|    8|         16|
    |ap_return_22                                        |   9|          2|    8|         16|
    |ap_return_23                                        |   9|          2|    8|         16|
    |ap_return_24                                        |   9|          2|    8|         16|
    |ap_return_25                                        |   9|          2|    8|         16|
    |ap_return_26                                        |   9|          2|    8|         16|
    |ap_return_27                                        |   9|          2|    8|         16|
    |ap_return_28                                        |   9|          2|    8|         16|
    |ap_return_29                                        |   9|          2|    8|         16|
    |ap_return_3                                         |   9|          2|    8|         16|
    |ap_return_30                                        |   9|          2|    8|         16|
    |ap_return_31                                        |   9|          2|    8|         16|
    |ap_return_32                                        |   9|          2|    8|         16|
    |ap_return_33                                        |   9|          2|    8|         16|
    |ap_return_34                                        |   9|          2|    8|         16|
    |ap_return_35                                        |   9|          2|    8|         16|
    |ap_return_36                                        |   9|          2|    8|         16|
    |ap_return_37                                        |   9|          2|    8|         16|
    |ap_return_38                                        |   9|          2|    8|         16|
    |ap_return_39                                        |   9|          2|    8|         16|
    |ap_return_4                                         |   9|          2|    8|         16|
    |ap_return_40                                        |   9|          2|    8|         16|
    |ap_return_41                                        |   9|          2|    8|         16|
    |ap_return_42                                        |   9|          2|    8|         16|
    |ap_return_43                                        |   9|          2|    8|         16|
    |ap_return_44                                        |   9|          2|    8|         16|
    |ap_return_45                                        |   9|          2|    8|         16|
    |ap_return_46                                        |   9|          2|    8|         16|
    |ap_return_47                                        |   9|          2|    8|         16|
    |ap_return_48                                        |   9|          2|    8|         16|
    |ap_return_49                                        |   9|          2|    8|         16|
    |ap_return_5                                         |   9|          2|    8|         16|
    |ap_return_6                                         |   9|          2|    8|         16|
    |ap_return_7                                         |   9|          2|    8|         16|
    |ap_return_8                                         |   9|          2|    8|         16|
    |ap_return_9                                         |   9|          2|    8|         16|
    |data_0_V_read104_phi_reg_2504                       |  15|          3|   16|         48|
    |data_10_V_read114_phi_reg_2634                      |  15|          3|   16|         48|
    |data_11_V_read115_phi_reg_2647                      |  15|          3|   16|         48|
    |data_12_V_read116_phi_reg_2660                      |  15|          3|   16|         48|
    |data_13_V_read117_phi_reg_2673                      |  15|          3|   16|         48|
    |data_14_V_read118_phi_reg_2686                      |  15|          3|   16|         48|
    |data_15_V_read119_phi_reg_2699                      |  15|          3|   16|         48|
    |data_16_V_read120_phi_reg_2712                      |  15|          3|   16|         48|
    |data_17_V_read121_phi_reg_2725                      |  15|          3|   16|         48|
    |data_18_V_read122_phi_reg_2738                      |  15|          3|   16|         48|
    |data_19_V_read123_phi_reg_2751                      |  15|          3|   16|         48|
    |data_1_V_read105_phi_reg_2517                       |  15|          3|   16|         48|
    |data_20_V_read124_phi_reg_2764                      |  15|          3|   16|         48|
    |data_21_V_read125_phi_reg_2777                      |  15|          3|   16|         48|
    |data_22_V_read126_phi_reg_2790                      |  15|          3|   16|         48|
    |data_23_V_read127_phi_reg_2803                      |  15|          3|   16|         48|
    |data_24_V_read128_phi_reg_2816                      |  15|          3|   16|         48|
    |data_25_V_read129_phi_reg_2829                      |  15|          3|   16|         48|
    |data_26_V_read130_phi_reg_2842                      |  15|          3|   16|         48|
    |data_27_V_read131_phi_reg_2855                      |  15|          3|   16|         48|
    |data_28_V_read132_phi_reg_2868                      |  15|          3|   16|         48|
    |data_29_V_read133_phi_reg_2881                      |  15|          3|   16|         48|
    |data_2_V_read106_phi_reg_2530                       |  15|          3|   16|         48|
    |data_30_V_read134_phi_reg_2894                      |  15|          3|   16|         48|
    |data_31_V_read135_phi_reg_2907                      |  15|          3|   16|         48|
    |data_32_V_read136_phi_reg_2920                      |  15|          3|   16|         48|
    |data_33_V_read137_phi_reg_2933                      |  15|          3|   16|         48|
    |data_34_V_read138_phi_reg_2946                      |  15|          3|   16|         48|
    |data_35_V_read139_phi_reg_2959                      |  15|          3|   16|         48|
    |data_36_V_read140_phi_reg_2972                      |  15|          3|   16|         48|
    |data_37_V_read141_phi_reg_2985                      |  15|          3|   16|         48|
    |data_38_V_read142_phi_reg_2998                      |  15|          3|   16|         48|
    |data_39_V_read143_phi_reg_3011                      |  15|          3|   16|         48|
    |data_3_V_read107_phi_reg_2543                       |  15|          3|   16|         48|
    |data_40_V_read144_phi_reg_3024                      |  15|          3|   16|         48|
    |data_41_V_read145_phi_reg_3037                      |  15|          3|   16|         48|
    |data_42_V_read146_phi_reg_3050                      |  15|          3|   16|         48|
    |data_43_V_read147_phi_reg_3063                      |  15|          3|   16|         48|
    |data_44_V_read148_phi_reg_3076                      |  15|          3|   16|         48|
    |data_45_V_read149_phi_reg_3089                      |  15|          3|   16|         48|
    |data_46_V_read150_phi_reg_3102                      |  15|          3|   16|         48|
    |data_47_V_read151_phi_reg_3115                      |  15|          3|   16|         48|
    |data_48_V_read152_phi_reg_3128                      |  15|          3|   16|         48|
    |data_49_V_read153_phi_reg_3141                      |  15|          3|   16|         48|
    |data_4_V_read108_phi_reg_2556                       |  15|          3|   16|         48|
    |data_50_V_read154_phi_reg_3154                      |  15|          3|   16|         48|
    |data_51_V_read155_phi_reg_3167                      |  15|          3|   16|         48|
    |data_52_V_read156_phi_reg_3180                      |  15|          3|   16|         48|
    |data_53_V_read157_phi_reg_3193                      |  15|          3|   16|         48|
    |data_54_V_read158_phi_reg_3206                      |  15|          3|   16|         48|
    |data_55_V_read159_phi_reg_3219                      |  15|          3|   16|         48|
    |data_56_V_read160_phi_reg_3232                      |  15|          3|   16|         48|
    |data_57_V_read161_phi_reg_3245                      |  15|          3|   16|         48|
    |data_58_V_read162_phi_reg_3258                      |  15|          3|   16|         48|
    |data_59_V_read163_phi_reg_3271                      |  15|          3|   16|         48|
    |data_5_V_read109_phi_reg_2569                       |  15|          3|   16|         48|
    |data_60_V_read164_phi_reg_3284                      |  15|          3|   16|         48|
    |data_61_V_read165_phi_reg_3297                      |  15|          3|   16|         48|
    |data_62_V_read166_phi_reg_3310                      |  15|          3|   16|         48|
    |data_63_V_read167_phi_reg_3323                      |  15|          3|   16|         48|
    |data_64_V_read168_phi_reg_3336                      |  15|          3|   16|         48|
    |data_65_V_read169_phi_reg_3349                      |  15|          3|   16|         48|
    |data_66_V_read170_phi_reg_3362                      |  15|          3|   16|         48|
    |data_67_V_read171_phi_reg_3375                      |  15|          3|   16|         48|
    |data_68_V_read172_phi_reg_3388                      |  15|          3|   16|         48|
    |data_69_V_read173_phi_reg_3401                      |  15|          3|   16|         48|
    |data_6_V_read110_phi_reg_2582                       |  15|          3|   16|         48|
    |data_70_V_read174_phi_reg_3414                      |  15|          3|   16|         48|
    |data_71_V_read175_phi_reg_3427                      |  15|          3|   16|         48|
    |data_72_V_read176_phi_reg_3440                      |  15|          3|   16|         48|
    |data_73_V_read177_phi_reg_3453                      |  15|          3|   16|         48|
    |data_74_V_read178_phi_reg_3466                      |  15|          3|   16|         48|
    |data_75_V_read179_phi_reg_3479                      |  15|          3|   16|         48|
    |data_76_V_read180_phi_reg_3492                      |  15|          3|   16|         48|
    |data_77_V_read181_phi_reg_3505                      |  15|          3|   16|         48|
    |data_78_V_read182_phi_reg_3518                      |  15|          3|   16|         48|
    |data_79_V_read183_phi_reg_3531                      |  15|          3|   16|         48|
    |data_7_V_read111_phi_reg_2595                       |  15|          3|   16|         48|
    |data_80_V_read184_phi_reg_3544                      |  15|          3|   16|         48|
    |data_81_V_read185_phi_reg_3557                      |  15|          3|   16|         48|
    |data_82_V_read186_phi_reg_3570                      |  15|          3|   16|         48|
    |data_83_V_read187_phi_reg_3583                      |  15|          3|   16|         48|
    |data_84_V_read188_phi_reg_3596                      |  15|          3|   16|         48|
    |data_85_V_read189_phi_reg_3609                      |  15|          3|   16|         48|
    |data_86_V_read190_phi_reg_3622                      |  15|          3|   16|         48|
    |data_87_V_read191_phi_reg_3635                      |  15|          3|   16|         48|
    |data_88_V_read192_phi_reg_3648                      |  15|          3|   16|         48|
    |data_89_V_read193_phi_reg_3661                      |  15|          3|   16|         48|
    |data_8_V_read112_phi_reg_2608                       |  15|          3|   16|         48|
    |data_90_V_read194_phi_reg_3674                      |  15|          3|   16|         48|
    |data_91_V_read195_phi_reg_3687                      |  15|          3|   16|         48|
    |data_92_V_read196_phi_reg_3700                      |  15|          3|   16|         48|
    |data_93_V_read197_phi_reg_3713                      |  15|          3|   16|         48|
    |data_94_V_read198_phi_reg_3726                      |  15|          3|   16|         48|
    |data_95_V_read199_phi_reg_3739                      |  15|          3|   16|         48|
    |data_96_V_read200_phi_reg_3752                      |  15|          3|   16|         48|
    |data_97_V_read201_phi_reg_3765                      |  15|          3|   16|         48|
    |data_98_V_read202_phi_reg_3778                      |  15|          3|   16|         48|
    |data_99_V_read203_phi_reg_3791                      |  15|          3|   16|         48|
    |data_9_V_read113_phi_reg_2621                       |  15|          3|   16|         48|
    |p_Val2_102_reg_3804                                 |   9|          2|   16|         32|
    |p_Val2_1080_reg_3944                                |   9|          2|   16|         32|
    |p_Val2_1100_reg_3818                                |   9|          2|   16|         32|
    |p_Val2_1178_reg_3958                                |   9|          2|   16|         32|
    |p_Val2_1276_reg_3972                                |   9|          2|   16|         32|
    |p_Val2_1374_reg_3986                                |   9|          2|   16|         32|
    |p_Val2_1472_reg_4000                                |   9|          2|   16|         32|
    |p_Val2_1570_reg_4014                                |   9|          2|   16|         32|
    |p_Val2_1668_reg_4028                                |   9|          2|   16|         32|
    |p_Val2_1766_reg_4042                                |   9|          2|   16|         32|
    |p_Val2_1864_reg_4056                                |   9|          2|   16|         32|
    |p_Val2_1962_reg_4070                                |   9|          2|   16|         32|
    |p_Val2_2060_reg_4084                                |   9|          2|   16|         32|
    |p_Val2_2158_reg_4098                                |   9|          2|   16|         32|
    |p_Val2_2256_reg_4112                                |   9|          2|   16|         32|
    |p_Val2_2354_reg_4126                                |   9|          2|   16|         32|
    |p_Val2_2452_reg_4140                                |   9|          2|   16|         32|
    |p_Val2_2550_reg_4154                                |   9|          2|   16|         32|
    |p_Val2_2648_reg_4168                                |   9|          2|   16|         32|
    |p_Val2_2746_reg_4182                                |   9|          2|   16|         32|
    |p_Val2_2844_reg_4196                                |   9|          2|   16|         32|
    |p_Val2_2942_reg_4210                                |   9|          2|   16|         32|
    |p_Val2_298_reg_3832                                 |   9|          2|   16|         32|
    |p_Val2_3040_reg_4224                                |   9|          2|   16|         32|
    |p_Val2_3138_reg_4238                                |   9|          2|   16|         32|
    |p_Val2_3236_reg_4252                                |   9|          2|   16|         32|
    |p_Val2_3334_reg_4266                                |   9|          2|   16|         32|
    |p_Val2_3432_reg_4280                                |   9|          2|   16|         32|
    |p_Val2_3530_reg_4294                                |   9|          2|   16|         32|
    |p_Val2_3628_reg_4308                                |   9|          2|   16|         32|
    |p_Val2_3726_reg_4322                                |   9|          2|   16|         32|
    |p_Val2_3824_reg_4336                                |   9|          2|   16|         32|
    |p_Val2_3922_reg_4350                                |   9|          2|   16|         32|
    |p_Val2_396_reg_3846                                 |   9|          2|   16|         32|
    |p_Val2_4020_reg_4364                                |   9|          2|   16|         32|
    |p_Val2_4118_reg_4378                                |   9|          2|   16|         32|
    |p_Val2_4216_reg_4392                                |   9|          2|   16|         32|
    |p_Val2_4314_reg_4406                                |   9|          2|   16|         32|
    |p_Val2_4412_reg_4420                                |   9|          2|   16|         32|
    |p_Val2_4510_reg_4434                                |   9|          2|   16|         32|
    |p_Val2_468_reg_4448                                 |   9|          2|   16|         32|
    |p_Val2_476_reg_4462                                 |   9|          2|   16|         32|
    |p_Val2_484_reg_4476                                 |   9|          2|   16|         32|
    |p_Val2_492_reg_4490                                 |   9|          2|   16|         32|
    |p_Val2_494_reg_3860                                 |   9|          2|   16|         32|
    |p_Val2_590_reg_3874                                 |   9|          2|   16|         32|
    |p_Val2_688_reg_3888                                 |   9|          2|   16|         32|
    |p_Val2_786_reg_3902                                 |   9|          2|   16|         32|
    |p_Val2_884_reg_3916                                 |   9|          2|   16|         32|
    |p_Val2_982_reg_3930                                 |   9|          2|   16|         32|
    |w_index103_reg_2489                                 |   9|          2|    7|         14|
    +----------------------------------------------------+----+-----------+-----+-----------+
    |Total                                               |4131|        867| 5219|      12847|
    +----------------------------------------------------+----+-----------+-----+-----------+

    * Register: 
    +-----------------------------------+----+----+-----+-----------+
    |                Name               | FF | LUT| Bits| Const Bits|
    +-----------------------------------+----+----+-----+-----------+
    |acc_0_V_reg_7043                   |  16|   0|   16|          0|
    |acc_10_V_reg_7103                  |  16|   0|   16|          0|
    |acc_11_V_reg_7109                  |  16|   0|   16|          0|
    |acc_12_V_reg_7115                  |  16|   0|   16|          0|
    |acc_13_V_reg_7121                  |  16|   0|   16|          0|
    |acc_14_V_reg_7127                  |  16|   0|   16|          0|
    |acc_15_V_reg_7133                  |  16|   0|   16|          0|
    |acc_16_V_reg_7139                  |  16|   0|   16|          0|
    |acc_17_V_reg_7145                  |  16|   0|   16|          0|
    |acc_18_V_reg_7151                  |  16|   0|   16|          0|
    |acc_19_V_reg_7157                  |  16|   0|   16|          0|
    |acc_1_V_reg_7049                   |  16|   0|   16|          0|
    |acc_20_V_reg_7163                  |  16|   0|   16|          0|
    |acc_21_V_reg_7169                  |  16|   0|   16|          0|
    |acc_22_V_reg_7175                  |  16|   0|   16|          0|
    |acc_23_V_reg_7181                  |  16|   0|   16|          0|
    |acc_24_V_reg_7187                  |  16|   0|   16|          0|
    |acc_25_V_reg_7193                  |  16|   0|   16|          0|
    |acc_26_V_reg_7199                  |  16|   0|   16|          0|
    |acc_27_V_reg_7205                  |  16|   0|   16|          0|
    |acc_28_V_reg_7211                  |  16|   0|   16|          0|
    |acc_29_V_reg_7217                  |  16|   0|   16|          0|
    |acc_2_V_reg_7055                   |  16|   0|   16|          0|
    |acc_30_V_reg_7223                  |  16|   0|   16|          0|
    |acc_31_V_reg_7229                  |  16|   0|   16|          0|
    |acc_32_V_reg_7235                  |  16|   0|   16|          0|
    |acc_33_V_reg_7241                  |  16|   0|   16|          0|
    |acc_34_V_reg_7247                  |  16|   0|   16|          0|
    |acc_35_V_reg_7253                  |  16|   0|   16|          0|
    |acc_36_V_reg_7259                  |  16|   0|   16|          0|
    |acc_37_V_reg_7265                  |  16|   0|   16|          0|
    |acc_38_V_reg_7271                  |  16|   0|   16|          0|
    |acc_39_V_reg_7277                  |  16|   0|   16|          0|
    |acc_3_V_reg_7061                   |  16|   0|   16|          0|
    |acc_40_V_reg_7283                  |  16|   0|   16|          0|
    |acc_41_V_reg_7289                  |  16|   0|   16|          0|
    |acc_42_V_reg_7295                  |  16|   0|   16|          0|
    |acc_43_V_reg_7301                  |  16|   0|   16|          0|
    |acc_44_V_reg_7307                  |  16|   0|   16|          0|
    |acc_45_V_reg_7313                  |  16|   0|   16|          0|
    |acc_46_V_reg_7319                  |  16|   0|   16|          0|
    |acc_47_V_reg_7325                  |  16|   0|   16|          0|
    |acc_48_V_reg_7331                  |  16|   0|   16|          0|
    |acc_49_V_reg_7337                  |  16|   0|   16|          0|
    |acc_4_V_reg_7067                   |  16|   0|   16|          0|
    |acc_5_V_reg_7073                   |  16|   0|   16|          0|
    |acc_6_V_reg_7079                   |  16|   0|   16|          0|
    |acc_7_V_reg_7085                   |  16|   0|   16|          0|
    |acc_8_V_reg_7091                   |  16|   0|   16|          0|
    |acc_9_V_reg_7097                   |  16|   0|   16|          0|
    |ap_CS_fsm                          |   2|   0|    2|          0|
    |ap_done_reg                        |   1|   0|    1|          0|
    |ap_enable_reg_pp0_iter1            |   1|   0|    1|          0|
    |ap_enable_reg_pp0_iter2            |   1|   0|    1|          0|
    |ap_enable_reg_pp0_iter3            |   1|   0|    1|          0|
    |ap_enable_reg_pp0_iter4            |   1|   0|    1|          0|
    |ap_enable_reg_pp0_iter5            |   1|   0|    1|          0|
    |ap_return_0_preg                   |   8|   0|    8|          0|
    |ap_return_10_preg                  |   8|   0|    8|          0|
    |ap_return_11_preg                  |   8|   0|    8|          0|
    |ap_return_12_preg                  |   8|   0|    8|          0|
    |ap_return_13_preg                  |   8|   0|    8|          0|
    |ap_return_14_preg                  |   8|   0|    8|          0|
    |ap_return_15_preg                  |   8|   0|    8|          0|
    |ap_return_16_preg                  |   8|   0|    8|          0|
    |ap_return_17_preg                  |   8|   0|    8|          0|
    |ap_return_18_preg                  |   8|   0|    8|          0|
    |ap_return_19_preg                  |   8|   0|    8|          0|
    |ap_return_1_preg                   |   8|   0|    8|          0|
    |ap_return_20_preg                  |   8|   0|    8|          0|
    |ap_return_21_preg                  |   8|   0|    8|          0|
    |ap_return_22_preg                  |   8|   0|    8|          0|
    |ap_return_23_preg                  |   8|   0|    8|          0|
    |ap_return_24_preg                  |   8|   0|    8|          0|
    |ap_return_25_preg                  |   8|   0|    8|          0|
    |ap_return_26_preg                  |   8|   0|    8|          0|
    |ap_return_27_preg                  |   8|   0|    8|          0|
    |ap_return_28_preg                  |   8|   0|    8|          0|
    |ap_return_29_preg                  |   8|   0|    8|          0|
    |ap_return_2_preg                   |   8|   0|    8|          0|
    |ap_return_30_preg                  |   8|   0|    8|          0|
    |ap_return_31_preg                  |   8|   0|    8|          0|
    |ap_return_32_preg                  |   8|   0|    8|          0|
    |ap_return_33_preg                  |   8|   0|    8|          0|
    |ap_return_34_preg                  |   8|   0|    8|          0|
    |ap_return_35_preg                  |   8|   0|    8|          0|
    |ap_return_36_preg                  |   8|   0|    8|          0|
    |ap_return_37_preg                  |   8|   0|    8|          0|
    |ap_return_38_preg                  |   8|   0|    8|          0|
    |ap_return_39_preg                  |   8|   0|    8|          0|
    |ap_return_3_preg                   |   8|   0|    8|          0|
    |ap_return_40_preg                  |   8|   0|    8|          0|
    |ap_return_41_preg                  |   8|   0|    8|          0|
    |ap_return_42_preg                  |   8|   0|    8|          0|
    |ap_return_43_preg                  |   8|   0|    8|          0|
    |ap_return_44_preg                  |   8|   0|    8|          0|
    |ap_return_45_preg                  |   8|   0|    8|          0|
    |ap_return_46_preg                  |   8|   0|    8|          0|
    |ap_return_47_preg                  |   8|   0|    8|          0|
    |ap_return_48_preg                  |   8|   0|    8|          0|
    |ap_return_49_preg                  |   8|   0|    8|          0|
    |ap_return_4_preg                   |   8|   0|    8|          0|
    |ap_return_5_preg                   |   8|   0|    8|          0|
    |ap_return_6_preg                   |   8|   0|    8|          0|
    |ap_return_7_preg                   |   8|   0|    8|          0|
    |ap_return_8_preg                   |   8|   0|    8|          0|
    |ap_return_9_preg                   |   8|   0|    8|          0|
    |data_0_V_read104_phi_reg_2504      |  16|   0|   16|          0|
    |data_0_V_read104_rewind_reg_1089   |  16|   0|   16|          0|
    |data_10_V_read114_phi_reg_2634     |  16|   0|   16|          0|
    |data_10_V_read114_rewind_reg_1229  |  16|   0|   16|          0|
    |data_11_V_read115_phi_reg_2647     |  16|   0|   16|          0|
    |data_11_V_read115_rewind_reg_1243  |  16|   0|   16|          0|
    |data_12_V_read116_phi_reg_2660     |  16|   0|   16|          0|
    |data_12_V_read116_rewind_reg_1257  |  16|   0|   16|          0|
    |data_13_V_read117_phi_reg_2673     |  16|   0|   16|          0|
    |data_13_V_read117_rewind_reg_1271  |  16|   0|   16|          0|
    |data_14_V_read118_phi_reg_2686     |  16|   0|   16|          0|
    |data_14_V_read118_rewind_reg_1285  |  16|   0|   16|          0|
    |data_15_V_read119_phi_reg_2699     |  16|   0|   16|          0|
    |data_15_V_read119_rewind_reg_1299  |  16|   0|   16|          0|
    |data_16_V_read120_phi_reg_2712     |  16|   0|   16|          0|
    |data_16_V_read120_rewind_reg_1313  |  16|   0|   16|          0|
    |data_17_V_read121_phi_reg_2725     |  16|   0|   16|          0|
    |data_17_V_read121_rewind_reg_1327  |  16|   0|   16|          0|
    |data_18_V_read122_phi_reg_2738     |  16|   0|   16|          0|
    |data_18_V_read122_rewind_reg_1341  |  16|   0|   16|          0|
    |data_19_V_read123_phi_reg_2751     |  16|   0|   16|          0|
    |data_19_V_read123_rewind_reg_1355  |  16|   0|   16|          0|
    |data_1_V_read105_phi_reg_2517      |  16|   0|   16|          0|
    |data_1_V_read105_rewind_reg_1103   |  16|   0|   16|          0|
    |data_20_V_read124_phi_reg_2764     |  16|   0|   16|          0|
    |data_20_V_read124_rewind_reg_1369  |  16|   0|   16|          0|
    |data_21_V_read125_phi_reg_2777     |  16|   0|   16|          0|
    |data_21_V_read125_rewind_reg_1383  |  16|   0|   16|          0|
    |data_22_V_read126_phi_reg_2790     |  16|   0|   16|          0|
    |data_22_V_read126_rewind_reg_1397  |  16|   0|   16|          0|
    |data_23_V_read127_phi_reg_2803     |  16|   0|   16|          0|
    |data_23_V_read127_rewind_reg_1411  |  16|   0|   16|          0|
    |data_24_V_read128_phi_reg_2816     |  16|   0|   16|          0|
    |data_24_V_read128_rewind_reg_1425  |  16|   0|   16|          0|
    |data_25_V_read129_phi_reg_2829     |  16|   0|   16|          0|
    |data_25_V_read129_rewind_reg_1439  |  16|   0|   16|          0|
    |data_26_V_read130_phi_reg_2842     |  16|   0|   16|          0|
    |data_26_V_read130_rewind_reg_1453  |  16|   0|   16|          0|
    |data_27_V_read131_phi_reg_2855     |  16|   0|   16|          0|
    |data_27_V_read131_rewind_reg_1467  |  16|   0|   16|          0|
    |data_28_V_read132_phi_reg_2868     |  16|   0|   16|          0|
    |data_28_V_read132_rewind_reg_1481  |  16|   0|   16|          0|
    |data_29_V_read133_phi_reg_2881     |  16|   0|   16|          0|
    |data_29_V_read133_rewind_reg_1495  |  16|   0|   16|          0|
    |data_2_V_read106_phi_reg_2530      |  16|   0|   16|          0|
    |data_2_V_read106_rewind_reg_1117   |  16|   0|   16|          0|
    |data_30_V_read134_phi_reg_2894     |  16|   0|   16|          0|
    |data_30_V_read134_rewind_reg_1509  |  16|   0|   16|          0|
    |data_31_V_read135_phi_reg_2907     |  16|   0|   16|          0|
    |data_31_V_read135_rewind_reg_1523  |  16|   0|   16|          0|
    |data_32_V_read136_phi_reg_2920     |  16|   0|   16|          0|
    |data_32_V_read136_rewind_reg_1537  |  16|   0|   16|          0|
    |data_33_V_read137_phi_reg_2933     |  16|   0|   16|          0|
    |data_33_V_read137_rewind_reg_1551  |  16|   0|   16|          0|
    |data_34_V_read138_phi_reg_2946     |  16|   0|   16|          0|
    |data_34_V_read138_rewind_reg_1565  |  16|   0|   16|          0|
    |data_35_V_read139_phi_reg_2959     |  16|   0|   16|          0|
    |data_35_V_read139_rewind_reg_1579  |  16|   0|   16|          0|
    |data_36_V_read140_phi_reg_2972     |  16|   0|   16|          0|
    |data_36_V_read140_rewind_reg_1593  |  16|   0|   16|          0|
    |data_37_V_read141_phi_reg_2985     |  16|   0|   16|          0|
    |data_37_V_read141_rewind_reg_1607  |  16|   0|   16|          0|
    |data_38_V_read142_phi_reg_2998     |  16|   0|   16|          0|
    |data_38_V_read142_rewind_reg_1621  |  16|   0|   16|          0|
    |data_39_V_read143_phi_reg_3011     |  16|   0|   16|          0|
    |data_39_V_read143_rewind_reg_1635  |  16|   0|   16|          0|
    |data_3_V_read107_phi_reg_2543      |  16|   0|   16|          0|
    |data_3_V_read107_rewind_reg_1131   |  16|   0|   16|          0|
    |data_40_V_read144_phi_reg_3024     |  16|   0|   16|          0|
    |data_40_V_read144_rewind_reg_1649  |  16|   0|   16|          0|
    |data_41_V_read145_phi_reg_3037     |  16|   0|   16|          0|
    |data_41_V_read145_rewind_reg_1663  |  16|   0|   16|          0|
    |data_42_V_read146_phi_reg_3050     |  16|   0|   16|          0|
    |data_42_V_read146_rewind_reg_1677  |  16|   0|   16|          0|
    |data_43_V_read147_phi_reg_3063     |  16|   0|   16|          0|
    |data_43_V_read147_rewind_reg_1691  |  16|   0|   16|          0|
    |data_44_V_read148_phi_reg_3076     |  16|   0|   16|          0|
    |data_44_V_read148_rewind_reg_1705  |  16|   0|   16|          0|
    |data_45_V_read149_phi_reg_3089     |  16|   0|   16|          0|
    |data_45_V_read149_rewind_reg_1719  |  16|   0|   16|          0|
    |data_46_V_read150_phi_reg_3102     |  16|   0|   16|          0|
    |data_46_V_read150_rewind_reg_1733  |  16|   0|   16|          0|
    |data_47_V_read151_phi_reg_3115     |  16|   0|   16|          0|
    |data_47_V_read151_rewind_reg_1747  |  16|   0|   16|          0|
    |data_48_V_read152_phi_reg_3128     |  16|   0|   16|          0|
    |data_48_V_read152_rewind_reg_1761  |  16|   0|   16|          0|
    |data_49_V_read153_phi_reg_3141     |  16|   0|   16|          0|
    |data_49_V_read153_rewind_reg_1775  |  16|   0|   16|          0|
    |data_4_V_read108_phi_reg_2556      |  16|   0|   16|          0|
    |data_4_V_read108_rewind_reg_1145   |  16|   0|   16|          0|
    |data_50_V_read154_phi_reg_3154     |  16|   0|   16|          0|
    |data_50_V_read154_rewind_reg_1789  |  16|   0|   16|          0|
    |data_51_V_read155_phi_reg_3167     |  16|   0|   16|          0|
    |data_51_V_read155_rewind_reg_1803  |  16|   0|   16|          0|
    |data_52_V_read156_phi_reg_3180     |  16|   0|   16|          0|
    |data_52_V_read156_rewind_reg_1817  |  16|   0|   16|          0|
    |data_53_V_read157_phi_reg_3193     |  16|   0|   16|          0|
    |data_53_V_read157_rewind_reg_1831  |  16|   0|   16|          0|
    |data_54_V_read158_phi_reg_3206     |  16|   0|   16|          0|
    |data_54_V_read158_rewind_reg_1845  |  16|   0|   16|          0|
    |data_55_V_read159_phi_reg_3219     |  16|   0|   16|          0|
    |data_55_V_read159_rewind_reg_1859  |  16|   0|   16|          0|
    |data_56_V_read160_phi_reg_3232     |  16|   0|   16|          0|
    |data_56_V_read160_rewind_reg_1873  |  16|   0|   16|          0|
    |data_57_V_read161_phi_reg_3245     |  16|   0|   16|          0|
    |data_57_V_read161_rewind_reg_1887  |  16|   0|   16|          0|
    |data_58_V_read162_phi_reg_3258     |  16|   0|   16|          0|
    |data_58_V_read162_rewind_reg_1901  |  16|   0|   16|          0|
    |data_59_V_read163_phi_reg_3271     |  16|   0|   16|          0|
    |data_59_V_read163_rewind_reg_1915  |  16|   0|   16|          0|
    |data_5_V_read109_phi_reg_2569      |  16|   0|   16|          0|
    |data_5_V_read109_rewind_reg_1159   |  16|   0|   16|          0|
    |data_60_V_read164_phi_reg_3284     |  16|   0|   16|          0|
    |data_60_V_read164_rewind_reg_1929  |  16|   0|   16|          0|
    |data_61_V_read165_phi_reg_3297     |  16|   0|   16|          0|
    |data_61_V_read165_rewind_reg_1943  |  16|   0|   16|          0|
    |data_62_V_read166_phi_reg_3310     |  16|   0|   16|          0|
    |data_62_V_read166_rewind_reg_1957  |  16|   0|   16|          0|
    |data_63_V_read167_phi_reg_3323     |  16|   0|   16|          0|
    |data_63_V_read167_rewind_reg_1971  |  16|   0|   16|          0|
    |data_64_V_read168_phi_reg_3336     |  16|   0|   16|          0|
    |data_64_V_read168_rewind_reg_1985  |  16|   0|   16|          0|
    |data_65_V_read169_phi_reg_3349     |  16|   0|   16|          0|
    |data_65_V_read169_rewind_reg_1999  |  16|   0|   16|          0|
    |data_66_V_read170_phi_reg_3362     |  16|   0|   16|          0|
    |data_66_V_read170_rewind_reg_2013  |  16|   0|   16|          0|
    |data_67_V_read171_phi_reg_3375     |  16|   0|   16|          0|
    |data_67_V_read171_rewind_reg_2027  |  16|   0|   16|          0|
    |data_68_V_read172_phi_reg_3388     |  16|   0|   16|          0|
    |data_68_V_read172_rewind_reg_2041  |  16|   0|   16|          0|
    |data_69_V_read173_phi_reg_3401     |  16|   0|   16|          0|
    |data_69_V_read173_rewind_reg_2055  |  16|   0|   16|          0|
    |data_6_V_read110_phi_reg_2582      |  16|   0|   16|          0|
    |data_6_V_read110_rewind_reg_1173   |  16|   0|   16|          0|
    |data_70_V_read174_phi_reg_3414     |  16|   0|   16|          0|
    |data_70_V_read174_rewind_reg_2069  |  16|   0|   16|          0|
    |data_71_V_read175_phi_reg_3427     |  16|   0|   16|          0|
    |data_71_V_read175_rewind_reg_2083  |  16|   0|   16|          0|
    |data_72_V_read176_phi_reg_3440     |  16|   0|   16|          0|
    |data_72_V_read176_rewind_reg_2097  |  16|   0|   16|          0|
    |data_73_V_read177_phi_reg_3453     |  16|   0|   16|          0|
    |data_73_V_read177_rewind_reg_2111  |  16|   0|   16|          0|
    |data_74_V_read178_phi_reg_3466     |  16|   0|   16|          0|
    |data_74_V_read178_rewind_reg_2125  |  16|   0|   16|          0|
    |data_75_V_read179_phi_reg_3479     |  16|   0|   16|          0|
    |data_75_V_read179_rewind_reg_2139  |  16|   0|   16|          0|
    |data_76_V_read180_phi_reg_3492     |  16|   0|   16|          0|
    |data_76_V_read180_rewind_reg_2153  |  16|   0|   16|          0|
    |data_77_V_read181_phi_reg_3505     |  16|   0|   16|          0|
    |data_77_V_read181_rewind_reg_2167  |  16|   0|   16|          0|
    |data_78_V_read182_phi_reg_3518     |  16|   0|   16|          0|
    |data_78_V_read182_rewind_reg_2181  |  16|   0|   16|          0|
    |data_79_V_read183_phi_reg_3531     |  16|   0|   16|          0|
    |data_79_V_read183_rewind_reg_2195  |  16|   0|   16|          0|
    |data_7_V_read111_phi_reg_2595      |  16|   0|   16|          0|
    |data_7_V_read111_rewind_reg_1187   |  16|   0|   16|          0|
    |data_80_V_read184_phi_reg_3544     |  16|   0|   16|          0|
    |data_80_V_read184_rewind_reg_2209  |  16|   0|   16|          0|
    |data_81_V_read185_phi_reg_3557     |  16|   0|   16|          0|
    |data_81_V_read185_rewind_reg_2223  |  16|   0|   16|          0|
    |data_82_V_read186_phi_reg_3570     |  16|   0|   16|          0|
    |data_82_V_read186_rewind_reg_2237  |  16|   0|   16|          0|
    |data_83_V_read187_phi_reg_3583     |  16|   0|   16|          0|
    |data_83_V_read187_rewind_reg_2251  |  16|   0|   16|          0|
    |data_84_V_read188_phi_reg_3596     |  16|   0|   16|          0|
    |data_84_V_read188_rewind_reg_2265  |  16|   0|   16|          0|
    |data_85_V_read189_phi_reg_3609     |  16|   0|   16|          0|
    |data_85_V_read189_rewind_reg_2279  |  16|   0|   16|          0|
    |data_86_V_read190_phi_reg_3622     |  16|   0|   16|          0|
    |data_86_V_read190_rewind_reg_2293  |  16|   0|   16|          0|
    |data_87_V_read191_phi_reg_3635     |  16|   0|   16|          0|
    |data_87_V_read191_rewind_reg_2307  |  16|   0|   16|          0|
    |data_88_V_read192_phi_reg_3648     |  16|   0|   16|          0|
    |data_88_V_read192_rewind_reg_2321  |  16|   0|   16|          0|
    |data_89_V_read193_phi_reg_3661     |  16|   0|   16|          0|
    |data_89_V_read193_rewind_reg_2335  |  16|   0|   16|          0|
    |data_8_V_read112_phi_reg_2608      |  16|   0|   16|          0|
    |data_8_V_read112_rewind_reg_1201   |  16|   0|   16|          0|
    |data_90_V_read194_phi_reg_3674     |  16|   0|   16|          0|
    |data_90_V_read194_rewind_reg_2349  |  16|   0|   16|          0|
    |data_91_V_read195_phi_reg_3687     |  16|   0|   16|          0|
    |data_91_V_read195_rewind_reg_2363  |  16|   0|   16|          0|
    |data_92_V_read196_phi_reg_3700     |  16|   0|   16|          0|
    |data_92_V_read196_rewind_reg_2377  |  16|   0|   16|          0|
    |data_93_V_read197_phi_reg_3713     |  16|   0|   16|          0|
    |data_93_V_read197_rewind_reg_2391  |  16|   0|   16|          0|
    |data_94_V_read198_phi_reg_3726     |  16|   0|   16|          0|
    |data_94_V_read198_rewind_reg_2405  |  16|   0|   16|          0|
    |data_95_V_read199_phi_reg_3739     |  16|   0|   16|          0|
    |data_95_V_read199_rewind_reg_2419  |  16|   0|   16|          0|
    |data_96_V_read200_phi_reg_3752     |  16|   0|   16|          0|
    |data_96_V_read200_rewind_reg_2433  |  16|   0|   16|          0|
    |data_97_V_read201_phi_reg_3765     |  16|   0|   16|          0|
    |data_97_V_read201_rewind_reg_2447  |  16|   0|   16|          0|
    |data_98_V_read202_phi_reg_3778     |  16|   0|   16|          0|
    |data_98_V_read202_rewind_reg_2461  |  16|   0|   16|          0|
    |data_99_V_read203_phi_reg_3791     |  16|   0|   16|          0|
    |data_99_V_read203_rewind_reg_2475  |  16|   0|   16|          0|
    |data_9_V_read113_phi_reg_2621      |  16|   0|   16|          0|
    |data_9_V_read113_rewind_reg_1215   |  16|   0|   16|          0|
    |do_init_reg_1073                   |   1|   0|    1|          0|
    |icmp_ln64_reg_6485                 |   1|   0|    1|          0|
    |p_Val2_102_reg_3804                |  16|   0|   16|          0|
    |p_Val2_1080_reg_3944               |  16|   0|   16|          0|
    |p_Val2_1100_reg_3818               |  16|   0|   16|          0|
    |p_Val2_1178_reg_3958               |  16|   0|   16|          0|
    |p_Val2_1276_reg_3972               |  16|   0|   16|          0|
    |p_Val2_1374_reg_3986               |  16|   0|   16|          0|
    |p_Val2_1472_reg_4000               |  16|   0|   16|          0|
    |p_Val2_1570_reg_4014               |  16|   0|   16|          0|
    |p_Val2_1668_reg_4028               |  16|   0|   16|          0|
    |p_Val2_1766_reg_4042               |  16|   0|   16|          0|
    |p_Val2_1864_reg_4056               |  16|   0|   16|          0|
    |p_Val2_1962_reg_4070               |  16|   0|   16|          0|
    |p_Val2_2060_reg_4084               |  16|   0|   16|          0|
    |p_Val2_2158_reg_4098               |  16|   0|   16|          0|
    |p_Val2_2256_reg_4112               |  16|   0|   16|          0|
    |p_Val2_2354_reg_4126               |  16|   0|   16|          0|
    |p_Val2_2452_reg_4140               |  16|   0|   16|          0|
    |p_Val2_2550_reg_4154               |  16|   0|   16|          0|
    |p_Val2_2648_reg_4168               |  16|   0|   16|          0|
    |p_Val2_2746_reg_4182               |  16|   0|   16|          0|
    |p_Val2_2844_reg_4196               |  16|   0|   16|          0|
    |p_Val2_2942_reg_4210               |  16|   0|   16|          0|
    |p_Val2_298_reg_3832                |  16|   0|   16|          0|
    |p_Val2_3040_reg_4224               |  16|   0|   16|          0|
    |p_Val2_3138_reg_4238               |  16|   0|   16|          0|
    |p_Val2_3236_reg_4252               |  16|   0|   16|          0|
    |p_Val2_3334_reg_4266               |  16|   0|   16|          0|
    |p_Val2_3432_reg_4280               |  16|   0|   16|          0|
    |p_Val2_3530_reg_4294               |  16|   0|   16|          0|
    |p_Val2_3628_reg_4308               |  16|   0|   16|          0|
    |p_Val2_3726_reg_4322               |  16|   0|   16|          0|
    |p_Val2_3824_reg_4336               |  16|   0|   16|          0|
    |p_Val2_3922_reg_4350               |  16|   0|   16|          0|
    |p_Val2_396_reg_3846                |  16|   0|   16|          0|
    |p_Val2_4020_reg_4364               |  16|   0|   16|          0|
    |p_Val2_4118_reg_4378               |  16|   0|   16|          0|
    |p_Val2_4216_reg_4392               |  16|   0|   16|          0|
    |p_Val2_4314_reg_4406               |  16|   0|   16|          0|
    |p_Val2_4412_reg_4420               |  16|   0|   16|          0|
    |p_Val2_4510_reg_4434               |  16|   0|   16|          0|
    |p_Val2_468_reg_4448                |  16|   0|   16|          0|
    |p_Val2_476_reg_4462                |  16|   0|   16|          0|
    |p_Val2_484_reg_4476                |  16|   0|   16|          0|
    |p_Val2_492_reg_4490                |  16|   0|   16|          0|
    |p_Val2_494_reg_3860                |  16|   0|   16|          0|
    |p_Val2_590_reg_3874                |  16|   0|   16|          0|
    |p_Val2_688_reg_3888                |  16|   0|   16|          0|
    |p_Val2_786_reg_3902                |  16|   0|   16|          0|
    |p_Val2_884_reg_3916                |  16|   0|   16|          0|
    |p_Val2_982_reg_3930                |  16|   0|   16|          0|
    |tmp_10_reg_6593                    |   8|   0|    8|          0|
    |tmp_11_reg_6598                    |   8|   0|    8|          0|
    |tmp_12_reg_6603                    |   8|   0|    8|          0|
    |tmp_13_reg_6608                    |   8|   0|    8|          0|
    |tmp_14_reg_6613                    |   8|   0|    8|          0|
    |tmp_15_reg_6618                    |   8|   0|    8|          0|
    |tmp_16_reg_6623                    |   8|   0|    8|          0|
    |tmp_17_reg_6628                    |   8|   0|    8|          0|
    |tmp_18_reg_6633                    |   8|   0|    8|          0|
    |tmp_19_reg_6638                    |   8|   0|    8|          0|
    |tmp_1_reg_6563                     |   8|   0|    8|          0|
    |tmp_20_reg_6643                    |   8|   0|    8|          0|
    |tmp_21_reg_6648                    |   8|   0|    8|          0|
    |tmp_22_reg_6653                    |   8|   0|    8|          0|
    |tmp_23_reg_6658                    |   8|   0|    8|          0|
    |tmp_24_reg_6663                    |   8|   0|    8|          0|
    |tmp_25_reg_6668                    |   8|   0|    8|          0|
    |tmp_26_reg_6673                    |   8|   0|    8|          0|
    |tmp_27_reg_6678                    |   8|   0|    8|          0|
    |tmp_28_reg_6683                    |   8|   0|    8|          0|
    |tmp_29_reg_6688                    |   8|   0|    8|          0|
    |tmp_2_reg_6489                     |  16|   0|   16|          0|
    |tmp_30_reg_6693                    |   8|   0|    8|          0|
    |tmp_31_reg_6698                    |   8|   0|    8|          0|
    |tmp_32_reg_6703                    |   8|   0|    8|          0|
    |tmp_33_reg_6708                    |   8|   0|    8|          0|
    |tmp_34_reg_6713                    |   8|   0|    8|          0|
    |tmp_35_reg_6718                    |   8|   0|    8|          0|
    |tmp_36_reg_6723                    |   8|   0|    8|          0|
    |tmp_37_reg_6728                    |   8|   0|    8|          0|
    |tmp_38_reg_6733                    |   8|   0|    8|          0|
    |tmp_39_reg_6738                    |   8|   0|    8|          0|
    |tmp_3_reg_6588                     |   8|   0|    8|          0|
    |tmp_40_reg_6743                    |   8|   0|    8|          0|
    |tmp_41_reg_6748                    |   8|   0|    8|          0|
    |tmp_42_reg_6753                    |   8|   0|    8|          0|
    |tmp_43_reg_6758                    |   8|   0|    8|          0|
    |tmp_44_reg_6763                    |   8|   0|    8|          0|
    |tmp_45_reg_6768                    |   8|   0|    8|          0|
    |tmp_46_reg_6773                    |   8|   0|    8|          0|
    |tmp_47_reg_6778                    |   8|   0|    8|          0|
    |tmp_48_reg_6783                    |   8|   0|    8|          0|
    |tmp_49_reg_6788                    |   5|   0|    5|          0|
    |tmp_4_reg_6573                     |   8|   0|    8|          0|
    |tmp_5_reg_6548                     |   8|   0|    8|          0|
    |tmp_6_reg_6578                     |   8|   0|    8|          0|
    |tmp_7_reg_6553                     |   8|   0|    8|          0|
    |tmp_8_reg_6583                     |   8|   0|    8|          0|
    |tmp_9_reg_6558                     |   8|   0|    8|          0|
    |tmp_s_reg_6568                     |   8|   0|    8|          0|
    |trunc_ln76_reg_6543                |   8|   0|    8|          0|
    |w_index103_reg_2489                |   7|   0|    7|          0|
    |w_index_reg_6480                   |   7|   0|    7|          0|
    |icmp_ln64_reg_6485                 |  64|  32|    1|          0|
    +-----------------------------------+----+----+-----+-----------+
    |Total                              |5701|  32| 5638|          0|
    +-----------------------------------+----+----+-----+-----------+



================================================================
== Interface
================================================================
* Summary: 
+----------------+-----+-----+------------+------------------------------------------------------+--------------+
|    RTL Ports   | Dir | Bits|  Protocol  |                     Source Object                    |    C Type    |
+----------------+-----+-----+------------+------------------------------------------------------+--------------+
|ap_clk          |  in |    1| ap_ctrl_hs | dense_resource<ap_fixed,ap_fixed<8,2,5,3,0>,config6> | return value |
|ap_rst          |  in |    1| ap_ctrl_hs | dense_resource<ap_fixed,ap_fixed<8,2,5,3,0>,config6> | return value |
|ap_start        |  in |    1| ap_ctrl_hs | dense_resource<ap_fixed,ap_fixed<8,2,5,3,0>,config6> | return value |
|ap_done         | out |    1| ap_ctrl_hs | dense_resource<ap_fixed,ap_fixed<8,2,5,3,0>,config6> | return value |
|ap_continue     |  in |    1| ap_ctrl_hs | dense_resource<ap_fixed,ap_fixed<8,2,5,3,0>,config6> | return value |
|ap_idle         | out |    1| ap_ctrl_hs | dense_resource<ap_fixed,ap_fixed<8,2,5,3,0>,config6> | return value |
|ap_ready        | out |    1| ap_ctrl_hs | dense_resource<ap_fixed,ap_fixed<8,2,5,3,0>,config6> | return value |
|ap_return_0     | out |    8| ap_ctrl_hs | dense_resource<ap_fixed,ap_fixed<8,2,5,3,0>,config6> | return value |
|ap_return_1     | out |    8| ap_ctrl_hs | dense_resource<ap_fixed,ap_fixed<8,2,5,3,0>,config6> | return value |
|ap_return_2     | out |    8| ap_ctrl_hs | dense_resource<ap_fixed,ap_fixed<8,2,5,3,0>,config6> | return value |
|ap_return_3     | out |    8| ap_ctrl_hs | dense_resource<ap_fixed,ap_fixed<8,2,5,3,0>,config6> | return value |
|ap_return_4     | out |    8| ap_ctrl_hs | dense_resource<ap_fixed,ap_fixed<8,2,5,3,0>,config6> | return value |
|ap_return_5     | out |    8| ap_ctrl_hs | dense_resource<ap_fixed,ap_fixed<8,2,5,3,0>,config6> | return value |
|ap_return_6     | out |    8| ap_ctrl_hs | dense_resource<ap_fixed,ap_fixed<8,2,5,3,0>,config6> | return value |
|ap_return_7     | out |    8| ap_ctrl_hs | dense_resource<ap_fixed,ap_fixed<8,2,5,3,0>,config6> | return value |
|ap_return_8     | out |    8| ap_ctrl_hs | dense_resource<ap_fixed,ap_fixed<8,2,5,3,0>,config6> | return value |
|ap_return_9     | out |    8| ap_ctrl_hs | dense_resource<ap_fixed,ap_fixed<8,2,5,3,0>,config6> | return value |
|ap_return_10    | out |    8| ap_ctrl_hs | dense_resource<ap_fixed,ap_fixed<8,2,5,3,0>,config6> | return value |
|ap_return_11    | out |    8| ap_ctrl_hs | dense_resource<ap_fixed,ap_fixed<8,2,5,3,0>,config6> | return value |
|ap_return_12    | out |    8| ap_ctrl_hs | dense_resource<ap_fixed,ap_fixed<8,2,5,3,0>,config6> | return value |
|ap_return_13    | out |    8| ap_ctrl_hs | dense_resource<ap_fixed,ap_fixed<8,2,5,3,0>,config6> | return value |
|ap_return_14    | out |    8| ap_ctrl_hs | dense_resource<ap_fixed,ap_fixed<8,2,5,3,0>,config6> | return value |
|ap_return_15    | out |    8| ap_ctrl_hs | dense_resource<ap_fixed,ap_fixed<8,2,5,3,0>,config6> | return value |
|ap_return_16    | out |    8| ap_ctrl_hs | dense_resource<ap_fixed,ap_fixed<8,2,5,3,0>,config6> | return value |
|ap_return_17    | out |    8| ap_ctrl_hs | dense_resource<ap_fixed,ap_fixed<8,2,5,3,0>,config6> | return value |
|ap_return_18    | out |    8| ap_ctrl_hs | dense_resource<ap_fixed,ap_fixed<8,2,5,3,0>,config6> | return value |
|ap_return_19    | out |    8| ap_ctrl_hs | dense_resource<ap_fixed,ap_fixed<8,2,5,3,0>,config6> | return value |
|ap_return_20    | out |    8| ap_ctrl_hs | dense_resource<ap_fixed,ap_fixed<8,2,5,3,0>,config6> | return value |
|ap_return_21    | out |    8| ap_ctrl_hs | dense_resource<ap_fixed,ap_fixed<8,2,5,3,0>,config6> | return value |
|ap_return_22    | out |    8| ap_ctrl_hs | dense_resource<ap_fixed,ap_fixed<8,2,5,3,0>,config6> | return value |
|ap_return_23    | out |    8| ap_ctrl_hs | dense_resource<ap_fixed,ap_fixed<8,2,5,3,0>,config6> | return value |
|ap_return_24    | out |    8| ap_ctrl_hs | dense_resource<ap_fixed,ap_fixed<8,2,5,3,0>,config6> | return value |
|ap_return_25    | out |    8| ap_ctrl_hs | dense_resource<ap_fixed,ap_fixed<8,2,5,3,0>,config6> | return value |
|ap_return_26    | out |    8| ap_ctrl_hs | dense_resource<ap_fixed,ap_fixed<8,2,5,3,0>,config6> | return value |
|ap_return_27    | out |    8| ap_ctrl_hs | dense_resource<ap_fixed,ap_fixed<8,2,5,3,0>,config6> | return value |
|ap_return_28    | out |    8| ap_ctrl_hs | dense_resource<ap_fixed,ap_fixed<8,2,5,3,0>,config6> | return value |
|ap_return_29    | out |    8| ap_ctrl_hs | dense_resource<ap_fixed,ap_fixed<8,2,5,3,0>,config6> | return value |
|ap_return_30    | out |    8| ap_ctrl_hs | dense_resource<ap_fixed,ap_fixed<8,2,5,3,0>,config6> | return value |
|ap_return_31    | out |    8| ap_ctrl_hs | dense_resource<ap_fixed,ap_fixed<8,2,5,3,0>,config6> | return value |
|ap_return_32    | out |    8| ap_ctrl_hs | dense_resource<ap_fixed,ap_fixed<8,2,5,3,0>,config6> | return value |
|ap_return_33    | out |    8| ap_ctrl_hs | dense_resource<ap_fixed,ap_fixed<8,2,5,3,0>,config6> | return value |
|ap_return_34    | out |    8| ap_ctrl_hs | dense_resource<ap_fixed,ap_fixed<8,2,5,3,0>,config6> | return value |
|ap_return_35    | out |    8| ap_ctrl_hs | dense_resource<ap_fixed,ap_fixed<8,2,5,3,0>,config6> | return value |
|ap_return_36    | out |    8| ap_ctrl_hs | dense_resource<ap_fixed,ap_fixed<8,2,5,3,0>,config6> | return value |
|ap_return_37    | out |    8| ap_ctrl_hs | dense_resource<ap_fixed,ap_fixed<8,2,5,3,0>,config6> | return value |
|ap_return_38    | out |    8| ap_ctrl_hs | dense_resource<ap_fixed,ap_fixed<8,2,5,3,0>,config6> | return value |
|ap_return_39    | out |    8| ap_ctrl_hs | dense_resource<ap_fixed,ap_fixed<8,2,5,3,0>,config6> | return value |
|ap_return_40    | out |    8| ap_ctrl_hs | dense_resource<ap_fixed,ap_fixed<8,2,5,3,0>,config6> | return value |
|ap_return_41    | out |    8| ap_ctrl_hs | dense_resource<ap_fixed,ap_fixed<8,2,5,3,0>,config6> | return value |
|ap_return_42    | out |    8| ap_ctrl_hs | dense_resource<ap_fixed,ap_fixed<8,2,5,3,0>,config6> | return value |
|ap_return_43    | out |    8| ap_ctrl_hs | dense_resource<ap_fixed,ap_fixed<8,2,5,3,0>,config6> | return value |
|ap_return_44    | out |    8| ap_ctrl_hs | dense_resource<ap_fixed,ap_fixed<8,2,5,3,0>,config6> | return value |
|ap_return_45    | out |    8| ap_ctrl_hs | dense_resource<ap_fixed,ap_fixed<8,2,5,3,0>,config6> | return value |
|ap_return_46    | out |    8| ap_ctrl_hs | dense_resource<ap_fixed,ap_fixed<8,2,5,3,0>,config6> | return value |
|ap_return_47    | out |    8| ap_ctrl_hs | dense_resource<ap_fixed,ap_fixed<8,2,5,3,0>,config6> | return value |
|ap_return_48    | out |    8| ap_ctrl_hs | dense_resource<ap_fixed,ap_fixed<8,2,5,3,0>,config6> | return value |
|ap_return_49    | out |    8| ap_ctrl_hs | dense_resource<ap_fixed,ap_fixed<8,2,5,3,0>,config6> | return value |
|data_0_V_read   |  in |   16|   ap_none  |                     data_0_V_read                    |    scalar    |
|data_1_V_read   |  in |   16|   ap_none  |                     data_1_V_read                    |    scalar    |
|data_2_V_read   |  in |   16|   ap_none  |                     data_2_V_read                    |    scalar    |
|data_3_V_read   |  in |   16|   ap_none  |                     data_3_V_read                    |    scalar    |
|data_4_V_read   |  in |   16|   ap_none  |                     data_4_V_read                    |    scalar    |
|data_5_V_read   |  in |   16|   ap_none  |                     data_5_V_read                    |    scalar    |
|data_6_V_read   |  in |   16|   ap_none  |                     data_6_V_read                    |    scalar    |
|data_7_V_read   |  in |   16|   ap_none  |                     data_7_V_read                    |    scalar    |
|data_8_V_read   |  in |   16|   ap_none  |                     data_8_V_read                    |    scalar    |
|data_9_V_read   |  in |   16|   ap_none  |                     data_9_V_read                    |    scalar    |
|data_10_V_read  |  in |   16|   ap_none  |                    data_10_V_read                    |    scalar    |
|data_11_V_read  |  in |   16|   ap_none  |                    data_11_V_read                    |    scalar    |
|data_12_V_read  |  in |   16|   ap_none  |                    data_12_V_read                    |    scalar    |
|data_13_V_read  |  in |   16|   ap_none  |                    data_13_V_read                    |    scalar    |
|data_14_V_read  |  in |   16|   ap_none  |                    data_14_V_read                    |    scalar    |
|data_15_V_read  |  in |   16|   ap_none  |                    data_15_V_read                    |    scalar    |
|data_16_V_read  |  in |   16|   ap_none  |                    data_16_V_read                    |    scalar    |
|data_17_V_read  |  in |   16|   ap_none  |                    data_17_V_read                    |    scalar    |
|data_18_V_read  |  in |   16|   ap_none  |                    data_18_V_read                    |    scalar    |
|data_19_V_read  |  in |   16|   ap_none  |                    data_19_V_read                    |    scalar    |
|data_20_V_read  |  in |   16|   ap_none  |                    data_20_V_read                    |    scalar    |
|data_21_V_read  |  in |   16|   ap_none  |                    data_21_V_read                    |    scalar    |
|data_22_V_read  |  in |   16|   ap_none  |                    data_22_V_read                    |    scalar    |
|data_23_V_read  |  in |   16|   ap_none  |                    data_23_V_read                    |    scalar    |
|data_24_V_read  |  in |   16|   ap_none  |                    data_24_V_read                    |    scalar    |
|data_25_V_read  |  in |   16|   ap_none  |                    data_25_V_read                    |    scalar    |
|data_26_V_read  |  in |   16|   ap_none  |                    data_26_V_read                    |    scalar    |
|data_27_V_read  |  in |   16|   ap_none  |                    data_27_V_read                    |    scalar    |
|data_28_V_read  |  in |   16|   ap_none  |                    data_28_V_read                    |    scalar    |
|data_29_V_read  |  in |   16|   ap_none  |                    data_29_V_read                    |    scalar    |
|data_30_V_read  |  in |   16|   ap_none  |                    data_30_V_read                    |    scalar    |
|data_31_V_read  |  in |   16|   ap_none  |                    data_31_V_read                    |    scalar    |
|data_32_V_read  |  in |   16|   ap_none  |                    data_32_V_read                    |    scalar    |
|data_33_V_read  |  in |   16|   ap_none  |                    data_33_V_read                    |    scalar    |
|data_34_V_read  |  in |   16|   ap_none  |                    data_34_V_read                    |    scalar    |
|data_35_V_read  |  in |   16|   ap_none  |                    data_35_V_read                    |    scalar    |
|data_36_V_read  |  in |   16|   ap_none  |                    data_36_V_read                    |    scalar    |
|data_37_V_read  |  in |   16|   ap_none  |                    data_37_V_read                    |    scalar    |
|data_38_V_read  |  in |   16|   ap_none  |                    data_38_V_read                    |    scalar    |
|data_39_V_read  |  in |   16|   ap_none  |                    data_39_V_read                    |    scalar    |
|data_40_V_read  |  in |   16|   ap_none  |                    data_40_V_read                    |    scalar    |
|data_41_V_read  |  in |   16|   ap_none  |                    data_41_V_read                    |    scalar    |
|data_42_V_read  |  in |   16|   ap_none  |                    data_42_V_read                    |    scalar    |
|data_43_V_read  |  in |   16|   ap_none  |                    data_43_V_read                    |    scalar    |
|data_44_V_read  |  in |   16|   ap_none  |                    data_44_V_read                    |    scalar    |
|data_45_V_read  |  in |   16|   ap_none  |                    data_45_V_read                    |    scalar    |
|data_46_V_read  |  in |   16|   ap_none  |                    data_46_V_read                    |    scalar    |
|data_47_V_read  |  in |   16|   ap_none  |                    data_47_V_read                    |    scalar    |
|data_48_V_read  |  in |   16|   ap_none  |                    data_48_V_read                    |    scalar    |
|data_49_V_read  |  in |   16|   ap_none  |                    data_49_V_read                    |    scalar    |
|data_50_V_read  |  in |   16|   ap_none  |                    data_50_V_read                    |    scalar    |
|data_51_V_read  |  in |   16|   ap_none  |                    data_51_V_read                    |    scalar    |
|data_52_V_read  |  in |   16|   ap_none  |                    data_52_V_read                    |    scalar    |
|data_53_V_read  |  in |   16|   ap_none  |                    data_53_V_read                    |    scalar    |
|data_54_V_read  |  in |   16|   ap_none  |                    data_54_V_read                    |    scalar    |
|data_55_V_read  |  in |   16|   ap_none  |                    data_55_V_read                    |    scalar    |
|data_56_V_read  |  in |   16|   ap_none  |                    data_56_V_read                    |    scalar    |
|data_57_V_read  |  in |   16|   ap_none  |                    data_57_V_read                    |    scalar    |
|data_58_V_read  |  in |   16|   ap_none  |                    data_58_V_read                    |    scalar    |
|data_59_V_read  |  in |   16|   ap_none  |                    data_59_V_read                    |    scalar    |
|data_60_V_read  |  in |   16|   ap_none  |                    data_60_V_read                    |    scalar    |
|data_61_V_read  |  in |   16|   ap_none  |                    data_61_V_read                    |    scalar    |
|data_62_V_read  |  in |   16|   ap_none  |                    data_62_V_read                    |    scalar    |
|data_63_V_read  |  in |   16|   ap_none  |                    data_63_V_read                    |    scalar    |
|data_64_V_read  |  in |   16|   ap_none  |                    data_64_V_read                    |    scalar    |
|data_65_V_read  |  in |   16|   ap_none  |                    data_65_V_read                    |    scalar    |
|data_66_V_read  |  in |   16|   ap_none  |                    data_66_V_read                    |    scalar    |
|data_67_V_read  |  in |   16|   ap_none  |                    data_67_V_read                    |    scalar    |
|data_68_V_read  |  in |   16|   ap_none  |                    data_68_V_read                    |    scalar    |
|data_69_V_read  |  in |   16|   ap_none  |                    data_69_V_read                    |    scalar    |
|data_70_V_read  |  in |   16|   ap_none  |                    data_70_V_read                    |    scalar    |
|data_71_V_read  |  in |   16|   ap_none  |                    data_71_V_read                    |    scalar    |
|data_72_V_read  |  in |   16|   ap_none  |                    data_72_V_read                    |    scalar    |
|data_73_V_read  |  in |   16|   ap_none  |                    data_73_V_read                    |    scalar    |
|data_74_V_read  |  in |   16|   ap_none  |                    data_74_V_read                    |    scalar    |
|data_75_V_read  |  in |   16|   ap_none  |                    data_75_V_read                    |    scalar    |
|data_76_V_read  |  in |   16|   ap_none  |                    data_76_V_read                    |    scalar    |
|data_77_V_read  |  in |   16|   ap_none  |                    data_77_V_read                    |    scalar    |
|data_78_V_read  |  in |   16|   ap_none  |                    data_78_V_read                    |    scalar    |
|data_79_V_read  |  in |   16|   ap_none  |                    data_79_V_read                    |    scalar    |
|data_80_V_read  |  in |   16|   ap_none  |                    data_80_V_read                    |    scalar    |
|data_81_V_read  |  in |   16|   ap_none  |                    data_81_V_read                    |    scalar    |
|data_82_V_read  |  in |   16|   ap_none  |                    data_82_V_read                    |    scalar    |
|data_83_V_read  |  in |   16|   ap_none  |                    data_83_V_read                    |    scalar    |
|data_84_V_read  |  in |   16|   ap_none  |                    data_84_V_read                    |    scalar    |
|data_85_V_read  |  in |   16|   ap_none  |                    data_85_V_read                    |    scalar    |
|data_86_V_read  |  in |   16|   ap_none  |                    data_86_V_read                    |    scalar    |
|data_87_V_read  |  in |   16|   ap_none  |                    data_87_V_read                    |    scalar    |
|data_88_V_read  |  in |   16|   ap_none  |                    data_88_V_read                    |    scalar    |
|data_89_V_read  |  in |   16|   ap_none  |                    data_89_V_read                    |    scalar    |
|data_90_V_read  |  in |   16|   ap_none  |                    data_90_V_read                    |    scalar    |
|data_91_V_read  |  in |   16|   ap_none  |                    data_91_V_read                    |    scalar    |
|data_92_V_read  |  in |   16|   ap_none  |                    data_92_V_read                    |    scalar    |
|data_93_V_read  |  in |   16|   ap_none  |                    data_93_V_read                    |    scalar    |
|data_94_V_read  |  in |   16|   ap_none  |                    data_94_V_read                    |    scalar    |
|data_95_V_read  |  in |   16|   ap_none  |                    data_95_V_read                    |    scalar    |
|data_96_V_read  |  in |   16|   ap_none  |                    data_96_V_read                    |    scalar    |
|data_97_V_read  |  in |   16|   ap_none  |                    data_97_V_read                    |    scalar    |
|data_98_V_read  |  in |   16|   ap_none  |                    data_98_V_read                    |    scalar    |
|data_99_V_read  |  in |   16|   ap_none  |                    data_99_V_read                    |    scalar    |
+----------------+-----+-----+------------+------------------------------------------------------+--------------+

