

================================================================
== Vivado HLS Report for 'sigmoid_ap_fixed_ap_fixed_16_8_5_3_0_sigmoid_config9_s'
================================================================
* Date:           Wed Nov 12 17:33:29 2025

* Version:        2019.2 (Build 2704478 on Wed Nov 06 22:10:23 MST 2019)
* Project:        model_1_hls4ml_prj_prj
* Solution:       solution1
* Product family: artix7
* Target device:  xc7a100t-csg324-1


================================================================
== Performance Estimates
================================================================
+ Timing: 
    * Summary: 
    +--------+---------+----------+------------+
    |  Clock |  Target | Estimated| Uncertainty|
    +--------+---------+----------+------------+
    |ap_clk  | 5.00 ns | 4.247 ns |   0.62 ns  |
    +--------+---------+----------+------------+

+ Latency: 
    * Summary: 
    +---------+---------+----------+----------+-----+-----+----------+
    |  Latency (cycles) |  Latency (absolute) |  Interval | Pipeline |
    |   min   |   max   |    min   |    max   | min | max |   Type   |
    +---------+---------+----------+----------+-----+-----+----------+
    |        1|        1| 5.000 ns | 5.000 ns |    1|    1| function |
    +---------+---------+----------+----------+-----+-----+----------+

    + Detail: 
        * Instance: 
        N/A

        * Loop: 
        N/A



================================================================
== Utilization Estimates
================================================================
* Summary: 
+-----------------+---------+-------+--------+-------+-----+
|       Name      | BRAM_18K| DSP48E|   FF   |  LUT  | URAM|
+-----------------+---------+-------+--------+-------+-----+
|DSP              |        -|      -|       -|      -|    -|
|Expression       |        -|      -|       0|     17|    -|
|FIFO             |        -|      -|       -|      -|    -|
|Instance         |        -|      -|       -|      -|    -|
|Memory           |        1|      -|       0|      0|    -|
|Multiplexer      |        -|      -|       -|      9|    -|
|Register         |        -|      -|       3|      -|    -|
+-----------------+---------+-------+--------+-------+-----+
|Total            |        1|      0|       3|     26|    0|
+-----------------+---------+-------+--------+-------+-----+
|Available        |      270|    240|  126800|  63400|    0|
+-----------------+---------+-------+--------+-------+-----+
|Utilization (%)  |    ~0   |      0|   ~0   |   ~0  |    0|
+-----------------+---------+-------+--------+-------+-----+

+ Detail: 
    * Instance: 
    N/A

    * DSP48E: 
    N/A

    * Memory: 
    +------------------+--------------------------------------------------------------+---------+---+----+-----+------+-----+------+-------------+
    |      Memory      |                            Module                            | BRAM_18K| FF| LUT| URAM| Words| Bits| Banks| W*Bits*Banks|
    +------------------+--------------------------------------------------------------+---------+---+----+-----+------+-----+------+-------------+
    |sigmoid_table1_U  |sigmoid_ap_fixed_ap_fixed_16_8_5_3_0_sigmoid_config9_s_sibkb  |        1|  0|   0|    0|  1024|   10|     1|        10240|
    +------------------+--------------------------------------------------------------+---------+---+----+-----+------+-----+------+-------------+
    |Total             |                                                              |        1|  0|   0|    0|  1024|   10|     1|        10240|
    +------------------+--------------------------------------------------------------+---------+---+----+-----+------+-----+------+-------------+

    * FIFO: 
    N/A

    * Expression: 
    +----------------------------------+----------+-------+---+----+------------+------------+
    |           Variable Name          | Operation| DSP48E| FF| LUT| Bitwidth P0| Bitwidth P1|
    +----------------------------------+----------+-------+---+----+------------+------------+
    |ap_block_pp0_stage0_01001         |    or    |      0|  0|   2|           1|           1|
    |ap_block_state1_pp0_stage0_iter0  |    or    |      0|  0|   2|           1|           1|
    |ap_enable_pp0                     |    xor   |      0|  0|   2|           1|           2|
    |index_fu_66_p2                    |    xor   |      0|  0|  11|          10|          11|
    +----------------------------------+----------+-------+---+----+------------+------------+
    |Total                             |          |      0|  0|  17|          13|          15|
    +----------------------------------+----------+-------+---+----+------------+------------+

    * Multiplexer: 
    +---------+----+-----------+-----+-----------+
    |   Name  | LUT| Input Size| Bits| Total Bits|
    +---------+----+-----------+-----+-----------+
    |ap_done  |   9|          2|    1|          2|
    +---------+----+-----------+-----+-----------+
    |Total    |   9|          2|    1|          2|
    +---------+----+-----------+-----+-----------+

    * Register: 
    +-------------------------+---+----+-----+-----------+
    |           Name          | FF| LUT| Bits| Const Bits|
    +-------------------------+---+----+-----+-----------+
    |ap_CS_fsm                |  1|   0|    1|          0|
    |ap_done_reg              |  1|   0|    1|          0|
    |ap_enable_reg_pp0_iter1  |  1|   0|    1|          0|
    +-------------------------+---+----+-----+-----------+
    |Total                    |  3|   0|    3|          0|
    +-------------------------+---+----+-----+-----------+



================================================================
== Interface
================================================================
* Summary: 
+--------------+-----+-----+------------+--------------------------------------------------------+--------------+
|   RTL Ports  | Dir | Bits|  Protocol  |                      Source Object                     |    C Type    |
+--------------+-----+-----+------------+--------------------------------------------------------+--------------+
|ap_clk        |  in |    1| ap_ctrl_hs | sigmoid<ap_fixed,ap_fixed<16,8,5,3,0>,sigmoid_config9> | return value |
|ap_rst        |  in |    1| ap_ctrl_hs | sigmoid<ap_fixed,ap_fixed<16,8,5,3,0>,sigmoid_config9> | return value |
|ap_start      |  in |    1| ap_ctrl_hs | sigmoid<ap_fixed,ap_fixed<16,8,5,3,0>,sigmoid_config9> | return value |
|ap_done       | out |    1| ap_ctrl_hs | sigmoid<ap_fixed,ap_fixed<16,8,5,3,0>,sigmoid_config9> | return value |
|ap_continue   |  in |    1| ap_ctrl_hs | sigmoid<ap_fixed,ap_fixed<16,8,5,3,0>,sigmoid_config9> | return value |
|ap_idle       | out |    1| ap_ctrl_hs | sigmoid<ap_fixed,ap_fixed<16,8,5,3,0>,sigmoid_config9> | return value |
|ap_ready      | out |    1| ap_ctrl_hs | sigmoid<ap_fixed,ap_fixed<16,8,5,3,0>,sigmoid_config9> | return value |
|data_V_read   |  in |    8|   ap_none  |                       data_V_read                      |    scalar    |
|res_V         | out |   16|   ap_vld   |                          res_V                         |    pointer   |
|res_V_ap_vld  | out |    1|   ap_vld   |                          res_V                         |    pointer   |
+--------------+-----+-----+------------+--------------------------------------------------------+--------------+

