This file contains any messages produced by compilers while
running configure, to aid debugging if configure makes a mistake.

It was created by configure, which was
generated by GNU Autoconf 2.61.  Invocation command line was

  $ ./configure --host=arm-buildroot-linux-gnueabihf

## --------- ##
## Platform. ##
## --------- ##

hostname = ibicella-vm
uname -m = x86_64
uname -r = 6.0.15-300.fc37.x86_64
uname -s = Linux
uname -v = #1 SMP PREEMPT_DYNAMIC Wed Dec 21 18:33:23 UTC 2022

/usr/bin/uname -p = x86_64
/bin/uname -X     = unknown

/bin/arch              = x86_64
/usr/bin/arch -k       = unknown
/usr/convex/getsysinfo = unknown
/usr/bin/hostinfo      = unknown
/bin/machine           = unknown
/usr/bin/oslevel       = unknown
/bin/universe          = unknown

PATH: /home/se02/.local/bin
PATH: /home/se02/bin
PATH: /usr/local/bin
PATH: /bin
PATH: /usr/bin
PATH: /usr/local/sbin
PATH: /usr/sbin
PATH: /sbin
PATH: /home/se02/bin
PATH: /opt/uClinux/bfin-uclinux/bin
PATH: /opt/uClinux/bfin-elf/bin
PATH: /opt/arm-2014.05/bin
PATH: /opt/armv7-eabihf--glibc--stable-2022.08-1/bin


## ----------- ##
## Core tests. ##
## ----------- ##

configure:1761: checking for a BSD-compatible install
configure:1817: result: /bin/install -c
configure:1828: checking whether build environment is sane
configure:1871: result: yes
configure:1899: checking for a thread-safe mkdir -p
configure:1938: result: /bin/mkdir -p
configure:1951: checking for gawk
configure:1967: found /bin/gawk
configure:1978: result: gawk
configure:1989: checking whether make sets $(MAKE)
configure:2010: result: yes
configure:2090: checking for arm-buildroot-linux-gnueabihf-strip
configure:2106: found /opt/armv7-eabihf--glibc--stable-2022.08-1/bin/arm-buildroot-linux-gnueabihf-strip
configure:2117: result: arm-buildroot-linux-gnueabihf-strip
configure:2207: checking for arm-buildroot-linux-gnueabihf-gcc
configure:2234: result: arm-buildroot-linux-gnueabihf-gcc
configure:2512: checking for C compiler version
configure:2519: arm-buildroot-linux-gnueabihf-gcc --version >&5
arm-buildroot-linux-gnueabihf-gcc.br_real (Buildroot 2021.11-4428-g6b6741b) 11.3.0
Copyright (C) 2021 Free Software Foundation, Inc.
This is free software; see the source for copying conditions.  There is NO
warranty; not even for MERCHANTABILITY or FITNESS FOR A PARTICULAR PURPOSE.

configure:2522: $? = 0
configure:2529: arm-buildroot-linux-gnueabihf-gcc -v >&5
Using built-in specs.
COLLECT_GCC=/opt/armv7-eabihf--glibc--stable-2022.08-1/bin/arm-buildroot-linux-gnueabihf-gcc.br_real
COLLECT_LTO_WRAPPER=/opt/armv7-eabihf--glibc--stable-2022.08-1/bin/../libexec/gcc/arm-buildroot-linux-gnueabihf/11.3.0/lto-wrapper
Target: arm-buildroot-linux-gnueabihf
Configured with: ./configure --prefix=/builds/buildroot.org/toolchains-builder/build/armv7-eabihf--glibc--stable-2022.08-1 --sysconfdir=/builds/buildroot.org/toolchains-builder/build/armv7-eabihf--glibc--stable-2022.08-1/etc --enable-static --target=arm-buildroot-linux-gnueabihf --with-sysroot=/builds/buildroot.org/toolchains-builder/build/armv7-eabihf--glibc--stable-2022.08-1/arm-buildroot-linux-gnueabihf/sysroot --enable-__cxa_atexit --with-gnu-ld --disable-libssp --disable-multilib --disable-decimal-float --enable-plugins --enable-lto --with-gmp=/builds/buildroot.org/toolchains-builder/build/armv7-eabihf--glibc--stable-2022.08-1 --with-mpc=/builds/buildroot.org/toolchains-builder/build/armv7-eabihf--glibc--stable-2022.08-1 --with-mpfr=/builds/buildroot.org/toolchains-builder/build/armv7-eabihf--glibc--stable-2022.08-1 --with-pkgversion='Buildroot 2021.11-4428-g6b6741b' --with-bugurl=http://bugs.buildroot.net/ --without-zstd --disable-libquadmath --disable-libquadmath-support --enable-tls --enable-threads --without-isl --without-cloog --with-abi=aapcs-linux --with-cpu=cortex-a9 --with-fpu=vfpv3-d16 --with-float=hard --with-mode=arm --enable-languages=c,c++,fortran --with-build-time-tools=/builds/buildroot.org/toolchains-builder/build/armv7-eabihf--glibc--stable-2022.08-1/arm-buildroot-linux-gnueabihf/bin --enable-shared --enable-libgomp
Thread model: posix
Supported LTO compression algorithms: zlib
gcc version 11.3.0 (Buildroot 2021.11-4428-g6b6741b) 
COMPILER_PATH=/opt/armv7-eabihf--glibc--stable-2022.08-1/bin/../libexec/gcc/arm-buildroot-linux-gnueabihf/11.3.0/:/opt/armv7-eabihf--glibc--stable-2022.08-1/bin/../libexec/gcc/:/opt/armv7-eabihf--glibc--stable-2022.08-1/bin/../lib/gcc/arm-buildroot-linux-gnueabihf/11.3.0/../../../../arm-buildroot-linux-gnueabihf/bin/
LIBRARY_PATH=/opt/armv7-eabihf--glibc--stable-2022.08-1/bin/../lib/gcc/arm-buildroot-linux-gnueabihf/11.3.0/:/opt/armv7-eabihf--glibc--stable-2022.08-1/bin/../lib/gcc/:/opt/armv7-eabihf--glibc--stable-2022.08-1/bin/../lib/gcc/arm-buildroot-linux-gnueabihf/11.3.0/../../../../arm-buildroot-linux-gnueabihf/lib/:/opt/armv7-eabihf--glibc--stable-2022.08-1/arm-buildroot-linux-gnueabihf/sysroot/lib/:/opt/armv7-eabihf--glibc--stable-2022.08-1/arm-buildroot-linux-gnueabihf/sysroot/usr/lib/
COLLECT_GCC_OPTIONS='-fstack-protector-strong' '-fPIE' '-pie' '-v' '-mcpu=cortex-a9' '-mfloat-abi=hard' '-mfpu=vfpv3-d16' '-mabi=aapcs-linux' '-mtls-dialect=gnu' '-marm' '-mlibarch=armv7-a+mp+sec+fp' '-march=armv7-a+mp+sec+fp' '-dumpdir' 'a.'
 /opt/armv7-eabihf--glibc--stable-2022.08-1/bin/../libexec/gcc/arm-buildroot-linux-gnueabihf/11.3.0/collect2 -plugin /opt/armv7-eabihf--glibc--stable-2022.08-1/bin/../libexec/gcc/arm-buildroot-linux-gnueabihf/11.3.0/liblto_plugin.so -plugin-opt=/opt/armv7-eabihf--glibc--stable-2022.08-1/bin/../libexec/gcc/arm-buildroot-linux-gnueabihf/11.3.0/lto-wrapper -plugin-opt=-fresolution=/tmp/ccv9R00a.res -plugin-opt=-pass-through=-lgcc -plugin-opt=-pass-through=-lgcc_s -plugin-opt=-pass-through=-lc -plugin-opt=-pass-through=-lgcc -plugin-opt=-pass-through=-lgcc_s --sysroot=/opt/armv7-eabihf--glibc--stable-2022.08-1/arm-buildroot-linux-gnueabihf/sysroot --eh-frame-hdr -dynamic-linker /lib/ld-linux-armhf.so.3 -X -m armelf_linux_eabi -pie /opt/armv7-eabihf--glibc--stable-2022.08-1/arm-buildroot-linux-gnueabihf/sysroot/usr/lib/Scrt1.o /opt/armv7-eabihf--glibc--stable-2022.08-1/arm-buildroot-linux-gnueabihf/sysroot/usr/lib/crti.o /opt/armv7-eabihf--glibc--stable-2022.08-1/bin/../lib/gcc/arm-buildroot-linux-gnueabihf/11.3.0/crtbeginS.o -L/opt/armv7-eabihf--glibc--stable-2022.08-1/bin/../lib/gcc/arm-buildroot-linux-gnueabihf/11.3.0 -L/opt/armv7-eabihf--glibc--stable-2022.08-1/bin/../lib/gcc -L/opt/armv7-eabihf--glibc--stable-2022.08-1/bin/../lib/gcc/arm-buildroot-linux-gnueabihf/11.3.0/../../../../arm-buildroot-linux-gnueabihf/lib -L/opt/armv7-eabihf--glibc--stable-2022.08-1/arm-buildroot-linux-gnueabihf/sysroot/lib -L/opt/armv7-eabihf--glibc--stable-2022.08-1/arm-buildroot-linux-gnueabihf/sysroot/usr/lib -z now -z relro -lgcc --push-state --as-needed -lgcc_s --pop-state -lc -lgcc --push-state --as-needed -lgcc_s --pop-state /opt/armv7-eabihf--glibc--stable-2022.08-1/bin/../lib/gcc/arm-buildroot-linux-gnueabihf/11.3.0/crtendS.o /opt/armv7-eabihf--glibc--stable-2022.08-1/arm-buildroot-linux-gnueabihf/sysroot/usr/lib/crtn.o
/opt/armv7-eabihf--glibc--stable-2022.08-1/bin/../lib/gcc/arm-buildroot-linux-gnueabihf/11.3.0/../../../../arm-buildroot-linux-gnueabihf/bin/ld: /opt/armv7-eabihf--glibc--stable-2022.08-1/arm-buildroot-linux-gnueabihf/sysroot/usr/lib/Scrt1.o: in function `_start':
(.text+0x40): undefined reference to `main'
collect2: error: ld returned 1 exit status
configure:2532: $? = 1
configure:2539: arm-buildroot-linux-gnueabihf-gcc -V >&5
arm-buildroot-linux-gnueabihf-gcc.br_real: error: unrecognized command-line option '-V'
configure:2542: $? = 1
configure:2565: checking for C compiler default output file name
configure:2592: arm-buildroot-linux-gnueabihf-gcc -march=armv7-a -mfloat-abi=hard  -march=armv7-a conftest.c  >&5
configure:2595: $? = 0
configure:2633: result: a.out
configure:2650: checking whether the C compiler works
configure:2660: ./a.out
./configure: line 2661: ./a.out: cannot execute binary file: Exec format error
configure:2663: $? = 126
configure:2680: result: yes
configure:2687: checking whether we are cross compiling
configure:2689: result: yes
configure:2692: checking for suffix of executables
configure:2699: arm-buildroot-linux-gnueabihf-gcc -o conftest -march=armv7-a -mfloat-abi=hard  -march=armv7-a conftest.c  >&5
configure:2702: $? = 0
configure:2726: result: 
configure:2732: checking for suffix of object files
configure:2758: arm-buildroot-linux-gnueabihf-gcc -c -march=armv7-a -mfloat-abi=hard  conftest.c >&5
configure:2761: $? = 0
configure:2784: result: o
configure:2788: checking whether we are using the GNU C compiler
configure:2817: arm-buildroot-linux-gnueabihf-gcc -c -march=armv7-a -mfloat-abi=hard  conftest.c >&5
configure:2823: $? = 0
configure:2840: result: yes
configure:2845: checking whether arm-buildroot-linux-gnueabihf-gcc accepts -g
configure:2875: arm-buildroot-linux-gnueabihf-gcc -c -g  conftest.c >&5
configure:2881: $? = 0
configure:2980: result: yes
configure:2997: checking for arm-buildroot-linux-gnueabihf-gcc option to accept ISO C89
configure:3071: arm-buildroot-linux-gnueabihf-gcc  -c -march=armv7-a -mfloat-abi=hard  conftest.c >&5
configure:3077: $? = 0
configure:3100: result: none needed
configure:3129: checking for style of include used by make
configure:3157: result: GNU
configure:3182: checking dependency style of arm-buildroot-linux-gnueabihf-gcc
configure:3273: result: gcc3
configure:3296: checking how to run the C preprocessor
configure:3336: arm-buildroot-linux-gnueabihf-gcc -E  conftest.c
configure:3342: $? = 0
configure:3373: arm-buildroot-linux-gnueabihf-gcc -E  conftest.c
conftest.c:10:10: fatal error: ac_nonexistent.h: No such file or directory
   10 | #include <ac_nonexistent.h>
      |          ^~~~~~~~~~~~~~~~~~
compilation terminated.
configure:3379: $? = 1
configure: failed program was:
| /* confdefs.h.  */
| #define PACKAGE_NAME ""
| #define PACKAGE_TARNAME ""
| #define PACKAGE_VERSION ""
| #define PACKAGE_STRING ""
| #define PACKAGE_BUGREPORT ""
| #define PACKAGE "stress"
| #define VERSION "1.0.4"
| /* end confdefs.h.  */
| #include <ac_nonexistent.h>
configure:3412: result: arm-buildroot-linux-gnueabihf-gcc -E
configure:3441: arm-buildroot-linux-gnueabihf-gcc -E  conftest.c
configure:3447: $? = 0
configure:3478: arm-buildroot-linux-gnueabihf-gcc -E  conftest.c
conftest.c:10:10: fatal error: ac_nonexistent.h: No such file or directory
   10 | #include <ac_nonexistent.h>
      |          ^~~~~~~~~~~~~~~~~~
compilation terminated.
configure:3484: $? = 1
configure: failed program was:
| /* confdefs.h.  */
| #define PACKAGE_NAME ""
| #define PACKAGE_TARNAME ""
| #define PACKAGE_VERSION ""
| #define PACKAGE_STRING ""
| #define PACKAGE_BUGREPORT ""
| #define PACKAGE "stress"
| #define VERSION "1.0.4"
| /* end confdefs.h.  */
| #include <ac_nonexistent.h>
configure:3522: checking for grep that handles long lines and -e
configure:3596: result: /bin/grep
configure:3601: checking for egrep
configure:3679: result: /bin/grep -E
configure:3684: checking for ANSI C header files
configure:3714: arm-buildroot-linux-gnueabihf-gcc -c -march=armv7-a -mfloat-abi=hard  conftest.c >&5
configure:3720: $? = 0
configure:3848: result: yes
configure:3872: checking for sys/types.h
configure:3893: arm-buildroot-linux-gnueabihf-gcc -c -march=armv7-a -mfloat-abi=hard  conftest.c >&5
configure:3899: $? = 0
configure:3915: result: yes
configure:3872: checking for sys/stat.h
configure:3893: arm-buildroot-linux-gnueabihf-gcc -c -march=armv7-a -mfloat-abi=hard  conftest.c >&5
configure:3899: $? = 0
configure:3915: result: yes
configure:3872: checking for stdlib.h
configure:3893: arm-buildroot-linux-gnueabihf-gcc -c -march=armv7-a -mfloat-abi=hard  conftest.c >&5
configure:3899: $? = 0
configure:3915: result: yes
configure:3872: checking for string.h
configure:3893: arm-buildroot-linux-gnueabihf-gcc -c -march=armv7-a -mfloat-abi=hard  conftest.c >&5
configure:3899: $? = 0
configure:3915: result: yes
configure:3872: checking for memory.h
configure:3893: arm-buildroot-linux-gnueabihf-gcc -c -march=armv7-a -mfloat-abi=hard  conftest.c >&5
configure:3899: $? = 0
configure:3915: result: yes
configure:3872: checking for strings.h
configure:3893: arm-buildroot-linux-gnueabihf-gcc -c -march=armv7-a -mfloat-abi=hard  conftest.c >&5
configure:3899: $? = 0
configure:3915: result: yes
configure:3872: checking for inttypes.h
configure:3893: arm-buildroot-linux-gnueabihf-gcc -c -march=armv7-a -mfloat-abi=hard  conftest.c >&5
configure:3899: $? = 0
configure:3915: result: yes
configure:3872: checking for stdint.h
configure:3893: arm-buildroot-linux-gnueabihf-gcc -c -march=armv7-a -mfloat-abi=hard  conftest.c >&5
configure:3899: $? = 0
configure:3915: result: yes
configure:3872: checking for unistd.h
configure:3893: arm-buildroot-linux-gnueabihf-gcc -c -march=armv7-a -mfloat-abi=hard  conftest.c >&5
configure:3899: $? = 0
configure:3915: result: yes
configure:3932: checking for unistd.h
configure:3938: result: yes
configure:4070: checking for sqrt in -lm
configure:4105: arm-buildroot-linux-gnueabihf-gcc -o conftest -march=armv7-a -mfloat-abi=hard  -march=armv7-a conftest.c -lm   >&5
conftest.c:28:6: warning: conflicting types for built-in function 'sqrt'; expected 'double(double)' [-Wbuiltin-declaration-mismatch]
   28 | char sqrt ();
      |      ^~~~
conftest.c:1:1: note: 'sqrt' is declared in header '<math.h>'
    1 | /* confdefs.h.  */
configure:4111: $? = 0
configure:4129: result: yes
configure:4141: checking for basename in -lgen
configure:4176: arm-buildroot-linux-gnueabihf-gcc -o conftest -march=armv7-a -mfloat-abi=hard  -march=armv7-a conftest.c -lgen  -lm  >&5
/opt/armv7-eabihf--glibc--stable-2022.08-1/bin/../lib/gcc/arm-buildroot-linux-gnueabihf/11.3.0/../../../../arm-buildroot-linux-gnueabihf/bin/ld: cannot find -lgen: No such file or directory
collect2: error: ld returned 1 exit status
configure:4182: $? = 1
configure: failed program was:
| /* confdefs.h.  */
| #define PACKAGE_NAME ""
| #define PACKAGE_TARNAME ""
| #define PACKAGE_VERSION ""
| #define PACKAGE_STRING ""
| #define PACKAGE_BUGREPORT ""
| #define PACKAGE "stress"
| #define VERSION "1.0.4"
| #define STDC_HEADERS 1
| #define HAVE_SYS_TYPES_H 1
| #define HAVE_SYS_STAT_H 1
| #define HAVE_STDLIB_H 1
| #define HAVE_STRING_H 1
| #define HAVE_MEMORY_H 1
| #define HAVE_STRINGS_H 1
| #define HAVE_INTTYPES_H 1
| #define HAVE_STDINT_H 1
| #define HAVE_UNISTD_H 1
| #define HAVE_UNISTD_H 1
| #define HAVE_LIBM 1
| /* end confdefs.h.  */
| 
| /* Override any GCC internal prototype to avoid an error.
|    Use char because int might match the return type of a GCC
|    builtin and then its argument prototype would still apply.  */
| #ifdef __cplusplus
| extern "C"
| #endif
| char basename ();
| int
| main ()
| {
| return basename ();
|   ;
|   return 0;
| }
configure:4200: result: no
configure:4366: creating ./config.status

## ---------------------- ##
## Running config.status. ##
## ---------------------- ##

This file was extended by config.status, which was
generated by GNU Autoconf 2.61.  Invocation command line was

  CONFIG_FILES    = 
  CONFIG_HEADERS  = 
  CONFIG_LINKS    = 
  CONFIG_COMMANDS = 
  $ ./config.status 

on ibicella-vm

config.status:621: creating Makefile
config.status:621: creating src/Makefile
config.status:621: creating doc/Makefile
config.status:621: creating test/Makefile
config.status:812: executing depfiles commands

## ---------------- ##
## Cache variables. ##
## ---------------- ##

ac_cv_c_compiler_gnu=yes
ac_cv_env_CC_set=set
ac_cv_env_CC_value=arm-buildroot-linux-gnueabihf-gcc
ac_cv_env_CFLAGS_set=set
ac_cv_env_CFLAGS_value='-march=armv7-a -mfloat-abi=hard'
ac_cv_env_CPPFLAGS_set=
ac_cv_env_CPPFLAGS_value=
ac_cv_env_CPP_set=
ac_cv_env_CPP_value=
ac_cv_env_LDFLAGS_set=set
ac_cv_env_LDFLAGS_value=-march=armv7-a
ac_cv_env_LIBS_set=
ac_cv_env_LIBS_value=
ac_cv_env_build_alias_set=
ac_cv_env_build_alias_value=
ac_cv_env_host_alias_set=set
ac_cv_env_host_alias_value=arm-buildroot-linux-gnueabihf
ac_cv_env_target_alias_set=
ac_cv_env_target_alias_value=
ac_cv_header_inttypes_h=yes
ac_cv_header_memory_h=yes
ac_cv_header_stdc=yes
ac_cv_header_stdint_h=yes
ac_cv_header_stdlib_h=yes
ac_cv_header_string_h=yes
ac_cv_header_strings_h=yes
ac_cv_header_sys_stat_h=yes
ac_cv_header_sys_types_h=yes
ac_cv_header_unistd_h=yes
ac_cv_lib_gen_basename=no
ac_cv_lib_m_sqrt=yes
ac_cv_objext=o
ac_cv_path_EGREP='/bin/grep -E'
ac_cv_path_GREP=/bin/grep
ac_cv_path_install='/bin/install -c'
ac_cv_path_mkdir=/bin/mkdir
ac_cv_prog_AWK=gawk
ac_cv_prog_CC=arm-buildroot-linux-gnueabihf-gcc
ac_cv_prog_CPP='arm-buildroot-linux-gnueabihf-gcc -E'
ac_cv_prog_STRIP=arm-buildroot-linux-gnueabihf-strip
ac_cv_prog_cc_c89=
ac_cv_prog_cc_g=yes
ac_cv_prog_make_make_set=yes
am_cv_CC_dependencies_compiler_type=gcc3

## ----------------- ##
## Output variables. ##
## ----------------- ##

ACLOCAL='${SHELL} /home/se02/tp-xenomai/tst/stress/missing --run aclocal-1.10'
AMDEPBACKSLASH='\'
AMDEP_FALSE='#'
AMDEP_TRUE=''
AMTAR='${SHELL} /home/se02/tp-xenomai/tst/stress/missing --run tar'
AUTOCONF='${SHELL} /home/se02/tp-xenomai/tst/stress/missing --run autoconf'
AUTOHEADER='${SHELL} /home/se02/tp-xenomai/tst/stress/missing --run autoheader'
AUTOMAKE='${SHELL} /home/se02/tp-xenomai/tst/stress/missing --run automake-1.10'
AWK='gawk'
CC='arm-buildroot-linux-gnueabihf-gcc'
CCDEPMODE='depmode=gcc3'
CFLAGS='-march=armv7-a -mfloat-abi=hard'
CPP='arm-buildroot-linux-gnueabihf-gcc -E'
CPPFLAGS=''
CYGPATH_W='echo'
DEFS='-DPACKAGE_NAME=\"\" -DPACKAGE_TARNAME=\"\" -DPACKAGE_VERSION=\"\" -DPACKAGE_STRING=\"\" -DPACKAGE_BUGREPORT=\"\" -DPACKAGE=\"stress\" -DVERSION=\"1.0.4\" -DSTDC_HEADERS=1 -DHAVE_SYS_TYPES_H=1 -DHAVE_SYS_STAT_H=1 -DHAVE_STDLIB_H=1 -DHAVE_STRING_H=1 -DHAVE_MEMORY_H=1 -DHAVE_STRINGS_H=1 -DHAVE_INTTYPES_H=1 -DHAVE_STDINT_H=1 -DHAVE_UNISTD_H=1 -DHAVE_UNISTD_H=1 -DHAVE_LIBM=1'
DEPDIR='.deps'
ECHO_C=''
ECHO_N='-n'
ECHO_T=''
EGREP='/bin/grep -E'
EXEEXT=''
GREP='/bin/grep'
INSTALL_DATA='${INSTALL} -m 644'
INSTALL_PROGRAM='${INSTALL}'
INSTALL_SCRIPT='${INSTALL}'
INSTALL_STRIP_PROGRAM='$(install_sh) -c -s'
LDFLAGS='-march=armv7-a'
LIBOBJS=''
LIBS='-lm '
LTLIBOBJS=''
MAKEINFO='${SHELL} /home/se02/tp-xenomai/tst/stress/missing --run makeinfo'
OBJEXT='o'
PACKAGE='stress'
PACKAGE_BUGREPORT=''
PACKAGE_NAME=''
PACKAGE_STRING=''
PACKAGE_TARNAME=''
PACKAGE_VERSION=''
PATH_SEPARATOR=':'
SET_MAKE=''
SHELL='/bin/sh'
STRIP='arm-buildroot-linux-gnueabihf-strip'
VERSION='1.0.4'
ac_ct_CC=''
am__fastdepCC_FALSE='#'
am__fastdepCC_TRUE=''
am__include='include'
am__isrc=''
am__leading_dot='.'
am__quote=''
am__tar='${AMTAR} chof - "$$tardir"'
am__untar='${AMTAR} xf -'
bindir='${exec_prefix}/bin'
build_alias=''
datadir='${datarootdir}'
datarootdir='${prefix}/share'
docdir='${datarootdir}/doc/${PACKAGE}'
dvidir='${docdir}'
exec_prefix='${prefix}'
host_alias='arm-buildroot-linux-gnueabihf'
htmldir='${docdir}'
includedir='${prefix}/include'
infodir='${datarootdir}/info'
install_sh='$(SHELL) /home/se02/tp-xenomai/tst/stress/install-sh'
libdir='${exec_prefix}/lib'
libexecdir='${exec_prefix}/libexec'
localedir='${datarootdir}/locale'
localstatedir='${prefix}/var'
mandir='${datarootdir}/man'
mkdir_p='/bin/mkdir -p'
oldincludedir='/usr/include'
pdfdir='${docdir}'
prefix='/usr/local'
program_transform_name='s,x,x,'
psdir='${docdir}'
sbindir='${exec_prefix}/sbin'
sharedstatedir='${prefix}/com'
sysconfdir='${prefix}/etc'
target_alias=''

## ----------- ##
## confdefs.h. ##
## ----------- ##

#define PACKAGE_NAME ""
#define PACKAGE_TARNAME ""
#define PACKAGE_VERSION ""
#define PACKAGE_STRING ""
#define PACKAGE_BUGREPORT ""
#define PACKAGE "stress"
#define VERSION "1.0.4"
#define STDC_HEADERS 1
#define HAVE_SYS_TYPES_H 1
#define HAVE_SYS_STAT_H 1
#define HAVE_STDLIB_H 1
#define HAVE_STRING_H 1
#define HAVE_MEMORY_H 1
#define HAVE_STRINGS_H 1
#define HAVE_INTTYPES_H 1
#define HAVE_STDINT_H 1
#define HAVE_UNISTD_H 1
#define HAVE_UNISTD_H 1
#define HAVE_LIBM 1

configure: exit 0
