

================================================================
== Vivado HLS Report for 'relu_ap_fixed_ap_fixed_16_8_5_3_0_relu_config7_s'
================================================================
* Date:           Wed Nov 12 17:33:20 2025

* Version:        2019.2 (Build 2704478 on Wed Nov 06 22:10:23 MST 2019)
* Project:        model_1_hls4ml_prj_prj
* Solution:       solution1
* Product family: artix7
* Target device:  xc7a100t-csg324-1


================================================================
== Performance Estimates
================================================================
+ Timing: 
    * Summary: 
    +--------+---------+----------+------------+
    |  Clock |  Target | Estimated| Uncertainty|
    +--------+---------+----------+------------+
    |ap_clk  | 5.00 ns | 2.559 ns |   0.62 ns  |
    +--------+---------+----------+------------+

+ Latency: 
    * Summary: 
    +---------+---------+----------+----------+-----+-----+----------+
    |  Latency (cycles) |  Latency (absolute) |  Interval | Pipeline |
    |   min   |   max   |    min   |    max   | min | max |   Type   |
    +---------+---------+----------+----------+-----+-----+----------+
    |        0|        0|   0 ns   |   0 ns   |    1|    1| function |
    +---------+---------+----------+----------+-----+-----+----------+

    + Detail: 
        * Instance: 
        N/A

        * Loop: 
        N/A



================================================================
== Utilization Estimates
================================================================
* Summary: 
+-----------------+---------+-------+--------+-------+-----+
|       Name      | BRAM_18K| DSP48E|   FF   |  LUT  | URAM|
+-----------------+---------+-------+--------+-------+-----+
|DSP              |        -|      -|       -|      -|    -|
|Expression       |        -|      -|       0|   1002|    -|
|FIFO             |        -|      -|       -|      -|    -|
|Instance         |        -|      -|       -|      -|    -|
|Memory           |        -|      -|       -|      -|    -|
|Multiplexer      |        -|      -|       -|    459|    -|
|Register         |        -|      -|     352|      -|    -|
+-----------------+---------+-------+--------+-------+-----+
|Total            |        0|      0|     352|   1461|    0|
+-----------------+---------+-------+--------+-------+-----+
|Available        |      270|    240|  126800|  63400|    0|
+-----------------+---------+-------+--------+-------+-----+
|Utilization (%)  |        0|      0|   ~0   |      2|    0|
+-----------------+---------+-------+--------+-------+-----+

+ Detail: 
    * Instance: 
    N/A

    * DSP48E: 
    N/A

    * Memory: 
    N/A

    * FIFO: 
    N/A

    * Expression: 
    +-----------------------------+----------+-------+---+----+------------+------------+
    |        Variable Name        | Operation| DSP48E| FF| LUT| Bitwidth P0| Bitwidth P1|
    +-----------------------------+----------+-------+---+----+------------+------------+
    |icmp_ln1494_10_fu_728_p2     |   icmp   |      0|  0|  11|           8|           1|
    |icmp_ln1494_11_fu_758_p2     |   icmp   |      0|  0|  11|           8|           1|
    |icmp_ln1494_12_fu_788_p2     |   icmp   |      0|  0|  11|           8|           1|
    |icmp_ln1494_13_fu_818_p2     |   icmp   |      0|  0|  11|           8|           1|
    |icmp_ln1494_14_fu_848_p2     |   icmp   |      0|  0|  11|           8|           1|
    |icmp_ln1494_15_fu_878_p2     |   icmp   |      0|  0|  11|           8|           1|
    |icmp_ln1494_16_fu_908_p2     |   icmp   |      0|  0|  11|           8|           1|
    |icmp_ln1494_17_fu_938_p2     |   icmp   |      0|  0|  11|           8|           1|
    |icmp_ln1494_18_fu_968_p2     |   icmp   |      0|  0|  11|           8|           1|
    |icmp_ln1494_19_fu_998_p2     |   icmp   |      0|  0|  11|           8|           1|
    |icmp_ln1494_1_fu_458_p2      |   icmp   |      0|  0|  11|           8|           1|
    |icmp_ln1494_20_fu_1028_p2    |   icmp   |      0|  0|  11|           8|           1|
    |icmp_ln1494_21_fu_1058_p2    |   icmp   |      0|  0|  11|           8|           1|
    |icmp_ln1494_22_fu_1088_p2    |   icmp   |      0|  0|  11|           8|           1|
    |icmp_ln1494_23_fu_1118_p2    |   icmp   |      0|  0|  11|           8|           1|
    |icmp_ln1494_24_fu_1148_p2    |   icmp   |      0|  0|  11|           8|           1|
    |icmp_ln1494_25_fu_1178_p2    |   icmp   |      0|  0|  11|           8|           1|
    |icmp_ln1494_26_fu_1208_p2    |   icmp   |      0|  0|  11|           8|           1|
    |icmp_ln1494_27_fu_1238_p2    |   icmp   |      0|  0|  11|           8|           1|
    |icmp_ln1494_28_fu_1268_p2    |   icmp   |      0|  0|  11|           8|           1|
    |icmp_ln1494_29_fu_1298_p2    |   icmp   |      0|  0|  11|           8|           1|
    |icmp_ln1494_2_fu_488_p2      |   icmp   |      0|  0|  11|           8|           1|
    |icmp_ln1494_30_fu_1328_p2    |   icmp   |      0|  0|  11|           8|           1|
    |icmp_ln1494_31_fu_1358_p2    |   icmp   |      0|  0|  11|           8|           1|
    |icmp_ln1494_32_fu_1388_p2    |   icmp   |      0|  0|  11|           8|           1|
    |icmp_ln1494_33_fu_1418_p2    |   icmp   |      0|  0|  11|           8|           1|
    |icmp_ln1494_34_fu_1448_p2    |   icmp   |      0|  0|  11|           8|           1|
    |icmp_ln1494_35_fu_1478_p2    |   icmp   |      0|  0|  11|           8|           1|
    |icmp_ln1494_36_fu_1508_p2    |   icmp   |      0|  0|  11|           8|           1|
    |icmp_ln1494_37_fu_1538_p2    |   icmp   |      0|  0|  11|           8|           1|
    |icmp_ln1494_38_fu_1568_p2    |   icmp   |      0|  0|  11|           8|           1|
    |icmp_ln1494_39_fu_1598_p2    |   icmp   |      0|  0|  11|           8|           1|
    |icmp_ln1494_3_fu_518_p2      |   icmp   |      0|  0|  11|           8|           1|
    |icmp_ln1494_40_fu_1628_p2    |   icmp   |      0|  0|  11|           8|           1|
    |icmp_ln1494_41_fu_1658_p2    |   icmp   |      0|  0|  11|           8|           1|
    |icmp_ln1494_42_fu_1688_p2    |   icmp   |      0|  0|  11|           8|           1|
    |icmp_ln1494_43_fu_1718_p2    |   icmp   |      0|  0|  11|           8|           1|
    |icmp_ln1494_44_fu_1748_p2    |   icmp   |      0|  0|  11|           8|           1|
    |icmp_ln1494_45_fu_1778_p2    |   icmp   |      0|  0|  11|           8|           1|
    |icmp_ln1494_46_fu_1808_p2    |   icmp   |      0|  0|  11|           8|           1|
    |icmp_ln1494_47_fu_1838_p2    |   icmp   |      0|  0|  11|           8|           1|
    |icmp_ln1494_48_fu_1868_p2    |   icmp   |      0|  0|  11|           8|           1|
    |icmp_ln1494_49_fu_1898_p2    |   icmp   |      0|  0|  11|           8|           1|
    |icmp_ln1494_4_fu_548_p2      |   icmp   |      0|  0|  11|           8|           1|
    |icmp_ln1494_5_fu_578_p2      |   icmp   |      0|  0|  11|           8|           1|
    |icmp_ln1494_6_fu_608_p2      |   icmp   |      0|  0|  11|           8|           1|
    |icmp_ln1494_7_fu_638_p2      |   icmp   |      0|  0|  11|           8|           1|
    |icmp_ln1494_8_fu_668_p2      |   icmp   |      0|  0|  11|           8|           1|
    |icmp_ln1494_9_fu_698_p2      |   icmp   |      0|  0|  11|           8|           1|
    |icmp_ln1494_fu_428_p2        |   icmp   |      0|  0|  11|           8|           1|
    |ap_block_state1              |    or    |      0|  0|   2|           1|           1|
    |select_ln1494_10_fu_746_p3   |  select  |      0|  0|   9|           1|           9|
    |select_ln1494_11_fu_776_p3   |  select  |      0|  0|   9|           1|           9|
    |select_ln1494_12_fu_806_p3   |  select  |      0|  0|   9|           1|           9|
    |select_ln1494_13_fu_836_p3   |  select  |      0|  0|   9|           1|           9|
    |select_ln1494_14_fu_866_p3   |  select  |      0|  0|   9|           1|           9|
    |select_ln1494_15_fu_896_p3   |  select  |      0|  0|   9|           1|           9|
    |select_ln1494_16_fu_926_p3   |  select  |      0|  0|   9|           1|           9|
    |select_ln1494_17_fu_956_p3   |  select  |      0|  0|   9|           1|           9|
    |select_ln1494_18_fu_986_p3   |  select  |      0|  0|   9|           1|           9|
    |select_ln1494_19_fu_1016_p3  |  select  |      0|  0|   9|           1|           9|
    |select_ln1494_1_fu_476_p3    |  select  |      0|  0|   9|           1|           9|
    |select_ln1494_20_fu_1046_p3  |  select  |      0|  0|   9|           1|           9|
    |select_ln1494_21_fu_1076_p3  |  select  |      0|  0|   9|           1|           9|
    |select_ln1494_22_fu_1106_p3  |  select  |      0|  0|   9|           1|           9|
    |select_ln1494_23_fu_1136_p3  |  select  |      0|  0|   9|           1|           9|
    |select_ln1494_24_fu_1166_p3  |  select  |      0|  0|   9|           1|           9|
    |select_ln1494_25_fu_1196_p3  |  select  |      0|  0|   9|           1|           9|
    |select_ln1494_26_fu_1226_p3  |  select  |      0|  0|   9|           1|           9|
    |select_ln1494_27_fu_1256_p3  |  select  |      0|  0|   9|           1|           9|
    |select_ln1494_28_fu_1286_p3  |  select  |      0|  0|   9|           1|           9|
    |select_ln1494_29_fu_1316_p3  |  select  |      0|  0|   9|           1|           9|
    |select_ln1494_2_fu_506_p3    |  select  |      0|  0|   9|           1|           9|
    |select_ln1494_30_fu_1346_p3  |  select  |      0|  0|   9|           1|           9|
    |select_ln1494_31_fu_1376_p3  |  select  |      0|  0|   9|           1|           9|
    |select_ln1494_32_fu_1406_p3  |  select  |      0|  0|   9|           1|           9|
    |select_ln1494_33_fu_1436_p3  |  select  |      0|  0|   9|           1|           9|
    |select_ln1494_34_fu_1466_p3  |  select  |      0|  0|   9|           1|           9|
    |select_ln1494_35_fu_1496_p3  |  select  |      0|  0|   9|           1|           9|
    |select_ln1494_36_fu_1526_p3  |  select  |      0|  0|   9|           1|           9|
    |select_ln1494_37_fu_1556_p3  |  select  |      0|  0|   9|           1|           9|
    |select_ln1494_38_fu_1586_p3  |  select  |      0|  0|   9|           1|           9|
    |select_ln1494_39_fu_1616_p3  |  select  |      0|  0|   9|           1|           9|
    |select_ln1494_3_fu_536_p3    |  select  |      0|  0|   9|           1|           9|
    |select_ln1494_40_fu_1646_p3  |  select  |      0|  0|   9|           1|           9|
    |select_ln1494_41_fu_1676_p3  |  select  |      0|  0|   9|           1|           9|
    |select_ln1494_42_fu_1706_p3  |  select  |      0|  0|   9|           1|           9|
    |select_ln1494_43_fu_1736_p3  |  select  |      0|  0|   9|           1|           9|
    |select_ln1494_44_fu_1766_p3  |  select  |      0|  0|   9|           1|           9|
    |select_ln1494_45_fu_1796_p3  |  select  |      0|  0|   9|           1|           9|
    |select_ln1494_46_fu_1826_p3  |  select  |      0|  0|   9|           1|           9|
    |select_ln1494_47_fu_1856_p3  |  select  |      0|  0|   9|           1|           9|
    |select_ln1494_48_fu_1886_p3  |  select  |      0|  0|   9|           1|           9|
    |select_ln1494_49_fu_1916_p3  |  select  |      0|  0|   9|           1|           9|
    |select_ln1494_4_fu_566_p3    |  select  |      0|  0|   9|           1|           9|
    |select_ln1494_5_fu_596_p3    |  select  |      0|  0|   9|           1|           9|
    |select_ln1494_6_fu_626_p3    |  select  |      0|  0|   9|           1|           9|
    |select_ln1494_7_fu_656_p3    |  select  |      0|  0|   9|           1|           9|
    |select_ln1494_8_fu_686_p3    |  select  |      0|  0|   9|           1|           9|
    |select_ln1494_9_fu_716_p3    |  select  |      0|  0|   9|           1|           9|
    |select_ln1494_fu_446_p3      |  select  |      0|  0|   9|           1|           9|
    +-----------------------------+----------+-------+---+----+------------+------------+
    |Total                        |          |      0|  0|1002|         451|         501|
    +-----------------------------+----------+-------+---+----+------------+------------+

    * Multiplexer: 
    +--------------+----+-----------+-----+-----------+
    |     Name     | LUT| Input Size| Bits| Total Bits|
    +--------------+----+-----------+-----+-----------+
    |ap_done       |   9|          2|    1|          2|
    |ap_return_0   |   9|          2|    7|         14|
    |ap_return_1   |   9|          2|    7|         14|
    |ap_return_10  |   9|          2|    7|         14|
    |ap_return_11  |   9|          2|    7|         14|
    |ap_return_12  |   9|          2|    7|         14|
    |ap_return_13  |   9|          2|    7|         14|
    |ap_return_14  |   9|          2|    7|         14|
    |ap_return_15  |   9|          2|    7|         14|
    |ap_return_16  |   9|          2|    7|         14|
    |ap_return_17  |   9|          2|    7|         14|
    |ap_return_18  |   9|          2|    7|         14|
    |ap_return_19  |   9|          2|    7|         14|
    |ap_return_2   |   9|          2|    7|         14|
    |ap_return_20  |   9|          2|    7|         14|
    |ap_return_21  |   9|          2|    7|         14|
    |ap_return_22  |   9|          2|    7|         14|
    |ap_return_23  |   9|          2|    7|         14|
    |ap_return_24  |   9|          2|    7|         14|
    |ap_return_25  |   9|          2|    7|         14|
    |ap_return_26  |   9|          2|    7|         14|
    |ap_return_27  |   9|          2|    7|         14|
    |ap_return_28  |   9|          2|    7|         14|
    |ap_return_29  |   9|          2|    7|         14|
    |ap_return_3   |   9|          2|    7|         14|
    |ap_return_30  |   9|          2|    7|         14|
    |ap_return_31  |   9|          2|    7|         14|
    |ap_return_32  |   9|          2|    7|         14|
    |ap_return_33  |   9|          2|    7|         14|
    |ap_return_34  |   9|          2|    7|         14|
    |ap_return_35  |   9|          2|    7|         14|
    |ap_return_36  |   9|          2|    7|         14|
    |ap_return_37  |   9|          2|    7|         14|
    |ap_return_38  |   9|          2|    7|         14|
    |ap_return_39  |   9|          2|    7|         14|
    |ap_return_4   |   9|          2|    7|         14|
    |ap_return_40  |   9|          2|    7|         14|
    |ap_return_41  |   9|          2|    7|         14|
    |ap_return_42  |   9|          2|    7|         14|
    |ap_return_43  |   9|          2|    7|         14|
    |ap_return_44  |   9|          2|    7|         14|
    |ap_return_45  |   9|          2|    7|         14|
    |ap_return_46  |   9|          2|    7|         14|
    |ap_return_47  |   9|          2|    7|         14|
    |ap_return_48  |   9|          2|    7|         14|
    |ap_return_49  |   9|          2|    7|         14|
    |ap_return_5   |   9|          2|    7|         14|
    |ap_return_6   |   9|          2|    7|         14|
    |ap_return_7   |   9|          2|    7|         14|
    |ap_return_8   |   9|          2|    7|         14|
    |ap_return_9   |   9|          2|    7|         14|
    +--------------+----+-----------+-----+-----------+
    |Total         | 459|        102|  351|        702|
    +--------------+----+-----------+-----+-----------+

    * Register: 
    +-------------------+---+----+-----+-----------+
    |        Name       | FF| LUT| Bits| Const Bits|
    +-------------------+---+----+-----+-----------+
    |ap_CS_fsm          |  1|   0|    1|          0|
    |ap_done_reg        |  1|   0|    1|          0|
    |ap_return_0_preg   |  7|   0|   16|          9|
    |ap_return_10_preg  |  7|   0|   16|          9|
    |ap_return_11_preg  |  7|   0|   16|          9|
    |ap_return_12_preg  |  7|   0|   16|          9|
    |ap_return_13_preg  |  7|   0|   16|          9|
    |ap_return_14_preg  |  7|   0|   16|          9|
    |ap_return_15_preg  |  7|   0|   16|          9|
    |ap_return_16_preg  |  7|   0|   16|          9|
    |ap_return_17_preg  |  7|   0|   16|          9|
    |ap_return_18_preg  |  7|   0|   16|          9|
    |ap_return_19_preg  |  7|   0|   16|          9|
    |ap_return_1_preg   |  7|   0|   16|          9|
    |ap_return_20_preg  |  7|   0|   16|          9|
    |ap_return_21_preg  |  7|   0|   16|          9|
    |ap_return_22_preg  |  7|   0|   16|          9|
    |ap_return_23_preg  |  7|   0|   16|          9|
    |ap_return_24_preg  |  7|   0|   16|          9|
    |ap_return_25_preg  |  7|   0|   16|          9|
    |ap_return_26_preg  |  7|   0|   16|          9|
    |ap_return_27_preg  |  7|   0|   16|          9|
    |ap_return_28_preg  |  7|   0|   16|          9|
    |ap_return_29_preg  |  7|   0|   16|          9|
    |ap_return_2_preg   |  7|   0|   16|          9|
    |ap_return_30_preg  |  7|   0|   16|          9|
    |ap_return_31_preg  |  7|   0|   16|          9|
    |ap_return_32_preg  |  7|   0|   16|          9|
    |ap_return_33_preg  |  7|   0|   16|          9|
    |ap_return_34_preg  |  7|   0|   16|          9|
    |ap_return_35_preg  |  7|   0|   16|          9|
    |ap_return_36_preg  |  7|   0|   16|          9|
    |ap_return_37_preg  |  7|   0|   16|          9|
    |ap_return_38_preg  |  7|   0|   16|          9|
    |ap_return_39_preg  |  7|   0|   16|          9|
    |ap_return_3_preg   |  7|   0|   16|          9|
    |ap_return_40_preg  |  7|   0|   16|          9|
    |ap_return_41_preg  |  7|   0|   16|          9|
    |ap_return_42_preg  |  7|   0|   16|          9|
    |ap_return_43_preg  |  7|   0|   16|          9|
    |ap_return_44_preg  |  7|   0|   16|          9|
    |ap_return_45_preg  |  7|   0|   16|          9|
    |ap_return_46_preg  |  7|   0|   16|          9|
    |ap_return_47_preg  |  7|   0|   16|          9|
    |ap_return_48_preg  |  7|   0|   16|          9|
    |ap_return_49_preg  |  7|   0|   16|          9|
    |ap_return_4_preg   |  7|   0|   16|          9|
    |ap_return_5_preg   |  7|   0|   16|          9|
    |ap_return_6_preg   |  7|   0|   16|          9|
    |ap_return_7_preg   |  7|   0|   16|          9|
    |ap_return_8_preg   |  7|   0|   16|          9|
    |ap_return_9_preg   |  7|   0|   16|          9|
    +-------------------+---+----+-----+-----------+
    |Total              |352|   0|  802|        450|
    +-------------------+---+----+-----+-----------+



================================================================
== Interface
================================================================
* Summary: 
+----------------+-----+-----+------------+--------------------------------------------------+--------------+
|    RTL Ports   | Dir | Bits|  Protocol  |                   Source Object                  |    C Type    |
+----------------+-----+-----+------------+--------------------------------------------------+--------------+
|ap_clk          |  in |    1| ap_ctrl_hs | relu<ap_fixed,ap_fixed<16,8,5,3,0>,relu_config7> | return value |
|ap_rst          |  in |    1| ap_ctrl_hs | relu<ap_fixed,ap_fixed<16,8,5,3,0>,relu_config7> | return value |
|ap_start        |  in |    1| ap_ctrl_hs | relu<ap_fixed,ap_fixed<16,8,5,3,0>,relu_config7> | return value |
|ap_done         | out |    1| ap_ctrl_hs | relu<ap_fixed,ap_fixed<16,8,5,3,0>,relu_config7> | return value |
|ap_continue     |  in |    1| ap_ctrl_hs | relu<ap_fixed,ap_fixed<16,8,5,3,0>,relu_config7> | return value |
|ap_idle         | out |    1| ap_ctrl_hs | relu<ap_fixed,ap_fixed<16,8,5,3,0>,relu_config7> | return value |
|ap_ready        | out |    1| ap_ctrl_hs | relu<ap_fixed,ap_fixed<16,8,5,3,0>,relu_config7> | return value |
|ap_return_0     | out |   16| ap_ctrl_hs | relu<ap_fixed,ap_fixed<16,8,5,3,0>,relu_config7> | return value |
|ap_return_1     | out |   16| ap_ctrl_hs | relu<ap_fixed,ap_fixed<16,8,5,3,0>,relu_config7> | return value |
|ap_return_2     | out |   16| ap_ctrl_hs | relu<ap_fixed,ap_fixed<16,8,5,3,0>,relu_config7> | return value |
|ap_return_3     | out |   16| ap_ctrl_hs | relu<ap_fixed,ap_fixed<16,8,5,3,0>,relu_config7> | return value |
|ap_return_4     | out |   16| ap_ctrl_hs | relu<ap_fixed,ap_fixed<16,8,5,3,0>,relu_config7> | return value |
|ap_return_5     | out |   16| ap_ctrl_hs | relu<ap_fixed,ap_fixed<16,8,5,3,0>,relu_config7> | return value |
|ap_return_6     | out |   16| ap_ctrl_hs | relu<ap_fixed,ap_fixed<16,8,5,3,0>,relu_config7> | return value |
|ap_return_7     | out |   16| ap_ctrl_hs | relu<ap_fixed,ap_fixed<16,8,5,3,0>,relu_config7> | return value |
|ap_return_8     | out |   16| ap_ctrl_hs | relu<ap_fixed,ap_fixed<16,8,5,3,0>,relu_config7> | return value |
|ap_return_9     | out |   16| ap_ctrl_hs | relu<ap_fixed,ap_fixed<16,8,5,3,0>,relu_config7> | return value |
|ap_return_10    | out |   16| ap_ctrl_hs | relu<ap_fixed,ap_fixed<16,8,5,3,0>,relu_config7> | return value |
|ap_return_11    | out |   16| ap_ctrl_hs | relu<ap_fixed,ap_fixed<16,8,5,3,0>,relu_config7> | return value |
|ap_return_12    | out |   16| ap_ctrl_hs | relu<ap_fixed,ap_fixed<16,8,5,3,0>,relu_config7> | return value |
|ap_return_13    | out |   16| ap_ctrl_hs | relu<ap_fixed,ap_fixed<16,8,5,3,0>,relu_config7> | return value |
|ap_return_14    | out |   16| ap_ctrl_hs | relu<ap_fixed,ap_fixed<16,8,5,3,0>,relu_config7> | return value |
|ap_return_15    | out |   16| ap_ctrl_hs | relu<ap_fixed,ap_fixed<16,8,5,3,0>,relu_config7> | return value |
|ap_return_16    | out |   16| ap_ctrl_hs | relu<ap_fixed,ap_fixed<16,8,5,3,0>,relu_config7> | return value |
|ap_return_17    | out |   16| ap_ctrl_hs | relu<ap_fixed,ap_fixed<16,8,5,3,0>,relu_config7> | return value |
|ap_return_18    | out |   16| ap_ctrl_hs | relu<ap_fixed,ap_fixed<16,8,5,3,0>,relu_config7> | return value |
|ap_return_19    | out |   16| ap_ctrl_hs | relu<ap_fixed,ap_fixed<16,8,5,3,0>,relu_config7> | return value |
|ap_return_20    | out |   16| ap_ctrl_hs | relu<ap_fixed,ap_fixed<16,8,5,3,0>,relu_config7> | return value |
|ap_return_21    | out |   16| ap_ctrl_hs | relu<ap_fixed,ap_fixed<16,8,5,3,0>,relu_config7> | return value |
|ap_return_22    | out |   16| ap_ctrl_hs | relu<ap_fixed,ap_fixed<16,8,5,3,0>,relu_config7> | return value |
|ap_return_23    | out |   16| ap_ctrl_hs | relu<ap_fixed,ap_fixed<16,8,5,3,0>,relu_config7> | return value |
|ap_return_24    | out |   16| ap_ctrl_hs | relu<ap_fixed,ap_fixed<16,8,5,3,0>,relu_config7> | return value |
|ap_return_25    | out |   16| ap_ctrl_hs | relu<ap_fixed,ap_fixed<16,8,5,3,0>,relu_config7> | return value |
|ap_return_26    | out |   16| ap_ctrl_hs | relu<ap_fixed,ap_fixed<16,8,5,3,0>,relu_config7> | return value |
|ap_return_27    | out |   16| ap_ctrl_hs | relu<ap_fixed,ap_fixed<16,8,5,3,0>,relu_config7> | return value |
|ap_return_28    | out |   16| ap_ctrl_hs | relu<ap_fixed,ap_fixed<16,8,5,3,0>,relu_config7> | return value |
|ap_return_29    | out |   16| ap_ctrl_hs | relu<ap_fixed,ap_fixed<16,8,5,3,0>,relu_config7> | return value |
|ap_return_30    | out |   16| ap_ctrl_hs | relu<ap_fixed,ap_fixed<16,8,5,3,0>,relu_config7> | return value |
|ap_return_31    | out |   16| ap_ctrl_hs | relu<ap_fixed,ap_fixed<16,8,5,3,0>,relu_config7> | return value |
|ap_return_32    | out |   16| ap_ctrl_hs | relu<ap_fixed,ap_fixed<16,8,5,3,0>,relu_config7> | return value |
|ap_return_33    | out |   16| ap_ctrl_hs | relu<ap_fixed,ap_fixed<16,8,5,3,0>,relu_config7> | return value |
|ap_return_34    | out |   16| ap_ctrl_hs | relu<ap_fixed,ap_fixed<16,8,5,3,0>,relu_config7> | return value |
|ap_return_35    | out |   16| ap_ctrl_hs | relu<ap_fixed,ap_fixed<16,8,5,3,0>,relu_config7> | return value |
|ap_return_36    | out |   16| ap_ctrl_hs | relu<ap_fixed,ap_fixed<16,8,5,3,0>,relu_config7> | return value |
|ap_return_37    | out |   16| ap_ctrl_hs | relu<ap_fixed,ap_fixed<16,8,5,3,0>,relu_config7> | return value |
|ap_return_38    | out |   16| ap_ctrl_hs | relu<ap_fixed,ap_fixed<16,8,5,3,0>,relu_config7> | return value |
|ap_return_39    | out |   16| ap_ctrl_hs | relu<ap_fixed,ap_fixed<16,8,5,3,0>,relu_config7> | return value |
|ap_return_40    | out |   16| ap_ctrl_hs | relu<ap_fixed,ap_fixed<16,8,5,3,0>,relu_config7> | return value |
|ap_return_41    | out |   16| ap_ctrl_hs | relu<ap_fixed,ap_fixed<16,8,5,3,0>,relu_config7> | return value |
|ap_return_42    | out |   16| ap_ctrl_hs | relu<ap_fixed,ap_fixed<16,8,5,3,0>,relu_config7> | return value |
|ap_return_43    | out |   16| ap_ctrl_hs | relu<ap_fixed,ap_fixed<16,8,5,3,0>,relu_config7> | return value |
|ap_return_44    | out |   16| ap_ctrl_hs | relu<ap_fixed,ap_fixed<16,8,5,3,0>,relu_config7> | return value |
|ap_return_45    | out |   16| ap_ctrl_hs | relu<ap_fixed,ap_fixed<16,8,5,3,0>,relu_config7> | return value |
|ap_return_46    | out |   16| ap_ctrl_hs | relu<ap_fixed,ap_fixed<16,8,5,3,0>,relu_config7> | return value |
|ap_return_47    | out |   16| ap_ctrl_hs | relu<ap_fixed,ap_fixed<16,8,5,3,0>,relu_config7> | return value |
|ap_return_48    | out |   16| ap_ctrl_hs | relu<ap_fixed,ap_fixed<16,8,5,3,0>,relu_config7> | return value |
|ap_return_49    | out |   16| ap_ctrl_hs | relu<ap_fixed,ap_fixed<16,8,5,3,0>,relu_config7> | return value |
|data_0_V_read   |  in |    8|   ap_none  |                   data_0_V_read                  |    scalar    |
|data_1_V_read   |  in |    8|   ap_none  |                   data_1_V_read                  |    scalar    |
|data_2_V_read   |  in |    8|   ap_none  |                   data_2_V_read                  |    scalar    |
|data_3_V_read   |  in |    8|   ap_none  |                   data_3_V_read                  |    scalar    |
|data_4_V_read   |  in |    8|   ap_none  |                   data_4_V_read                  |    scalar    |
|data_5_V_read   |  in |    8|   ap_none  |                   data_5_V_read                  |    scalar    |
|data_6_V_read   |  in |    8|   ap_none  |                   data_6_V_read                  |    scalar    |
|data_7_V_read   |  in |    8|   ap_none  |                   data_7_V_read                  |    scalar    |
|data_8_V_read   |  in |    8|   ap_none  |                   data_8_V_read                  |    scalar    |
|data_9_V_read   |  in |    8|   ap_none  |                   data_9_V_read                  |    scalar    |
|data_10_V_read  |  in |    8|   ap_none  |                  data_10_V_read                  |    scalar    |
|data_11_V_read  |  in |    8|   ap_none  |                  data_11_V_read                  |    scalar    |
|data_12_V_read  |  in |    8|   ap_none  |                  data_12_V_read                  |    scalar    |
|data_13_V_read  |  in |    8|   ap_none  |                  data_13_V_read                  |    scalar    |
|data_14_V_read  |  in |    8|   ap_none  |                  data_14_V_read                  |    scalar    |
|data_15_V_read  |  in |    8|   ap_none  |                  data_15_V_read                  |    scalar    |
|data_16_V_read  |  in |    8|   ap_none  |                  data_16_V_read                  |    scalar    |
|data_17_V_read  |  in |    8|   ap_none  |                  data_17_V_read                  |    scalar    |
|data_18_V_read  |  in |    8|   ap_none  |                  data_18_V_read                  |    scalar    |
|data_19_V_read  |  in |    8|   ap_none  |                  data_19_V_read                  |    scalar    |
|data_20_V_read  |  in |    8|   ap_none  |                  data_20_V_read                  |    scalar    |
|data_21_V_read  |  in |    8|   ap_none  |                  data_21_V_read                  |    scalar    |
|data_22_V_read  |  in |    8|   ap_none  |                  data_22_V_read                  |    scalar    |
|data_23_V_read  |  in |    8|   ap_none  |                  data_23_V_read                  |    scalar    |
|data_24_V_read  |  in |    8|   ap_none  |                  data_24_V_read                  |    scalar    |
|data_25_V_read  |  in |    8|   ap_none  |                  data_25_V_read                  |    scalar    |
|data_26_V_read  |  in |    8|   ap_none  |                  data_26_V_read                  |    scalar    |
|data_27_V_read  |  in |    8|   ap_none  |                  data_27_V_read                  |    scalar    |
|data_28_V_read  |  in |    8|   ap_none  |                  data_28_V_read                  |    scalar    |
|data_29_V_read  |  in |    8|   ap_none  |                  data_29_V_read                  |    scalar    |
|data_30_V_read  |  in |    8|   ap_none  |                  data_30_V_read                  |    scalar    |
|data_31_V_read  |  in |    8|   ap_none  |                  data_31_V_read                  |    scalar    |
|data_32_V_read  |  in |    8|   ap_none  |                  data_32_V_read                  |    scalar    |
|data_33_V_read  |  in |    8|   ap_none  |                  data_33_V_read                  |    scalar    |
|data_34_V_read  |  in |    8|   ap_none  |                  data_34_V_read                  |    scalar    |
|data_35_V_read  |  in |    8|   ap_none  |                  data_35_V_read                  |    scalar    |
|data_36_V_read  |  in |    8|   ap_none  |                  data_36_V_read                  |    scalar    |
|data_37_V_read  |  in |    8|   ap_none  |                  data_37_V_read                  |    scalar    |
|data_38_V_read  |  in |    8|   ap_none  |                  data_38_V_read                  |    scalar    |
|data_39_V_read  |  in |    8|   ap_none  |                  data_39_V_read                  |    scalar    |
|data_40_V_read  |  in |    8|   ap_none  |                  data_40_V_read                  |    scalar    |
|data_41_V_read  |  in |    8|   ap_none  |                  data_41_V_read                  |    scalar    |
|data_42_V_read  |  in |    8|   ap_none  |                  data_42_V_read                  |    scalar    |
|data_43_V_read  |  in |    8|   ap_none  |                  data_43_V_read                  |    scalar    |
|data_44_V_read  |  in |    8|   ap_none  |                  data_44_V_read                  |    scalar    |
|data_45_V_read  |  in |    8|   ap_none  |                  data_45_V_read                  |    scalar    |
|data_46_V_read  |  in |    8|   ap_none  |                  data_46_V_read                  |    scalar    |
|data_47_V_read  |  in |    8|   ap_none  |                  data_47_V_read                  |    scalar    |
|data_48_V_read  |  in |    8|   ap_none  |                  data_48_V_read                  |    scalar    |
|data_49_V_read  |  in |    8|   ap_none  |                  data_49_V_read                  |    scalar    |
+----------------+-----+-----+------------+--------------------------------------------------+--------------+

