

================================================================
== Vivado HLS Report for 'dense_resource_ap_fixed_ap_fixed_16_6_5_3_0_config8_s'
================================================================
* Date:           Wed Nov 12 17:02:27 2025

* Version:        2019.2 (Build 2704478 on Wed Nov 06 22:10:23 MST 2019)
* Project:        model_2_hls4ml_prj_prj
* Solution:       solution1
* Product family: artix7
* Target device:  xc7a100t-csg324-1


================================================================
== Performance Estimates
================================================================
+ Timing: 
    * Summary: 
    +--------+---------+----------+------------+
    |  Clock |  Target | Estimated| Uncertainty|
    +--------+---------+----------+------------+
    |ap_clk  | 5.00 ns | 4.290 ns |   0.62 ns  |
    +--------+---------+----------+------------+

+ Latency: 
    * Summary: 
    +---------+---------+----------+----------+-----+-----+---------------------------------------------+
    |  Latency (cycles) |  Latency (absolute) |  Interval |                   Pipeline                  |
    |   min   |   max   |    min   |    max   | min | max |                     Type                    |
    +---------+---------+----------+----------+-----+-----+---------------------------------------------+
    |      104|      105| 0.520 us | 0.525 us |  100|  100| loop rewind(delay=0 initiation interval(s)) |
    +---------+---------+----------+----------+-----+-----+---------------------------------------------+

    + Detail: 
        * Instance: 
        N/A

        * Loop: 
        +-------------+---------+---------+----------+-----------+-----------+------+----------+
        |             |  Latency (cycles) | Iteration|  Initiation Interval  | Trip |          |
        |  Loop Name  |   min   |   max   |  Latency |  achieved |   target  | Count| Pipelined|
        +-------------+---------+---------+----------+-----------+-----------+------+----------+
        |- ReuseLoop  |      104|      104|         6|          1|          1|   100|    yes   |
        +-------------+---------+---------+----------+-----------+-----------+------+----------+



================================================================
== Utilization Estimates
================================================================
* Summary: 
+-----------------+---------+-------+--------+-------+-----+
|       Name      | BRAM_18K| DSP48E|   FF   |  LUT  | URAM|
+-----------------+---------+-------+--------+-------+-----+
|DSP              |        -|     50|       -|      -|    -|
|Expression       |        -|      -|       0|   1184|    -|
|FIFO             |        -|      -|       -|      -|    -|
|Instance         |        -|      -|       0|    217|    -|
|Memory           |       23|      -|       0|      0|    -|
|Multiplexer      |        -|      -|       -|   3381|    -|
|Register         |        0|      -|    7154|     32|    -|
+-----------------+---------+-------+--------+-------+-----+
|Total            |       23|     50|    7154|   4814|    0|
+-----------------+---------+-------+--------+-------+-----+
|Available        |      270|    240|  126800|  63400|    0|
+-----------------+---------+-------+--------+-------+-----+
|Utilization (%)  |        8|     20|       5|      7|    0|
+-----------------+---------+-------+--------+-------+-----+

+ Detail: 
    * Instance: 
    +------------------------------------------+------------------------------------+---------+-------+---+-----+-----+
    |                 Instance                 |               Module               | BRAM_18K| DSP48E| FF| LUT | URAM|
    +------------------------------------------+------------------------------------+---------+-------+---+-----+-----+
    |model_2_hls4ml_prj_mux_1007_16_1_1_U1224  |model_2_hls4ml_prj_mux_1007_16_1_1  |        0|      0|  0|  217|    0|
    +------------------------------------------+------------------------------------+---------+-------+---+-----+-----+
    |Total                                     |                                    |        0|      0|  0|  217|    0|
    +------------------------------------------+------------------------------------+---------+-------+---+-----+-----+

    * DSP48E: 
    +-------------------------------------------------+-------------------------------------------+-----------+
    |                     Instance                    |                   Module                  | Expression|
    +-------------------------------------------------+-------------------------------------------+-----------+
    |model_2_hls4ml_prj_mul_mul_16s_16s_29_3_1_U1225  |model_2_hls4ml_prj_mul_mul_16s_16s_29_3_1  |  i0 * i1  |
    |model_2_hls4ml_prj_mul_mul_16s_16s_29_3_1_U1226  |model_2_hls4ml_prj_mul_mul_16s_16s_29_3_1  |  i0 * i1  |
    |model_2_hls4ml_prj_mul_mul_16s_16s_29_3_1_U1227  |model_2_hls4ml_prj_mul_mul_16s_16s_29_3_1  |  i0 * i1  |
    |model_2_hls4ml_prj_mul_mul_16s_16s_29_3_1_U1228  |model_2_hls4ml_prj_mul_mul_16s_16s_29_3_1  |  i0 * i1  |
    |model_2_hls4ml_prj_mul_mul_16s_16s_29_3_1_U1229  |model_2_hls4ml_prj_mul_mul_16s_16s_29_3_1  |  i0 * i1  |
    |model_2_hls4ml_prj_mul_mul_16s_16s_29_3_1_U1230  |model_2_hls4ml_prj_mul_mul_16s_16s_29_3_1  |  i0 * i1  |
    |model_2_hls4ml_prj_mul_mul_16s_16s_29_3_1_U1231  |model_2_hls4ml_prj_mul_mul_16s_16s_29_3_1  |  i0 * i1  |
    |model_2_hls4ml_prj_mul_mul_16s_16s_29_3_1_U1232  |model_2_hls4ml_prj_mul_mul_16s_16s_29_3_1  |  i0 * i1  |
    |model_2_hls4ml_prj_mul_mul_16s_16s_29_3_1_U1233  |model_2_hls4ml_prj_mul_mul_16s_16s_29_3_1  |  i0 * i1  |
    |model_2_hls4ml_prj_mul_mul_16s_16s_29_3_1_U1234  |model_2_hls4ml_prj_mul_mul_16s_16s_29_3_1  |  i0 * i1  |
    |model_2_hls4ml_prj_mul_mul_16s_16s_29_3_1_U1235  |model_2_hls4ml_prj_mul_mul_16s_16s_29_3_1  |  i0 * i1  |
    |model_2_hls4ml_prj_mul_mul_16s_16s_29_3_1_U1236  |model_2_hls4ml_prj_mul_mul_16s_16s_29_3_1  |  i0 * i1  |
    |model_2_hls4ml_prj_mul_mul_16s_16s_29_3_1_U1237  |model_2_hls4ml_prj_mul_mul_16s_16s_29_3_1  |  i0 * i1  |
    |model_2_hls4ml_prj_mul_mul_16s_16s_29_3_1_U1238  |model_2_hls4ml_prj_mul_mul_16s_16s_29_3_1  |  i0 * i1  |
    |model_2_hls4ml_prj_mul_mul_16s_16s_29_3_1_U1239  |model_2_hls4ml_prj_mul_mul_16s_16s_29_3_1  |  i0 * i1  |
    |model_2_hls4ml_prj_mul_mul_16s_16s_29_3_1_U1240  |model_2_hls4ml_prj_mul_mul_16s_16s_29_3_1  |  i0 * i1  |
    |model_2_hls4ml_prj_mul_mul_16s_16s_29_3_1_U1241  |model_2_hls4ml_prj_mul_mul_16s_16s_29_3_1  |  i0 * i1  |
    |model_2_hls4ml_prj_mul_mul_16s_16s_29_3_1_U1242  |model_2_hls4ml_prj_mul_mul_16s_16s_29_3_1  |  i0 * i1  |
    |model_2_hls4ml_prj_mul_mul_16s_16s_29_3_1_U1243  |model_2_hls4ml_prj_mul_mul_16s_16s_29_3_1  |  i0 * i1  |
    |model_2_hls4ml_prj_mul_mul_16s_16s_29_3_1_U1244  |model_2_hls4ml_prj_mul_mul_16s_16s_29_3_1  |  i0 * i1  |
    |model_2_hls4ml_prj_mul_mul_16s_16s_29_3_1_U1245  |model_2_hls4ml_prj_mul_mul_16s_16s_29_3_1  |  i0 * i1  |
    |model_2_hls4ml_prj_mul_mul_16s_16s_29_3_1_U1246  |model_2_hls4ml_prj_mul_mul_16s_16s_29_3_1  |  i0 * i1  |
    |model_2_hls4ml_prj_mul_mul_16s_16s_29_3_1_U1247  |model_2_hls4ml_prj_mul_mul_16s_16s_29_3_1  |  i0 * i1  |
    |model_2_hls4ml_prj_mul_mul_16s_16s_29_3_1_U1248  |model_2_hls4ml_prj_mul_mul_16s_16s_29_3_1  |  i0 * i1  |
    |model_2_hls4ml_prj_mul_mul_16s_16s_29_3_1_U1249  |model_2_hls4ml_prj_mul_mul_16s_16s_29_3_1  |  i0 * i1  |
    |model_2_hls4ml_prj_mul_mul_16s_16s_29_3_1_U1250  |model_2_hls4ml_prj_mul_mul_16s_16s_29_3_1  |  i0 * i1  |
    |model_2_hls4ml_prj_mul_mul_16s_16s_29_3_1_U1251  |model_2_hls4ml_prj_mul_mul_16s_16s_29_3_1  |  i0 * i1  |
    |model_2_hls4ml_prj_mul_mul_16s_16s_29_3_1_U1252  |model_2_hls4ml_prj_mul_mul_16s_16s_29_3_1  |  i0 * i1  |
    |model_2_hls4ml_prj_mul_mul_16s_16s_29_3_1_U1253  |model_2_hls4ml_prj_mul_mul_16s_16s_29_3_1  |  i0 * i1  |
    |model_2_hls4ml_prj_mul_mul_16s_16s_29_3_1_U1254  |model_2_hls4ml_prj_mul_mul_16s_16s_29_3_1  |  i0 * i1  |
    |model_2_hls4ml_prj_mul_mul_16s_16s_29_3_1_U1255  |model_2_hls4ml_prj_mul_mul_16s_16s_29_3_1  |  i0 * i1  |
    |model_2_hls4ml_prj_mul_mul_16s_16s_29_3_1_U1256  |model_2_hls4ml_prj_mul_mul_16s_16s_29_3_1  |  i0 * i1  |
    |model_2_hls4ml_prj_mul_mul_16s_16s_29_3_1_U1257  |model_2_hls4ml_prj_mul_mul_16s_16s_29_3_1  |  i0 * i1  |
    |model_2_hls4ml_prj_mul_mul_16s_16s_29_3_1_U1258  |model_2_hls4ml_prj_mul_mul_16s_16s_29_3_1  |  i0 * i1  |
    |model_2_hls4ml_prj_mul_mul_16s_16s_29_3_1_U1259  |model_2_hls4ml_prj_mul_mul_16s_16s_29_3_1  |  i0 * i1  |
    |model_2_hls4ml_prj_mul_mul_16s_16s_29_3_1_U1260  |model_2_hls4ml_prj_mul_mul_16s_16s_29_3_1  |  i0 * i1  |
    |model_2_hls4ml_prj_mul_mul_16s_16s_29_3_1_U1261  |model_2_hls4ml_prj_mul_mul_16s_16s_29_3_1  |  i0 * i1  |
    |model_2_hls4ml_prj_mul_mul_16s_16s_29_3_1_U1262  |model_2_hls4ml_prj_mul_mul_16s_16s_29_3_1  |  i0 * i1  |
    |model_2_hls4ml_prj_mul_mul_16s_16s_29_3_1_U1263  |model_2_hls4ml_prj_mul_mul_16s_16s_29_3_1  |  i0 * i1  |
    |model_2_hls4ml_prj_mul_mul_16s_16s_29_3_1_U1264  |model_2_hls4ml_prj_mul_mul_16s_16s_29_3_1  |  i0 * i1  |
    |model_2_hls4ml_prj_mul_mul_16s_16s_29_3_1_U1265  |model_2_hls4ml_prj_mul_mul_16s_16s_29_3_1  |  i0 * i1  |
    |model_2_hls4ml_prj_mul_mul_16s_16s_29_3_1_U1266  |model_2_hls4ml_prj_mul_mul_16s_16s_29_3_1  |  i0 * i1  |
    |model_2_hls4ml_prj_mul_mul_16s_16s_29_3_1_U1267  |model_2_hls4ml_prj_mul_mul_16s_16s_29_3_1  |  i0 * i1  |
    |model_2_hls4ml_prj_mul_mul_16s_16s_29_3_1_U1268  |model_2_hls4ml_prj_mul_mul_16s_16s_29_3_1  |  i0 * i1  |
    |model_2_hls4ml_prj_mul_mul_16s_16s_29_3_1_U1269  |model_2_hls4ml_prj_mul_mul_16s_16s_29_3_1  |  i0 * i1  |
    |model_2_hls4ml_prj_mul_mul_16s_16s_29_3_1_U1270  |model_2_hls4ml_prj_mul_mul_16s_16s_29_3_1  |  i0 * i1  |
    |model_2_hls4ml_prj_mul_mul_16s_16s_29_3_1_U1271  |model_2_hls4ml_prj_mul_mul_16s_16s_29_3_1  |  i0 * i1  |
    |model_2_hls4ml_prj_mul_mul_16s_16s_29_3_1_U1272  |model_2_hls4ml_prj_mul_mul_16s_16s_29_3_1  |  i0 * i1  |
    |model_2_hls4ml_prj_mul_mul_16s_16s_29_3_1_U1273  |model_2_hls4ml_prj_mul_mul_16s_16s_29_3_1  |  i0 * i1  |
    |model_2_hls4ml_prj_mul_mul_16s_16s_29_3_1_U1274  |model_2_hls4ml_prj_mul_mul_16s_16s_29_3_1  |  i0 * i1  |
    +-------------------------------------------------+-------------------------------------------+-----------+

    * Memory: 
    +--------+------------------------------------------------------------+---------+---+----+-----+------+-----+------+-------------+
    | Memory |                           Module                           | BRAM_18K| FF| LUT| URAM| Words| Bits| Banks| W*Bits*Banks|
    +--------+------------------------------------------------------------+---------+---+----+-----+------+-----+------+-------------+
    |w8_V_U  |dense_resource_ap_fixed_ap_fixed_16_6_5_3_0_config8_s_w8_V  |       23|  0|   0|    0|   100|  800|     1|        80000|
    +--------+------------------------------------------------------------+---------+---+----+-----+------+-----+------+-------------+
    |Total   |                                                            |       23|  0|   0|    0|   100|  800|     1|        80000|
    +--------+------------------------------------------------------------+---------+---+----+-----+------+-----+------+-------------+

    * FIFO: 
    N/A

    * Expression: 
    +----------------------+----------+-------+---+----+------------+------------+
    |     Variable Name    | Operation| DSP48E| FF| LUT| Bitwidth P0| Bitwidth P1|
    +----------------------+----------+-------+---+----+------------+------------+
    |acc_0_V_fu_5371_p2    |     +    |      0|  0|  23|          16|          16|
    |acc_10_V_fu_5521_p2   |     +    |      0|  0|  23|          16|          16|
    |acc_11_V_fu_5536_p2   |     +    |      0|  0|  23|          16|          16|
    |acc_12_V_fu_5551_p2   |     +    |      0|  0|  23|          16|          16|
    |acc_13_V_fu_5566_p2   |     +    |      0|  0|  23|          16|          16|
    |acc_14_V_fu_5581_p2   |     +    |      0|  0|  23|          16|          16|
    |acc_15_V_fu_5596_p2   |     +    |      0|  0|  23|          16|          16|
    |acc_16_V_fu_5611_p2   |     +    |      0|  0|  23|          16|          16|
    |acc_17_V_fu_5626_p2   |     +    |      0|  0|  23|          16|          16|
    |acc_18_V_fu_5641_p2   |     +    |      0|  0|  23|          16|          16|
    |acc_19_V_fu_5656_p2   |     +    |      0|  0|  23|          16|          16|
    |acc_1_V_fu_5386_p2    |     +    |      0|  0|  23|          16|          16|
    |acc_20_V_fu_5671_p2   |     +    |      0|  0|  23|          16|          16|
    |acc_21_V_fu_5686_p2   |     +    |      0|  0|  23|          16|          16|
    |acc_22_V_fu_5701_p2   |     +    |      0|  0|  23|          16|          16|
    |acc_23_V_fu_5716_p2   |     +    |      0|  0|  23|          16|          16|
    |acc_24_V_fu_5731_p2   |     +    |      0|  0|  23|          16|          16|
    |acc_25_V_fu_5746_p2   |     +    |      0|  0|  23|          16|          16|
    |acc_26_V_fu_5761_p2   |     +    |      0|  0|  23|          16|          16|
    |acc_27_V_fu_5776_p2   |     +    |      0|  0|  23|          16|          16|
    |acc_28_V_fu_5791_p2   |     +    |      0|  0|  23|          16|          16|
    |acc_29_V_fu_5806_p2   |     +    |      0|  0|  23|          16|          16|
    |acc_2_V_fu_5401_p2    |     +    |      0|  0|  23|          16|          16|
    |acc_30_V_fu_5821_p2   |     +    |      0|  0|  23|          16|          16|
    |acc_31_V_fu_5836_p2   |     +    |      0|  0|  23|          16|          16|
    |acc_32_V_fu_5851_p2   |     +    |      0|  0|  23|          16|          16|
    |acc_33_V_fu_5866_p2   |     +    |      0|  0|  23|          16|          16|
    |acc_34_V_fu_5881_p2   |     +    |      0|  0|  23|          16|          16|
    |acc_35_V_fu_5896_p2   |     +    |      0|  0|  23|          16|          16|
    |acc_36_V_fu_5911_p2   |     +    |      0|  0|  23|          16|          16|
    |acc_37_V_fu_5926_p2   |     +    |      0|  0|  23|          16|          16|
    |acc_38_V_fu_5941_p2   |     +    |      0|  0|  23|          16|          16|
    |acc_39_V_fu_5956_p2   |     +    |      0|  0|  23|          16|          16|
    |acc_3_V_fu_5416_p2    |     +    |      0|  0|  23|          16|          16|
    |acc_40_V_fu_5971_p2   |     +    |      0|  0|  23|          16|          16|
    |acc_41_V_fu_5986_p2   |     +    |      0|  0|  23|          16|          16|
    |acc_42_V_fu_6001_p2   |     +    |      0|  0|  23|          16|          16|
    |acc_43_V_fu_6016_p2   |     +    |      0|  0|  23|          16|          16|
    |acc_44_V_fu_6031_p2   |     +    |      0|  0|  23|          16|          16|
    |acc_45_V_fu_6046_p2   |     +    |      0|  0|  23|          16|          16|
    |acc_46_V_fu_6061_p2   |     +    |      0|  0|  23|          16|          16|
    |acc_47_V_fu_6076_p2   |     +    |      0|  0|  23|          16|          16|
    |acc_48_V_fu_6091_p2   |     +    |      0|  0|  23|          16|          16|
    |acc_49_V_fu_6106_p2   |     +    |      0|  0|  23|          16|          16|
    |acc_4_V_fu_5431_p2    |     +    |      0|  0|  23|          16|          16|
    |acc_5_V_fu_5446_p2    |     +    |      0|  0|  23|          16|          16|
    |acc_6_V_fu_5461_p2    |     +    |      0|  0|  23|          16|          16|
    |acc_7_V_fu_5476_p2    |     +    |      0|  0|  23|          16|          16|
    |acc_8_V_fu_5491_p2    |     +    |      0|  0|  23|          16|          16|
    |acc_9_V_fu_5506_p2    |     +    |      0|  0|  23|          16|          16|
    |w_index_fu_4497_p2    |     +    |      0|  0|  15|           1|           7|
    |ap_condition_1154     |    and   |      0|  0|   2|           1|           1|
    |ap_condition_46       |    and   |      0|  0|   2|           1|           1|
    |icmp_ln64_fu_4503_p2  |   icmp   |      0|  0|  11|           7|           6|
    |ap_block_state1       |    or    |      0|  0|   2|           1|           1|
    |ap_enable_pp0         |    xor   |      0|  0|   2|           1|           2|
    +----------------------+----------+-------+---+----+------------+------------+
    |Total                 |          |      0|  0|1184|         812|         818|
    +----------------------+----------+-------+---+----+------------+------------+

    * Multiplexer: 
    +----------------------------------------------------+----+-----------+-----+-----------+
    |                        Name                        | LUT| Input Size| Bits| Total Bits|
    +----------------------------------------------------+----+-----------+-----+-----------+
    |ap_NS_fsm                                           |  15|          3|    1|          3|
    |ap_done                                             |   9|          2|    1|          2|
    |ap_enable_reg_pp0_iter1                             |   9|          2|    1|          2|
    |ap_enable_reg_pp0_iter5                             |   9|          2|    1|          2|
    |ap_phi_mux_data_0_V_read102_rewind_phi_fu_1081_p6   |   9|          2|   16|         32|
    |ap_phi_mux_data_10_V_read112_rewind_phi_fu_1221_p6  |   9|          2|   16|         32|
    |ap_phi_mux_data_11_V_read113_rewind_phi_fu_1235_p6  |   9|          2|   16|         32|
    |ap_phi_mux_data_12_V_read114_rewind_phi_fu_1249_p6  |   9|          2|   16|         32|
    |ap_phi_mux_data_13_V_read115_rewind_phi_fu_1263_p6  |   9|          2|   16|         32|
    |ap_phi_mux_data_14_V_read116_rewind_phi_fu_1277_p6  |   9|          2|   16|         32|
    |ap_phi_mux_data_15_V_read117_rewind_phi_fu_1291_p6  |   9|          2|   16|         32|
    |ap_phi_mux_data_16_V_read118_rewind_phi_fu_1305_p6  |   9|          2|   16|         32|
    |ap_phi_mux_data_17_V_read119_rewind_phi_fu_1319_p6  |   9|          2|   16|         32|
    |ap_phi_mux_data_18_V_read120_rewind_phi_fu_1333_p6  |   9|          2|   16|         32|
    |ap_phi_mux_data_19_V_read121_rewind_phi_fu_1347_p6  |   9|          2|   16|         32|
    |ap_phi_mux_data_1_V_read103_rewind_phi_fu_1095_p6   |   9|          2|   16|         32|
    |ap_phi_mux_data_20_V_read122_rewind_phi_fu_1361_p6  |   9|          2|   16|         32|
    |ap_phi_mux_data_21_V_read123_rewind_phi_fu_1375_p6  |   9|          2|   16|         32|
    |ap_phi_mux_data_22_V_read124_rewind_phi_fu_1389_p6  |   9|          2|   16|         32|
    |ap_phi_mux_data_23_V_read125_rewind_phi_fu_1403_p6  |   9|          2|   16|         32|
    |ap_phi_mux_data_24_V_read126_rewind_phi_fu_1417_p6  |   9|          2|   16|         32|
    |ap_phi_mux_data_25_V_read127_rewind_phi_fu_1431_p6  |   9|          2|   16|         32|
    |ap_phi_mux_data_26_V_read128_rewind_phi_fu_1445_p6  |   9|          2|   16|         32|
    |ap_phi_mux_data_27_V_read129_rewind_phi_fu_1459_p6  |   9|          2|   16|         32|
    |ap_phi_mux_data_28_V_read130_rewind_phi_fu_1473_p6  |   9|          2|   16|         32|
    |ap_phi_mux_data_29_V_read131_rewind_phi_fu_1487_p6  |   9|          2|   16|         32|
    |ap_phi_mux_data_2_V_read104_rewind_phi_fu_1109_p6   |   9|          2|   16|         32|
    |ap_phi_mux_data_30_V_read132_rewind_phi_fu_1501_p6  |   9|          2|   16|         32|
    |ap_phi_mux_data_31_V_read133_rewind_phi_fu_1515_p6  |   9|          2|   16|         32|
    |ap_phi_mux_data_32_V_read134_rewind_phi_fu_1529_p6  |   9|          2|   16|         32|
    |ap_phi_mux_data_33_V_read135_rewind_phi_fu_1543_p6  |   9|          2|   16|         32|
    |ap_phi_mux_data_34_V_read136_rewind_phi_fu_1557_p6  |   9|          2|   16|         32|
    |ap_phi_mux_data_35_V_read137_rewind_phi_fu_1571_p6  |   9|          2|   16|         32|
    |ap_phi_mux_data_36_V_read138_rewind_phi_fu_1585_p6  |   9|          2|   16|         32|
    |ap_phi_mux_data_37_V_read139_rewind_phi_fu_1599_p6  |   9|          2|   16|         32|
    |ap_phi_mux_data_38_V_read140_rewind_phi_fu_1613_p6  |   9|          2|   16|         32|
    |ap_phi_mux_data_39_V_read141_rewind_phi_fu_1627_p6  |   9|          2|   16|         32|
    |ap_phi_mux_data_3_V_read105_rewind_phi_fu_1123_p6   |   9|          2|   16|         32|
    |ap_phi_mux_data_40_V_read142_rewind_phi_fu_1641_p6  |   9|          2|   16|         32|
    |ap_phi_mux_data_41_V_read143_rewind_phi_fu_1655_p6  |   9|          2|   16|         32|
    |ap_phi_mux_data_42_V_read144_rewind_phi_fu_1669_p6  |   9|          2|   16|         32|
    |ap_phi_mux_data_43_V_read145_rewind_phi_fu_1683_p6  |   9|          2|   16|         32|
    |ap_phi_mux_data_44_V_read146_rewind_phi_fu_1697_p6  |   9|          2|   16|         32|
    |ap_phi_mux_data_45_V_read147_rewind_phi_fu_1711_p6  |   9|          2|   16|         32|
    |ap_phi_mux_data_46_V_read148_rewind_phi_fu_1725_p6  |   9|          2|   16|         32|
    |ap_phi_mux_data_47_V_read149_rewind_phi_fu_1739_p6  |   9|          2|   16|         32|
    |ap_phi_mux_data_48_V_read150_rewind_phi_fu_1753_p6  |   9|          2|   16|         32|
    |ap_phi_mux_data_49_V_read151_rewind_phi_fu_1767_p6  |   9|          2|   16|         32|
    |ap_phi_mux_data_4_V_read106_rewind_phi_fu_1137_p6   |   9|          2|   16|         32|
    |ap_phi_mux_data_50_V_read152_rewind_phi_fu_1781_p6  |   9|          2|   16|         32|
    |ap_phi_mux_data_51_V_read153_rewind_phi_fu_1795_p6  |   9|          2|   16|         32|
    |ap_phi_mux_data_52_V_read154_rewind_phi_fu_1809_p6  |   9|          2|   16|         32|
    |ap_phi_mux_data_53_V_read155_rewind_phi_fu_1823_p6  |   9|          2|   16|         32|
    |ap_phi_mux_data_54_V_read156_rewind_phi_fu_1837_p6  |   9|          2|   16|         32|
    |ap_phi_mux_data_55_V_read157_rewind_phi_fu_1851_p6  |   9|          2|   16|         32|
    |ap_phi_mux_data_56_V_read158_rewind_phi_fu_1865_p6  |   9|          2|   16|         32|
    |ap_phi_mux_data_57_V_read159_rewind_phi_fu_1879_p6  |   9|          2|   16|         32|
    |ap_phi_mux_data_58_V_read160_rewind_phi_fu_1893_p6  |   9|          2|   16|         32|
    |ap_phi_mux_data_59_V_read161_rewind_phi_fu_1907_p6  |   9|          2|   16|         32|
    |ap_phi_mux_data_5_V_read107_rewind_phi_fu_1151_p6   |   9|          2|   16|         32|
    |ap_phi_mux_data_60_V_read162_rewind_phi_fu_1921_p6  |   9|          2|   16|         32|
    |ap_phi_mux_data_61_V_read163_rewind_phi_fu_1935_p6  |   9|          2|   16|         32|
    |ap_phi_mux_data_62_V_read164_rewind_phi_fu_1949_p6  |   9|          2|   16|         32|
    |ap_phi_mux_data_63_V_read165_rewind_phi_fu_1963_p6  |   9|          2|   16|         32|
    |ap_phi_mux_data_64_V_read166_rewind_phi_fu_1977_p6  |   9|          2|   16|         32|
    |ap_phi_mux_data_65_V_read167_rewind_phi_fu_1991_p6  |   9|          2|   16|         32|
    |ap_phi_mux_data_66_V_read168_rewind_phi_fu_2005_p6  |   9|          2|   16|         32|
    |ap_phi_mux_data_67_V_read169_rewind_phi_fu_2019_p6  |   9|          2|   16|         32|
    |ap_phi_mux_data_68_V_read170_rewind_phi_fu_2033_p6  |   9|          2|   16|         32|
    |ap_phi_mux_data_69_V_read171_rewind_phi_fu_2047_p6  |   9|          2|   16|         32|
    |ap_phi_mux_data_6_V_read108_rewind_phi_fu_1165_p6   |   9|          2|   16|         32|
    |ap_phi_mux_data_70_V_read172_rewind_phi_fu_2061_p6  |   9|          2|   16|         32|
    |ap_phi_mux_data_71_V_read173_rewind_phi_fu_2075_p6  |   9|          2|   16|         32|
    |ap_phi_mux_data_72_V_read174_rewind_phi_fu_2089_p6  |   9|          2|   16|         32|
    |ap_phi_mux_data_73_V_read175_rewind_phi_fu_2103_p6  |   9|          2|   16|         32|
    |ap_phi_mux_data_74_V_read176_rewind_phi_fu_2117_p6  |   9|          2|   16|         32|
    |ap_phi_mux_data_75_V_read177_rewind_phi_fu_2131_p6  |   9|          2|   16|         32|
    |ap_phi_mux_data_76_V_read178_rewind_phi_fu_2145_p6  |   9|          2|   16|         32|
    |ap_phi_mux_data_77_V_read179_rewind_phi_fu_2159_p6  |   9|          2|   16|         32|
    |ap_phi_mux_data_78_V_read180_rewind_phi_fu_2173_p6  |   9|          2|   16|         32|
    |ap_phi_mux_data_79_V_read181_rewind_phi_fu_2187_p6  |   9|          2|   16|         32|
    |ap_phi_mux_data_7_V_read109_rewind_phi_fu_1179_p6   |   9|          2|   16|         32|
    |ap_phi_mux_data_80_V_read182_rewind_phi_fu_2201_p6  |   9|          2|   16|         32|
    |ap_phi_mux_data_81_V_read183_rewind_phi_fu_2215_p6  |   9|          2|   16|         32|
    |ap_phi_mux_data_82_V_read184_rewind_phi_fu_2229_p6  |   9|          2|   16|         32|
    |ap_phi_mux_data_83_V_read185_rewind_phi_fu_2243_p6  |   9|          2|   16|         32|
    |ap_phi_mux_data_84_V_read186_rewind_phi_fu_2257_p6  |   9|          2|   16|         32|
    |ap_phi_mux_data_85_V_read187_rewind_phi_fu_2271_p6  |   9|          2|   16|         32|
    |ap_phi_mux_data_86_V_read188_rewind_phi_fu_2285_p6  |   9|          2|   16|         32|
    |ap_phi_mux_data_87_V_read189_rewind_phi_fu_2299_p6  |   9|          2|   16|         32|
    |ap_phi_mux_data_88_V_read190_rewind_phi_fu_2313_p6  |   9|          2|   16|         32|
    |ap_phi_mux_data_89_V_read191_rewind_phi_fu_2327_p6  |   9|          2|   16|         32|
    |ap_phi_mux_data_8_V_read110_rewind_phi_fu_1193_p6   |   9|          2|   16|         32|
    |ap_phi_mux_data_90_V_read192_rewind_phi_fu_2341_p6  |   9|          2|   16|         32|
    |ap_phi_mux_data_91_V_read193_rewind_phi_fu_2355_p6  |   9|          2|   16|         32|
    |ap_phi_mux_data_92_V_read194_rewind_phi_fu_2369_p6  |   9|          2|   16|         32|
    |ap_phi_mux_data_93_V_read195_rewind_phi_fu_2383_p6  |   9|          2|   16|         32|
    |ap_phi_mux_data_94_V_read196_rewind_phi_fu_2397_p6  |   9|          2|   16|         32|
    |ap_phi_mux_data_95_V_read197_rewind_phi_fu_2411_p6  |   9|          2|   16|         32|
    |ap_phi_mux_data_96_V_read198_rewind_phi_fu_2425_p6  |   9|          2|   16|         32|
    |ap_phi_mux_data_97_V_read199_rewind_phi_fu_2439_p6  |   9|          2|   16|         32|
    |ap_phi_mux_data_98_V_read200_rewind_phi_fu_2453_p6  |   9|          2|   16|         32|
    |ap_phi_mux_data_99_V_read201_rewind_phi_fu_2467_p6  |   9|          2|   16|         32|
    |ap_phi_mux_data_9_V_read111_rewind_phi_fu_1207_p6   |   9|          2|   16|         32|
    |ap_phi_mux_do_init_phi_fu_1065_p6                   |  15|          3|    1|          3|
    |ap_phi_mux_w_index101_phi_fu_2481_p6                |  15|          3|    7|         21|
    |ap_return_0                                         |   9|          2|   16|         32|
    |ap_return_1                                         |   9|          2|   16|         32|
    |ap_return_10                                        |   9|          2|   16|         32|
    |ap_return_11                                        |   9|          2|   16|         32|
    |ap_return_12                                        |   9|          2|   16|         32|
    |ap_return_13                                        |   9|          2|   16|         32|
    |ap_return_14                                        |   9|          2|   16|         32|
    |ap_return_15                                        |   9|          2|   16|         32|
    |ap_return_16                                        |   9|          2|   16|         32|
    |ap_return_17                                        |   9|          2|   16|         32|
    |ap_return_18                                        |   9|          2|   16|         32|
    |ap_return_19                                        |   9|          2|   16|         32|
    |ap_return_2                                         |   9|          2|   16|         32|
    |ap_return_20                                        |   9|          2|   16|         32|
    |ap_return_21                                        |   9|          2|   16|         32|
    |ap_return_22                                        |   9|          2|   16|         32|
    |ap_return_23                                        |   9|          2|   16|         32|
    |ap_return_24                                        |   9|          2|   16|         32|
    |ap_return_25                                        |   9|          2|   16|         32|
    |ap_return_26                                        |   9|          2|   16|         32|
    |ap_return_27                                        |   9|          2|   16|         32|
    |ap_return_28                                        |   9|          2|   16|         32|
    |ap_return_29                                        |   9|          2|   16|         32|
    |ap_return_3                                         |   9|          2|   16|         32|
    |ap_return_30                                        |   9|          2|   16|         32|
    |ap_return_31                                        |   9|          2|   16|         32|
    |ap_return_32                                        |   9|          2|   16|         32|
    |ap_return_33                                        |   9|          2|   16|         32|
    |ap_return_34                                        |   9|          2|   16|         32|
    |ap_return_35                                        |   9|          2|   16|         32|
    |ap_return_36                                        |   9|          2|   16|         32|
    |ap_return_37                                        |   9|          2|   16|         32|
    |ap_return_38                                        |   9|          2|   16|         32|
    |ap_return_39                                        |   9|          2|   16|         32|
    |ap_return_4                                         |   9|          2|   16|         32|
    |ap_return_40                                        |   9|          2|   16|         32|
    |ap_return_41                                        |   9|          2|   16|         32|
    |ap_return_42                                        |   9|          2|   16|         32|
    |ap_return_43                                        |   9|          2|   16|         32|
    |ap_return_44                                        |   9|          2|   16|         32|
    |ap_return_45                                        |   9|          2|   16|         32|
    |ap_return_46                                        |   9|          2|   16|         32|
    |ap_return_47                                        |   9|          2|   16|         32|
    |ap_return_48                                        |   9|          2|   16|         32|
    |ap_return_49                                        |   9|          2|   16|         32|
    |ap_return_5                                         |   9|          2|   16|         32|
    |ap_return_6                                         |   9|          2|   16|         32|
    |ap_return_7                                         |   9|          2|   16|         32|
    |ap_return_8                                         |   9|          2|   16|         32|
    |ap_return_9                                         |   9|          2|   16|         32|
    |data_0_V_read102_phi_reg_2492                       |  15|          3|   16|         48|
    |data_10_V_read112_phi_reg_2622                      |  15|          3|   16|         48|
    |data_11_V_read113_phi_reg_2635                      |  15|          3|   16|         48|
    |data_12_V_read114_phi_reg_2648                      |  15|          3|   16|         48|
    |data_13_V_read115_phi_reg_2661                      |  15|          3|   16|         48|
    |data_14_V_read116_phi_reg_2674                      |  15|          3|   16|         48|
    |data_15_V_read117_phi_reg_2687                      |  15|          3|   16|         48|
    |data_16_V_read118_phi_reg_2700                      |  15|          3|   16|         48|
    |data_17_V_read119_phi_reg_2713                      |  15|          3|   16|         48|
    |data_18_V_read120_phi_reg_2726                      |  15|          3|   16|         48|
    |data_19_V_read121_phi_reg_2739                      |  15|          3|   16|         48|
    |data_1_V_read103_phi_reg_2505                       |  15|          3|   16|         48|
    |data_20_V_read122_phi_reg_2752                      |  15|          3|   16|         48|
    |data_21_V_read123_phi_reg_2765                      |  15|          3|   16|         48|
    |data_22_V_read124_phi_reg_2778                      |  15|          3|   16|         48|
    |data_23_V_read125_phi_reg_2791                      |  15|          3|   16|         48|
    |data_24_V_read126_phi_reg_2804                      |  15|          3|   16|         48|
    |data_25_V_read127_phi_reg_2817                      |  15|          3|   16|         48|
    |data_26_V_read128_phi_reg_2830                      |  15|          3|   16|         48|
    |data_27_V_read129_phi_reg_2843                      |  15|          3|   16|         48|
    |data_28_V_read130_phi_reg_2856                      |  15|          3|   16|         48|
    |data_29_V_read131_phi_reg_2869                      |  15|          3|   16|         48|
    |data_2_V_read104_phi_reg_2518                       |  15|          3|   16|         48|
    |data_30_V_read132_phi_reg_2882                      |  15|          3|   16|         48|
    |data_31_V_read133_phi_reg_2895                      |  15|          3|   16|         48|
    |data_32_V_read134_phi_reg_2908                      |  15|          3|   16|         48|
    |data_33_V_read135_phi_reg_2921                      |  15|          3|   16|         48|
    |data_34_V_read136_phi_reg_2934                      |  15|          3|   16|         48|
    |data_35_V_read137_phi_reg_2947                      |  15|          3|   16|         48|
    |data_36_V_read138_phi_reg_2960                      |  15|          3|   16|         48|
    |data_37_V_read139_phi_reg_2973                      |  15|          3|   16|         48|
    |data_38_V_read140_phi_reg_2986                      |  15|          3|   16|         48|
    |data_39_V_read141_phi_reg_2999                      |  15|          3|   16|         48|
    |data_3_V_read105_phi_reg_2531                       |  15|          3|   16|         48|
    |data_40_V_read142_phi_reg_3012                      |  15|          3|   16|         48|
    |data_41_V_read143_phi_reg_3025                      |  15|          3|   16|         48|
    |data_42_V_read144_phi_reg_3038                      |  15|          3|   16|         48|
    |data_43_V_read145_phi_reg_3051                      |  15|          3|   16|         48|
    |data_44_V_read146_phi_reg_3064                      |  15|          3|   16|         48|
    |data_45_V_read147_phi_reg_3077                      |  15|          3|   16|         48|
    |data_46_V_read148_phi_reg_3090                      |  15|          3|   16|         48|
    |data_47_V_read149_phi_reg_3103                      |  15|          3|   16|         48|
    |data_48_V_read150_phi_reg_3116                      |  15|          3|   16|         48|
    |data_49_V_read151_phi_reg_3129                      |  15|          3|   16|         48|
    |data_4_V_read106_phi_reg_2544                       |  15|          3|   16|         48|
    |data_50_V_read152_phi_reg_3142                      |  15|          3|   16|         48|
    |data_51_V_read153_phi_reg_3155                      |  15|          3|   16|         48|
    |data_52_V_read154_phi_reg_3168                      |  15|          3|   16|         48|
    |data_53_V_read155_phi_reg_3181                      |  15|          3|   16|         48|
    |data_54_V_read156_phi_reg_3194                      |  15|          3|   16|         48|
    |data_55_V_read157_phi_reg_3207                      |  15|          3|   16|         48|
    |data_56_V_read158_phi_reg_3220                      |  15|          3|   16|         48|
    |data_57_V_read159_phi_reg_3233                      |  15|          3|   16|         48|
    |data_58_V_read160_phi_reg_3246                      |  15|          3|   16|         48|
    |data_59_V_read161_phi_reg_3259                      |  15|          3|   16|         48|
    |data_5_V_read107_phi_reg_2557                       |  15|          3|   16|         48|
    |data_60_V_read162_phi_reg_3272                      |  15|          3|   16|         48|
    |data_61_V_read163_phi_reg_3285                      |  15|          3|   16|         48|
    |data_62_V_read164_phi_reg_3298                      |  15|          3|   16|         48|
    |data_63_V_read165_phi_reg_3311                      |  15|          3|   16|         48|
    |data_64_V_read166_phi_reg_3324                      |  15|          3|   16|         48|
    |data_65_V_read167_phi_reg_3337                      |  15|          3|   16|         48|
    |data_66_V_read168_phi_reg_3350                      |  15|          3|   16|         48|
    |data_67_V_read169_phi_reg_3363                      |  15|          3|   16|         48|
    |data_68_V_read170_phi_reg_3376                      |  15|          3|   16|         48|
    |data_69_V_read171_phi_reg_3389                      |  15|          3|   16|         48|
    |data_6_V_read108_phi_reg_2570                       |  15|          3|   16|         48|
    |data_70_V_read172_phi_reg_3402                      |  15|          3|   16|         48|
    |data_71_V_read173_phi_reg_3415                      |  15|          3|   16|         48|
    |data_72_V_read174_phi_reg_3428                      |  15|          3|   16|         48|
    |data_73_V_read175_phi_reg_3441                      |  15|          3|   16|         48|
    |data_74_V_read176_phi_reg_3454                      |  15|          3|   16|         48|
    |data_75_V_read177_phi_reg_3467                      |  15|          3|   16|         48|
    |data_76_V_read178_phi_reg_3480                      |  15|          3|   16|         48|
    |data_77_V_read179_phi_reg_3493                      |  15|          3|   16|         48|
    |data_78_V_read180_phi_reg_3506                      |  15|          3|   16|         48|
    |data_79_V_read181_phi_reg_3519                      |  15|          3|   16|         48|
    |data_7_V_read109_phi_reg_2583                       |  15|          3|   16|         48|
    |data_80_V_read182_phi_reg_3532                      |  15|          3|   16|         48|
    |data_81_V_read183_phi_reg_3545                      |  15|          3|   16|         48|
    |data_82_V_read184_phi_reg_3558                      |  15|          3|   16|         48|
    |data_83_V_read185_phi_reg_3571                      |  15|          3|   16|         48|
    |data_84_V_read186_phi_reg_3584                      |  15|          3|   16|         48|
    |data_85_V_read187_phi_reg_3597                      |  15|          3|   16|         48|
    |data_86_V_read188_phi_reg_3610                      |  15|          3|   16|         48|
    |data_87_V_read189_phi_reg_3623                      |  15|          3|   16|         48|
    |data_88_V_read190_phi_reg_3636                      |  15|          3|   16|         48|
    |data_89_V_read191_phi_reg_3649                      |  15|          3|   16|         48|
    |data_8_V_read110_phi_reg_2596                       |  15|          3|   16|         48|
    |data_90_V_read192_phi_reg_3662                      |  15|          3|   16|         48|
    |data_91_V_read193_phi_reg_3675                      |  15|          3|   16|         48|
    |data_92_V_read194_phi_reg_3688                      |  15|          3|   16|         48|
    |data_93_V_read195_phi_reg_3701                      |  15|          3|   16|         48|
    |data_94_V_read196_phi_reg_3714                      |  15|          3|   16|         48|
    |data_95_V_read197_phi_reg_3727                      |  15|          3|   16|         48|
    |data_96_V_read198_phi_reg_3740                      |  15|          3|   16|         48|
    |data_97_V_read199_phi_reg_3753                      |  15|          3|   16|         48|
    |data_98_V_read200_phi_reg_3766                      |  15|          3|   16|         48|
    |data_99_V_read201_phi_reg_3779                      |  15|          3|   16|         48|
    |data_9_V_read111_phi_reg_2609                       |  15|          3|   16|         48|
    |res_0_V_write_assign99_reg_3792                     |   9|          2|   16|         32|
    |res_10_V_write_assign79_reg_3932                    |   9|          2|   16|         32|
    |res_11_V_write_assign77_reg_3946                    |   9|          2|   16|         32|
    |res_12_V_write_assign75_reg_3960                    |   9|          2|   16|         32|
    |res_13_V_write_assign73_reg_3974                    |   9|          2|   16|         32|
    |res_14_V_write_assign71_reg_3988                    |   9|          2|   16|         32|
    |res_15_V_write_assign69_reg_4002                    |   9|          2|   16|         32|
    |res_16_V_write_assign67_reg_4016                    |   9|          2|   16|         32|
    |res_17_V_write_assign65_reg_4030                    |   9|          2|   16|         32|
    |res_18_V_write_assign63_reg_4044                    |   9|          2|   16|         32|
    |res_19_V_write_assign61_reg_4058                    |   9|          2|   16|         32|
    |res_1_V_write_assign97_reg_3806                     |   9|          2|   16|         32|
    |res_20_V_write_assign59_reg_4072                    |   9|          2|   16|         32|
    |res_21_V_write_assign57_reg_4086                    |   9|          2|   16|         32|
    |res_22_V_write_assign55_reg_4100                    |   9|          2|   16|         32|
    |res_23_V_write_assign53_reg_4114                    |   9|          2|   16|         32|
    |res_24_V_write_assign51_reg_4128                    |   9|          2|   16|         32|
    |res_25_V_write_assign49_reg_4142                    |   9|          2|   16|         32|
    |res_26_V_write_assign47_reg_4156                    |   9|          2|   16|         32|
    |res_27_V_write_assign45_reg_4170                    |   9|          2|   16|         32|
    |res_28_V_write_assign43_reg_4184                    |   9|          2|   16|         32|
    |res_29_V_write_assign41_reg_4198                    |   9|          2|   16|         32|
    |res_2_V_write_assign95_reg_3820                     |   9|          2|   16|         32|
    |res_30_V_write_assign39_reg_4212                    |   9|          2|   16|         32|
    |res_31_V_write_assign37_reg_4226                    |   9|          2|   16|         32|
    |res_32_V_write_assign35_reg_4240                    |   9|          2|   16|         32|
    |res_33_V_write_assign33_reg_4254                    |   9|          2|   16|         32|
    |res_34_V_write_assign31_reg_4268                    |   9|          2|   16|         32|
    |res_35_V_write_assign29_reg_4282                    |   9|          2|   16|         32|
    |res_36_V_write_assign27_reg_4296                    |   9|          2|   16|         32|
    |res_37_V_write_assign25_reg_4310                    |   9|          2|   16|         32|
    |res_38_V_write_assign23_reg_4324                    |   9|          2|   16|         32|
    |res_39_V_write_assign21_reg_4338                    |   9|          2|   16|         32|
    |res_3_V_write_assign93_reg_3834                     |   9|          2|   16|         32|
    |res_40_V_write_assign19_reg_4352                    |   9|          2|   16|         32|
    |res_41_V_write_assign17_reg_4366                    |   9|          2|   16|         32|
    |res_42_V_write_assign15_reg_4380                    |   9|          2|   16|         32|
    |res_43_V_write_assign13_reg_4394                    |   9|          2|   16|         32|
    |res_44_V_write_assign11_reg_4408                    |   9|          2|   16|         32|
    |res_45_V_write_assign9_reg_4422                     |   9|          2|   16|         32|
    |res_46_V_write_assign7_reg_4436                     |   9|          2|   16|         32|
    |res_47_V_write_assign5_reg_4450                     |   9|          2|   16|         32|
    |res_48_V_write_assign3_reg_4464                     |   9|          2|   16|         32|
    |res_49_V_write_assign1_reg_4478                     |   9|          2|   16|         32|
    |res_4_V_write_assign91_reg_3848                     |   9|          2|   16|         32|
    |res_5_V_write_assign89_reg_3862                     |   9|          2|   16|         32|
    |res_6_V_write_assign87_reg_3876                     |   9|          2|   16|         32|
    |res_7_V_write_assign85_reg_3890                     |   9|          2|   16|         32|
    |res_8_V_write_assign83_reg_3904                     |   9|          2|   16|         32|
    |res_9_V_write_assign81_reg_3918                     |   9|          2|   16|         32|
    |w_index101_reg_2477                                 |   9|          2|    7|         14|
    +----------------------------------------------------+----+-----------+-----+-----------+
    |Total                                               |3381|        717| 4819|      11247|
    +----------------------------------------------------+----+-----------+-----+-----------+

    * Register: 
    +-----------------------------------+----+----+-----+-----------+
    |                Name               | FF | LUT| Bits| Const Bits|
    +-----------------------------------+----+----+-----+-----------+
    |ap_CS_fsm                          |   2|   0|    2|          0|
    |ap_done_reg                        |   1|   0|    1|          0|
    |ap_enable_reg_pp0_iter1            |   1|   0|    1|          0|
    |ap_enable_reg_pp0_iter2            |   1|   0|    1|          0|
    |ap_enable_reg_pp0_iter3            |   1|   0|    1|          0|
    |ap_enable_reg_pp0_iter4            |   1|   0|    1|          0|
    |ap_enable_reg_pp0_iter5            |   1|   0|    1|          0|
    |ap_return_0_preg                   |  16|   0|   16|          0|
    |ap_return_10_preg                  |  16|   0|   16|          0|
    |ap_return_11_preg                  |  16|   0|   16|          0|
    |ap_return_12_preg                  |  16|   0|   16|          0|
    |ap_return_13_preg                  |  16|   0|   16|          0|
    |ap_return_14_preg                  |  16|   0|   16|          0|
    |ap_return_15_preg                  |  16|   0|   16|          0|
    |ap_return_16_preg                  |  16|   0|   16|          0|
    |ap_return_17_preg                  |  16|   0|   16|          0|
    |ap_return_18_preg                  |  16|   0|   16|          0|
    |ap_return_19_preg                  |  16|   0|   16|          0|
    |ap_return_1_preg                   |  16|   0|   16|          0|
    |ap_return_20_preg                  |  16|   0|   16|          0|
    |ap_return_21_preg                  |  16|   0|   16|          0|
    |ap_return_22_preg                  |  16|   0|   16|          0|
    |ap_return_23_preg                  |  16|   0|   16|          0|
    |ap_return_24_preg                  |  16|   0|   16|          0|
    |ap_return_25_preg                  |  16|   0|   16|          0|
    |ap_return_26_preg                  |  16|   0|   16|          0|
    |ap_return_27_preg                  |  16|   0|   16|          0|
    |ap_return_28_preg                  |  16|   0|   16|          0|
    |ap_return_29_preg                  |  16|   0|   16|          0|
    |ap_return_2_preg                   |  16|   0|   16|          0|
    |ap_return_30_preg                  |  16|   0|   16|          0|
    |ap_return_31_preg                  |  16|   0|   16|          0|
    |ap_return_32_preg                  |  16|   0|   16|          0|
    |ap_return_33_preg                  |  16|   0|   16|          0|
    |ap_return_34_preg                  |  16|   0|   16|          0|
    |ap_return_35_preg                  |  16|   0|   16|          0|
    |ap_return_36_preg                  |  16|   0|   16|          0|
    |ap_return_37_preg                  |  16|   0|   16|          0|
    |ap_return_38_preg                  |  16|   0|   16|          0|
    |ap_return_39_preg                  |  16|   0|   16|          0|
    |ap_return_3_preg                   |  16|   0|   16|          0|
    |ap_return_40_preg                  |  16|   0|   16|          0|
    |ap_return_41_preg                  |  16|   0|   16|          0|
    |ap_return_42_preg                  |  16|   0|   16|          0|
    |ap_return_43_preg                  |  16|   0|   16|          0|
    |ap_return_44_preg                  |  16|   0|   16|          0|
    |ap_return_45_preg                  |  16|   0|   16|          0|
    |ap_return_46_preg                  |  16|   0|   16|          0|
    |ap_return_47_preg                  |  16|   0|   16|          0|
    |ap_return_48_preg                  |  16|   0|   16|          0|
    |ap_return_49_preg                  |  16|   0|   16|          0|
    |ap_return_4_preg                   |  16|   0|   16|          0|
    |ap_return_5_preg                   |  16|   0|   16|          0|
    |ap_return_6_preg                   |  16|   0|   16|          0|
    |ap_return_7_preg                   |  16|   0|   16|          0|
    |ap_return_8_preg                   |  16|   0|   16|          0|
    |ap_return_9_preg                   |  16|   0|   16|          0|
    |data_0_V_read102_phi_reg_2492      |  16|   0|   16|          0|
    |data_0_V_read102_rewind_reg_1077   |  16|   0|   16|          0|
    |data_10_V_read112_phi_reg_2622     |  16|   0|   16|          0|
    |data_10_V_read112_rewind_reg_1217  |  16|   0|   16|          0|
    |data_11_V_read113_phi_reg_2635     |  16|   0|   16|          0|
    |data_11_V_read113_rewind_reg_1231  |  16|   0|   16|          0|
    |data_12_V_read114_phi_reg_2648     |  16|   0|   16|          0|
    |data_12_V_read114_rewind_reg_1245  |  16|   0|   16|          0|
    |data_13_V_read115_phi_reg_2661     |  16|   0|   16|          0|
    |data_13_V_read115_rewind_reg_1259  |  16|   0|   16|          0|
    |data_14_V_read116_phi_reg_2674     |  16|   0|   16|          0|
    |data_14_V_read116_rewind_reg_1273  |  16|   0|   16|          0|
    |data_15_V_read117_phi_reg_2687     |  16|   0|   16|          0|
    |data_15_V_read117_rewind_reg_1287  |  16|   0|   16|          0|
    |data_16_V_read118_phi_reg_2700     |  16|   0|   16|          0|
    |data_16_V_read118_rewind_reg_1301  |  16|   0|   16|          0|
    |data_17_V_read119_phi_reg_2713     |  16|   0|   16|          0|
    |data_17_V_read119_rewind_reg_1315  |  16|   0|   16|          0|
    |data_18_V_read120_phi_reg_2726     |  16|   0|   16|          0|
    |data_18_V_read120_rewind_reg_1329  |  16|   0|   16|          0|
    |data_19_V_read121_phi_reg_2739     |  16|   0|   16|          0|
    |data_19_V_read121_rewind_reg_1343  |  16|   0|   16|          0|
    |data_1_V_read103_phi_reg_2505      |  16|   0|   16|          0|
    |data_1_V_read103_rewind_reg_1091   |  16|   0|   16|          0|
    |data_20_V_read122_phi_reg_2752     |  16|   0|   16|          0|
    |data_20_V_read122_rewind_reg_1357  |  16|   0|   16|          0|
    |data_21_V_read123_phi_reg_2765     |  16|   0|   16|          0|
    |data_21_V_read123_rewind_reg_1371  |  16|   0|   16|          0|
    |data_22_V_read124_phi_reg_2778     |  16|   0|   16|          0|
    |data_22_V_read124_rewind_reg_1385  |  16|   0|   16|          0|
    |data_23_V_read125_phi_reg_2791     |  16|   0|   16|          0|
    |data_23_V_read125_rewind_reg_1399  |  16|   0|   16|          0|
    |data_24_V_read126_phi_reg_2804     |  16|   0|   16|          0|
    |data_24_V_read126_rewind_reg_1413  |  16|   0|   16|          0|
    |data_25_V_read127_phi_reg_2817     |  16|   0|   16|          0|
    |data_25_V_read127_rewind_reg_1427  |  16|   0|   16|          0|
    |data_26_V_read128_phi_reg_2830     |  16|   0|   16|          0|
    |data_26_V_read128_rewind_reg_1441  |  16|   0|   16|          0|
    |data_27_V_read129_phi_reg_2843     |  16|   0|   16|          0|
    |data_27_V_read129_rewind_reg_1455  |  16|   0|   16|          0|
    |data_28_V_read130_phi_reg_2856     |  16|   0|   16|          0|
    |data_28_V_read130_rewind_reg_1469  |  16|   0|   16|          0|
    |data_29_V_read131_phi_reg_2869     |  16|   0|   16|          0|
    |data_29_V_read131_rewind_reg_1483  |  16|   0|   16|          0|
    |data_2_V_read104_phi_reg_2518      |  16|   0|   16|          0|
    |data_2_V_read104_rewind_reg_1105   |  16|   0|   16|          0|
    |data_30_V_read132_phi_reg_2882     |  16|   0|   16|          0|
    |data_30_V_read132_rewind_reg_1497  |  16|   0|   16|          0|
    |data_31_V_read133_phi_reg_2895     |  16|   0|   16|          0|
    |data_31_V_read133_rewind_reg_1511  |  16|   0|   16|          0|
    |data_32_V_read134_phi_reg_2908     |  16|   0|   16|          0|
    |data_32_V_read134_rewind_reg_1525  |  16|   0|   16|          0|
    |data_33_V_read135_phi_reg_2921     |  16|   0|   16|          0|
    |data_33_V_read135_rewind_reg_1539  |  16|   0|   16|          0|
    |data_34_V_read136_phi_reg_2934     |  16|   0|   16|          0|
    |data_34_V_read136_rewind_reg_1553  |  16|   0|   16|          0|
    |data_35_V_read137_phi_reg_2947     |  16|   0|   16|          0|
    |data_35_V_read137_rewind_reg_1567  |  16|   0|   16|          0|
    |data_36_V_read138_phi_reg_2960     |  16|   0|   16|          0|
    |data_36_V_read138_rewind_reg_1581  |  16|   0|   16|          0|
    |data_37_V_read139_phi_reg_2973     |  16|   0|   16|          0|
    |data_37_V_read139_rewind_reg_1595  |  16|   0|   16|          0|
    |data_38_V_read140_phi_reg_2986     |  16|   0|   16|          0|
    |data_38_V_read140_rewind_reg_1609  |  16|   0|   16|          0|
    |data_39_V_read141_phi_reg_2999     |  16|   0|   16|          0|
    |data_39_V_read141_rewind_reg_1623  |  16|   0|   16|          0|
    |data_3_V_read105_phi_reg_2531      |  16|   0|   16|          0|
    |data_3_V_read105_rewind_reg_1119   |  16|   0|   16|          0|
    |data_40_V_read142_phi_reg_3012     |  16|   0|   16|          0|
    |data_40_V_read142_rewind_reg_1637  |  16|   0|   16|          0|
    |data_41_V_read143_phi_reg_3025     |  16|   0|   16|          0|
    |data_41_V_read143_rewind_reg_1651  |  16|   0|   16|          0|
    |data_42_V_read144_phi_reg_3038     |  16|   0|   16|          0|
    |data_42_V_read144_rewind_reg_1665  |  16|   0|   16|          0|
    |data_43_V_read145_phi_reg_3051     |  16|   0|   16|          0|
    |data_43_V_read145_rewind_reg_1679  |  16|   0|   16|          0|
    |data_44_V_read146_phi_reg_3064     |  16|   0|   16|          0|
    |data_44_V_read146_rewind_reg_1693  |  16|   0|   16|          0|
    |data_45_V_read147_phi_reg_3077     |  16|   0|   16|          0|
    |data_45_V_read147_rewind_reg_1707  |  16|   0|   16|          0|
    |data_46_V_read148_phi_reg_3090     |  16|   0|   16|          0|
    |data_46_V_read148_rewind_reg_1721  |  16|   0|   16|          0|
    |data_47_V_read149_phi_reg_3103     |  16|   0|   16|          0|
    |data_47_V_read149_rewind_reg_1735  |  16|   0|   16|          0|
    |data_48_V_read150_phi_reg_3116     |  16|   0|   16|          0|
    |data_48_V_read150_rewind_reg_1749  |  16|   0|   16|          0|
    |data_49_V_read151_phi_reg_3129     |  16|   0|   16|          0|
    |data_49_V_read151_rewind_reg_1763  |  16|   0|   16|          0|
    |data_4_V_read106_phi_reg_2544      |  16|   0|   16|          0|
    |data_4_V_read106_rewind_reg_1133   |  16|   0|   16|          0|
    |data_50_V_read152_phi_reg_3142     |  16|   0|   16|          0|
    |data_50_V_read152_rewind_reg_1777  |  16|   0|   16|          0|
    |data_51_V_read153_phi_reg_3155     |  16|   0|   16|          0|
    |data_51_V_read153_rewind_reg_1791  |  16|   0|   16|          0|
    |data_52_V_read154_phi_reg_3168     |  16|   0|   16|          0|
    |data_52_V_read154_rewind_reg_1805  |  16|   0|   16|          0|
    |data_53_V_read155_phi_reg_3181     |  16|   0|   16|          0|
    |data_53_V_read155_rewind_reg_1819  |  16|   0|   16|          0|
    |data_54_V_read156_phi_reg_3194     |  16|   0|   16|          0|
    |data_54_V_read156_rewind_reg_1833  |  16|   0|   16|          0|
    |data_55_V_read157_phi_reg_3207     |  16|   0|   16|          0|
    |data_55_V_read157_rewind_reg_1847  |  16|   0|   16|          0|
    |data_56_V_read158_phi_reg_3220     |  16|   0|   16|          0|
    |data_56_V_read158_rewind_reg_1861  |  16|   0|   16|          0|
    |data_57_V_read159_phi_reg_3233     |  16|   0|   16|          0|
    |data_57_V_read159_rewind_reg_1875  |  16|   0|   16|          0|
    |data_58_V_read160_phi_reg_3246     |  16|   0|   16|          0|
    |data_58_V_read160_rewind_reg_1889  |  16|   0|   16|          0|
    |data_59_V_read161_phi_reg_3259     |  16|   0|   16|          0|
    |data_59_V_read161_rewind_reg_1903  |  16|   0|   16|          0|
    |data_5_V_read107_phi_reg_2557      |  16|   0|   16|          0|
    |data_5_V_read107_rewind_reg_1147   |  16|   0|   16|          0|
    |data_60_V_read162_phi_reg_3272     |  16|   0|   16|          0|
    |data_60_V_read162_rewind_reg_1917  |  16|   0|   16|          0|
    |data_61_V_read163_phi_reg_3285     |  16|   0|   16|          0|
    |data_61_V_read163_rewind_reg_1931  |  16|   0|   16|          0|
    |data_62_V_read164_phi_reg_3298     |  16|   0|   16|          0|
    |data_62_V_read164_rewind_reg_1945  |  16|   0|   16|          0|
    |data_63_V_read165_phi_reg_3311     |  16|   0|   16|          0|
    |data_63_V_read165_rewind_reg_1959  |  16|   0|   16|          0|
    |data_64_V_read166_phi_reg_3324     |  16|   0|   16|          0|
    |data_64_V_read166_rewind_reg_1973  |  16|   0|   16|          0|
    |data_65_V_read167_phi_reg_3337     |  16|   0|   16|          0|
    |data_65_V_read167_rewind_reg_1987  |  16|   0|   16|          0|
    |data_66_V_read168_phi_reg_3350     |  16|   0|   16|          0|
    |data_66_V_read168_rewind_reg_2001  |  16|   0|   16|          0|
    |data_67_V_read169_phi_reg_3363     |  16|   0|   16|          0|
    |data_67_V_read169_rewind_reg_2015  |  16|   0|   16|          0|
    |data_68_V_read170_phi_reg_3376     |  16|   0|   16|          0|
    |data_68_V_read170_rewind_reg_2029  |  16|   0|   16|          0|
    |data_69_V_read171_phi_reg_3389     |  16|   0|   16|          0|
    |data_69_V_read171_rewind_reg_2043  |  16|   0|   16|          0|
    |data_6_V_read108_phi_reg_2570      |  16|   0|   16|          0|
    |data_6_V_read108_rewind_reg_1161   |  16|   0|   16|          0|
    |data_70_V_read172_phi_reg_3402     |  16|   0|   16|          0|
    |data_70_V_read172_rewind_reg_2057  |  16|   0|   16|          0|
    |data_71_V_read173_phi_reg_3415     |  16|   0|   16|          0|
    |data_71_V_read173_rewind_reg_2071  |  16|   0|   16|          0|
    |data_72_V_read174_phi_reg_3428     |  16|   0|   16|          0|
    |data_72_V_read174_rewind_reg_2085  |  16|   0|   16|          0|
    |data_73_V_read175_phi_reg_3441     |  16|   0|   16|          0|
    |data_73_V_read175_rewind_reg_2099  |  16|   0|   16|          0|
    |data_74_V_read176_phi_reg_3454     |  16|   0|   16|          0|
    |data_74_V_read176_rewind_reg_2113  |  16|   0|   16|          0|
    |data_75_V_read177_phi_reg_3467     |  16|   0|   16|          0|
    |data_75_V_read177_rewind_reg_2127  |  16|   0|   16|          0|
    |data_76_V_read178_phi_reg_3480     |  16|   0|   16|          0|
    |data_76_V_read178_rewind_reg_2141  |  16|   0|   16|          0|
    |data_77_V_read179_phi_reg_3493     |  16|   0|   16|          0|
    |data_77_V_read179_rewind_reg_2155  |  16|   0|   16|          0|
    |data_78_V_read180_phi_reg_3506     |  16|   0|   16|          0|
    |data_78_V_read180_rewind_reg_2169  |  16|   0|   16|          0|
    |data_79_V_read181_phi_reg_3519     |  16|   0|   16|          0|
    |data_79_V_read181_rewind_reg_2183  |  16|   0|   16|          0|
    |data_7_V_read109_phi_reg_2583      |  16|   0|   16|          0|
    |data_7_V_read109_rewind_reg_1175   |  16|   0|   16|          0|
    |data_80_V_read182_phi_reg_3532     |  16|   0|   16|          0|
    |data_80_V_read182_rewind_reg_2197  |  16|   0|   16|          0|
    |data_81_V_read183_phi_reg_3545     |  16|   0|   16|          0|
    |data_81_V_read183_rewind_reg_2211  |  16|   0|   16|          0|
    |data_82_V_read184_phi_reg_3558     |  16|   0|   16|          0|
    |data_82_V_read184_rewind_reg_2225  |  16|   0|   16|          0|
    |data_83_V_read185_phi_reg_3571     |  16|   0|   16|          0|
    |data_83_V_read185_rewind_reg_2239  |  16|   0|   16|          0|
    |data_84_V_read186_phi_reg_3584     |  16|   0|   16|          0|
    |data_84_V_read186_rewind_reg_2253  |  16|   0|   16|          0|
    |data_85_V_read187_phi_reg_3597     |  16|   0|   16|          0|
    |data_85_V_read187_rewind_reg_2267  |  16|   0|   16|          0|
    |data_86_V_read188_phi_reg_3610     |  16|   0|   16|          0|
    |data_86_V_read188_rewind_reg_2281  |  16|   0|   16|          0|
    |data_87_V_read189_phi_reg_3623     |  16|   0|   16|          0|
    |data_87_V_read189_rewind_reg_2295  |  16|   0|   16|          0|
    |data_88_V_read190_phi_reg_3636     |  16|   0|   16|          0|
    |data_88_V_read190_rewind_reg_2309  |  16|   0|   16|          0|
    |data_89_V_read191_phi_reg_3649     |  16|   0|   16|          0|
    |data_89_V_read191_rewind_reg_2323  |  16|   0|   16|          0|
    |data_8_V_read110_phi_reg_2596      |  16|   0|   16|          0|
    |data_8_V_read110_rewind_reg_1189   |  16|   0|   16|          0|
    |data_90_V_read192_phi_reg_3662     |  16|   0|   16|          0|
    |data_90_V_read192_rewind_reg_2337  |  16|   0|   16|          0|
    |data_91_V_read193_phi_reg_3675     |  16|   0|   16|          0|
    |data_91_V_read193_rewind_reg_2351  |  16|   0|   16|          0|
    |data_92_V_read194_phi_reg_3688     |  16|   0|   16|          0|
    |data_92_V_read194_rewind_reg_2365  |  16|   0|   16|          0|
    |data_93_V_read195_phi_reg_3701     |  16|   0|   16|          0|
    |data_93_V_read195_rewind_reg_2379  |  16|   0|   16|          0|
    |data_94_V_read196_phi_reg_3714     |  16|   0|   16|          0|
    |data_94_V_read196_rewind_reg_2393  |  16|   0|   16|          0|
    |data_95_V_read197_phi_reg_3727     |  16|   0|   16|          0|
    |data_95_V_read197_rewind_reg_2407  |  16|   0|   16|          0|
    |data_96_V_read198_phi_reg_3740     |  16|   0|   16|          0|
    |data_96_V_read198_rewind_reg_2421  |  16|   0|   16|          0|
    |data_97_V_read199_phi_reg_3753     |  16|   0|   16|          0|
    |data_97_V_read199_rewind_reg_2435  |  16|   0|   16|          0|
    |data_98_V_read200_phi_reg_3766     |  16|   0|   16|          0|
    |data_98_V_read200_rewind_reg_2449  |  16|   0|   16|          0|
    |data_99_V_read201_phi_reg_3779     |  16|   0|   16|          0|
    |data_99_V_read201_rewind_reg_2463  |  16|   0|   16|          0|
    |data_9_V_read111_phi_reg_2609      |  16|   0|   16|          0|
    |data_9_V_read111_rewind_reg_1203   |  16|   0|   16|          0|
    |do_init_reg_1061                   |   1|   0|    1|          0|
    |icmp_ln64_reg_6726                 |   1|   0|    1|          0|
    |mul_ln1118_10_reg_7339             |  29|   0|   29|          0|
    |mul_ln1118_11_reg_7344             |  29|   0|   29|          0|
    |mul_ln1118_12_reg_7349             |  29|   0|   29|          0|
    |mul_ln1118_13_reg_7354             |  29|   0|   29|          0|
    |mul_ln1118_14_reg_7359             |  29|   0|   29|          0|
    |mul_ln1118_15_reg_7364             |  29|   0|   29|          0|
    |mul_ln1118_16_reg_7369             |  29|   0|   29|          0|
    |mul_ln1118_17_reg_7374             |  29|   0|   29|          0|
    |mul_ln1118_18_reg_7379             |  29|   0|   29|          0|
    |mul_ln1118_19_reg_7384             |  29|   0|   29|          0|
    |mul_ln1118_1_reg_7294              |  29|   0|   29|          0|
    |mul_ln1118_20_reg_7389             |  29|   0|   29|          0|
    |mul_ln1118_21_reg_7394             |  29|   0|   29|          0|
    |mul_ln1118_22_reg_7399             |  29|   0|   29|          0|
    |mul_ln1118_23_reg_7404             |  29|   0|   29|          0|
    |mul_ln1118_24_reg_7409             |  29|   0|   29|          0|
    |mul_ln1118_25_reg_7414             |  29|   0|   29|          0|
    |mul_ln1118_26_reg_7419             |  29|   0|   29|          0|
    |mul_ln1118_27_reg_7424             |  29|   0|   29|          0|
    |mul_ln1118_28_reg_7429             |  29|   0|   29|          0|
    |mul_ln1118_29_reg_7434             |  29|   0|   29|          0|
    |mul_ln1118_2_reg_7299              |  29|   0|   29|          0|
    |mul_ln1118_30_reg_7439             |  29|   0|   29|          0|
    |mul_ln1118_31_reg_7444             |  29|   0|   29|          0|
    |mul_ln1118_32_reg_7449             |  29|   0|   29|          0|
    |mul_ln1118_33_reg_7454             |  29|   0|   29|          0|
    |mul_ln1118_34_reg_7459             |  29|   0|   29|          0|
    |mul_ln1118_35_reg_7464             |  29|   0|   29|          0|
    |mul_ln1118_36_reg_7469             |  29|   0|   29|          0|
    |mul_ln1118_37_reg_7474             |  29|   0|   29|          0|
    |mul_ln1118_38_reg_7479             |  29|   0|   29|          0|
    |mul_ln1118_39_reg_7484             |  29|   0|   29|          0|
    |mul_ln1118_3_reg_7304              |  29|   0|   29|          0|
    |mul_ln1118_40_reg_7489             |  29|   0|   29|          0|
    |mul_ln1118_41_reg_7494             |  29|   0|   29|          0|
    |mul_ln1118_42_reg_7499             |  29|   0|   29|          0|
    |mul_ln1118_43_reg_7504             |  29|   0|   29|          0|
    |mul_ln1118_44_reg_7509             |  29|   0|   29|          0|
    |mul_ln1118_45_reg_7514             |  29|   0|   29|          0|
    |mul_ln1118_46_reg_7519             |  29|   0|   29|          0|
    |mul_ln1118_47_reg_7524             |  29|   0|   29|          0|
    |mul_ln1118_48_reg_7529             |  29|   0|   29|          0|
    |mul_ln1118_49_reg_7534             |  29|   0|   29|          0|
    |mul_ln1118_4_reg_7309              |  29|   0|   29|          0|
    |mul_ln1118_5_reg_7314              |  29|   0|   29|          0|
    |mul_ln1118_6_reg_7319              |  29|   0|   29|          0|
    |mul_ln1118_7_reg_7324              |  29|   0|   29|          0|
    |mul_ln1118_8_reg_7329              |  29|   0|   29|          0|
    |mul_ln1118_9_reg_7334              |  29|   0|   29|          0|
    |mul_ln1118_reg_7289                |  29|   0|   29|          0|
    |res_0_V_write_assign99_reg_3792    |  16|   0|   16|          0|
    |res_10_V_write_assign79_reg_3932   |  16|   0|   16|          0|
    |res_11_V_write_assign77_reg_3946   |  16|   0|   16|          0|
    |res_12_V_write_assign75_reg_3960   |  16|   0|   16|          0|
    |res_13_V_write_assign73_reg_3974   |  16|   0|   16|          0|
    |res_14_V_write_assign71_reg_3988   |  16|   0|   16|          0|
    |res_15_V_write_assign69_reg_4002   |  16|   0|   16|          0|
    |res_16_V_write_assign67_reg_4016   |  16|   0|   16|          0|
    |res_17_V_write_assign65_reg_4030   |  16|   0|   16|          0|
    |res_18_V_write_assign63_reg_4044   |  16|   0|   16|          0|
    |res_19_V_write_assign61_reg_4058   |  16|   0|   16|          0|
    |res_1_V_write_assign97_reg_3806    |  16|   0|   16|          0|
    |res_20_V_write_assign59_reg_4072   |  16|   0|   16|          0|
    |res_21_V_write_assign57_reg_4086   |  16|   0|   16|          0|
    |res_22_V_write_assign55_reg_4100   |  16|   0|   16|          0|
    |res_23_V_write_assign53_reg_4114   |  16|   0|   16|          0|
    |res_24_V_write_assign51_reg_4128   |  16|   0|   16|          0|
    |res_25_V_write_assign49_reg_4142   |  16|   0|   16|          0|
    |res_26_V_write_assign47_reg_4156   |  16|   0|   16|          0|
    |res_27_V_write_assign45_reg_4170   |  16|   0|   16|          0|
    |res_28_V_write_assign43_reg_4184   |  16|   0|   16|          0|
    |res_29_V_write_assign41_reg_4198   |  16|   0|   16|          0|
    |res_2_V_write_assign95_reg_3820    |  16|   0|   16|          0|
    |res_30_V_write_assign39_reg_4212   |  16|   0|   16|          0|
    |res_31_V_write_assign37_reg_4226   |  16|   0|   16|          0|
    |res_32_V_write_assign35_reg_4240   |  16|   0|   16|          0|
    |res_33_V_write_assign33_reg_4254   |  16|   0|   16|          0|
    |res_34_V_write_assign31_reg_4268   |  16|   0|   16|          0|
    |res_35_V_write_assign29_reg_4282   |  16|   0|   16|          0|
    |res_36_V_write_assign27_reg_4296   |  16|   0|   16|          0|
    |res_37_V_write_assign25_reg_4310   |  16|   0|   16|          0|
    |res_38_V_write_assign23_reg_4324   |  16|   0|   16|          0|
    |res_39_V_write_assign21_reg_4338   |  16|   0|   16|          0|
    |res_3_V_write_assign93_reg_3834    |  16|   0|   16|          0|
    |res_40_V_write_assign19_reg_4352   |  16|   0|   16|          0|
    |res_41_V_write_assign17_reg_4366   |  16|   0|   16|          0|
    |res_42_V_write_assign15_reg_4380   |  16|   0|   16|          0|
    |res_43_V_write_assign13_reg_4394   |  16|   0|   16|          0|
    |res_44_V_write_assign11_reg_4408   |  16|   0|   16|          0|
    |res_45_V_write_assign9_reg_4422    |  16|   0|   16|          0|
    |res_46_V_write_assign7_reg_4436    |  16|   0|   16|          0|
    |res_47_V_write_assign5_reg_4450    |  16|   0|   16|          0|
    |res_48_V_write_assign3_reg_4464    |  16|   0|   16|          0|
    |res_49_V_write_assign1_reg_4478    |  16|   0|   16|          0|
    |res_4_V_write_assign91_reg_3848    |  16|   0|   16|          0|
    |res_5_V_write_assign89_reg_3862    |  16|   0|   16|          0|
    |res_6_V_write_assign87_reg_3876    |  16|   0|   16|          0|
    |res_7_V_write_assign85_reg_3890    |  16|   0|   16|          0|
    |res_8_V_write_assign83_reg_3904    |  16|   0|   16|          0|
    |res_9_V_write_assign81_reg_3918    |  16|   0|   16|          0|
    |tmp_10_reg_6780                    |  16|   0|   16|          0|
    |tmp_11_reg_6785                    |  16|   0|   16|          0|
    |tmp_12_reg_6790                    |  16|   0|   16|          0|
    |tmp_13_reg_6795                    |  16|   0|   16|          0|
    |tmp_14_reg_6800                    |  16|   0|   16|          0|
    |tmp_15_reg_6805                    |  16|   0|   16|          0|
    |tmp_16_reg_6810                    |  16|   0|   16|          0|
    |tmp_17_reg_6815                    |  16|   0|   16|          0|
    |tmp_18_reg_6820                    |  16|   0|   16|          0|
    |tmp_19_reg_6825                    |  16|   0|   16|          0|
    |tmp_1_reg_6730                     |  16|   0|   16|          0|
    |tmp_20_reg_6830                    |  16|   0|   16|          0|
    |tmp_21_reg_6835                    |  16|   0|   16|          0|
    |tmp_22_reg_6840                    |  16|   0|   16|          0|
    |tmp_23_reg_6845                    |  16|   0|   16|          0|
    |tmp_24_reg_6850                    |  16|   0|   16|          0|
    |tmp_25_reg_6855                    |  16|   0|   16|          0|
    |tmp_26_reg_6860                    |  16|   0|   16|          0|
    |tmp_27_reg_6865                    |  16|   0|   16|          0|
    |tmp_28_reg_6870                    |  16|   0|   16|          0|
    |tmp_29_reg_6875                    |  16|   0|   16|          0|
    |tmp_30_reg_6880                    |  16|   0|   16|          0|
    |tmp_31_reg_6885                    |  16|   0|   16|          0|
    |tmp_32_reg_6890                    |  16|   0|   16|          0|
    |tmp_33_reg_6895                    |  16|   0|   16|          0|
    |tmp_34_reg_6900                    |  16|   0|   16|          0|
    |tmp_35_reg_6905                    |  16|   0|   16|          0|
    |tmp_36_reg_6910                    |  16|   0|   16|          0|
    |tmp_37_reg_6915                    |  16|   0|   16|          0|
    |tmp_38_reg_6920                    |  16|   0|   16|          0|
    |tmp_39_reg_6925                    |  16|   0|   16|          0|
    |tmp_3_reg_6760                     |  16|   0|   16|          0|
    |tmp_40_reg_6930                    |  16|   0|   16|          0|
    |tmp_41_reg_6935                    |  16|   0|   16|          0|
    |tmp_42_reg_6940                    |  16|   0|   16|          0|
    |tmp_43_reg_6945                    |  16|   0|   16|          0|
    |tmp_44_reg_6950                    |  16|   0|   16|          0|
    |tmp_45_reg_6955                    |  16|   0|   16|          0|
    |tmp_46_reg_6960                    |  16|   0|   16|          0|
    |tmp_47_reg_6965                    |  16|   0|   16|          0|
    |tmp_48_reg_6970                    |  16|   0|   16|          0|
    |tmp_49_reg_6975                    |  16|   0|   16|          0|
    |tmp_4_reg_6740                     |  16|   0|   16|          0|
    |tmp_50_reg_6980                    |  16|   0|   16|          0|
    |tmp_5_reg_6765                     |  16|   0|   16|          0|
    |tmp_6_reg_6745                     |  16|   0|   16|          0|
    |tmp_7_reg_6770                     |  16|   0|   16|          0|
    |tmp_8_reg_6750                     |  16|   0|   16|          0|
    |tmp_9_reg_6775                     |  16|   0|   16|          0|
    |tmp_s_reg_6755                     |  16|   0|   16|          0|
    |trunc_ln76_reg_6735                |  16|   0|   16|          0|
    |w_index101_reg_2477                |   7|   0|    7|          0|
    |w_index_reg_6721                   |   7|   0|    7|          0|
    |icmp_ln64_reg_6726                 |  64|  32|    1|          0|
    +-----------------------------------+----+----+-----+-----------+
    |Total                              |7154|  32| 7091|          0|
    +-----------------------------------+----+----+-----+-----------+



================================================================
== Interface
================================================================
* Summary: 
+----------------+-----+-----+------------+-------------------------------------------------------+--------------+
|    RTL Ports   | Dir | Bits|  Protocol  |                     Source Object                     |    C Type    |
+----------------+-----+-----+------------+-------------------------------------------------------+--------------+
|ap_clk          |  in |    1| ap_ctrl_hs | dense_resource<ap_fixed,ap_fixed<16,6,5,3,0>,config8> | return value |
|ap_rst          |  in |    1| ap_ctrl_hs | dense_resource<ap_fixed,ap_fixed<16,6,5,3,0>,config8> | return value |
|ap_start        |  in |    1| ap_ctrl_hs | dense_resource<ap_fixed,ap_fixed<16,6,5,3,0>,config8> | return value |
|ap_done         | out |    1| ap_ctrl_hs | dense_resource<ap_fixed,ap_fixed<16,6,5,3,0>,config8> | return value |
|ap_continue     |  in |    1| ap_ctrl_hs | dense_resource<ap_fixed,ap_fixed<16,6,5,3,0>,config8> | return value |
|ap_idle         | out |    1| ap_ctrl_hs | dense_resource<ap_fixed,ap_fixed<16,6,5,3,0>,config8> | return value |
|ap_ready        | out |    1| ap_ctrl_hs | dense_resource<ap_fixed,ap_fixed<16,6,5,3,0>,config8> | return value |
|ap_return_0     | out |   16| ap_ctrl_hs | dense_resource<ap_fixed,ap_fixed<16,6,5,3,0>,config8> | return value |
|ap_return_1     | out |   16| ap_ctrl_hs | dense_resource<ap_fixed,ap_fixed<16,6,5,3,0>,config8> | return value |
|ap_return_2     | out |   16| ap_ctrl_hs | dense_resource<ap_fixed,ap_fixed<16,6,5,3,0>,config8> | return value |
|ap_return_3     | out |   16| ap_ctrl_hs | dense_resource<ap_fixed,ap_fixed<16,6,5,3,0>,config8> | return value |
|ap_return_4     | out |   16| ap_ctrl_hs | dense_resource<ap_fixed,ap_fixed<16,6,5,3,0>,config8> | return value |
|ap_return_5     | out |   16| ap_ctrl_hs | dense_resource<ap_fixed,ap_fixed<16,6,5,3,0>,config8> | return value |
|ap_return_6     | out |   16| ap_ctrl_hs | dense_resource<ap_fixed,ap_fixed<16,6,5,3,0>,config8> | return value |
|ap_return_7     | out |   16| ap_ctrl_hs | dense_resource<ap_fixed,ap_fixed<16,6,5,3,0>,config8> | return value |
|ap_return_8     | out |   16| ap_ctrl_hs | dense_resource<ap_fixed,ap_fixed<16,6,5,3,0>,config8> | return value |
|ap_return_9     | out |   16| ap_ctrl_hs | dense_resource<ap_fixed,ap_fixed<16,6,5,3,0>,config8> | return value |
|ap_return_10    | out |   16| ap_ctrl_hs | dense_resource<ap_fixed,ap_fixed<16,6,5,3,0>,config8> | return value |
|ap_return_11    | out |   16| ap_ctrl_hs | dense_resource<ap_fixed,ap_fixed<16,6,5,3,0>,config8> | return value |
|ap_return_12    | out |   16| ap_ctrl_hs | dense_resource<ap_fixed,ap_fixed<16,6,5,3,0>,config8> | return value |
|ap_return_13    | out |   16| ap_ctrl_hs | dense_resource<ap_fixed,ap_fixed<16,6,5,3,0>,config8> | return value |
|ap_return_14    | out |   16| ap_ctrl_hs | dense_resource<ap_fixed,ap_fixed<16,6,5,3,0>,config8> | return value |
|ap_return_15    | out |   16| ap_ctrl_hs | dense_resource<ap_fixed,ap_fixed<16,6,5,3,0>,config8> | return value |
|ap_return_16    | out |   16| ap_ctrl_hs | dense_resource<ap_fixed,ap_fixed<16,6,5,3,0>,config8> | return value |
|ap_return_17    | out |   16| ap_ctrl_hs | dense_resource<ap_fixed,ap_fixed<16,6,5,3,0>,config8> | return value |
|ap_return_18    | out |   16| ap_ctrl_hs | dense_resource<ap_fixed,ap_fixed<16,6,5,3,0>,config8> | return value |
|ap_return_19    | out |   16| ap_ctrl_hs | dense_resource<ap_fixed,ap_fixed<16,6,5,3,0>,config8> | return value |
|ap_return_20    | out |   16| ap_ctrl_hs | dense_resource<ap_fixed,ap_fixed<16,6,5,3,0>,config8> | return value |
|ap_return_21    | out |   16| ap_ctrl_hs | dense_resource<ap_fixed,ap_fixed<16,6,5,3,0>,config8> | return value |
|ap_return_22    | out |   16| ap_ctrl_hs | dense_resource<ap_fixed,ap_fixed<16,6,5,3,0>,config8> | return value |
|ap_return_23    | out |   16| ap_ctrl_hs | dense_resource<ap_fixed,ap_fixed<16,6,5,3,0>,config8> | return value |
|ap_return_24    | out |   16| ap_ctrl_hs | dense_resource<ap_fixed,ap_fixed<16,6,5,3,0>,config8> | return value |
|ap_return_25    | out |   16| ap_ctrl_hs | dense_resource<ap_fixed,ap_fixed<16,6,5,3,0>,config8> | return value |
|ap_return_26    | out |   16| ap_ctrl_hs | dense_resource<ap_fixed,ap_fixed<16,6,5,3,0>,config8> | return value |
|ap_return_27    | out |   16| ap_ctrl_hs | dense_resource<ap_fixed,ap_fixed<16,6,5,3,0>,config8> | return value |
|ap_return_28    | out |   16| ap_ctrl_hs | dense_resource<ap_fixed,ap_fixed<16,6,5,3,0>,config8> | return value |
|ap_return_29    | out |   16| ap_ctrl_hs | dense_resource<ap_fixed,ap_fixed<16,6,5,3,0>,config8> | return value |
|ap_return_30    | out |   16| ap_ctrl_hs | dense_resource<ap_fixed,ap_fixed<16,6,5,3,0>,config8> | return value |
|ap_return_31    | out |   16| ap_ctrl_hs | dense_resource<ap_fixed,ap_fixed<16,6,5,3,0>,config8> | return value |
|ap_return_32    | out |   16| ap_ctrl_hs | dense_resource<ap_fixed,ap_fixed<16,6,5,3,0>,config8> | return value |
|ap_return_33    | out |   16| ap_ctrl_hs | dense_resource<ap_fixed,ap_fixed<16,6,5,3,0>,config8> | return value |
|ap_return_34    | out |   16| ap_ctrl_hs | dense_resource<ap_fixed,ap_fixed<16,6,5,3,0>,config8> | return value |
|ap_return_35    | out |   16| ap_ctrl_hs | dense_resource<ap_fixed,ap_fixed<16,6,5,3,0>,config8> | return value |
|ap_return_36    | out |   16| ap_ctrl_hs | dense_resource<ap_fixed,ap_fixed<16,6,5,3,0>,config8> | return value |
|ap_return_37    | out |   16| ap_ctrl_hs | dense_resource<ap_fixed,ap_fixed<16,6,5,3,0>,config8> | return value |
|ap_return_38    | out |   16| ap_ctrl_hs | dense_resource<ap_fixed,ap_fixed<16,6,5,3,0>,config8> | return value |
|ap_return_39    | out |   16| ap_ctrl_hs | dense_resource<ap_fixed,ap_fixed<16,6,5,3,0>,config8> | return value |
|ap_return_40    | out |   16| ap_ctrl_hs | dense_resource<ap_fixed,ap_fixed<16,6,5,3,0>,config8> | return value |
|ap_return_41    | out |   16| ap_ctrl_hs | dense_resource<ap_fixed,ap_fixed<16,6,5,3,0>,config8> | return value |
|ap_return_42    | out |   16| ap_ctrl_hs | dense_resource<ap_fixed,ap_fixed<16,6,5,3,0>,config8> | return value |
|ap_return_43    | out |   16| ap_ctrl_hs | dense_resource<ap_fixed,ap_fixed<16,6,5,3,0>,config8> | return value |
|ap_return_44    | out |   16| ap_ctrl_hs | dense_resource<ap_fixed,ap_fixed<16,6,5,3,0>,config8> | return value |
|ap_return_45    | out |   16| ap_ctrl_hs | dense_resource<ap_fixed,ap_fixed<16,6,5,3,0>,config8> | return value |
|ap_return_46    | out |   16| ap_ctrl_hs | dense_resource<ap_fixed,ap_fixed<16,6,5,3,0>,config8> | return value |
|ap_return_47    | out |   16| ap_ctrl_hs | dense_resource<ap_fixed,ap_fixed<16,6,5,3,0>,config8> | return value |
|ap_return_48    | out |   16| ap_ctrl_hs | dense_resource<ap_fixed,ap_fixed<16,6,5,3,0>,config8> | return value |
|ap_return_49    | out |   16| ap_ctrl_hs | dense_resource<ap_fixed,ap_fixed<16,6,5,3,0>,config8> | return value |
|data_0_V_read   |  in |   16|   ap_none  |                     data_0_V_read                     |    scalar    |
|data_1_V_read   |  in |   16|   ap_none  |                     data_1_V_read                     |    scalar    |
|data_2_V_read   |  in |   16|   ap_none  |                     data_2_V_read                     |    scalar    |
|data_3_V_read   |  in |   16|   ap_none  |                     data_3_V_read                     |    scalar    |
|data_4_V_read   |  in |   16|   ap_none  |                     data_4_V_read                     |    scalar    |
|data_5_V_read   |  in |   16|   ap_none  |                     data_5_V_read                     |    scalar    |
|data_6_V_read   |  in |   16|   ap_none  |                     data_6_V_read                     |    scalar    |
|data_7_V_read   |  in |   16|   ap_none  |                     data_7_V_read                     |    scalar    |
|data_8_V_read   |  in |   16|   ap_none  |                     data_8_V_read                     |    scalar    |
|data_9_V_read   |  in |   16|   ap_none  |                     data_9_V_read                     |    scalar    |
|data_10_V_read  |  in |   16|   ap_none  |                     data_10_V_read                    |    scalar    |
|data_11_V_read  |  in |   16|   ap_none  |                     data_11_V_read                    |    scalar    |
|data_12_V_read  |  in |   16|   ap_none  |                     data_12_V_read                    |    scalar    |
|data_13_V_read  |  in |   16|   ap_none  |                     data_13_V_read                    |    scalar    |
|data_14_V_read  |  in |   16|   ap_none  |                     data_14_V_read                    |    scalar    |
|data_15_V_read  |  in |   16|   ap_none  |                     data_15_V_read                    |    scalar    |
|data_16_V_read  |  in |   16|   ap_none  |                     data_16_V_read                    |    scalar    |
|data_17_V_read  |  in |   16|   ap_none  |                     data_17_V_read                    |    scalar    |
|data_18_V_read  |  in |   16|   ap_none  |                     data_18_V_read                    |    scalar    |
|data_19_V_read  |  in |   16|   ap_none  |                     data_19_V_read                    |    scalar    |
|data_20_V_read  |  in |   16|   ap_none  |                     data_20_V_read                    |    scalar    |
|data_21_V_read  |  in |   16|   ap_none  |                     data_21_V_read                    |    scalar    |
|data_22_V_read  |  in |   16|   ap_none  |                     data_22_V_read                    |    scalar    |
|data_23_V_read  |  in |   16|   ap_none  |                     data_23_V_read                    |    scalar    |
|data_24_V_read  |  in |   16|   ap_none  |                     data_24_V_read                    |    scalar    |
|data_25_V_read  |  in |   16|   ap_none  |                     data_25_V_read                    |    scalar    |
|data_26_V_read  |  in |   16|   ap_none  |                     data_26_V_read                    |    scalar    |
|data_27_V_read  |  in |   16|   ap_none  |                     data_27_V_read                    |    scalar    |
|data_28_V_read  |  in |   16|   ap_none  |                     data_28_V_read                    |    scalar    |
|data_29_V_read  |  in |   16|   ap_none  |                     data_29_V_read                    |    scalar    |
|data_30_V_read  |  in |   16|   ap_none  |                     data_30_V_read                    |    scalar    |
|data_31_V_read  |  in |   16|   ap_none  |                     data_31_V_read                    |    scalar    |
|data_32_V_read  |  in |   16|   ap_none  |                     data_32_V_read                    |    scalar    |
|data_33_V_read  |  in |   16|   ap_none  |                     data_33_V_read                    |    scalar    |
|data_34_V_read  |  in |   16|   ap_none  |                     data_34_V_read                    |    scalar    |
|data_35_V_read  |  in |   16|   ap_none  |                     data_35_V_read                    |    scalar    |
|data_36_V_read  |  in |   16|   ap_none  |                     data_36_V_read                    |    scalar    |
|data_37_V_read  |  in |   16|   ap_none  |                     data_37_V_read                    |    scalar    |
|data_38_V_read  |  in |   16|   ap_none  |                     data_38_V_read                    |    scalar    |
|data_39_V_read  |  in |   16|   ap_none  |                     data_39_V_read                    |    scalar    |
|data_40_V_read  |  in |   16|   ap_none  |                     data_40_V_read                    |    scalar    |
|data_41_V_read  |  in |   16|   ap_none  |                     data_41_V_read                    |    scalar    |
|data_42_V_read  |  in |   16|   ap_none  |                     data_42_V_read                    |    scalar    |
|data_43_V_read  |  in |   16|   ap_none  |                     data_43_V_read                    |    scalar    |
|data_44_V_read  |  in |   16|   ap_none  |                     data_44_V_read                    |    scalar    |
|data_45_V_read  |  in |   16|   ap_none  |                     data_45_V_read                    |    scalar    |
|data_46_V_read  |  in |   16|   ap_none  |                     data_46_V_read                    |    scalar    |
|data_47_V_read  |  in |   16|   ap_none  |                     data_47_V_read                    |    scalar    |
|data_48_V_read  |  in |   16|   ap_none  |                     data_48_V_read                    |    scalar    |
|data_49_V_read  |  in |   16|   ap_none  |                     data_49_V_read                    |    scalar    |
|data_50_V_read  |  in |   16|   ap_none  |                     data_50_V_read                    |    scalar    |
|data_51_V_read  |  in |   16|   ap_none  |                     data_51_V_read                    |    scalar    |
|data_52_V_read  |  in |   16|   ap_none  |                     data_52_V_read                    |    scalar    |
|data_53_V_read  |  in |   16|   ap_none  |                     data_53_V_read                    |    scalar    |
|data_54_V_read  |  in |   16|   ap_none  |                     data_54_V_read                    |    scalar    |
|data_55_V_read  |  in |   16|   ap_none  |                     data_55_V_read                    |    scalar    |
|data_56_V_read  |  in |   16|   ap_none  |                     data_56_V_read                    |    scalar    |
|data_57_V_read  |  in |   16|   ap_none  |                     data_57_V_read                    |    scalar    |
|data_58_V_read  |  in |   16|   ap_none  |                     data_58_V_read                    |    scalar    |
|data_59_V_read  |  in |   16|   ap_none  |                     data_59_V_read                    |    scalar    |
|data_60_V_read  |  in |   16|   ap_none  |                     data_60_V_read                    |    scalar    |
|data_61_V_read  |  in |   16|   ap_none  |                     data_61_V_read                    |    scalar    |
|data_62_V_read  |  in |   16|   ap_none  |                     data_62_V_read                    |    scalar    |
|data_63_V_read  |  in |   16|   ap_none  |                     data_63_V_read                    |    scalar    |
|data_64_V_read  |  in |   16|   ap_none  |                     data_64_V_read                    |    scalar    |
|data_65_V_read  |  in |   16|   ap_none  |                     data_65_V_read                    |    scalar    |
|data_66_V_read  |  in |   16|   ap_none  |                     data_66_V_read                    |    scalar    |
|data_67_V_read  |  in |   16|   ap_none  |                     data_67_V_read                    |    scalar    |
|data_68_V_read  |  in |   16|   ap_none  |                     data_68_V_read                    |    scalar    |
|data_69_V_read  |  in |   16|   ap_none  |                     data_69_V_read                    |    scalar    |
|data_70_V_read  |  in |   16|   ap_none  |                     data_70_V_read                    |    scalar    |
|data_71_V_read  |  in |   16|   ap_none  |                     data_71_V_read                    |    scalar    |
|data_72_V_read  |  in |   16|   ap_none  |                     data_72_V_read                    |    scalar    |
|data_73_V_read  |  in |   16|   ap_none  |                     data_73_V_read                    |    scalar    |
|data_74_V_read  |  in |   16|   ap_none  |                     data_74_V_read                    |    scalar    |
|data_75_V_read  |  in |   16|   ap_none  |                     data_75_V_read                    |    scalar    |
|data_76_V_read  |  in |   16|   ap_none  |                     data_76_V_read                    |    scalar    |
|data_77_V_read  |  in |   16|   ap_none  |                     data_77_V_read                    |    scalar    |
|data_78_V_read  |  in |   16|   ap_none  |                     data_78_V_read                    |    scalar    |
|data_79_V_read  |  in |   16|   ap_none  |                     data_79_V_read                    |    scalar    |
|data_80_V_read  |  in |   16|   ap_none  |                     data_80_V_read                    |    scalar    |
|data_81_V_read  |  in |   16|   ap_none  |                     data_81_V_read                    |    scalar    |
|data_82_V_read  |  in |   16|   ap_none  |                     data_82_V_read                    |    scalar    |
|data_83_V_read  |  in |   16|   ap_none  |                     data_83_V_read                    |    scalar    |
|data_84_V_read  |  in |   16|   ap_none  |                     data_84_V_read                    |    scalar    |
|data_85_V_read  |  in |   16|   ap_none  |                     data_85_V_read                    |    scalar    |
|data_86_V_read  |  in |   16|   ap_none  |                     data_86_V_read                    |    scalar    |
|data_87_V_read  |  in |   16|   ap_none  |                     data_87_V_read                    |    scalar    |
|data_88_V_read  |  in |   16|   ap_none  |                     data_88_V_read                    |    scalar    |
|data_89_V_read  |  in |   16|   ap_none  |                     data_89_V_read                    |    scalar    |
|data_90_V_read  |  in |   16|   ap_none  |                     data_90_V_read                    |    scalar    |
|data_91_V_read  |  in |   16|   ap_none  |                     data_91_V_read                    |    scalar    |
|data_92_V_read  |  in |   16|   ap_none  |                     data_92_V_read                    |    scalar    |
|data_93_V_read  |  in |   16|   ap_none  |                     data_93_V_read                    |    scalar    |
|data_94_V_read  |  in |   16|   ap_none  |                     data_94_V_read                    |    scalar    |
|data_95_V_read  |  in |   16|   ap_none  |                     data_95_V_read                    |    scalar    |
|data_96_V_read  |  in |   16|   ap_none  |                     data_96_V_read                    |    scalar    |
|data_97_V_read  |  in |   16|   ap_none  |                     data_97_V_read                    |    scalar    |
|data_98_V_read  |  in |   16|   ap_none  |                     data_98_V_read                    |    scalar    |
|data_99_V_read  |  in |   16|   ap_none  |                     data_99_V_read                    |    scalar    |
+----------------+-----+-----+------------+-------------------------------------------------------+--------------+

