

================================================================
== Vivado HLS Report for 'normalize_0_0_0_0_0_0_0_0_0_0_0_0_0_0_0_0_0_0_0_0_0_0_0_0_0_2'
================================================================
* Date:           Wed Nov 12 17:01:18 2025

* Version:        2019.2 (Build 2704478 on Wed Nov 06 22:10:23 MST 2019)
* Project:        model_2_hls4ml_prj_prj
* Solution:       solution1
* Product family: artix7
* Target device:  xc7a100t-csg324-1


================================================================
== Performance Estimates
================================================================
+ Timing: 
    * Summary: 
    +--------+---------+----------+------------+
    |  Clock |  Target | Estimated| Uncertainty|
    +--------+---------+----------+------------+
    |ap_clk  | 5.00 ns | 2.181 ns |   0.62 ns  |
    +--------+---------+----------+------------+

+ Latency: 
    * Summary: 
    +---------+---------+----------+----------+-----+-----+----------+
    |  Latency (cycles) |  Latency (absolute) |  Interval | Pipeline |
    |   min   |   max   |    min   |    max   | min | max |   Type   |
    +---------+---------+----------+----------+-----+-----+----------+
    |        0|        0|   0 ns   |   0 ns   |    1|    1| function |
    +---------+---------+----------+----------+-----+-----+----------+

    + Detail: 
        * Instance: 
        N/A

        * Loop: 
        N/A



================================================================
== Utilization Estimates
================================================================
* Summary: 
+-----------------+---------+-------+--------+-------+-----+
|       Name      | BRAM_18K| DSP48E|   FF   |  LUT  | URAM|
+-----------------+---------+-------+--------+-------+-----+
|DSP              |        -|      -|       -|      -|    -|
|Expression       |        -|      -|       0|   3193|    -|
|FIFO             |        -|      -|       -|      -|    -|
|Instance         |        -|      -|       -|      -|    -|
|Memory           |        -|      -|       -|      -|    -|
|Multiplexer      |        -|      -|       -|   1809|    -|
|Register         |        -|      -|    3202|      -|    -|
+-----------------+---------+-------+--------+-------+-----+
|Total            |        0|      0|    3202|   5002|    0|
+-----------------+---------+-------+--------+-------+-----+
|Available        |      270|    240|  126800|  63400|    0|
+-----------------+---------+-------+--------+-------+-----+
|Utilization (%)  |        0|      0|       2|      7|    0|
+-----------------+---------+-------+--------+-------+-----+

+ Detail: 
    * Instance: 
    N/A

    * DSP48E: 
    N/A

    * Memory: 
    N/A

    * FIFO: 
    N/A

    * Expression: 
    +---------------------------+----------+-------+---+----+------------+------------+
    |       Variable Name       | Operation| DSP48E| FF| LUT| Bitwidth P0| Bitwidth P1|
    +---------------------------+----------+-------+---+----+------------+------------+
    |add_ln1192_100_fu_6684_p2  |     +    |      0|  0|  25|          18|          11|
    |add_ln1192_101_fu_6726_p2  |     +    |      0|  0|  19|          12|          10|
    |add_ln1192_102_fu_6768_p2  |     +    |      0|  0|  25|          18|          11|
    |add_ln1192_103_fu_6810_p2  |     +    |      0|  0|  19|          12|          11|
    |add_ln1192_104_fu_6866_p2  |     +    |      0|  0|  19|          12|          10|
    |add_ln1192_105_fu_6908_p2  |     +    |      0|  0|  19|          12|           4|
    |add_ln1192_106_fu_6950_p2  |     +    |      0|  0|  19|          12|           9|
    |add_ln1192_107_fu_7006_p2  |     +    |      0|  0|  25|          18|          11|
    |add_ln1192_108_fu_7048_p2  |     +    |      0|  0|  25|          18|          10|
    |add_ln1192_109_fu_7118_p2  |     +    |      0|  0|  19|          12|          10|
    |add_ln1192_10_fu_2386_p2   |     +    |      0|  0|  25|          18|          10|
    |add_ln1192_110_fu_7160_p2  |     +    |      0|  0|  19|          12|          10|
    |add_ln1192_111_fu_7202_p2  |     +    |      0|  0|  25|          18|           9|
    |add_ln1192_112_fu_7244_p2  |     +    |      0|  0|  25|          18|          11|
    |add_ln1192_113_fu_7286_p2  |     +    |      0|  0|  19|          12|          11|
    |add_ln1192_114_fu_7342_p2  |     +    |      0|  0|  25|          18|          10|
    |add_ln1192_115_fu_7384_p2  |     +    |      0|  0|  19|          12|          10|
    |add_ln1192_116_fu_7426_p2  |     +    |      0|  0|  25|          18|          11|
    |add_ln1192_117_fu_7468_p2  |     +    |      0|  0|  25|          18|          11|
    |add_ln1192_118_fu_7524_p2  |     +    |      0|  0|  25|          18|          11|
    |add_ln1192_119_fu_7566_p2  |     +    |      0|  0|  25|          18|           9|
    |add_ln1192_11_fu_2442_p2   |     +    |      0|  0|  19|          12|          11|
    |add_ln1192_120_fu_7636_p2  |     +    |      0|  0|  25|          18|           8|
    |add_ln1192_121_fu_7706_p2  |     +    |      0|  0|  25|          18|          10|
    |add_ln1192_122_fu_7748_p2  |     +    |      0|  0|  25|          18|          10|
    |add_ln1192_123_fu_7804_p2  |     +    |      0|  0|  19|          12|           9|
    |add_ln1192_124_fu_7846_p2  |     +    |      0|  0|  19|          12|          10|
    |add_ln1192_125_fu_7888_p2  |     +    |      0|  0|  19|          12|          10|
    |add_ln1192_126_fu_7944_p2  |     +    |      0|  0|  19|          12|          11|
    |add_ln1192_127_fu_7986_p2  |     +    |      0|  0|  19|          12|          10|
    |add_ln1192_128_fu_8028_p2  |     +    |      0|  0|  25|          18|          10|
    |add_ln1192_129_fu_8070_p2  |     +    |      0|  0|  19|          12|          11|
    |add_ln1192_12_fu_2512_p2   |     +    |      0|  0|  25|          18|           8|
    |add_ln1192_130_fu_8140_p2  |     +    |      0|  0|  25|          18|          10|
    |add_ln1192_131_fu_8182_p2  |     +    |      0|  0|  19|          12|           9|
    |add_ln1192_132_fu_8224_p2  |     +    |      0|  0|  25|          18|          11|
    |add_ln1192_133_fu_8266_p2  |     +    |      0|  0|  19|          12|          10|
    |add_ln1192_134_fu_8308_p2  |     +    |      0|  0|  19|          12|          10|
    |add_ln1192_135_fu_8350_p2  |     +    |      0|  0|  25|          18|           9|
    |add_ln1192_136_fu_8392_p2  |     +    |      0|  0|  19|          12|           5|
    |add_ln1192_137_fu_8434_p2  |     +    |      0|  0|  25|          18|          11|
    |add_ln1192_138_fu_8476_p2  |     +    |      0|  0|  25|          18|          10|
    |add_ln1192_139_fu_8518_p2  |     +    |      0|  0|  25|          18|          10|
    |add_ln1192_13_fu_2554_p2   |     +    |      0|  0|  25|          18|          10|
    |add_ln1192_140_fu_8560_p2  |     +    |      0|  0|  25|          18|          10|
    |add_ln1192_141_fu_8602_p2  |     +    |      0|  0|  25|          18|          11|
    |add_ln1192_142_fu_8644_p2  |     +    |      0|  0|  19|          12|           9|
    |add_ln1192_14_fu_2596_p2   |     +    |      0|  0|  19|          12|          11|
    |add_ln1192_15_fu_2638_p2   |     +    |      0|  0|  25|          18|          10|
    |add_ln1192_16_fu_2680_p2   |     +    |      0|  0|  25|          18|           9|
    |add_ln1192_17_fu_2722_p2   |     +    |      0|  0|  19|          12|          10|
    |add_ln1192_18_fu_2778_p2   |     +    |      0|  0|  25|          18|          11|
    |add_ln1192_19_fu_2820_p2   |     +    |      0|  0|  25|          18|          11|
    |add_ln1192_1_fu_1938_p2    |     +    |      0|  0|  25|          18|           5|
    |add_ln1192_20_fu_2862_p2   |     +    |      0|  0|  19|          12|          10|
    |add_ln1192_21_fu_2904_p2   |     +    |      0|  0|  25|          18|          10|
    |add_ln1192_22_fu_2960_p2   |     +    |      0|  0|  25|          18|          10|
    |add_ln1192_23_fu_3002_p2   |     +    |      0|  0|  25|          18|          10|
    |add_ln1192_24_fu_3058_p2   |     +    |      0|  0|  25|          18|          11|
    |add_ln1192_25_fu_3100_p2   |     +    |      0|  0|  25|          18|           8|
    |add_ln1192_26_fu_3170_p2   |     +    |      0|  0|  19|          12|           9|
    |add_ln1192_27_fu_3212_p2   |     +    |      0|  0|  25|          18|          11|
    |add_ln1192_28_fu_3254_p2   |     +    |      0|  0|  19|          12|           9|
    |add_ln1192_29_fu_3296_p2   |     +    |      0|  0|  19|          12|          11|
    |add_ln1192_2_fu_1994_p2    |     +    |      0|  0|  19|          12|          11|
    |add_ln1192_30_fu_3338_p2   |     +    |      0|  0|  25|          18|          10|
    |add_ln1192_31_fu_3380_p2   |     +    |      0|  0|  19|          12|          11|
    |add_ln1192_32_fu_3436_p2   |     +    |      0|  0|  19|          12|           9|
    |add_ln1192_33_fu_3478_p2   |     +    |      0|  0|  25|          18|          10|
    |add_ln1192_34_fu_3520_p2   |     +    |      0|  0|  19|          12|          10|
    |add_ln1192_35_fu_3562_p2   |     +    |      0|  0|  25|          18|          11|
    |add_ln1192_36_fu_3618_p2   |     +    |      0|  0|  19|          12|           6|
    |add_ln1192_37_fu_3660_p2   |     +    |      0|  0|  19|          12|          11|
    |add_ln1192_38_fu_3702_p2   |     +    |      0|  0|  25|          18|          11|
    |add_ln1192_39_fu_3744_p2   |     +    |      0|  0|  25|          18|          10|
    |add_ln1192_3_fu_2050_p2    |     +    |      0|  0|  19|          12|          10|
    |add_ln1192_40_fu_3814_p2   |     +    |      0|  0|  19|          12|          10|
    |add_ln1192_41_fu_3856_p2   |     +    |      0|  0|  25|          18|           9|
    |add_ln1192_42_fu_3898_p2   |     +    |      0|  0|  25|          18|           7|
    |add_ln1192_43_fu_3940_p2   |     +    |      0|  0|  25|          18|          11|
    |add_ln1192_44_fu_3996_p2   |     +    |      0|  0|  25|          18|          10|
    |add_ln1192_45_fu_4038_p2   |     +    |      0|  0|  25|          18|          10|
    |add_ln1192_46_fu_4094_p2   |     +    |      0|  0|  25|          18|          10|
    |add_ln1192_47_fu_4136_p2   |     +    |      0|  0|  19|          12|          10|
    |add_ln1192_48_fu_4178_p2   |     +    |      0|  0|  25|          18|          10|
    |add_ln1192_49_fu_4234_p2   |     +    |      0|  0|  25|          18|          10|
    |add_ln1192_4_fu_2106_p2    |     +    |      0|  0|  19|          12|           9|
    |add_ln1192_50_fu_4304_p2   |     +    |      0|  0|  25|          18|          11|
    |add_ln1192_51_fu_4346_p2   |     +    |      0|  0|  25|          18|          10|
    |add_ln1192_52_fu_4416_p2   |     +    |      0|  0|  19|          12|          11|
    |add_ln1192_53_fu_4472_p2   |     +    |      0|  0|  25|          18|          11|
    |add_ln1192_54_fu_4528_p2   |     +    |      0|  0|  19|          12|          11|
    |add_ln1192_55_fu_4570_p2   |     +    |      0|  0|  25|          18|          11|
    |add_ln1192_56_fu_4612_p2   |     +    |      0|  0|  19|          12|           5|
    |add_ln1192_57_fu_4654_p2   |     +    |      0|  0|  19|          12|          10|
    |add_ln1192_58_fu_4696_p2   |     +    |      0|  0|  25|          18|          11|
    |add_ln1192_59_fu_4738_p2   |     +    |      0|  0|  19|          12|          11|
    |add_ln1192_5_fu_2148_p2    |     +    |      0|  0|  25|          18|           9|
    |add_ln1192_60_fu_4780_p2   |     +    |      0|  0|  25|          18|          10|
    |add_ln1192_61_fu_4836_p2   |     +    |      0|  0|  25|          18|          11|
    |add_ln1192_62_fu_4878_p2   |     +    |      0|  0|  19|          12|          10|
    |add_ln1192_63_fu_4934_p2   |     +    |      0|  0|  25|          18|           7|
    |add_ln1192_64_fu_4990_p2   |     +    |      0|  0|  19|          12|          10|
    |add_ln1192_65_fu_5032_p2   |     +    |      0|  0|  25|          18|          10|
    |add_ln1192_66_fu_5074_p2   |     +    |      0|  0|  19|          12|          10|
    |add_ln1192_67_fu_5130_p2   |     +    |      0|  0|  19|          12|          11|
    |add_ln1192_68_fu_5172_p2   |     +    |      0|  0|  19|          12|          11|
    |add_ln1192_69_fu_5228_p2   |     +    |      0|  0|  19|          12|          11|
    |add_ln1192_6_fu_2190_p2    |     +    |      0|  0|  25|          18|          10|
    |add_ln1192_70_fu_5298_p2   |     +    |      0|  0|  19|          12|          10|
    |add_ln1192_71_fu_5340_p2   |     +    |      0|  0|  19|          12|          10|
    |add_ln1192_72_fu_5396_p2   |     +    |      0|  0|  25|          18|          11|
    |add_ln1192_73_fu_5438_p2   |     +    |      0|  0|  25|          18|          10|
    |add_ln1192_74_fu_5480_p2   |     +    |      0|  0|  25|          18|          10|
    |add_ln1192_75_fu_5522_p2   |     +    |      0|  0|  25|          18|          10|
    |add_ln1192_76_fu_5564_p2   |     +    |      0|  0|  25|          18|           9|
    |add_ln1192_77_fu_5606_p2   |     +    |      0|  0|  19|          12|           8|
    |add_ln1192_78_fu_5662_p2   |     +    |      0|  0|  19|          12|          10|
    |add_ln1192_79_fu_5704_p2   |     +    |      0|  0|  25|          18|          11|
    |add_ln1192_7_fu_2260_p2    |     +    |      0|  0|  25|          18|          10|
    |add_ln1192_80_fu_5746_p2   |     +    |      0|  0|  25|          18|          10|
    |add_ln1192_81_fu_5788_p2   |     +    |      0|  0|  19|          12|           6|
    |add_ln1192_82_fu_5830_p2   |     +    |      0|  0|  25|          18|          10|
    |add_ln1192_83_fu_5872_p2   |     +    |      0|  0|  19|          12|          10|
    |add_ln1192_84_fu_5928_p2   |     +    |      0|  0|  19|          12|          11|
    |add_ln1192_85_fu_5970_p2   |     +    |      0|  0|  19|          12|           9|
    |add_ln1192_86_fu_6012_p2   |     +    |      0|  0|  19|          12|          11|
    |add_ln1192_87_fu_6068_p2   |     +    |      0|  0|  25|          18|           9|
    |add_ln1192_88_fu_6110_p2   |     +    |      0|  0|  25|          18|          10|
    |add_ln1192_89_fu_6152_p2   |     +    |      0|  0|  19|          12|           8|
    |add_ln1192_8_fu_2302_p2    |     +    |      0|  0|  19|          12|          10|
    |add_ln1192_90_fu_6194_p2   |     +    |      0|  0|  25|          18|          10|
    |add_ln1192_91_fu_6250_p2   |     +    |      0|  0|  19|          12|          10|
    |add_ln1192_92_fu_6306_p2   |     +    |      0|  0|  25|          18|          10|
    |add_ln1192_93_fu_6348_p2   |     +    |      0|  0|  19|          12|           8|
    |add_ln1192_94_fu_6390_p2   |     +    |      0|  0|  25|          18|           6|
    |add_ln1192_95_fu_6432_p2   |     +    |      0|  0|  25|          18|           7|
    |add_ln1192_96_fu_6474_p2   |     +    |      0|  0|  19|          12|          11|
    |add_ln1192_97_fu_6516_p2   |     +    |      0|  0|  25|          18|          11|
    |add_ln1192_98_fu_6586_p2   |     +    |      0|  0|  25|          18|          10|
    |add_ln1192_99_fu_6642_p2   |     +    |      0|  0|  25|          18|          11|
    |add_ln1192_9_fu_2344_p2    |     +    |      0|  0|  19|          12|          10|
    |add_ln1192_fu_1896_p2      |     +    |      0|  0|  19|          12|          10|
    |ap_block_state1            |    or    |      0|  0|   2|           1|           1|
    +---------------------------+----------+-------+---+----+------------+------------+
    |Total                      |          |      0|  0|3193|        2191|        1405|
    +---------------------------+----------+-------+---+----+------------+------------+

    * Multiplexer: 
    +---------------+----+-----------+-----+-----------+
    |      Name     | LUT| Input Size| Bits| Total Bits|
    +---------------+----+-----------+-----+-----------+
    |ap_done        |   9|          2|    1|          2|
    |ap_return_0    |   9|          2|   16|         32|
    |ap_return_1    |   9|          2|   16|         32|
    |ap_return_10   |   9|          2|   16|         32|
    |ap_return_100  |   9|          2|   16|         32|
    |ap_return_101  |   9|          2|   16|         32|
    |ap_return_102  |   9|          2|   16|         32|
    |ap_return_103  |   9|          2|   16|         32|
    |ap_return_104  |   9|          2|   16|         32|
    |ap_return_105  |   9|          2|   16|         32|
    |ap_return_106  |   9|          2|   16|         32|
    |ap_return_107  |   9|          2|   16|         32|
    |ap_return_108  |   9|          2|   16|         32|
    |ap_return_109  |   9|          2|   16|         32|
    |ap_return_11   |   9|          2|   16|         32|
    |ap_return_110  |   9|          2|   16|         32|
    |ap_return_111  |   9|          2|   16|         32|
    |ap_return_112  |   9|          2|   16|         32|
    |ap_return_113  |   9|          2|   16|         32|
    |ap_return_114  |   9|          2|   16|         32|
    |ap_return_115  |   9|          2|   16|         32|
    |ap_return_116  |   9|          2|   16|         32|
    |ap_return_117  |   9|          2|   16|         32|
    |ap_return_118  |   9|          2|   16|         32|
    |ap_return_119  |   9|          2|   16|         32|
    |ap_return_12   |   9|          2|   16|         32|
    |ap_return_120  |   9|          2|   16|         32|
    |ap_return_121  |   9|          2|   16|         32|
    |ap_return_122  |   9|          2|   16|         32|
    |ap_return_123  |   9|          2|   16|         32|
    |ap_return_124  |   9|          2|   16|         32|
    |ap_return_125  |   9|          2|   16|         32|
    |ap_return_126  |   9|          2|   16|         32|
    |ap_return_127  |   9|          2|   16|         32|
    |ap_return_128  |   9|          2|   16|         32|
    |ap_return_129  |   9|          2|   16|         32|
    |ap_return_13   |   9|          2|   16|         32|
    |ap_return_130  |   9|          2|   16|         32|
    |ap_return_131  |   9|          2|   16|         32|
    |ap_return_132  |   9|          2|   16|         32|
    |ap_return_133  |   9|          2|   16|         32|
    |ap_return_134  |   9|          2|   16|         32|
    |ap_return_135  |   9|          2|   16|         32|
    |ap_return_136  |   9|          2|   16|         32|
    |ap_return_137  |   9|          2|   16|         32|
    |ap_return_138  |   9|          2|   16|         32|
    |ap_return_139  |   9|          2|   16|         32|
    |ap_return_14   |   9|          2|   16|         32|
    |ap_return_140  |   9|          2|   16|         32|
    |ap_return_141  |   9|          2|   16|         32|
    |ap_return_142  |   9|          2|   16|         32|
    |ap_return_143  |   9|          2|   16|         32|
    |ap_return_144  |   9|          2|   16|         32|
    |ap_return_145  |   9|          2|   16|         32|
    |ap_return_146  |   9|          2|   16|         32|
    |ap_return_147  |   9|          2|   16|         32|
    |ap_return_148  |   9|          2|   16|         32|
    |ap_return_149  |   9|          2|   16|         32|
    |ap_return_15   |   9|          2|   16|         32|
    |ap_return_150  |   9|          2|   16|         32|
    |ap_return_151  |   9|          2|   16|         32|
    |ap_return_152  |   9|          2|   16|         32|
    |ap_return_153  |   9|          2|   16|         32|
    |ap_return_154  |   9|          2|   16|         32|
    |ap_return_155  |   9|          2|   16|         32|
    |ap_return_156  |   9|          2|   16|         32|
    |ap_return_157  |   9|          2|   16|         32|
    |ap_return_158  |   9|          2|   16|         32|
    |ap_return_159  |   9|          2|   16|         32|
    |ap_return_16   |   9|          2|   16|         32|
    |ap_return_160  |   9|          2|   16|         32|
    |ap_return_161  |   9|          2|   16|         32|
    |ap_return_162  |   9|          2|   16|         32|
    |ap_return_163  |   9|          2|   16|         32|
    |ap_return_164  |   9|          2|   16|         32|
    |ap_return_165  |   9|          2|   16|         32|
    |ap_return_166  |   9|          2|   16|         32|
    |ap_return_167  |   9|          2|   16|         32|
    |ap_return_168  |   9|          2|   16|         32|
    |ap_return_169  |   9|          2|   16|         32|
    |ap_return_17   |   9|          2|   16|         32|
    |ap_return_170  |   9|          2|   16|         32|
    |ap_return_171  |   9|          2|   16|         32|
    |ap_return_172  |   9|          2|   16|         32|
    |ap_return_173  |   9|          2|   16|         32|
    |ap_return_174  |   9|          2|   16|         32|
    |ap_return_175  |   9|          2|   16|         32|
    |ap_return_176  |   9|          2|   16|         32|
    |ap_return_177  |   9|          2|   16|         32|
    |ap_return_178  |   9|          2|   16|         32|
    |ap_return_179  |   9|          2|   16|         32|
    |ap_return_18   |   9|          2|   16|         32|
    |ap_return_180  |   9|          2|   16|         32|
    |ap_return_181  |   9|          2|   16|         32|
    |ap_return_182  |   9|          2|   16|         32|
    |ap_return_183  |   9|          2|   16|         32|
    |ap_return_184  |   9|          2|   16|         32|
    |ap_return_185  |   9|          2|   16|         32|
    |ap_return_186  |   9|          2|   16|         32|
    |ap_return_187  |   9|          2|   16|         32|
    |ap_return_188  |   9|          2|   16|         32|
    |ap_return_189  |   9|          2|   16|         32|
    |ap_return_19   |   9|          2|   16|         32|
    |ap_return_190  |   9|          2|   16|         32|
    |ap_return_191  |   9|          2|   16|         32|
    |ap_return_192  |   9|          2|   16|         32|
    |ap_return_193  |   9|          2|   16|         32|
    |ap_return_194  |   9|          2|   16|         32|
    |ap_return_195  |   9|          2|   16|         32|
    |ap_return_196  |   9|          2|   16|         32|
    |ap_return_197  |   9|          2|   16|         32|
    |ap_return_198  |   9|          2|   16|         32|
    |ap_return_199  |   9|          2|   16|         32|
    |ap_return_2    |   9|          2|   16|         32|
    |ap_return_20   |   9|          2|   16|         32|
    |ap_return_21   |   9|          2|   16|         32|
    |ap_return_22   |   9|          2|   16|         32|
    |ap_return_23   |   9|          2|   16|         32|
    |ap_return_24   |   9|          2|   16|         32|
    |ap_return_25   |   9|          2|   16|         32|
    |ap_return_26   |   9|          2|   16|         32|
    |ap_return_27   |   9|          2|   16|         32|
    |ap_return_28   |   9|          2|   16|         32|
    |ap_return_29   |   9|          2|   16|         32|
    |ap_return_3    |   9|          2|   16|         32|
    |ap_return_30   |   9|          2|   16|         32|
    |ap_return_31   |   9|          2|   16|         32|
    |ap_return_32   |   9|          2|   16|         32|
    |ap_return_33   |   9|          2|   16|         32|
    |ap_return_34   |   9|          2|   16|         32|
    |ap_return_35   |   9|          2|   16|         32|
    |ap_return_36   |   9|          2|   16|         32|
    |ap_return_37   |   9|          2|   16|         32|
    |ap_return_38   |   9|          2|   16|         32|
    |ap_return_39   |   9|          2|   16|         32|
    |ap_return_4    |   9|          2|   16|         32|
    |ap_return_40   |   9|          2|   16|         32|
    |ap_return_41   |   9|          2|   16|         32|
    |ap_return_42   |   9|          2|   16|         32|
    |ap_return_43   |   9|          2|   16|         32|
    |ap_return_44   |   9|          2|   16|         32|
    |ap_return_45   |   9|          2|   16|         32|
    |ap_return_46   |   9|          2|   16|         32|
    |ap_return_47   |   9|          2|   16|         32|
    |ap_return_48   |   9|          2|   16|         32|
    |ap_return_49   |   9|          2|   16|         32|
    |ap_return_5    |   9|          2|   16|         32|
    |ap_return_50   |   9|          2|   16|         32|
    |ap_return_51   |   9|          2|   16|         32|
    |ap_return_52   |   9|          2|   16|         32|
    |ap_return_53   |   9|          2|   16|         32|
    |ap_return_54   |   9|          2|   16|         32|
    |ap_return_55   |   9|          2|   16|         32|
    |ap_return_56   |   9|          2|   16|         32|
    |ap_return_57   |   9|          2|   16|         32|
    |ap_return_58   |   9|          2|   16|         32|
    |ap_return_59   |   9|          2|   16|         32|
    |ap_return_6    |   9|          2|   16|         32|
    |ap_return_60   |   9|          2|   16|         32|
    |ap_return_61   |   9|          2|   16|         32|
    |ap_return_62   |   9|          2|   16|         32|
    |ap_return_63   |   9|          2|   16|         32|
    |ap_return_64   |   9|          2|   16|         32|
    |ap_return_65   |   9|          2|   16|         32|
    |ap_return_66   |   9|          2|   16|         32|
    |ap_return_67   |   9|          2|   16|         32|
    |ap_return_68   |   9|          2|   16|         32|
    |ap_return_69   |   9|          2|   16|         32|
    |ap_return_7    |   9|          2|   16|         32|
    |ap_return_70   |   9|          2|   16|         32|
    |ap_return_71   |   9|          2|   16|         32|
    |ap_return_72   |   9|          2|   16|         32|
    |ap_return_73   |   9|          2|   16|         32|
    |ap_return_74   |   9|          2|   16|         32|
    |ap_return_75   |   9|          2|   16|         32|
    |ap_return_76   |   9|          2|   16|         32|
    |ap_return_77   |   9|          2|   16|         32|
    |ap_return_78   |   9|          2|   16|         32|
    |ap_return_79   |   9|          2|   16|         32|
    |ap_return_8    |   9|          2|   16|         32|
    |ap_return_80   |   9|          2|   16|         32|
    |ap_return_81   |   9|          2|   16|         32|
    |ap_return_82   |   9|          2|   16|         32|
    |ap_return_83   |   9|          2|   16|         32|
    |ap_return_84   |   9|          2|   16|         32|
    |ap_return_85   |   9|          2|   16|         32|
    |ap_return_86   |   9|          2|   16|         32|
    |ap_return_87   |   9|          2|   16|         32|
    |ap_return_88   |   9|          2|   16|         32|
    |ap_return_89   |   9|          2|   16|         32|
    |ap_return_9    |   9|          2|   16|         32|
    |ap_return_90   |   9|          2|   16|         32|
    |ap_return_91   |   9|          2|   16|         32|
    |ap_return_92   |   9|          2|   16|         32|
    |ap_return_93   |   9|          2|   16|         32|
    |ap_return_94   |   9|          2|   16|         32|
    |ap_return_95   |   9|          2|   16|         32|
    |ap_return_96   |   9|          2|   16|         32|
    |ap_return_97   |   9|          2|   16|         32|
    |ap_return_98   |   9|          2|   16|         32|
    |ap_return_99   |   9|          2|   16|         32|
    +---------------+----+-----------+-----+-----------+
    |Total          |1809|        402| 3201|       6402|
    +---------------+----+-----------+-----+-----------+

    * Register: 
    +--------------------+----+----+-----+-----------+
    |        Name        | FF | LUT| Bits| Const Bits|
    +--------------------+----+----+-----+-----------+
    |ap_CS_fsm           |   1|   0|    1|          0|
    |ap_done_reg         |   1|   0|    1|          0|
    |ap_return_0_preg    |  16|   0|   16|          0|
    |ap_return_100_preg  |  16|   0|   16|          0|
    |ap_return_101_preg  |  16|   0|   16|          0|
    |ap_return_102_preg  |  16|   0|   16|          0|
    |ap_return_103_preg  |  16|   0|   16|          0|
    |ap_return_104_preg  |  16|   0|   16|          0|
    |ap_return_105_preg  |  16|   0|   16|          0|
    |ap_return_106_preg  |  16|   0|   16|          0|
    |ap_return_107_preg  |  16|   0|   16|          0|
    |ap_return_108_preg  |  16|   0|   16|          0|
    |ap_return_109_preg  |  16|   0|   16|          0|
    |ap_return_10_preg   |  16|   0|   16|          0|
    |ap_return_110_preg  |  16|   0|   16|          0|
    |ap_return_111_preg  |  16|   0|   16|          0|
    |ap_return_112_preg  |  16|   0|   16|          0|
    |ap_return_113_preg  |  16|   0|   16|          0|
    |ap_return_114_preg  |  16|   0|   16|          0|
    |ap_return_115_preg  |  16|   0|   16|          0|
    |ap_return_116_preg  |  16|   0|   16|          0|
    |ap_return_117_preg  |  16|   0|   16|          0|
    |ap_return_118_preg  |  16|   0|   16|          0|
    |ap_return_119_preg  |  16|   0|   16|          0|
    |ap_return_11_preg   |  16|   0|   16|          0|
    |ap_return_120_preg  |  16|   0|   16|          0|
    |ap_return_121_preg  |  16|   0|   16|          0|
    |ap_return_122_preg  |  16|   0|   16|          0|
    |ap_return_123_preg  |  16|   0|   16|          0|
    |ap_return_124_preg  |  16|   0|   16|          0|
    |ap_return_125_preg  |  16|   0|   16|          0|
    |ap_return_126_preg  |  16|   0|   16|          0|
    |ap_return_127_preg  |  16|   0|   16|          0|
    |ap_return_128_preg  |  16|   0|   16|          0|
    |ap_return_129_preg  |  16|   0|   16|          0|
    |ap_return_12_preg   |  16|   0|   16|          0|
    |ap_return_130_preg  |  16|   0|   16|          0|
    |ap_return_131_preg  |  16|   0|   16|          0|
    |ap_return_132_preg  |  16|   0|   16|          0|
    |ap_return_133_preg  |  16|   0|   16|          0|
    |ap_return_134_preg  |  16|   0|   16|          0|
    |ap_return_135_preg  |  16|   0|   16|          0|
    |ap_return_136_preg  |  16|   0|   16|          0|
    |ap_return_137_preg  |  16|   0|   16|          0|
    |ap_return_138_preg  |  16|   0|   16|          0|
    |ap_return_139_preg  |  16|   0|   16|          0|
    |ap_return_13_preg   |  16|   0|   16|          0|
    |ap_return_140_preg  |  16|   0|   16|          0|
    |ap_return_141_preg  |  16|   0|   16|          0|
    |ap_return_142_preg  |  16|   0|   16|          0|
    |ap_return_143_preg  |  16|   0|   16|          0|
    |ap_return_144_preg  |  16|   0|   16|          0|
    |ap_return_145_preg  |  16|   0|   16|          0|
    |ap_return_146_preg  |  16|   0|   16|          0|
    |ap_return_147_preg  |  16|   0|   16|          0|
    |ap_return_148_preg  |  16|   0|   16|          0|
    |ap_return_149_preg  |  16|   0|   16|          0|
    |ap_return_14_preg   |  16|   0|   16|          0|
    |ap_return_150_preg  |  16|   0|   16|          0|
    |ap_return_151_preg  |  16|   0|   16|          0|
    |ap_return_152_preg  |  16|   0|   16|          0|
    |ap_return_153_preg  |  16|   0|   16|          0|
    |ap_return_154_preg  |  16|   0|   16|          0|
    |ap_return_155_preg  |  16|   0|   16|          0|
    |ap_return_156_preg  |  16|   0|   16|          0|
    |ap_return_157_preg  |  16|   0|   16|          0|
    |ap_return_158_preg  |  16|   0|   16|          0|
    |ap_return_159_preg  |  16|   0|   16|          0|
    |ap_return_15_preg   |  16|   0|   16|          0|
    |ap_return_160_preg  |  16|   0|   16|          0|
    |ap_return_161_preg  |  16|   0|   16|          0|
    |ap_return_162_preg  |  16|   0|   16|          0|
    |ap_return_163_preg  |  16|   0|   16|          0|
    |ap_return_164_preg  |  16|   0|   16|          0|
    |ap_return_165_preg  |  16|   0|   16|          0|
    |ap_return_166_preg  |  16|   0|   16|          0|
    |ap_return_167_preg  |  16|   0|   16|          0|
    |ap_return_168_preg  |  16|   0|   16|          0|
    |ap_return_169_preg  |  16|   0|   16|          0|
    |ap_return_16_preg   |  16|   0|   16|          0|
    |ap_return_170_preg  |  16|   0|   16|          0|
    |ap_return_171_preg  |  16|   0|   16|          0|
    |ap_return_172_preg  |  16|   0|   16|          0|
    |ap_return_173_preg  |  16|   0|   16|          0|
    |ap_return_174_preg  |  16|   0|   16|          0|
    |ap_return_175_preg  |  16|   0|   16|          0|
    |ap_return_176_preg  |  16|   0|   16|          0|
    |ap_return_177_preg  |  16|   0|   16|          0|
    |ap_return_178_preg  |  16|   0|   16|          0|
    |ap_return_179_preg  |  16|   0|   16|          0|
    |ap_return_17_preg   |  16|   0|   16|          0|
    |ap_return_180_preg  |  16|   0|   16|          0|
    |ap_return_181_preg  |  16|   0|   16|          0|
    |ap_return_182_preg  |  16|   0|   16|          0|
    |ap_return_183_preg  |  16|   0|   16|          0|
    |ap_return_184_preg  |  16|   0|   16|          0|
    |ap_return_185_preg  |  16|   0|   16|          0|
    |ap_return_186_preg  |  16|   0|   16|          0|
    |ap_return_187_preg  |  16|   0|   16|          0|
    |ap_return_188_preg  |  16|   0|   16|          0|
    |ap_return_189_preg  |  16|   0|   16|          0|
    |ap_return_18_preg   |  16|   0|   16|          0|
    |ap_return_190_preg  |  16|   0|   16|          0|
    |ap_return_191_preg  |  16|   0|   16|          0|
    |ap_return_192_preg  |  16|   0|   16|          0|
    |ap_return_193_preg  |  16|   0|   16|          0|
    |ap_return_194_preg  |  16|   0|   16|          0|
    |ap_return_195_preg  |  16|   0|   16|          0|
    |ap_return_196_preg  |  16|   0|   16|          0|
    |ap_return_197_preg  |  16|   0|   16|          0|
    |ap_return_198_preg  |  16|   0|   16|          0|
    |ap_return_199_preg  |  16|   0|   16|          0|
    |ap_return_19_preg   |  16|   0|   16|          0|
    |ap_return_1_preg    |  16|   0|   16|          0|
    |ap_return_20_preg   |  16|   0|   16|          0|
    |ap_return_21_preg   |  16|   0|   16|          0|
    |ap_return_22_preg   |  16|   0|   16|          0|
    |ap_return_23_preg   |  16|   0|   16|          0|
    |ap_return_24_preg   |  16|   0|   16|          0|
    |ap_return_25_preg   |  16|   0|   16|          0|
    |ap_return_26_preg   |  16|   0|   16|          0|
    |ap_return_27_preg   |  16|   0|   16|          0|
    |ap_return_28_preg   |  16|   0|   16|          0|
    |ap_return_29_preg   |  16|   0|   16|          0|
    |ap_return_2_preg    |  16|   0|   16|          0|
    |ap_return_30_preg   |  16|   0|   16|          0|
    |ap_return_31_preg   |  16|   0|   16|          0|
    |ap_return_32_preg   |  16|   0|   16|          0|
    |ap_return_33_preg   |  16|   0|   16|          0|
    |ap_return_34_preg   |  16|   0|   16|          0|
    |ap_return_35_preg   |  16|   0|   16|          0|
    |ap_return_36_preg   |  16|   0|   16|          0|
    |ap_return_37_preg   |  16|   0|   16|          0|
    |ap_return_38_preg   |  16|   0|   16|          0|
    |ap_return_39_preg   |  16|   0|   16|          0|
    |ap_return_3_preg    |  16|   0|   16|          0|
    |ap_return_40_preg   |  16|   0|   16|          0|
    |ap_return_41_preg   |  16|   0|   16|          0|
    |ap_return_42_preg   |  16|   0|   16|          0|
    |ap_return_43_preg   |  16|   0|   16|          0|
    |ap_return_44_preg   |  16|   0|   16|          0|
    |ap_return_45_preg   |  16|   0|   16|          0|
    |ap_return_46_preg   |  16|   0|   16|          0|
    |ap_return_47_preg   |  16|   0|   16|          0|
    |ap_return_48_preg   |  16|   0|   16|          0|
    |ap_return_49_preg   |  16|   0|   16|          0|
    |ap_return_4_preg    |  16|   0|   16|          0|
    |ap_return_50_preg   |  16|   0|   16|          0|
    |ap_return_51_preg   |  16|   0|   16|          0|
    |ap_return_52_preg   |  16|   0|   16|          0|
    |ap_return_53_preg   |  16|   0|   16|          0|
    |ap_return_54_preg   |  16|   0|   16|          0|
    |ap_return_55_preg   |  16|   0|   16|          0|
    |ap_return_56_preg   |  16|   0|   16|          0|
    |ap_return_57_preg   |  16|   0|   16|          0|
    |ap_return_58_preg   |  16|   0|   16|          0|
    |ap_return_59_preg   |  16|   0|   16|          0|
    |ap_return_5_preg    |  16|   0|   16|          0|
    |ap_return_60_preg   |  16|   0|   16|          0|
    |ap_return_61_preg   |  16|   0|   16|          0|
    |ap_return_62_preg   |  16|   0|   16|          0|
    |ap_return_63_preg   |  16|   0|   16|          0|
    |ap_return_64_preg   |  16|   0|   16|          0|
    |ap_return_65_preg   |  16|   0|   16|          0|
    |ap_return_66_preg   |  16|   0|   16|          0|
    |ap_return_67_preg   |  16|   0|   16|          0|
    |ap_return_68_preg   |  16|   0|   16|          0|
    |ap_return_69_preg   |  16|   0|   16|          0|
    |ap_return_6_preg    |  16|   0|   16|          0|
    |ap_return_70_preg   |  16|   0|   16|          0|
    |ap_return_71_preg   |  16|   0|   16|          0|
    |ap_return_72_preg   |  16|   0|   16|          0|
    |ap_return_73_preg   |  16|   0|   16|          0|
    |ap_return_74_preg   |  16|   0|   16|          0|
    |ap_return_75_preg   |  16|   0|   16|          0|
    |ap_return_76_preg   |  16|   0|   16|          0|
    |ap_return_77_preg   |  16|   0|   16|          0|
    |ap_return_78_preg   |  16|   0|   16|          0|
    |ap_return_79_preg   |  16|   0|   16|          0|
    |ap_return_7_preg    |  16|   0|   16|          0|
    |ap_return_80_preg   |  16|   0|   16|          0|
    |ap_return_81_preg   |  16|   0|   16|          0|
    |ap_return_82_preg   |  16|   0|   16|          0|
    |ap_return_83_preg   |  16|   0|   16|          0|
    |ap_return_84_preg   |  16|   0|   16|          0|
    |ap_return_85_preg   |  16|   0|   16|          0|
    |ap_return_86_preg   |  16|   0|   16|          0|
    |ap_return_87_preg   |  16|   0|   16|          0|
    |ap_return_88_preg   |  16|   0|   16|          0|
    |ap_return_89_preg   |  16|   0|   16|          0|
    |ap_return_8_preg    |  16|   0|   16|          0|
    |ap_return_90_preg   |  16|   0|   16|          0|
    |ap_return_91_preg   |  16|   0|   16|          0|
    |ap_return_92_preg   |  16|   0|   16|          0|
    |ap_return_93_preg   |  16|   0|   16|          0|
    |ap_return_94_preg   |  16|   0|   16|          0|
    |ap_return_95_preg   |  16|   0|   16|          0|
    |ap_return_96_preg   |  16|   0|   16|          0|
    |ap_return_97_preg   |  16|   0|   16|          0|
    |ap_return_98_preg   |  16|   0|   16|          0|
    |ap_return_99_preg   |  16|   0|   16|          0|
    |ap_return_9_preg    |  16|   0|   16|          0|
    +--------------------+----+----+-----+-----------+
    |Total               |3202|   0| 3202|          0|
    +--------------------+----+----+-----+-----------+



================================================================
== Interface
================================================================
* Summary: 
+---------------+-----+-----+------------+----------------------------------------------------------------+--------------+
|   RTL Ports   | Dir | Bits|  Protocol  |                          Source Object                         |    C Type    |
+---------------+-----+-----+------------+----------------------------------------------------------------+--------------+
|ap_clk         |  in |    1| ap_ctrl_hs | normalize.0.0.0.0.0.0.0.0.0.0.0.0.0.0.0.0.0.0.0.0.0.0.0.0.0..2 | return value |
|ap_rst         |  in |    1| ap_ctrl_hs | normalize.0.0.0.0.0.0.0.0.0.0.0.0.0.0.0.0.0.0.0.0.0.0.0.0.0..2 | return value |
|ap_start       |  in |    1| ap_ctrl_hs | normalize.0.0.0.0.0.0.0.0.0.0.0.0.0.0.0.0.0.0.0.0.0.0.0.0.0..2 | return value |
|ap_done        | out |    1| ap_ctrl_hs | normalize.0.0.0.0.0.0.0.0.0.0.0.0.0.0.0.0.0.0.0.0.0.0.0.0.0..2 | return value |
|ap_continue    |  in |    1| ap_ctrl_hs | normalize.0.0.0.0.0.0.0.0.0.0.0.0.0.0.0.0.0.0.0.0.0.0.0.0.0..2 | return value |
|ap_idle        | out |    1| ap_ctrl_hs | normalize.0.0.0.0.0.0.0.0.0.0.0.0.0.0.0.0.0.0.0.0.0.0.0.0.0..2 | return value |
|ap_ready       | out |    1| ap_ctrl_hs | normalize.0.0.0.0.0.0.0.0.0.0.0.0.0.0.0.0.0.0.0.0.0.0.0.0.0..2 | return value |
|ap_return_0    | out |   16| ap_ctrl_hs | normalize.0.0.0.0.0.0.0.0.0.0.0.0.0.0.0.0.0.0.0.0.0.0.0.0.0..2 | return value |
|ap_return_1    | out |   16| ap_ctrl_hs | normalize.0.0.0.0.0.0.0.0.0.0.0.0.0.0.0.0.0.0.0.0.0.0.0.0.0..2 | return value |
|ap_return_2    | out |   16| ap_ctrl_hs | normalize.0.0.0.0.0.0.0.0.0.0.0.0.0.0.0.0.0.0.0.0.0.0.0.0.0..2 | return value |
|ap_return_3    | out |   16| ap_ctrl_hs | normalize.0.0.0.0.0.0.0.0.0.0.0.0.0.0.0.0.0.0.0.0.0.0.0.0.0..2 | return value |
|ap_return_4    | out |   16| ap_ctrl_hs | normalize.0.0.0.0.0.0.0.0.0.0.0.0.0.0.0.0.0.0.0.0.0.0.0.0.0..2 | return value |
|ap_return_5    | out |   16| ap_ctrl_hs | normalize.0.0.0.0.0.0.0.0.0.0.0.0.0.0.0.0.0.0.0.0.0.0.0.0.0..2 | return value |
|ap_return_6    | out |   16| ap_ctrl_hs | normalize.0.0.0.0.0.0.0.0.0.0.0.0.0.0.0.0.0.0.0.0.0.0.0.0.0..2 | return value |
|ap_return_7    | out |   16| ap_ctrl_hs | normalize.0.0.0.0.0.0.0.0.0.0.0.0.0.0.0.0.0.0.0.0.0.0.0.0.0..2 | return value |
|ap_return_8    | out |   16| ap_ctrl_hs | normalize.0.0.0.0.0.0.0.0.0.0.0.0.0.0.0.0.0.0.0.0.0.0.0.0.0..2 | return value |
|ap_return_9    | out |   16| ap_ctrl_hs | normalize.0.0.0.0.0.0.0.0.0.0.0.0.0.0.0.0.0.0.0.0.0.0.0.0.0..2 | return value |
|ap_return_10   | out |   16| ap_ctrl_hs | normalize.0.0.0.0.0.0.0.0.0.0.0.0.0.0.0.0.0.0.0.0.0.0.0.0.0..2 | return value |
|ap_return_11   | out |   16| ap_ctrl_hs | normalize.0.0.0.0.0.0.0.0.0.0.0.0.0.0.0.0.0.0.0.0.0.0.0.0.0..2 | return value |
|ap_return_12   | out |   16| ap_ctrl_hs | normalize.0.0.0.0.0.0.0.0.0.0.0.0.0.0.0.0.0.0.0.0.0.0.0.0.0..2 | return value |
|ap_return_13   | out |   16| ap_ctrl_hs | normalize.0.0.0.0.0.0.0.0.0.0.0.0.0.0.0.0.0.0.0.0.0.0.0.0.0..2 | return value |
|ap_return_14   | out |   16| ap_ctrl_hs | normalize.0.0.0.0.0.0.0.0.0.0.0.0.0.0.0.0.0.0.0.0.0.0.0.0.0..2 | return value |
|ap_return_15   | out |   16| ap_ctrl_hs | normalize.0.0.0.0.0.0.0.0.0.0.0.0.0.0.0.0.0.0.0.0.0.0.0.0.0..2 | return value |
|ap_return_16   | out |   16| ap_ctrl_hs | normalize.0.0.0.0.0.0.0.0.0.0.0.0.0.0.0.0.0.0.0.0.0.0.0.0.0..2 | return value |
|ap_return_17   | out |   16| ap_ctrl_hs | normalize.0.0.0.0.0.0.0.0.0.0.0.0.0.0.0.0.0.0.0.0.0.0.0.0.0..2 | return value |
|ap_return_18   | out |   16| ap_ctrl_hs | normalize.0.0.0.0.0.0.0.0.0.0.0.0.0.0.0.0.0.0.0.0.0.0.0.0.0..2 | return value |
|ap_return_19   | out |   16| ap_ctrl_hs | normalize.0.0.0.0.0.0.0.0.0.0.0.0.0.0.0.0.0.0.0.0.0.0.0.0.0..2 | return value |
|ap_return_20   | out |   16| ap_ctrl_hs | normalize.0.0.0.0.0.0.0.0.0.0.0.0.0.0.0.0.0.0.0.0.0.0.0.0.0..2 | return value |
|ap_return_21   | out |   16| ap_ctrl_hs | normalize.0.0.0.0.0.0.0.0.0.0.0.0.0.0.0.0.0.0.0.0.0.0.0.0.0..2 | return value |
|ap_return_22   | out |   16| ap_ctrl_hs | normalize.0.0.0.0.0.0.0.0.0.0.0.0.0.0.0.0.0.0.0.0.0.0.0.0.0..2 | return value |
|ap_return_23   | out |   16| ap_ctrl_hs | normalize.0.0.0.0.0.0.0.0.0.0.0.0.0.0.0.0.0.0.0.0.0.0.0.0.0..2 | return value |
|ap_return_24   | out |   16| ap_ctrl_hs | normalize.0.0.0.0.0.0.0.0.0.0.0.0.0.0.0.0.0.0.0.0.0.0.0.0.0..2 | return value |
|ap_return_25   | out |   16| ap_ctrl_hs | normalize.0.0.0.0.0.0.0.0.0.0.0.0.0.0.0.0.0.0.0.0.0.0.0.0.0..2 | return value |
|ap_return_26   | out |   16| ap_ctrl_hs | normalize.0.0.0.0.0.0.0.0.0.0.0.0.0.0.0.0.0.0.0.0.0.0.0.0.0..2 | return value |
|ap_return_27   | out |   16| ap_ctrl_hs | normalize.0.0.0.0.0.0.0.0.0.0.0.0.0.0.0.0.0.0.0.0.0.0.0.0.0..2 | return value |
|ap_return_28   | out |   16| ap_ctrl_hs | normalize.0.0.0.0.0.0.0.0.0.0.0.0.0.0.0.0.0.0.0.0.0.0.0.0.0..2 | return value |
|ap_return_29   | out |   16| ap_ctrl_hs | normalize.0.0.0.0.0.0.0.0.0.0.0.0.0.0.0.0.0.0.0.0.0.0.0.0.0..2 | return value |
|ap_return_30   | out |   16| ap_ctrl_hs | normalize.0.0.0.0.0.0.0.0.0.0.0.0.0.0.0.0.0.0.0.0.0.0.0.0.0..2 | return value |
|ap_return_31   | out |   16| ap_ctrl_hs | normalize.0.0.0.0.0.0.0.0.0.0.0.0.0.0.0.0.0.0.0.0.0.0.0.0.0..2 | return value |
|ap_return_32   | out |   16| ap_ctrl_hs | normalize.0.0.0.0.0.0.0.0.0.0.0.0.0.0.0.0.0.0.0.0.0.0.0.0.0..2 | return value |
|ap_return_33   | out |   16| ap_ctrl_hs | normalize.0.0.0.0.0.0.0.0.0.0.0.0.0.0.0.0.0.0.0.0.0.0.0.0.0..2 | return value |
|ap_return_34   | out |   16| ap_ctrl_hs | normalize.0.0.0.0.0.0.0.0.0.0.0.0.0.0.0.0.0.0.0.0.0.0.0.0.0..2 | return value |
|ap_return_35   | out |   16| ap_ctrl_hs | normalize.0.0.0.0.0.0.0.0.0.0.0.0.0.0.0.0.0.0.0.0.0.0.0.0.0..2 | return value |
|ap_return_36   | out |   16| ap_ctrl_hs | normalize.0.0.0.0.0.0.0.0.0.0.0.0.0.0.0.0.0.0.0.0.0.0.0.0.0..2 | return value |
|ap_return_37   | out |   16| ap_ctrl_hs | normalize.0.0.0.0.0.0.0.0.0.0.0.0.0.0.0.0.0.0.0.0.0.0.0.0.0..2 | return value |
|ap_return_38   | out |   16| ap_ctrl_hs | normalize.0.0.0.0.0.0.0.0.0.0.0.0.0.0.0.0.0.0.0.0.0.0.0.0.0..2 | return value |
|ap_return_39   | out |   16| ap_ctrl_hs | normalize.0.0.0.0.0.0.0.0.0.0.0.0.0.0.0.0.0.0.0.0.0.0.0.0.0..2 | return value |
|ap_return_40   | out |   16| ap_ctrl_hs | normalize.0.0.0.0.0.0.0.0.0.0.0.0.0.0.0.0.0.0.0.0.0.0.0.0.0..2 | return value |
|ap_return_41   | out |   16| ap_ctrl_hs | normalize.0.0.0.0.0.0.0.0.0.0.0.0.0.0.0.0.0.0.0.0.0.0.0.0.0..2 | return value |
|ap_return_42   | out |   16| ap_ctrl_hs | normalize.0.0.0.0.0.0.0.0.0.0.0.0.0.0.0.0.0.0.0.0.0.0.0.0.0..2 | return value |
|ap_return_43   | out |   16| ap_ctrl_hs | normalize.0.0.0.0.0.0.0.0.0.0.0.0.0.0.0.0.0.0.0.0.0.0.0.0.0..2 | return value |
|ap_return_44   | out |   16| ap_ctrl_hs | normalize.0.0.0.0.0.0.0.0.0.0.0.0.0.0.0.0.0.0.0.0.0.0.0.0.0..2 | return value |
|ap_return_45   | out |   16| ap_ctrl_hs | normalize.0.0.0.0.0.0.0.0.0.0.0.0.0.0.0.0.0.0.0.0.0.0.0.0.0..2 | return value |
|ap_return_46   | out |   16| ap_ctrl_hs | normalize.0.0.0.0.0.0.0.0.0.0.0.0.0.0.0.0.0.0.0.0.0.0.0.0.0..2 | return value |
|ap_return_47   | out |   16| ap_ctrl_hs | normalize.0.0.0.0.0.0.0.0.0.0.0.0.0.0.0.0.0.0.0.0.0.0.0.0.0..2 | return value |
|ap_return_48   | out |   16| ap_ctrl_hs | normalize.0.0.0.0.0.0.0.0.0.0.0.0.0.0.0.0.0.0.0.0.0.0.0.0.0..2 | return value |
|ap_return_49   | out |   16| ap_ctrl_hs | normalize.0.0.0.0.0.0.0.0.0.0.0.0.0.0.0.0.0.0.0.0.0.0.0.0.0..2 | return value |
|ap_return_50   | out |   16| ap_ctrl_hs | normalize.0.0.0.0.0.0.0.0.0.0.0.0.0.0.0.0.0.0.0.0.0.0.0.0.0..2 | return value |
|ap_return_51   | out |   16| ap_ctrl_hs | normalize.0.0.0.0.0.0.0.0.0.0.0.0.0.0.0.0.0.0.0.0.0.0.0.0.0..2 | return value |
|ap_return_52   | out |   16| ap_ctrl_hs | normalize.0.0.0.0.0.0.0.0.0.0.0.0.0.0.0.0.0.0.0.0.0.0.0.0.0..2 | return value |
|ap_return_53   | out |   16| ap_ctrl_hs | normalize.0.0.0.0.0.0.0.0.0.0.0.0.0.0.0.0.0.0.0.0.0.0.0.0.0..2 | return value |
|ap_return_54   | out |   16| ap_ctrl_hs | normalize.0.0.0.0.0.0.0.0.0.0.0.0.0.0.0.0.0.0.0.0.0.0.0.0.0..2 | return value |
|ap_return_55   | out |   16| ap_ctrl_hs | normalize.0.0.0.0.0.0.0.0.0.0.0.0.0.0.0.0.0.0.0.0.0.0.0.0.0..2 | return value |
|ap_return_56   | out |   16| ap_ctrl_hs | normalize.0.0.0.0.0.0.0.0.0.0.0.0.0.0.0.0.0.0.0.0.0.0.0.0.0..2 | return value |
|ap_return_57   | out |   16| ap_ctrl_hs | normalize.0.0.0.0.0.0.0.0.0.0.0.0.0.0.0.0.0.0.0.0.0.0.0.0.0..2 | return value |
|ap_return_58   | out |   16| ap_ctrl_hs | normalize.0.0.0.0.0.0.0.0.0.0.0.0.0.0.0.0.0.0.0.0.0.0.0.0.0..2 | return value |
|ap_return_59   | out |   16| ap_ctrl_hs | normalize.0.0.0.0.0.0.0.0.0.0.0.0.0.0.0.0.0.0.0.0.0.0.0.0.0..2 | return value |
|ap_return_60   | out |   16| ap_ctrl_hs | normalize.0.0.0.0.0.0.0.0.0.0.0.0.0.0.0.0.0.0.0.0.0.0.0.0.0..2 | return value |
|ap_return_61   | out |   16| ap_ctrl_hs | normalize.0.0.0.0.0.0.0.0.0.0.0.0.0.0.0.0.0.0.0.0.0.0.0.0.0..2 | return value |
|ap_return_62   | out |   16| ap_ctrl_hs | normalize.0.0.0.0.0.0.0.0.0.0.0.0.0.0.0.0.0.0.0.0.0.0.0.0.0..2 | return value |
|ap_return_63   | out |   16| ap_ctrl_hs | normalize.0.0.0.0.0.0.0.0.0.0.0.0.0.0.0.0.0.0.0.0.0.0.0.0.0..2 | return value |
|ap_return_64   | out |   16| ap_ctrl_hs | normalize.0.0.0.0.0.0.0.0.0.0.0.0.0.0.0.0.0.0.0.0.0.0.0.0.0..2 | return value |
|ap_return_65   | out |   16| ap_ctrl_hs | normalize.0.0.0.0.0.0.0.0.0.0.0.0.0.0.0.0.0.0.0.0.0.0.0.0.0..2 | return value |
|ap_return_66   | out |   16| ap_ctrl_hs | normalize.0.0.0.0.0.0.0.0.0.0.0.0.0.0.0.0.0.0.0.0.0.0.0.0.0..2 | return value |
|ap_return_67   | out |   16| ap_ctrl_hs | normalize.0.0.0.0.0.0.0.0.0.0.0.0.0.0.0.0.0.0.0.0.0.0.0.0.0..2 | return value |
|ap_return_68   | out |   16| ap_ctrl_hs | normalize.0.0.0.0.0.0.0.0.0.0.0.0.0.0.0.0.0.0.0.0.0.0.0.0.0..2 | return value |
|ap_return_69   | out |   16| ap_ctrl_hs | normalize.0.0.0.0.0.0.0.0.0.0.0.0.0.0.0.0.0.0.0.0.0.0.0.0.0..2 | return value |
|ap_return_70   | out |   16| ap_ctrl_hs | normalize.0.0.0.0.0.0.0.0.0.0.0.0.0.0.0.0.0.0.0.0.0.0.0.0.0..2 | return value |
|ap_return_71   | out |   16| ap_ctrl_hs | normalize.0.0.0.0.0.0.0.0.0.0.0.0.0.0.0.0.0.0.0.0.0.0.0.0.0..2 | return value |
|ap_return_72   | out |   16| ap_ctrl_hs | normalize.0.0.0.0.0.0.0.0.0.0.0.0.0.0.0.0.0.0.0.0.0.0.0.0.0..2 | return value |
|ap_return_73   | out |   16| ap_ctrl_hs | normalize.0.0.0.0.0.0.0.0.0.0.0.0.0.0.0.0.0.0.0.0.0.0.0.0.0..2 | return value |
|ap_return_74   | out |   16| ap_ctrl_hs | normalize.0.0.0.0.0.0.0.0.0.0.0.0.0.0.0.0.0.0.0.0.0.0.0.0.0..2 | return value |
|ap_return_75   | out |   16| ap_ctrl_hs | normalize.0.0.0.0.0.0.0.0.0.0.0.0.0.0.0.0.0.0.0.0.0.0.0.0.0..2 | return value |
|ap_return_76   | out |   16| ap_ctrl_hs | normalize.0.0.0.0.0.0.0.0.0.0.0.0.0.0.0.0.0.0.0.0.0.0.0.0.0..2 | return value |
|ap_return_77   | out |   16| ap_ctrl_hs | normalize.0.0.0.0.0.0.0.0.0.0.0.0.0.0.0.0.0.0.0.0.0.0.0.0.0..2 | return value |
|ap_return_78   | out |   16| ap_ctrl_hs | normalize.0.0.0.0.0.0.0.0.0.0.0.0.0.0.0.0.0.0.0.0.0.0.0.0.0..2 | return value |
|ap_return_79   | out |   16| ap_ctrl_hs | normalize.0.0.0.0.0.0.0.0.0.0.0.0.0.0.0.0.0.0.0.0.0.0.0.0.0..2 | return value |
|ap_return_80   | out |   16| ap_ctrl_hs | normalize.0.0.0.0.0.0.0.0.0.0.0.0.0.0.0.0.0.0.0.0.0.0.0.0.0..2 | return value |
|ap_return_81   | out |   16| ap_ctrl_hs | normalize.0.0.0.0.0.0.0.0.0.0.0.0.0.0.0.0.0.0.0.0.0.0.0.0.0..2 | return value |
|ap_return_82   | out |   16| ap_ctrl_hs | normalize.0.0.0.0.0.0.0.0.0.0.0.0.0.0.0.0.0.0.0.0.0.0.0.0.0..2 | return value |
|ap_return_83   | out |   16| ap_ctrl_hs | normalize.0.0.0.0.0.0.0.0.0.0.0.0.0.0.0.0.0.0.0.0.0.0.0.0.0..2 | return value |
|ap_return_84   | out |   16| ap_ctrl_hs | normalize.0.0.0.0.0.0.0.0.0.0.0.0.0.0.0.0.0.0.0.0.0.0.0.0.0..2 | return value |
|ap_return_85   | out |   16| ap_ctrl_hs | normalize.0.0.0.0.0.0.0.0.0.0.0.0.0.0.0.0.0.0.0.0.0.0.0.0.0..2 | return value |
|ap_return_86   | out |   16| ap_ctrl_hs | normalize.0.0.0.0.0.0.0.0.0.0.0.0.0.0.0.0.0.0.0.0.0.0.0.0.0..2 | return value |
|ap_return_87   | out |   16| ap_ctrl_hs | normalize.0.0.0.0.0.0.0.0.0.0.0.0.0.0.0.0.0.0.0.0.0.0.0.0.0..2 | return value |
|ap_return_88   | out |   16| ap_ctrl_hs | normalize.0.0.0.0.0.0.0.0.0.0.0.0.0.0.0.0.0.0.0.0.0.0.0.0.0..2 | return value |
|ap_return_89   | out |   16| ap_ctrl_hs | normalize.0.0.0.0.0.0.0.0.0.0.0.0.0.0.0.0.0.0.0.0.0.0.0.0.0..2 | return value |
|ap_return_90   | out |   16| ap_ctrl_hs | normalize.0.0.0.0.0.0.0.0.0.0.0.0.0.0.0.0.0.0.0.0.0.0.0.0.0..2 | return value |
|ap_return_91   | out |   16| ap_ctrl_hs | normalize.0.0.0.0.0.0.0.0.0.0.0.0.0.0.0.0.0.0.0.0.0.0.0.0.0..2 | return value |
|ap_return_92   | out |   16| ap_ctrl_hs | normalize.0.0.0.0.0.0.0.0.0.0.0.0.0.0.0.0.0.0.0.0.0.0.0.0.0..2 | return value |
|ap_return_93   | out |   16| ap_ctrl_hs | normalize.0.0.0.0.0.0.0.0.0.0.0.0.0.0.0.0.0.0.0.0.0.0.0.0.0..2 | return value |
|ap_return_94   | out |   16| ap_ctrl_hs | normalize.0.0.0.0.0.0.0.0.0.0.0.0.0.0.0.0.0.0.0.0.0.0.0.0.0..2 | return value |
|ap_return_95   | out |   16| ap_ctrl_hs | normalize.0.0.0.0.0.0.0.0.0.0.0.0.0.0.0.0.0.0.0.0.0.0.0.0.0..2 | return value |
|ap_return_96   | out |   16| ap_ctrl_hs | normalize.0.0.0.0.0.0.0.0.0.0.0.0.0.0.0.0.0.0.0.0.0.0.0.0.0..2 | return value |
|ap_return_97   | out |   16| ap_ctrl_hs | normalize.0.0.0.0.0.0.0.0.0.0.0.0.0.0.0.0.0.0.0.0.0.0.0.0.0..2 | return value |
|ap_return_98   | out |   16| ap_ctrl_hs | normalize.0.0.0.0.0.0.0.0.0.0.0.0.0.0.0.0.0.0.0.0.0.0.0.0.0..2 | return value |
|ap_return_99   | out |   16| ap_ctrl_hs | normalize.0.0.0.0.0.0.0.0.0.0.0.0.0.0.0.0.0.0.0.0.0.0.0.0.0..2 | return value |
|ap_return_100  | out |   16| ap_ctrl_hs | normalize.0.0.0.0.0.0.0.0.0.0.0.0.0.0.0.0.0.0.0.0.0.0.0.0.0..2 | return value |
|ap_return_101  | out |   16| ap_ctrl_hs | normalize.0.0.0.0.0.0.0.0.0.0.0.0.0.0.0.0.0.0.0.0.0.0.0.0.0..2 | return value |
|ap_return_102  | out |   16| ap_ctrl_hs | normalize.0.0.0.0.0.0.0.0.0.0.0.0.0.0.0.0.0.0.0.0.0.0.0.0.0..2 | return value |
|ap_return_103  | out |   16| ap_ctrl_hs | normalize.0.0.0.0.0.0.0.0.0.0.0.0.0.0.0.0.0.0.0.0.0.0.0.0.0..2 | return value |
|ap_return_104  | out |   16| ap_ctrl_hs | normalize.0.0.0.0.0.0.0.0.0.0.0.0.0.0.0.0.0.0.0.0.0.0.0.0.0..2 | return value |
|ap_return_105  | out |   16| ap_ctrl_hs | normalize.0.0.0.0.0.0.0.0.0.0.0.0.0.0.0.0.0.0.0.0.0.0.0.0.0..2 | return value |
|ap_return_106  | out |   16| ap_ctrl_hs | normalize.0.0.0.0.0.0.0.0.0.0.0.0.0.0.0.0.0.0.0.0.0.0.0.0.0..2 | return value |
|ap_return_107  | out |   16| ap_ctrl_hs | normalize.0.0.0.0.0.0.0.0.0.0.0.0.0.0.0.0.0.0.0.0.0.0.0.0.0..2 | return value |
|ap_return_108  | out |   16| ap_ctrl_hs | normalize.0.0.0.0.0.0.0.0.0.0.0.0.0.0.0.0.0.0.0.0.0.0.0.0.0..2 | return value |
|ap_return_109  | out |   16| ap_ctrl_hs | normalize.0.0.0.0.0.0.0.0.0.0.0.0.0.0.0.0.0.0.0.0.0.0.0.0.0..2 | return value |
|ap_return_110  | out |   16| ap_ctrl_hs | normalize.0.0.0.0.0.0.0.0.0.0.0.0.0.0.0.0.0.0.0.0.0.0.0.0.0..2 | return value |
|ap_return_111  | out |   16| ap_ctrl_hs | normalize.0.0.0.0.0.0.0.0.0.0.0.0.0.0.0.0.0.0.0.0.0.0.0.0.0..2 | return value |
|ap_return_112  | out |   16| ap_ctrl_hs | normalize.0.0.0.0.0.0.0.0.0.0.0.0.0.0.0.0.0.0.0.0.0.0.0.0.0..2 | return value |
|ap_return_113  | out |   16| ap_ctrl_hs | normalize.0.0.0.0.0.0.0.0.0.0.0.0.0.0.0.0.0.0.0.0.0.0.0.0.0..2 | return value |
|ap_return_114  | out |   16| ap_ctrl_hs | normalize.0.0.0.0.0.0.0.0.0.0.0.0.0.0.0.0.0.0.0.0.0.0.0.0.0..2 | return value |
|ap_return_115  | out |   16| ap_ctrl_hs | normalize.0.0.0.0.0.0.0.0.0.0.0.0.0.0.0.0.0.0.0.0.0.0.0.0.0..2 | return value |
|ap_return_116  | out |   16| ap_ctrl_hs | normalize.0.0.0.0.0.0.0.0.0.0.0.0.0.0.0.0.0.0.0.0.0.0.0.0.0..2 | return value |
|ap_return_117  | out |   16| ap_ctrl_hs | normalize.0.0.0.0.0.0.0.0.0.0.0.0.0.0.0.0.0.0.0.0.0.0.0.0.0..2 | return value |
|ap_return_118  | out |   16| ap_ctrl_hs | normalize.0.0.0.0.0.0.0.0.0.0.0.0.0.0.0.0.0.0.0.0.0.0.0.0.0..2 | return value |
|ap_return_119  | out |   16| ap_ctrl_hs | normalize.0.0.0.0.0.0.0.0.0.0.0.0.0.0.0.0.0.0.0.0.0.0.0.0.0..2 | return value |
|ap_return_120  | out |   16| ap_ctrl_hs | normalize.0.0.0.0.0.0.0.0.0.0.0.0.0.0.0.0.0.0.0.0.0.0.0.0.0..2 | return value |
|ap_return_121  | out |   16| ap_ctrl_hs | normalize.0.0.0.0.0.0.0.0.0.0.0.0.0.0.0.0.0.0.0.0.0.0.0.0.0..2 | return value |
|ap_return_122  | out |   16| ap_ctrl_hs | normalize.0.0.0.0.0.0.0.0.0.0.0.0.0.0.0.0.0.0.0.0.0.0.0.0.0..2 | return value |
|ap_return_123  | out |   16| ap_ctrl_hs | normalize.0.0.0.0.0.0.0.0.0.0.0.0.0.0.0.0.0.0.0.0.0.0.0.0.0..2 | return value |
|ap_return_124  | out |   16| ap_ctrl_hs | normalize.0.0.0.0.0.0.0.0.0.0.0.0.0.0.0.0.0.0.0.0.0.0.0.0.0..2 | return value |
|ap_return_125  | out |   16| ap_ctrl_hs | normalize.0.0.0.0.0.0.0.0.0.0.0.0.0.0.0.0.0.0.0.0.0.0.0.0.0..2 | return value |
|ap_return_126  | out |   16| ap_ctrl_hs | normalize.0.0.0.0.0.0.0.0.0.0.0.0.0.0.0.0.0.0.0.0.0.0.0.0.0..2 | return value |
|ap_return_127  | out |   16| ap_ctrl_hs | normalize.0.0.0.0.0.0.0.0.0.0.0.0.0.0.0.0.0.0.0.0.0.0.0.0.0..2 | return value |
|ap_return_128  | out |   16| ap_ctrl_hs | normalize.0.0.0.0.0.0.0.0.0.0.0.0.0.0.0.0.0.0.0.0.0.0.0.0.0..2 | return value |
|ap_return_129  | out |   16| ap_ctrl_hs | normalize.0.0.0.0.0.0.0.0.0.0.0.0.0.0.0.0.0.0.0.0.0.0.0.0.0..2 | return value |
|ap_return_130  | out |   16| ap_ctrl_hs | normalize.0.0.0.0.0.0.0.0.0.0.0.0.0.0.0.0.0.0.0.0.0.0.0.0.0..2 | return value |
|ap_return_131  | out |   16| ap_ctrl_hs | normalize.0.0.0.0.0.0.0.0.0.0.0.0.0.0.0.0.0.0.0.0.0.0.0.0.0..2 | return value |
|ap_return_132  | out |   16| ap_ctrl_hs | normalize.0.0.0.0.0.0.0.0.0.0.0.0.0.0.0.0.0.0.0.0.0.0.0.0.0..2 | return value |
|ap_return_133  | out |   16| ap_ctrl_hs | normalize.0.0.0.0.0.0.0.0.0.0.0.0.0.0.0.0.0.0.0.0.0.0.0.0.0..2 | return value |
|ap_return_134  | out |   16| ap_ctrl_hs | normalize.0.0.0.0.0.0.0.0.0.0.0.0.0.0.0.0.0.0.0.0.0.0.0.0.0..2 | return value |
|ap_return_135  | out |   16| ap_ctrl_hs | normalize.0.0.0.0.0.0.0.0.0.0.0.0.0.0.0.0.0.0.0.0.0.0.0.0.0..2 | return value |
|ap_return_136  | out |   16| ap_ctrl_hs | normalize.0.0.0.0.0.0.0.0.0.0.0.0.0.0.0.0.0.0.0.0.0.0.0.0.0..2 | return value |
|ap_return_137  | out |   16| ap_ctrl_hs | normalize.0.0.0.0.0.0.0.0.0.0.0.0.0.0.0.0.0.0.0.0.0.0.0.0.0..2 | return value |
|ap_return_138  | out |   16| ap_ctrl_hs | normalize.0.0.0.0.0.0.0.0.0.0.0.0.0.0.0.0.0.0.0.0.0.0.0.0.0..2 | return value |
|ap_return_139  | out |   16| ap_ctrl_hs | normalize.0.0.0.0.0.0.0.0.0.0.0.0.0.0.0.0.0.0.0.0.0.0.0.0.0..2 | return value |
|ap_return_140  | out |   16| ap_ctrl_hs | normalize.0.0.0.0.0.0.0.0.0.0.0.0.0.0.0.0.0.0.0.0.0.0.0.0.0..2 | return value |
|ap_return_141  | out |   16| ap_ctrl_hs | normalize.0.0.0.0.0.0.0.0.0.0.0.0.0.0.0.0.0.0.0.0.0.0.0.0.0..2 | return value |
|ap_return_142  | out |   16| ap_ctrl_hs | normalize.0.0.0.0.0.0.0.0.0.0.0.0.0.0.0.0.0.0.0.0.0.0.0.0.0..2 | return value |
|ap_return_143  | out |   16| ap_ctrl_hs | normalize.0.0.0.0.0.0.0.0.0.0.0.0.0.0.0.0.0.0.0.0.0.0.0.0.0..2 | return value |
|ap_return_144  | out |   16| ap_ctrl_hs | normalize.0.0.0.0.0.0.0.0.0.0.0.0.0.0.0.0.0.0.0.0.0.0.0.0.0..2 | return value |
|ap_return_145  | out |   16| ap_ctrl_hs | normalize.0.0.0.0.0.0.0.0.0.0.0.0.0.0.0.0.0.0.0.0.0.0.0.0.0..2 | return value |
|ap_return_146  | out |   16| ap_ctrl_hs | normalize.0.0.0.0.0.0.0.0.0.0.0.0.0.0.0.0.0.0.0.0.0.0.0.0.0..2 | return value |
|ap_return_147  | out |   16| ap_ctrl_hs | normalize.0.0.0.0.0.0.0.0.0.0.0.0.0.0.0.0.0.0.0.0.0.0.0.0.0..2 | return value |
|ap_return_148  | out |   16| ap_ctrl_hs | normalize.0.0.0.0.0.0.0.0.0.0.0.0.0.0.0.0.0.0.0.0.0.0.0.0.0..2 | return value |
|ap_return_149  | out |   16| ap_ctrl_hs | normalize.0.0.0.0.0.0.0.0.0.0.0.0.0.0.0.0.0.0.0.0.0.0.0.0.0..2 | return value |
|ap_return_150  | out |   16| ap_ctrl_hs | normalize.0.0.0.0.0.0.0.0.0.0.0.0.0.0.0.0.0.0.0.0.0.0.0.0.0..2 | return value |
|ap_return_151  | out |   16| ap_ctrl_hs | normalize.0.0.0.0.0.0.0.0.0.0.0.0.0.0.0.0.0.0.0.0.0.0.0.0.0..2 | return value |
|ap_return_152  | out |   16| ap_ctrl_hs | normalize.0.0.0.0.0.0.0.0.0.0.0.0.0.0.0.0.0.0.0.0.0.0.0.0.0..2 | return value |
|ap_return_153  | out |   16| ap_ctrl_hs | normalize.0.0.0.0.0.0.0.0.0.0.0.0.0.0.0.0.0.0.0.0.0.0.0.0.0..2 | return value |
|ap_return_154  | out |   16| ap_ctrl_hs | normalize.0.0.0.0.0.0.0.0.0.0.0.0.0.0.0.0.0.0.0.0.0.0.0.0.0..2 | return value |
|ap_return_155  | out |   16| ap_ctrl_hs | normalize.0.0.0.0.0.0.0.0.0.0.0.0.0.0.0.0.0.0.0.0.0.0.0.0.0..2 | return value |
|ap_return_156  | out |   16| ap_ctrl_hs | normalize.0.0.0.0.0.0.0.0.0.0.0.0.0.0.0.0.0.0.0.0.0.0.0.0.0..2 | return value |
|ap_return_157  | out |   16| ap_ctrl_hs | normalize.0.0.0.0.0.0.0.0.0.0.0.0.0.0.0.0.0.0.0.0.0.0.0.0.0..2 | return value |
|ap_return_158  | out |   16| ap_ctrl_hs | normalize.0.0.0.0.0.0.0.0.0.0.0.0.0.0.0.0.0.0.0.0.0.0.0.0.0..2 | return value |
|ap_return_159  | out |   16| ap_ctrl_hs | normalize.0.0.0.0.0.0.0.0.0.0.0.0.0.0.0.0.0.0.0.0.0.0.0.0.0..2 | return value |
|ap_return_160  | out |   16| ap_ctrl_hs | normalize.0.0.0.0.0.0.0.0.0.0.0.0.0.0.0.0.0.0.0.0.0.0.0.0.0..2 | return value |
|ap_return_161  | out |   16| ap_ctrl_hs | normalize.0.0.0.0.0.0.0.0.0.0.0.0.0.0.0.0.0.0.0.0.0.0.0.0.0..2 | return value |
|ap_return_162  | out |   16| ap_ctrl_hs | normalize.0.0.0.0.0.0.0.0.0.0.0.0.0.0.0.0.0.0.0.0.0.0.0.0.0..2 | return value |
|ap_return_163  | out |   16| ap_ctrl_hs | normalize.0.0.0.0.0.0.0.0.0.0.0.0.0.0.0.0.0.0.0.0.0.0.0.0.0..2 | return value |
|ap_return_164  | out |   16| ap_ctrl_hs | normalize.0.0.0.0.0.0.0.0.0.0.0.0.0.0.0.0.0.0.0.0.0.0.0.0.0..2 | return value |
|ap_return_165  | out |   16| ap_ctrl_hs | normalize.0.0.0.0.0.0.0.0.0.0.0.0.0.0.0.0.0.0.0.0.0.0.0.0.0..2 | return value |
|ap_return_166  | out |   16| ap_ctrl_hs | normalize.0.0.0.0.0.0.0.0.0.0.0.0.0.0.0.0.0.0.0.0.0.0.0.0.0..2 | return value |
|ap_return_167  | out |   16| ap_ctrl_hs | normalize.0.0.0.0.0.0.0.0.0.0.0.0.0.0.0.0.0.0.0.0.0.0.0.0.0..2 | return value |
|ap_return_168  | out |   16| ap_ctrl_hs | normalize.0.0.0.0.0.0.0.0.0.0.0.0.0.0.0.0.0.0.0.0.0.0.0.0.0..2 | return value |
|ap_return_169  | out |   16| ap_ctrl_hs | normalize.0.0.0.0.0.0.0.0.0.0.0.0.0.0.0.0.0.0.0.0.0.0.0.0.0..2 | return value |
|ap_return_170  | out |   16| ap_ctrl_hs | normalize.0.0.0.0.0.0.0.0.0.0.0.0.0.0.0.0.0.0.0.0.0.0.0.0.0..2 | return value |
|ap_return_171  | out |   16| ap_ctrl_hs | normalize.0.0.0.0.0.0.0.0.0.0.0.0.0.0.0.0.0.0.0.0.0.0.0.0.0..2 | return value |
|ap_return_172  | out |   16| ap_ctrl_hs | normalize.0.0.0.0.0.0.0.0.0.0.0.0.0.0.0.0.0.0.0.0.0.0.0.0.0..2 | return value |
|ap_return_173  | out |   16| ap_ctrl_hs | normalize.0.0.0.0.0.0.0.0.0.0.0.0.0.0.0.0.0.0.0.0.0.0.0.0.0..2 | return value |
|ap_return_174  | out |   16| ap_ctrl_hs | normalize.0.0.0.0.0.0.0.0.0.0.0.0.0.0.0.0.0.0.0.0.0.0.0.0.0..2 | return value |
|ap_return_175  | out |   16| ap_ctrl_hs | normalize.0.0.0.0.0.0.0.0.0.0.0.0.0.0.0.0.0.0.0.0.0.0.0.0.0..2 | return value |
|ap_return_176  | out |   16| ap_ctrl_hs | normalize.0.0.0.0.0.0.0.0.0.0.0.0.0.0.0.0.0.0.0.0.0.0.0.0.0..2 | return value |
|ap_return_177  | out |   16| ap_ctrl_hs | normalize.0.0.0.0.0.0.0.0.0.0.0.0.0.0.0.0.0.0.0.0.0.0.0.0.0..2 | return value |
|ap_return_178  | out |   16| ap_ctrl_hs | normalize.0.0.0.0.0.0.0.0.0.0.0.0.0.0.0.0.0.0.0.0.0.0.0.0.0..2 | return value |
|ap_return_179  | out |   16| ap_ctrl_hs | normalize.0.0.0.0.0.0.0.0.0.0.0.0.0.0.0.0.0.0.0.0.0.0.0.0.0..2 | return value |
|ap_return_180  | out |   16| ap_ctrl_hs | normalize.0.0.0.0.0.0.0.0.0.0.0.0.0.0.0.0.0.0.0.0.0.0.0.0.0..2 | return value |
|ap_return_181  | out |   16| ap_ctrl_hs | normalize.0.0.0.0.0.0.0.0.0.0.0.0.0.0.0.0.0.0.0.0.0.0.0.0.0..2 | return value |
|ap_return_182  | out |   16| ap_ctrl_hs | normalize.0.0.0.0.0.0.0.0.0.0.0.0.0.0.0.0.0.0.0.0.0.0.0.0.0..2 | return value |
|ap_return_183  | out |   16| ap_ctrl_hs | normalize.0.0.0.0.0.0.0.0.0.0.0.0.0.0.0.0.0.0.0.0.0.0.0.0.0..2 | return value |
|ap_return_184  | out |   16| ap_ctrl_hs | normalize.0.0.0.0.0.0.0.0.0.0.0.0.0.0.0.0.0.0.0.0.0.0.0.0.0..2 | return value |
|ap_return_185  | out |   16| ap_ctrl_hs | normalize.0.0.0.0.0.0.0.0.0.0.0.0.0.0.0.0.0.0.0.0.0.0.0.0.0..2 | return value |
|ap_return_186  | out |   16| ap_ctrl_hs | normalize.0.0.0.0.0.0.0.0.0.0.0.0.0.0.0.0.0.0.0.0.0.0.0.0.0..2 | return value |
|ap_return_187  | out |   16| ap_ctrl_hs | normalize.0.0.0.0.0.0.0.0.0.0.0.0.0.0.0.0.0.0.0.0.0.0.0.0.0..2 | return value |
|ap_return_188  | out |   16| ap_ctrl_hs | normalize.0.0.0.0.0.0.0.0.0.0.0.0.0.0.0.0.0.0.0.0.0.0.0.0.0..2 | return value |
|ap_return_189  | out |   16| ap_ctrl_hs | normalize.0.0.0.0.0.0.0.0.0.0.0.0.0.0.0.0.0.0.0.0.0.0.0.0.0..2 | return value |
|ap_return_190  | out |   16| ap_ctrl_hs | normalize.0.0.0.0.0.0.0.0.0.0.0.0.0.0.0.0.0.0.0.0.0.0.0.0.0..2 | return value |
|ap_return_191  | out |   16| ap_ctrl_hs | normalize.0.0.0.0.0.0.0.0.0.0.0.0.0.0.0.0.0.0.0.0.0.0.0.0.0..2 | return value |
|ap_return_192  | out |   16| ap_ctrl_hs | normalize.0.0.0.0.0.0.0.0.0.0.0.0.0.0.0.0.0.0.0.0.0.0.0.0.0..2 | return value |
|ap_return_193  | out |   16| ap_ctrl_hs | normalize.0.0.0.0.0.0.0.0.0.0.0.0.0.0.0.0.0.0.0.0.0.0.0.0.0..2 | return value |
|ap_return_194  | out |   16| ap_ctrl_hs | normalize.0.0.0.0.0.0.0.0.0.0.0.0.0.0.0.0.0.0.0.0.0.0.0.0.0..2 | return value |
|ap_return_195  | out |   16| ap_ctrl_hs | normalize.0.0.0.0.0.0.0.0.0.0.0.0.0.0.0.0.0.0.0.0.0.0.0.0.0..2 | return value |
|ap_return_196  | out |   16| ap_ctrl_hs | normalize.0.0.0.0.0.0.0.0.0.0.0.0.0.0.0.0.0.0.0.0.0.0.0.0.0..2 | return value |
|ap_return_197  | out |   16| ap_ctrl_hs | normalize.0.0.0.0.0.0.0.0.0.0.0.0.0.0.0.0.0.0.0.0.0.0.0.0.0..2 | return value |
|ap_return_198  | out |   16| ap_ctrl_hs | normalize.0.0.0.0.0.0.0.0.0.0.0.0.0.0.0.0.0.0.0.0.0.0.0.0.0..2 | return value |
|ap_return_199  | out |   16| ap_ctrl_hs | normalize.0.0.0.0.0.0.0.0.0.0.0.0.0.0.0.0.0.0.0.0.0.0.0.0.0..2 | return value |
|p_read         |  in |   16|   ap_none  |                             p_read                             |    scalar    |
|p_read1        |  in |   16|   ap_none  |                             p_read1                            |    scalar    |
|p_read2        |  in |   16|   ap_none  |                             p_read2                            |    scalar    |
|p_read3        |  in |   16|   ap_none  |                             p_read3                            |    scalar    |
|p_read4        |  in |   16|   ap_none  |                             p_read4                            |    scalar    |
|p_read5        |  in |   16|   ap_none  |                             p_read5                            |    scalar    |
|p_read6        |  in |   16|   ap_none  |                             p_read6                            |    scalar    |
|p_read7        |  in |   16|   ap_none  |                             p_read7                            |    scalar    |
|p_read8        |  in |   16|   ap_none  |                             p_read8                            |    scalar    |
|p_read9        |  in |   16|   ap_none  |                             p_read9                            |    scalar    |
|p_read10       |  in |   16|   ap_none  |                            p_read10                            |    scalar    |
|p_read11       |  in |   16|   ap_none  |                            p_read11                            |    scalar    |
|p_read12       |  in |   16|   ap_none  |                            p_read12                            |    scalar    |
|p_read13       |  in |   16|   ap_none  |                            p_read13                            |    scalar    |
|p_read14       |  in |   16|   ap_none  |                            p_read14                            |    scalar    |
|p_read15       |  in |   16|   ap_none  |                            p_read15                            |    scalar    |
|p_read16       |  in |   16|   ap_none  |                            p_read16                            |    scalar    |
|p_read17       |  in |   16|   ap_none  |                            p_read17                            |    scalar    |
|p_read18       |  in |   16|   ap_none  |                            p_read18                            |    scalar    |
|p_read19       |  in |   16|   ap_none  |                            p_read19                            |    scalar    |
|p_read20       |  in |   16|   ap_none  |                            p_read20                            |    scalar    |
|p_read21       |  in |   16|   ap_none  |                            p_read21                            |    scalar    |
|p_read22       |  in |   16|   ap_none  |                            p_read22                            |    scalar    |
|p_read23       |  in |   16|   ap_none  |                            p_read23                            |    scalar    |
|p_read24       |  in |   16|   ap_none  |                            p_read24                            |    scalar    |
|p_read25       |  in |   16|   ap_none  |                            p_read25                            |    scalar    |
|p_read26       |  in |   16|   ap_none  |                            p_read26                            |    scalar    |
|p_read27       |  in |   16|   ap_none  |                            p_read27                            |    scalar    |
|p_read28       |  in |   16|   ap_none  |                            p_read28                            |    scalar    |
|p_read29       |  in |   16|   ap_none  |                            p_read29                            |    scalar    |
|p_read30       |  in |   16|   ap_none  |                            p_read30                            |    scalar    |
|p_read31       |  in |   16|   ap_none  |                            p_read31                            |    scalar    |
|p_read32       |  in |   16|   ap_none  |                            p_read32                            |    scalar    |
|p_read33       |  in |   16|   ap_none  |                            p_read33                            |    scalar    |
|p_read34       |  in |   16|   ap_none  |                            p_read34                            |    scalar    |
|p_read35       |  in |   16|   ap_none  |                            p_read35                            |    scalar    |
|p_read36       |  in |   16|   ap_none  |                            p_read36                            |    scalar    |
|p_read37       |  in |   16|   ap_none  |                            p_read37                            |    scalar    |
|p_read38       |  in |   16|   ap_none  |                            p_read38                            |    scalar    |
|p_read39       |  in |   16|   ap_none  |                            p_read39                            |    scalar    |
|p_read40       |  in |   16|   ap_none  |                            p_read40                            |    scalar    |
|p_read41       |  in |   16|   ap_none  |                            p_read41                            |    scalar    |
|p_read42       |  in |   16|   ap_none  |                            p_read42                            |    scalar    |
|p_read43       |  in |   16|   ap_none  |                            p_read43                            |    scalar    |
|p_read44       |  in |   16|   ap_none  |                            p_read44                            |    scalar    |
|p_read45       |  in |   16|   ap_none  |                            p_read45                            |    scalar    |
|p_read46       |  in |   16|   ap_none  |                            p_read46                            |    scalar    |
|p_read47       |  in |   16|   ap_none  |                            p_read47                            |    scalar    |
|p_read48       |  in |   16|   ap_none  |                            p_read48                            |    scalar    |
|p_read49       |  in |   16|   ap_none  |                            p_read49                            |    scalar    |
|p_read50       |  in |   16|   ap_none  |                            p_read50                            |    scalar    |
|p_read51       |  in |   16|   ap_none  |                            p_read51                            |    scalar    |
|p_read52       |  in |   16|   ap_none  |                            p_read52                            |    scalar    |
|p_read53       |  in |   16|   ap_none  |                            p_read53                            |    scalar    |
|p_read54       |  in |   16|   ap_none  |                            p_read54                            |    scalar    |
|p_read55       |  in |   16|   ap_none  |                            p_read55                            |    scalar    |
|p_read56       |  in |   16|   ap_none  |                            p_read56                            |    scalar    |
|p_read57       |  in |   16|   ap_none  |                            p_read57                            |    scalar    |
|p_read58       |  in |   16|   ap_none  |                            p_read58                            |    scalar    |
|p_read59       |  in |   16|   ap_none  |                            p_read59                            |    scalar    |
|p_read60       |  in |   16|   ap_none  |                            p_read60                            |    scalar    |
|p_read61       |  in |   16|   ap_none  |                            p_read61                            |    scalar    |
|p_read62       |  in |   16|   ap_none  |                            p_read62                            |    scalar    |
|p_read63       |  in |   16|   ap_none  |                            p_read63                            |    scalar    |
|p_read64       |  in |   16|   ap_none  |                            p_read64                            |    scalar    |
|p_read65       |  in |   16|   ap_none  |                            p_read65                            |    scalar    |
|p_read66       |  in |   16|   ap_none  |                            p_read66                            |    scalar    |
|p_read67       |  in |   16|   ap_none  |                            p_read67                            |    scalar    |
|p_read68       |  in |   16|   ap_none  |                            p_read68                            |    scalar    |
|p_read69       |  in |   16|   ap_none  |                            p_read69                            |    scalar    |
|p_read70       |  in |   16|   ap_none  |                            p_read70                            |    scalar    |
|p_read71       |  in |   16|   ap_none  |                            p_read71                            |    scalar    |
|p_read72       |  in |   16|   ap_none  |                            p_read72                            |    scalar    |
|p_read73       |  in |   16|   ap_none  |                            p_read73                            |    scalar    |
|p_read74       |  in |   16|   ap_none  |                            p_read74                            |    scalar    |
|p_read75       |  in |   16|   ap_none  |                            p_read75                            |    scalar    |
|p_read76       |  in |   16|   ap_none  |                            p_read76                            |    scalar    |
|p_read77       |  in |   16|   ap_none  |                            p_read77                            |    scalar    |
|p_read78       |  in |   16|   ap_none  |                            p_read78                            |    scalar    |
|p_read79       |  in |   16|   ap_none  |                            p_read79                            |    scalar    |
|p_read80       |  in |   16|   ap_none  |                            p_read80                            |    scalar    |
|p_read81       |  in |   16|   ap_none  |                            p_read81                            |    scalar    |
|p_read82       |  in |   16|   ap_none  |                            p_read82                            |    scalar    |
|p_read83       |  in |   16|   ap_none  |                            p_read83                            |    scalar    |
|p_read84       |  in |   16|   ap_none  |                            p_read84                            |    scalar    |
|p_read85       |  in |   16|   ap_none  |                            p_read85                            |    scalar    |
|p_read86       |  in |   16|   ap_none  |                            p_read86                            |    scalar    |
|p_read87       |  in |   16|   ap_none  |                            p_read87                            |    scalar    |
|p_read88       |  in |   16|   ap_none  |                            p_read88                            |    scalar    |
|p_read89       |  in |   16|   ap_none  |                            p_read89                            |    scalar    |
|p_read90       |  in |   16|   ap_none  |                            p_read90                            |    scalar    |
|p_read91       |  in |   16|   ap_none  |                            p_read91                            |    scalar    |
|p_read92       |  in |   16|   ap_none  |                            p_read92                            |    scalar    |
|p_read93       |  in |   16|   ap_none  |                            p_read93                            |    scalar    |
|p_read94       |  in |   16|   ap_none  |                            p_read94                            |    scalar    |
|p_read95       |  in |   16|   ap_none  |                            p_read95                            |    scalar    |
|p_read96       |  in |   16|   ap_none  |                            p_read96                            |    scalar    |
|p_read97       |  in |   16|   ap_none  |                            p_read97                            |    scalar    |
|p_read98       |  in |   16|   ap_none  |                            p_read98                            |    scalar    |
|p_read99       |  in |   16|   ap_none  |                            p_read99                            |    scalar    |
|p_read100      |  in |   16|   ap_none  |                            p_read100                           |    scalar    |
|p_read101      |  in |   16|   ap_none  |                            p_read101                           |    scalar    |
|p_read102      |  in |   16|   ap_none  |                            p_read102                           |    scalar    |
|p_read103      |  in |   16|   ap_none  |                            p_read103                           |    scalar    |
|p_read104      |  in |   16|   ap_none  |                            p_read104                           |    scalar    |
|p_read105      |  in |   16|   ap_none  |                            p_read105                           |    scalar    |
|p_read106      |  in |   16|   ap_none  |                            p_read106                           |    scalar    |
|p_read107      |  in |   16|   ap_none  |                            p_read107                           |    scalar    |
|p_read108      |  in |   16|   ap_none  |                            p_read108                           |    scalar    |
|p_read109      |  in |   16|   ap_none  |                            p_read109                           |    scalar    |
|p_read110      |  in |   16|   ap_none  |                            p_read110                           |    scalar    |
|p_read111      |  in |   16|   ap_none  |                            p_read111                           |    scalar    |
|p_read112      |  in |   16|   ap_none  |                            p_read112                           |    scalar    |
|p_read113      |  in |   16|   ap_none  |                            p_read113                           |    scalar    |
|p_read114      |  in |   16|   ap_none  |                            p_read114                           |    scalar    |
|p_read115      |  in |   16|   ap_none  |                            p_read115                           |    scalar    |
|p_read116      |  in |   16|   ap_none  |                            p_read116                           |    scalar    |
|p_read117      |  in |   16|   ap_none  |                            p_read117                           |    scalar    |
|p_read118      |  in |   16|   ap_none  |                            p_read118                           |    scalar    |
|p_read119      |  in |   16|   ap_none  |                            p_read119                           |    scalar    |
|p_read120      |  in |   16|   ap_none  |                            p_read120                           |    scalar    |
|p_read121      |  in |   16|   ap_none  |                            p_read121                           |    scalar    |
|p_read122      |  in |   16|   ap_none  |                            p_read122                           |    scalar    |
|p_read123      |  in |   16|   ap_none  |                            p_read123                           |    scalar    |
|p_read124      |  in |   16|   ap_none  |                            p_read124                           |    scalar    |
|p_read125      |  in |   16|   ap_none  |                            p_read125                           |    scalar    |
|p_read126      |  in |   16|   ap_none  |                            p_read126                           |    scalar    |
|p_read127      |  in |   16|   ap_none  |                            p_read127                           |    scalar    |
|p_read128      |  in |   16|   ap_none  |                            p_read128                           |    scalar    |
|p_read129      |  in |   16|   ap_none  |                            p_read129                           |    scalar    |
|p_read130      |  in |   16|   ap_none  |                            p_read130                           |    scalar    |
|p_read131      |  in |   16|   ap_none  |                            p_read131                           |    scalar    |
|p_read132      |  in |   16|   ap_none  |                            p_read132                           |    scalar    |
|p_read133      |  in |   16|   ap_none  |                            p_read133                           |    scalar    |
|p_read134      |  in |   16|   ap_none  |                            p_read134                           |    scalar    |
|p_read135      |  in |   16|   ap_none  |                            p_read135                           |    scalar    |
|p_read136      |  in |   16|   ap_none  |                            p_read136                           |    scalar    |
|p_read137      |  in |   16|   ap_none  |                            p_read137                           |    scalar    |
|p_read138      |  in |   16|   ap_none  |                            p_read138                           |    scalar    |
|p_read139      |  in |   16|   ap_none  |                            p_read139                           |    scalar    |
|p_read140      |  in |   16|   ap_none  |                            p_read140                           |    scalar    |
|p_read141      |  in |   16|   ap_none  |                            p_read141                           |    scalar    |
|p_read142      |  in |   16|   ap_none  |                            p_read142                           |    scalar    |
|p_read143      |  in |   16|   ap_none  |                            p_read143                           |    scalar    |
|p_read144      |  in |   16|   ap_none  |                            p_read144                           |    scalar    |
|p_read145      |  in |   16|   ap_none  |                            p_read145                           |    scalar    |
|p_read146      |  in |   16|   ap_none  |                            p_read146                           |    scalar    |
|p_read147      |  in |   16|   ap_none  |                            p_read147                           |    scalar    |
|p_read148      |  in |   16|   ap_none  |                            p_read148                           |    scalar    |
|p_read149      |  in |   16|   ap_none  |                            p_read149                           |    scalar    |
|p_read150      |  in |   16|   ap_none  |                            p_read150                           |    scalar    |
|p_read151      |  in |   16|   ap_none  |                            p_read151                           |    scalar    |
|p_read152      |  in |   16|   ap_none  |                            p_read152                           |    scalar    |
|p_read153      |  in |   16|   ap_none  |                            p_read153                           |    scalar    |
|p_read154      |  in |   16|   ap_none  |                            p_read154                           |    scalar    |
|p_read155      |  in |   16|   ap_none  |                            p_read155                           |    scalar    |
|p_read156      |  in |   16|   ap_none  |                            p_read156                           |    scalar    |
|p_read157      |  in |   16|   ap_none  |                            p_read157                           |    scalar    |
|p_read158      |  in |   16|   ap_none  |                            p_read158                           |    scalar    |
|p_read159      |  in |   16|   ap_none  |                            p_read159                           |    scalar    |
|p_read160      |  in |   16|   ap_none  |                            p_read160                           |    scalar    |
|p_read161      |  in |   16|   ap_none  |                            p_read161                           |    scalar    |
|p_read162      |  in |   16|   ap_none  |                            p_read162                           |    scalar    |
|p_read163      |  in |   16|   ap_none  |                            p_read163                           |    scalar    |
|p_read164      |  in |   16|   ap_none  |                            p_read164                           |    scalar    |
|p_read165      |  in |   16|   ap_none  |                            p_read165                           |    scalar    |
|p_read166      |  in |   16|   ap_none  |                            p_read166                           |    scalar    |
|p_read167      |  in |   16|   ap_none  |                            p_read167                           |    scalar    |
|p_read168      |  in |   16|   ap_none  |                            p_read168                           |    scalar    |
|p_read169      |  in |   16|   ap_none  |                            p_read169                           |    scalar    |
|p_read170      |  in |   16|   ap_none  |                            p_read170                           |    scalar    |
|p_read171      |  in |   16|   ap_none  |                            p_read171                           |    scalar    |
|p_read172      |  in |   16|   ap_none  |                            p_read172                           |    scalar    |
|p_read173      |  in |   16|   ap_none  |                            p_read173                           |    scalar    |
|p_read174      |  in |   16|   ap_none  |                            p_read174                           |    scalar    |
|p_read175      |  in |   16|   ap_none  |                            p_read175                           |    scalar    |
|p_read176      |  in |   16|   ap_none  |                            p_read176                           |    scalar    |
|p_read177      |  in |   16|   ap_none  |                            p_read177                           |    scalar    |
|p_read178      |  in |   16|   ap_none  |                            p_read178                           |    scalar    |
|p_read179      |  in |   16|   ap_none  |                            p_read179                           |    scalar    |
|p_read180      |  in |   16|   ap_none  |                            p_read180                           |    scalar    |
|p_read181      |  in |   16|   ap_none  |                            p_read181                           |    scalar    |
|p_read182      |  in |   16|   ap_none  |                            p_read182                           |    scalar    |
|p_read183      |  in |   16|   ap_none  |                            p_read183                           |    scalar    |
|p_read184      |  in |   16|   ap_none  |                            p_read184                           |    scalar    |
|p_read185      |  in |   16|   ap_none  |                            p_read185                           |    scalar    |
|p_read186      |  in |   16|   ap_none  |                            p_read186                           |    scalar    |
|p_read187      |  in |   16|   ap_none  |                            p_read187                           |    scalar    |
|p_read188      |  in |   16|   ap_none  |                            p_read188                           |    scalar    |
|p_read189      |  in |   16|   ap_none  |                            p_read189                           |    scalar    |
|p_read190      |  in |   16|   ap_none  |                            p_read190                           |    scalar    |
|p_read191      |  in |   16|   ap_none  |                            p_read191                           |    scalar    |
|p_read192      |  in |   16|   ap_none  |                            p_read192                           |    scalar    |
|p_read193      |  in |   16|   ap_none  |                            p_read193                           |    scalar    |
|p_read194      |  in |   16|   ap_none  |                            p_read194                           |    scalar    |
|p_read195      |  in |   16|   ap_none  |                            p_read195                           |    scalar    |
|p_read196      |  in |   16|   ap_none  |                            p_read196                           |    scalar    |
|p_read197      |  in |   16|   ap_none  |                            p_read197                           |    scalar    |
|p_read198      |  in |   16|   ap_none  |                            p_read198                           |    scalar    |
|p_read199      |  in |   16|   ap_none  |                            p_read199                           |    scalar    |
+---------------+-----+-----+------------+----------------------------------------------------------------+--------------+

