

================================================================
== Vivado HLS Report for 'normalize_0_0_0_0_0_0_0_0_0_0_0_0_0_0_0_0_0_0_0_0_0_0_0_0_0_s'
================================================================
* Date:           Wed Nov 12 17:02:37 2025

* Version:        2019.2 (Build 2704478 on Wed Nov 06 22:10:23 MST 2019)
* Project:        model_2_hls4ml_prj_prj
* Solution:       solution1
* Product family: artix7
* Target device:  xc7a100t-csg324-1


================================================================
== Performance Estimates
================================================================
+ Timing: 
    * Summary: 
    +--------+---------+----------+------------+
    |  Clock |  Target | Estimated| Uncertainty|
    +--------+---------+----------+------------+
    |ap_clk  | 5.00 ns | 2.142 ns |   0.62 ns  |
    +--------+---------+----------+------------+

+ Latency: 
    * Summary: 
    +---------+---------+----------+----------+-----+-----+----------+
    |  Latency (cycles) |  Latency (absolute) |  Interval | Pipeline |
    |   min   |   max   |    min   |    max   | min | max |   Type   |
    +---------+---------+----------+----------+-----+-----+----------+
    |        0|        0|   0 ns   |   0 ns   |    1|    1| function |
    +---------+---------+----------+----------+-----+-----+----------+

    + Detail: 
        * Instance: 
        N/A

        * Loop: 
        N/A



================================================================
== Utilization Estimates
================================================================
* Summary: 
+-----------------+---------+-------+--------+-------+-----+
|       Name      | BRAM_18K| DSP48E|   FF   |  LUT  | URAM|
+-----------------+---------+-------+--------+-------+-----+
|DSP              |        -|      -|       -|      -|    -|
|Expression       |        -|      -|       0|   1019|    -|
|FIFO             |        -|      -|       -|      -|    -|
|Instance         |        -|      -|       -|      -|    -|
|Memory           |        -|      -|       -|      -|    -|
|Multiplexer      |        -|      -|       -|    459|    -|
|Register         |        -|      -|     802|      -|    -|
+-----------------+---------+-------+--------+-------+-----+
|Total            |        0|      0|     802|   1478|    0|
+-----------------+---------+-------+--------+-------+-----+
|Available        |      270|    240|  126800|  63400|    0|
+-----------------+---------+-------+--------+-------+-----+
|Utilization (%)  |        0|      0|   ~0   |      2|    0|
+-----------------+---------+-------+--------+-------+-----+

+ Detail: 
    * Instance: 
    N/A

    * DSP48E: 
    N/A

    * Memory: 
    N/A

    * FIFO: 
    N/A

    * Expression: 
    +--------------------------+----------+-------+---+----+------------+------------+
    |       Variable Name      | Operation| DSP48E| FF| LUT| Bitwidth P0| Bitwidth P1|
    +--------------------------+----------+-------+---+----+------------+------------+
    |add_ln1192_10_fu_982_p2   |     +    |      0|  0|  23|          16|          10|
    |add_ln1192_11_fu_1024_p2  |     +    |      0|  0|  23|          16|          11|
    |add_ln1192_12_fu_1066_p2  |     +    |      0|  0|  23|          16|          11|
    |add_ln1192_13_fu_1108_p2  |     +    |      0|  0|  23|          16|          11|
    |add_ln1192_14_fu_1150_p2  |     +    |      0|  0|  19|          12|           5|
    |add_ln1192_15_fu_1192_p2  |     +    |      0|  0|  23|          16|          11|
    |add_ln1192_16_fu_1234_p2  |     +    |      0|  0|  23|          16|          11|
    |add_ln1192_17_fu_1276_p2  |     +    |      0|  0|  23|          16|          10|
    |add_ln1192_18_fu_1318_p2  |     +    |      0|  0|  23|          16|          10|
    |add_ln1192_19_fu_1360_p2  |     +    |      0|  0|  23|          16|          10|
    |add_ln1192_1_fu_590_p2    |     +    |      0|  0|  23|          16|          11|
    |add_ln1192_20_fu_1402_p2  |     +    |      0|  0|  22|          15|          11|
    |add_ln1192_21_fu_1444_p2  |     +    |      0|  0|  19|          12|           7|
    |add_ln1192_22_fu_1486_p2  |     +    |      0|  0|  19|          12|           5|
    |add_ln1192_23_fu_1528_p2  |     +    |      0|  0|  23|          16|          10|
    |add_ln1192_24_fu_1570_p2  |     +    |      0|  0|  23|          16|          11|
    |add_ln1192_25_fu_1626_p2  |     +    |      0|  0|  23|          16|          11|
    |add_ln1192_26_fu_1668_p2  |     +    |      0|  0|  23|          16|          10|
    |add_ln1192_27_fu_1710_p2  |     +    |      0|  0|  19|          12|           7|
    |add_ln1192_28_fu_1752_p2  |     +    |      0|  0|  23|          16|          10|
    |add_ln1192_29_fu_1794_p2  |     +    |      0|  0|  19|          12|           5|
    |add_ln1192_2_fu_632_p2    |     +    |      0|  0|  19|          12|           8|
    |add_ln1192_30_fu_1836_p2  |     +    |      0|  0|  23|          16|           9|
    |add_ln1192_31_fu_1878_p2  |     +    |      0|  0|  23|          16|          10|
    |add_ln1192_32_fu_1920_p2  |     +    |      0|  0|  23|          16|          11|
    |add_ln1192_33_fu_1962_p2  |     +    |      0|  0|  23|          16|          11|
    |add_ln1192_34_fu_2004_p2  |     +    |      0|  0|  23|          16|          10|
    |add_ln1192_35_fu_2046_p2  |     +    |      0|  0|  19|          12|           7|
    |add_ln1192_36_fu_2088_p2  |     +    |      0|  0|  23|          16|          11|
    |add_ln1192_37_fu_2130_p2  |     +    |      0|  0|  21|          14|           9|
    |add_ln1192_38_fu_2172_p2  |     +    |      0|  0|  22|          15|           9|
    |add_ln1192_39_fu_2214_p2  |     +    |      0|  0|  23|          16|          11|
    |add_ln1192_3_fu_674_p2    |     +    |      0|  0|  23|          16|          10|
    |add_ln1192_40_fu_2270_p2  |     +    |      0|  0|  22|          15|           9|
    |add_ln1192_41_fu_2326_p2  |     +    |      0|  0|  23|          16|          11|
    |add_ln1192_42_fu_2368_p2  |     +    |      0|  0|  19|          12|           9|
    |add_ln1192_43_fu_2410_p2  |     +    |      0|  0|  22|          15|          11|
    |add_ln1192_44_fu_2452_p2  |     +    |      0|  0|  22|          15|          10|
    |add_ln1192_45_fu_2494_p2  |     +    |      0|  0|  22|          15|          10|
    |add_ln1192_4_fu_716_p2    |     +    |      0|  0|  22|          15|          10|
    |add_ln1192_5_fu_758_p2    |     +    |      0|  0|  23|          16|          11|
    |add_ln1192_6_fu_800_p2    |     +    |      0|  0|  23|          16|          10|
    |add_ln1192_7_fu_842_p2    |     +    |      0|  0|  23|          16|          10|
    |add_ln1192_8_fu_898_p2    |     +    |      0|  0|  23|          16|          10|
    |add_ln1192_9_fu_940_p2    |     +    |      0|  0|  23|          16|          11|
    |add_ln1192_fu_548_p2      |     +    |      0|  0|  23|          16|          11|
    |ap_block_state1           |    or    |      0|  0|   2|           1|           1|
    +--------------------------+----------+-------+---+----+------------+------------+
    |Total                     |          |      0|  0|1019|         696|         448|
    +--------------------------+----------+-------+---+----+------------+------------+

    * Multiplexer: 
    +--------------+----+-----------+-----+-----------+
    |     Name     | LUT| Input Size| Bits| Total Bits|
    +--------------+----+-----------+-----+-----------+
    |ap_done       |   9|          2|    1|          2|
    |ap_return_0   |   9|          2|   16|         32|
    |ap_return_1   |   9|          2|   16|         32|
    |ap_return_10  |   9|          2|   16|         32|
    |ap_return_11  |   9|          2|   16|         32|
    |ap_return_12  |   9|          2|   16|         32|
    |ap_return_13  |   9|          2|   16|         32|
    |ap_return_14  |   9|          2|   16|         32|
    |ap_return_15  |   9|          2|   16|         32|
    |ap_return_16  |   9|          2|   16|         32|
    |ap_return_17  |   9|          2|   16|         32|
    |ap_return_18  |   9|          2|   16|         32|
    |ap_return_19  |   9|          2|   16|         32|
    |ap_return_2   |   9|          2|   16|         32|
    |ap_return_20  |   9|          2|   16|         32|
    |ap_return_21  |   9|          2|   16|         32|
    |ap_return_22  |   9|          2|   16|         32|
    |ap_return_23  |   9|          2|   16|         32|
    |ap_return_24  |   9|          2|   16|         32|
    |ap_return_25  |   9|          2|   16|         32|
    |ap_return_26  |   9|          2|   16|         32|
    |ap_return_27  |   9|          2|   16|         32|
    |ap_return_28  |   9|          2|   16|         32|
    |ap_return_29  |   9|          2|   16|         32|
    |ap_return_3   |   9|          2|   16|         32|
    |ap_return_30  |   9|          2|   16|         32|
    |ap_return_31  |   9|          2|   16|         32|
    |ap_return_32  |   9|          2|   16|         32|
    |ap_return_33  |   9|          2|   16|         32|
    |ap_return_34  |   9|          2|   16|         32|
    |ap_return_35  |   9|          2|   16|         32|
    |ap_return_36  |   9|          2|   16|         32|
    |ap_return_37  |   9|          2|   16|         32|
    |ap_return_38  |   9|          2|   16|         32|
    |ap_return_39  |   9|          2|   16|         32|
    |ap_return_4   |   9|          2|   16|         32|
    |ap_return_40  |   9|          2|   16|         32|
    |ap_return_41  |   9|          2|   16|         32|
    |ap_return_42  |   9|          2|   16|         32|
    |ap_return_43  |   9|          2|   16|         32|
    |ap_return_44  |   9|          2|   16|         32|
    |ap_return_45  |   9|          2|   16|         32|
    |ap_return_46  |   9|          2|   16|         32|
    |ap_return_47  |   9|          2|   16|         32|
    |ap_return_48  |   9|          2|   16|         32|
    |ap_return_49  |   9|          2|   16|         32|
    |ap_return_5   |   9|          2|   16|         32|
    |ap_return_6   |   9|          2|   16|         32|
    |ap_return_7   |   9|          2|   16|         32|
    |ap_return_8   |   9|          2|   16|         32|
    |ap_return_9   |   9|          2|   16|         32|
    +--------------+----+-----------+-----+-----------+
    |Total         | 459|        102|  801|       1602|
    +--------------+----+-----------+-----+-----------+

    * Register: 
    +-------------------+----+----+-----+-----------+
    |        Name       | FF | LUT| Bits| Const Bits|
    +-------------------+----+----+-----+-----------+
    |ap_CS_fsm          |   1|   0|    1|          0|
    |ap_done_reg        |   1|   0|    1|          0|
    |ap_return_0_preg   |  16|   0|   16|          0|
    |ap_return_10_preg  |  16|   0|   16|          0|
    |ap_return_11_preg  |  16|   0|   16|          0|
    |ap_return_12_preg  |  16|   0|   16|          0|
    |ap_return_13_preg  |  16|   0|   16|          0|
    |ap_return_14_preg  |  16|   0|   16|          0|
    |ap_return_15_preg  |  16|   0|   16|          0|
    |ap_return_16_preg  |  16|   0|   16|          0|
    |ap_return_17_preg  |  16|   0|   16|          0|
    |ap_return_18_preg  |  16|   0|   16|          0|
    |ap_return_19_preg  |  16|   0|   16|          0|
    |ap_return_1_preg   |  16|   0|   16|          0|
    |ap_return_20_preg  |  16|   0|   16|          0|
    |ap_return_21_preg  |  16|   0|   16|          0|
    |ap_return_22_preg  |  16|   0|   16|          0|
    |ap_return_23_preg  |  16|   0|   16|          0|
    |ap_return_24_preg  |  16|   0|   16|          0|
    |ap_return_25_preg  |  16|   0|   16|          0|
    |ap_return_26_preg  |  16|   0|   16|          0|
    |ap_return_27_preg  |  16|   0|   16|          0|
    |ap_return_28_preg  |  16|   0|   16|          0|
    |ap_return_29_preg  |  16|   0|   16|          0|
    |ap_return_2_preg   |  16|   0|   16|          0|
    |ap_return_30_preg  |  16|   0|   16|          0|
    |ap_return_31_preg  |  16|   0|   16|          0|
    |ap_return_32_preg  |  16|   0|   16|          0|
    |ap_return_33_preg  |  16|   0|   16|          0|
    |ap_return_34_preg  |  16|   0|   16|          0|
    |ap_return_35_preg  |  16|   0|   16|          0|
    |ap_return_36_preg  |  16|   0|   16|          0|
    |ap_return_37_preg  |  16|   0|   16|          0|
    |ap_return_38_preg  |  16|   0|   16|          0|
    |ap_return_39_preg  |  16|   0|   16|          0|
    |ap_return_3_preg   |  16|   0|   16|          0|
    |ap_return_40_preg  |  16|   0|   16|          0|
    |ap_return_41_preg  |  16|   0|   16|          0|
    |ap_return_42_preg  |  16|   0|   16|          0|
    |ap_return_43_preg  |  16|   0|   16|          0|
    |ap_return_44_preg  |  16|   0|   16|          0|
    |ap_return_45_preg  |  16|   0|   16|          0|
    |ap_return_46_preg  |  16|   0|   16|          0|
    |ap_return_47_preg  |  16|   0|   16|          0|
    |ap_return_48_preg  |  16|   0|   16|          0|
    |ap_return_49_preg  |  16|   0|   16|          0|
    |ap_return_4_preg   |  16|   0|   16|          0|
    |ap_return_5_preg   |  16|   0|   16|          0|
    |ap_return_6_preg   |  16|   0|   16|          0|
    |ap_return_7_preg   |  16|   0|   16|          0|
    |ap_return_8_preg   |  16|   0|   16|          0|
    |ap_return_9_preg   |  16|   0|   16|          0|
    +-------------------+----+----+-----+-----------+
    |Total              | 802|   0|  802|          0|
    +-------------------+----+----+-----+-----------+



================================================================
== Interface
================================================================
* Summary: 
+--------------+-----+-----+------------+--------------------------------------------------------------+--------------+
|   RTL Ports  | Dir | Bits|  Protocol  |                         Source Object                        |    C Type    |
+--------------+-----+-----+------------+--------------------------------------------------------------+--------------+
|ap_clk        |  in |    1| ap_ctrl_hs | normalize.0.0.0.0.0.0.0.0.0.0.0.0.0.0.0.0.0.0.0.0.0.0.0.0.0. | return value |
|ap_rst        |  in |    1| ap_ctrl_hs | normalize.0.0.0.0.0.0.0.0.0.0.0.0.0.0.0.0.0.0.0.0.0.0.0.0.0. | return value |
|ap_start      |  in |    1| ap_ctrl_hs | normalize.0.0.0.0.0.0.0.0.0.0.0.0.0.0.0.0.0.0.0.0.0.0.0.0.0. | return value |
|ap_done       | out |    1| ap_ctrl_hs | normalize.0.0.0.0.0.0.0.0.0.0.0.0.0.0.0.0.0.0.0.0.0.0.0.0.0. | return value |
|ap_continue   |  in |    1| ap_ctrl_hs | normalize.0.0.0.0.0.0.0.0.0.0.0.0.0.0.0.0.0.0.0.0.0.0.0.0.0. | return value |
|ap_idle       | out |    1| ap_ctrl_hs | normalize.0.0.0.0.0.0.0.0.0.0.0.0.0.0.0.0.0.0.0.0.0.0.0.0.0. | return value |
|ap_ready      | out |    1| ap_ctrl_hs | normalize.0.0.0.0.0.0.0.0.0.0.0.0.0.0.0.0.0.0.0.0.0.0.0.0.0. | return value |
|ap_return_0   | out |   16| ap_ctrl_hs | normalize.0.0.0.0.0.0.0.0.0.0.0.0.0.0.0.0.0.0.0.0.0.0.0.0.0. | return value |
|ap_return_1   | out |   16| ap_ctrl_hs | normalize.0.0.0.0.0.0.0.0.0.0.0.0.0.0.0.0.0.0.0.0.0.0.0.0.0. | return value |
|ap_return_2   | out |   16| ap_ctrl_hs | normalize.0.0.0.0.0.0.0.0.0.0.0.0.0.0.0.0.0.0.0.0.0.0.0.0.0. | return value |
|ap_return_3   | out |   16| ap_ctrl_hs | normalize.0.0.0.0.0.0.0.0.0.0.0.0.0.0.0.0.0.0.0.0.0.0.0.0.0. | return value |
|ap_return_4   | out |   16| ap_ctrl_hs | normalize.0.0.0.0.0.0.0.0.0.0.0.0.0.0.0.0.0.0.0.0.0.0.0.0.0. | return value |
|ap_return_5   | out |   16| ap_ctrl_hs | normalize.0.0.0.0.0.0.0.0.0.0.0.0.0.0.0.0.0.0.0.0.0.0.0.0.0. | return value |
|ap_return_6   | out |   16| ap_ctrl_hs | normalize.0.0.0.0.0.0.0.0.0.0.0.0.0.0.0.0.0.0.0.0.0.0.0.0.0. | return value |
|ap_return_7   | out |   16| ap_ctrl_hs | normalize.0.0.0.0.0.0.0.0.0.0.0.0.0.0.0.0.0.0.0.0.0.0.0.0.0. | return value |
|ap_return_8   | out |   16| ap_ctrl_hs | normalize.0.0.0.0.0.0.0.0.0.0.0.0.0.0.0.0.0.0.0.0.0.0.0.0.0. | return value |
|ap_return_9   | out |   16| ap_ctrl_hs | normalize.0.0.0.0.0.0.0.0.0.0.0.0.0.0.0.0.0.0.0.0.0.0.0.0.0. | return value |
|ap_return_10  | out |   16| ap_ctrl_hs | normalize.0.0.0.0.0.0.0.0.0.0.0.0.0.0.0.0.0.0.0.0.0.0.0.0.0. | return value |
|ap_return_11  | out |   16| ap_ctrl_hs | normalize.0.0.0.0.0.0.0.0.0.0.0.0.0.0.0.0.0.0.0.0.0.0.0.0.0. | return value |
|ap_return_12  | out |   16| ap_ctrl_hs | normalize.0.0.0.0.0.0.0.0.0.0.0.0.0.0.0.0.0.0.0.0.0.0.0.0.0. | return value |
|ap_return_13  | out |   16| ap_ctrl_hs | normalize.0.0.0.0.0.0.0.0.0.0.0.0.0.0.0.0.0.0.0.0.0.0.0.0.0. | return value |
|ap_return_14  | out |   16| ap_ctrl_hs | normalize.0.0.0.0.0.0.0.0.0.0.0.0.0.0.0.0.0.0.0.0.0.0.0.0.0. | return value |
|ap_return_15  | out |   16| ap_ctrl_hs | normalize.0.0.0.0.0.0.0.0.0.0.0.0.0.0.0.0.0.0.0.0.0.0.0.0.0. | return value |
|ap_return_16  | out |   16| ap_ctrl_hs | normalize.0.0.0.0.0.0.0.0.0.0.0.0.0.0.0.0.0.0.0.0.0.0.0.0.0. | return value |
|ap_return_17  | out |   16| ap_ctrl_hs | normalize.0.0.0.0.0.0.0.0.0.0.0.0.0.0.0.0.0.0.0.0.0.0.0.0.0. | return value |
|ap_return_18  | out |   16| ap_ctrl_hs | normalize.0.0.0.0.0.0.0.0.0.0.0.0.0.0.0.0.0.0.0.0.0.0.0.0.0. | return value |
|ap_return_19  | out |   16| ap_ctrl_hs | normalize.0.0.0.0.0.0.0.0.0.0.0.0.0.0.0.0.0.0.0.0.0.0.0.0.0. | return value |
|ap_return_20  | out |   16| ap_ctrl_hs | normalize.0.0.0.0.0.0.0.0.0.0.0.0.0.0.0.0.0.0.0.0.0.0.0.0.0. | return value |
|ap_return_21  | out |   16| ap_ctrl_hs | normalize.0.0.0.0.0.0.0.0.0.0.0.0.0.0.0.0.0.0.0.0.0.0.0.0.0. | return value |
|ap_return_22  | out |   16| ap_ctrl_hs | normalize.0.0.0.0.0.0.0.0.0.0.0.0.0.0.0.0.0.0.0.0.0.0.0.0.0. | return value |
|ap_return_23  | out |   16| ap_ctrl_hs | normalize.0.0.0.0.0.0.0.0.0.0.0.0.0.0.0.0.0.0.0.0.0.0.0.0.0. | return value |
|ap_return_24  | out |   16| ap_ctrl_hs | normalize.0.0.0.0.0.0.0.0.0.0.0.0.0.0.0.0.0.0.0.0.0.0.0.0.0. | return value |
|ap_return_25  | out |   16| ap_ctrl_hs | normalize.0.0.0.0.0.0.0.0.0.0.0.0.0.0.0.0.0.0.0.0.0.0.0.0.0. | return value |
|ap_return_26  | out |   16| ap_ctrl_hs | normalize.0.0.0.0.0.0.0.0.0.0.0.0.0.0.0.0.0.0.0.0.0.0.0.0.0. | return value |
|ap_return_27  | out |   16| ap_ctrl_hs | normalize.0.0.0.0.0.0.0.0.0.0.0.0.0.0.0.0.0.0.0.0.0.0.0.0.0. | return value |
|ap_return_28  | out |   16| ap_ctrl_hs | normalize.0.0.0.0.0.0.0.0.0.0.0.0.0.0.0.0.0.0.0.0.0.0.0.0.0. | return value |
|ap_return_29  | out |   16| ap_ctrl_hs | normalize.0.0.0.0.0.0.0.0.0.0.0.0.0.0.0.0.0.0.0.0.0.0.0.0.0. | return value |
|ap_return_30  | out |   16| ap_ctrl_hs | normalize.0.0.0.0.0.0.0.0.0.0.0.0.0.0.0.0.0.0.0.0.0.0.0.0.0. | return value |
|ap_return_31  | out |   16| ap_ctrl_hs | normalize.0.0.0.0.0.0.0.0.0.0.0.0.0.0.0.0.0.0.0.0.0.0.0.0.0. | return value |
|ap_return_32  | out |   16| ap_ctrl_hs | normalize.0.0.0.0.0.0.0.0.0.0.0.0.0.0.0.0.0.0.0.0.0.0.0.0.0. | return value |
|ap_return_33  | out |   16| ap_ctrl_hs | normalize.0.0.0.0.0.0.0.0.0.0.0.0.0.0.0.0.0.0.0.0.0.0.0.0.0. | return value |
|ap_return_34  | out |   16| ap_ctrl_hs | normalize.0.0.0.0.0.0.0.0.0.0.0.0.0.0.0.0.0.0.0.0.0.0.0.0.0. | return value |
|ap_return_35  | out |   16| ap_ctrl_hs | normalize.0.0.0.0.0.0.0.0.0.0.0.0.0.0.0.0.0.0.0.0.0.0.0.0.0. | return value |
|ap_return_36  | out |   16| ap_ctrl_hs | normalize.0.0.0.0.0.0.0.0.0.0.0.0.0.0.0.0.0.0.0.0.0.0.0.0.0. | return value |
|ap_return_37  | out |   16| ap_ctrl_hs | normalize.0.0.0.0.0.0.0.0.0.0.0.0.0.0.0.0.0.0.0.0.0.0.0.0.0. | return value |
|ap_return_38  | out |   16| ap_ctrl_hs | normalize.0.0.0.0.0.0.0.0.0.0.0.0.0.0.0.0.0.0.0.0.0.0.0.0.0. | return value |
|ap_return_39  | out |   16| ap_ctrl_hs | normalize.0.0.0.0.0.0.0.0.0.0.0.0.0.0.0.0.0.0.0.0.0.0.0.0.0. | return value |
|ap_return_40  | out |   16| ap_ctrl_hs | normalize.0.0.0.0.0.0.0.0.0.0.0.0.0.0.0.0.0.0.0.0.0.0.0.0.0. | return value |
|ap_return_41  | out |   16| ap_ctrl_hs | normalize.0.0.0.0.0.0.0.0.0.0.0.0.0.0.0.0.0.0.0.0.0.0.0.0.0. | return value |
|ap_return_42  | out |   16| ap_ctrl_hs | normalize.0.0.0.0.0.0.0.0.0.0.0.0.0.0.0.0.0.0.0.0.0.0.0.0.0. | return value |
|ap_return_43  | out |   16| ap_ctrl_hs | normalize.0.0.0.0.0.0.0.0.0.0.0.0.0.0.0.0.0.0.0.0.0.0.0.0.0. | return value |
|ap_return_44  | out |   16| ap_ctrl_hs | normalize.0.0.0.0.0.0.0.0.0.0.0.0.0.0.0.0.0.0.0.0.0.0.0.0.0. | return value |
|ap_return_45  | out |   16| ap_ctrl_hs | normalize.0.0.0.0.0.0.0.0.0.0.0.0.0.0.0.0.0.0.0.0.0.0.0.0.0. | return value |
|ap_return_46  | out |   16| ap_ctrl_hs | normalize.0.0.0.0.0.0.0.0.0.0.0.0.0.0.0.0.0.0.0.0.0.0.0.0.0. | return value |
|ap_return_47  | out |   16| ap_ctrl_hs | normalize.0.0.0.0.0.0.0.0.0.0.0.0.0.0.0.0.0.0.0.0.0.0.0.0.0. | return value |
|ap_return_48  | out |   16| ap_ctrl_hs | normalize.0.0.0.0.0.0.0.0.0.0.0.0.0.0.0.0.0.0.0.0.0.0.0.0.0. | return value |
|ap_return_49  | out |   16| ap_ctrl_hs | normalize.0.0.0.0.0.0.0.0.0.0.0.0.0.0.0.0.0.0.0.0.0.0.0.0.0. | return value |
|p_read        |  in |   16|   ap_none  |                            p_read                            |    scalar    |
|p_read1       |  in |   16|   ap_none  |                            p_read1                           |    scalar    |
|p_read2       |  in |   16|   ap_none  |                            p_read2                           |    scalar    |
|p_read3       |  in |   16|   ap_none  |                            p_read3                           |    scalar    |
|p_read4       |  in |   16|   ap_none  |                            p_read4                           |    scalar    |
|p_read5       |  in |   16|   ap_none  |                            p_read5                           |    scalar    |
|p_read6       |  in |   16|   ap_none  |                            p_read6                           |    scalar    |
|p_read7       |  in |   16|   ap_none  |                            p_read7                           |    scalar    |
|p_read8       |  in |   16|   ap_none  |                            p_read8                           |    scalar    |
|p_read9       |  in |   16|   ap_none  |                            p_read9                           |    scalar    |
|p_read10      |  in |   16|   ap_none  |                           p_read10                           |    scalar    |
|p_read11      |  in |   16|   ap_none  |                           p_read11                           |    scalar    |
|p_read12      |  in |   16|   ap_none  |                           p_read12                           |    scalar    |
|p_read13      |  in |   16|   ap_none  |                           p_read13                           |    scalar    |
|p_read14      |  in |   16|   ap_none  |                           p_read14                           |    scalar    |
|p_read15      |  in |   16|   ap_none  |                           p_read15                           |    scalar    |
|p_read16      |  in |   16|   ap_none  |                           p_read16                           |    scalar    |
|p_read17      |  in |   16|   ap_none  |                           p_read17                           |    scalar    |
|p_read18      |  in |   16|   ap_none  |                           p_read18                           |    scalar    |
|p_read19      |  in |   16|   ap_none  |                           p_read19                           |    scalar    |
|p_read20      |  in |   16|   ap_none  |                           p_read20                           |    scalar    |
|p_read21      |  in |   16|   ap_none  |                           p_read21                           |    scalar    |
|p_read22      |  in |   16|   ap_none  |                           p_read22                           |    scalar    |
|p_read23      |  in |   16|   ap_none  |                           p_read23                           |    scalar    |
|p_read24      |  in |   16|   ap_none  |                           p_read24                           |    scalar    |
|p_read25      |  in |   16|   ap_none  |                           p_read25                           |    scalar    |
|p_read26      |  in |   16|   ap_none  |                           p_read26                           |    scalar    |
|p_read27      |  in |   16|   ap_none  |                           p_read27                           |    scalar    |
|p_read28      |  in |   16|   ap_none  |                           p_read28                           |    scalar    |
|p_read29      |  in |   16|   ap_none  |                           p_read29                           |    scalar    |
|p_read30      |  in |   16|   ap_none  |                           p_read30                           |    scalar    |
|p_read31      |  in |   16|   ap_none  |                           p_read31                           |    scalar    |
|p_read32      |  in |   16|   ap_none  |                           p_read32                           |    scalar    |
|p_read33      |  in |   16|   ap_none  |                           p_read33                           |    scalar    |
|p_read34      |  in |   16|   ap_none  |                           p_read34                           |    scalar    |
|p_read35      |  in |   16|   ap_none  |                           p_read35                           |    scalar    |
|p_read36      |  in |   16|   ap_none  |                           p_read36                           |    scalar    |
|p_read37      |  in |   16|   ap_none  |                           p_read37                           |    scalar    |
|p_read38      |  in |   16|   ap_none  |                           p_read38                           |    scalar    |
|p_read39      |  in |   16|   ap_none  |                           p_read39                           |    scalar    |
|p_read40      |  in |   16|   ap_none  |                           p_read40                           |    scalar    |
|p_read41      |  in |   16|   ap_none  |                           p_read41                           |    scalar    |
|p_read42      |  in |   16|   ap_none  |                           p_read42                           |    scalar    |
|p_read43      |  in |   16|   ap_none  |                           p_read43                           |    scalar    |
|p_read44      |  in |   16|   ap_none  |                           p_read44                           |    scalar    |
|p_read45      |  in |   16|   ap_none  |                           p_read45                           |    scalar    |
|p_read46      |  in |   16|   ap_none  |                           p_read46                           |    scalar    |
|p_read47      |  in |   16|   ap_none  |                           p_read47                           |    scalar    |
|p_read48      |  in |   16|   ap_none  |                           p_read48                           |    scalar    |
|p_read49      |  in |   16|   ap_none  |                           p_read49                           |    scalar    |
+--------------+-----+-----+------------+--------------------------------------------------------------+--------------+

