

================================================================
== Vivado HLS Report for 'relu_ap_fixed_ap_fixed_16_6_5_3_0_relu_config7_s'
================================================================
* Date:           Wed Nov 12 17:02:19 2025

* Version:        2019.2 (Build 2704478 on Wed Nov 06 22:10:23 MST 2019)
* Project:        model_2_hls4ml_prj_prj
* Solution:       solution1
* Product family: artix7
* Target device:  xc7a100t-csg324-1


================================================================
== Performance Estimates
================================================================
+ Timing: 
    * Summary: 
    +--------+---------+----------+------------+
    |  Clock |  Target | Estimated| Uncertainty|
    +--------+---------+----------+------------+
    |ap_clk  | 5.00 ns | 3.375 ns |   0.62 ns  |
    +--------+---------+----------+------------+

+ Latency: 
    * Summary: 
    +---------+---------+----------+----------+-----+-----+----------+
    |  Latency (cycles) |  Latency (absolute) |  Interval | Pipeline |
    |   min   |   max   |    min   |    max   | min | max |   Type   |
    +---------+---------+----------+----------+-----+-----+----------+
    |        0|        0|   0 ns   |   0 ns   |    1|    1| function |
    +---------+---------+----------+----------+-----+-----+----------+

    + Detail: 
        * Instance: 
        N/A

        * Loop: 
        N/A



================================================================
== Utilization Estimates
================================================================
* Summary: 
+-----------------+---------+-------+--------+-------+-----+
|       Name      | BRAM_18K| DSP48E|   FF   |  LUT  | URAM|
+-----------------+---------+-------+--------+-------+-----+
|DSP              |        -|      -|       -|      -|    -|
|Expression       |        -|      -|       0|   2802|    -|
|FIFO             |        -|      -|       -|      -|    -|
|Instance         |        -|      -|       -|      -|    -|
|Memory           |        -|      -|       -|      -|    -|
|Multiplexer      |        -|      -|       -|    909|    -|
|Register         |        -|      -|    1502|      -|    -|
+-----------------+---------+-------+--------+-------+-----+
|Total            |        0|      0|    1502|   3711|    0|
+-----------------+---------+-------+--------+-------+-----+
|Available        |      270|    240|  126800|  63400|    0|
+-----------------+---------+-------+--------+-------+-----+
|Utilization (%)  |        0|      0|       1|      5|    0|
+-----------------+---------+-------+--------+-------+-----+

+ Detail: 
    * Instance: 
    N/A

    * DSP48E: 
    N/A

    * Memory: 
    N/A

    * FIFO: 
    N/A

    * Expression: 
    +---------------------------+----------+-------+---+----+------------+------------+
    |       Variable Name       | Operation| DSP48E| FF| LUT| Bitwidth P0| Bitwidth P1|
    +---------------------------+----------+-------+---+----+------------+------------+
    |icmp_ln1494_10_fu_1048_p2  |   icmp   |      0|  0|  13|          16|           1|
    |icmp_ln1494_11_fu_1070_p2  |   icmp   |      0|  0|  13|          16|           1|
    |icmp_ln1494_12_fu_1092_p2  |   icmp   |      0|  0|  13|          16|           1|
    |icmp_ln1494_13_fu_1114_p2  |   icmp   |      0|  0|  13|          16|           1|
    |icmp_ln1494_14_fu_1136_p2  |   icmp   |      0|  0|  13|          16|           1|
    |icmp_ln1494_15_fu_1158_p2  |   icmp   |      0|  0|  13|          16|           1|
    |icmp_ln1494_16_fu_1180_p2  |   icmp   |      0|  0|  13|          16|           1|
    |icmp_ln1494_17_fu_1202_p2  |   icmp   |      0|  0|  13|          16|           1|
    |icmp_ln1494_18_fu_1224_p2  |   icmp   |      0|  0|  13|          16|           1|
    |icmp_ln1494_19_fu_1246_p2  |   icmp   |      0|  0|  13|          16|           1|
    |icmp_ln1494_1_fu_850_p2    |   icmp   |      0|  0|  13|          16|           1|
    |icmp_ln1494_20_fu_1268_p2  |   icmp   |      0|  0|  13|          16|           1|
    |icmp_ln1494_21_fu_1290_p2  |   icmp   |      0|  0|  13|          16|           1|
    |icmp_ln1494_22_fu_1312_p2  |   icmp   |      0|  0|  13|          16|           1|
    |icmp_ln1494_23_fu_1334_p2  |   icmp   |      0|  0|  13|          16|           1|
    |icmp_ln1494_24_fu_1356_p2  |   icmp   |      0|  0|  13|          16|           1|
    |icmp_ln1494_25_fu_1378_p2  |   icmp   |      0|  0|  13|          16|           1|
    |icmp_ln1494_26_fu_1400_p2  |   icmp   |      0|  0|  13|          16|           1|
    |icmp_ln1494_27_fu_1422_p2  |   icmp   |      0|  0|  13|          16|           1|
    |icmp_ln1494_28_fu_1444_p2  |   icmp   |      0|  0|  13|          16|           1|
    |icmp_ln1494_29_fu_1466_p2  |   icmp   |      0|  0|  13|          16|           1|
    |icmp_ln1494_2_fu_872_p2    |   icmp   |      0|  0|  13|          16|           1|
    |icmp_ln1494_30_fu_1488_p2  |   icmp   |      0|  0|  13|          16|           1|
    |icmp_ln1494_31_fu_1510_p2  |   icmp   |      0|  0|  13|          16|           1|
    |icmp_ln1494_32_fu_1532_p2  |   icmp   |      0|  0|  13|          16|           1|
    |icmp_ln1494_33_fu_1554_p2  |   icmp   |      0|  0|  13|          16|           1|
    |icmp_ln1494_34_fu_1576_p2  |   icmp   |      0|  0|  13|          16|           1|
    |icmp_ln1494_35_fu_1598_p2  |   icmp   |      0|  0|  13|          16|           1|
    |icmp_ln1494_36_fu_1620_p2  |   icmp   |      0|  0|  13|          16|           1|
    |icmp_ln1494_37_fu_1642_p2  |   icmp   |      0|  0|  13|          16|           1|
    |icmp_ln1494_38_fu_1664_p2  |   icmp   |      0|  0|  13|          16|           1|
    |icmp_ln1494_39_fu_1686_p2  |   icmp   |      0|  0|  13|          16|           1|
    |icmp_ln1494_3_fu_894_p2    |   icmp   |      0|  0|  13|          16|           1|
    |icmp_ln1494_40_fu_1708_p2  |   icmp   |      0|  0|  13|          16|           1|
    |icmp_ln1494_41_fu_1730_p2  |   icmp   |      0|  0|  13|          16|           1|
    |icmp_ln1494_42_fu_1752_p2  |   icmp   |      0|  0|  13|          16|           1|
    |icmp_ln1494_43_fu_1774_p2  |   icmp   |      0|  0|  13|          16|           1|
    |icmp_ln1494_44_fu_1796_p2  |   icmp   |      0|  0|  13|          16|           1|
    |icmp_ln1494_45_fu_1818_p2  |   icmp   |      0|  0|  13|          16|           1|
    |icmp_ln1494_46_fu_1840_p2  |   icmp   |      0|  0|  13|          16|           1|
    |icmp_ln1494_47_fu_1862_p2  |   icmp   |      0|  0|  13|          16|           1|
    |icmp_ln1494_48_fu_1884_p2  |   icmp   |      0|  0|  13|          16|           1|
    |icmp_ln1494_49_fu_1906_p2  |   icmp   |      0|  0|  13|          16|           1|
    |icmp_ln1494_4_fu_916_p2    |   icmp   |      0|  0|  13|          16|           1|
    |icmp_ln1494_50_fu_1928_p2  |   icmp   |      0|  0|  13|          16|           1|
    |icmp_ln1494_51_fu_1950_p2  |   icmp   |      0|  0|  13|          16|           1|
    |icmp_ln1494_52_fu_1972_p2  |   icmp   |      0|  0|  13|          16|           1|
    |icmp_ln1494_53_fu_1994_p2  |   icmp   |      0|  0|  13|          16|           1|
    |icmp_ln1494_54_fu_2016_p2  |   icmp   |      0|  0|  13|          16|           1|
    |icmp_ln1494_55_fu_2038_p2  |   icmp   |      0|  0|  13|          16|           1|
    |icmp_ln1494_56_fu_2060_p2  |   icmp   |      0|  0|  13|          16|           1|
    |icmp_ln1494_57_fu_2082_p2  |   icmp   |      0|  0|  13|          16|           1|
    |icmp_ln1494_58_fu_2104_p2  |   icmp   |      0|  0|  13|          16|           1|
    |icmp_ln1494_59_fu_2126_p2  |   icmp   |      0|  0|  13|          16|           1|
    |icmp_ln1494_5_fu_938_p2    |   icmp   |      0|  0|  13|          16|           1|
    |icmp_ln1494_60_fu_2148_p2  |   icmp   |      0|  0|  13|          16|           1|
    |icmp_ln1494_61_fu_2170_p2  |   icmp   |      0|  0|  13|          16|           1|
    |icmp_ln1494_62_fu_2192_p2  |   icmp   |      0|  0|  13|          16|           1|
    |icmp_ln1494_63_fu_2214_p2  |   icmp   |      0|  0|  13|          16|           1|
    |icmp_ln1494_64_fu_2236_p2  |   icmp   |      0|  0|  13|          16|           1|
    |icmp_ln1494_65_fu_2258_p2  |   icmp   |      0|  0|  13|          16|           1|
    |icmp_ln1494_66_fu_2280_p2  |   icmp   |      0|  0|  13|          16|           1|
    |icmp_ln1494_67_fu_2302_p2  |   icmp   |      0|  0|  13|          16|           1|
    |icmp_ln1494_68_fu_2324_p2  |   icmp   |      0|  0|  13|          16|           1|
    |icmp_ln1494_69_fu_2346_p2  |   icmp   |      0|  0|  13|          16|           1|
    |icmp_ln1494_6_fu_960_p2    |   icmp   |      0|  0|  13|          16|           1|
    |icmp_ln1494_70_fu_2368_p2  |   icmp   |      0|  0|  13|          16|           1|
    |icmp_ln1494_71_fu_2390_p2  |   icmp   |      0|  0|  13|          16|           1|
    |icmp_ln1494_72_fu_2412_p2  |   icmp   |      0|  0|  13|          16|           1|
    |icmp_ln1494_73_fu_2434_p2  |   icmp   |      0|  0|  13|          16|           1|
    |icmp_ln1494_74_fu_2456_p2  |   icmp   |      0|  0|  13|          16|           1|
    |icmp_ln1494_75_fu_2478_p2  |   icmp   |      0|  0|  13|          16|           1|
    |icmp_ln1494_76_fu_2500_p2  |   icmp   |      0|  0|  13|          16|           1|
    |icmp_ln1494_77_fu_2522_p2  |   icmp   |      0|  0|  13|          16|           1|
    |icmp_ln1494_78_fu_2544_p2  |   icmp   |      0|  0|  13|          16|           1|
    |icmp_ln1494_79_fu_2566_p2  |   icmp   |      0|  0|  13|          16|           1|
    |icmp_ln1494_7_fu_982_p2    |   icmp   |      0|  0|  13|          16|           1|
    |icmp_ln1494_80_fu_2588_p2  |   icmp   |      0|  0|  13|          16|           1|
    |icmp_ln1494_81_fu_2610_p2  |   icmp   |      0|  0|  13|          16|           1|
    |icmp_ln1494_82_fu_2632_p2  |   icmp   |      0|  0|  13|          16|           1|
    |icmp_ln1494_83_fu_2654_p2  |   icmp   |      0|  0|  13|          16|           1|
    |icmp_ln1494_84_fu_2676_p2  |   icmp   |      0|  0|  13|          16|           1|
    |icmp_ln1494_85_fu_2698_p2  |   icmp   |      0|  0|  13|          16|           1|
    |icmp_ln1494_86_fu_2720_p2  |   icmp   |      0|  0|  13|          16|           1|
    |icmp_ln1494_87_fu_2742_p2  |   icmp   |      0|  0|  13|          16|           1|
    |icmp_ln1494_88_fu_2764_p2  |   icmp   |      0|  0|  13|          16|           1|
    |icmp_ln1494_89_fu_2786_p2  |   icmp   |      0|  0|  13|          16|           1|
    |icmp_ln1494_8_fu_1004_p2   |   icmp   |      0|  0|  13|          16|           1|
    |icmp_ln1494_90_fu_2808_p2  |   icmp   |      0|  0|  13|          16|           1|
    |icmp_ln1494_91_fu_2830_p2  |   icmp   |      0|  0|  13|          16|           1|
    |icmp_ln1494_92_fu_2852_p2  |   icmp   |      0|  0|  13|          16|           1|
    |icmp_ln1494_93_fu_2874_p2  |   icmp   |      0|  0|  13|          16|           1|
    |icmp_ln1494_94_fu_2896_p2  |   icmp   |      0|  0|  13|          16|           1|
    |icmp_ln1494_95_fu_2918_p2  |   icmp   |      0|  0|  13|          16|           1|
    |icmp_ln1494_96_fu_2940_p2  |   icmp   |      0|  0|  13|          16|           1|
    |icmp_ln1494_97_fu_2962_p2  |   icmp   |      0|  0|  13|          16|           1|
    |icmp_ln1494_98_fu_2984_p2  |   icmp   |      0|  0|  13|          16|           1|
    |icmp_ln1494_99_fu_3006_p2  |   icmp   |      0|  0|  13|          16|           1|
    |icmp_ln1494_9_fu_1026_p2   |   icmp   |      0|  0|  13|          16|           1|
    |icmp_ln1494_fu_828_p2      |   icmp   |      0|  0|  13|          16|           1|
    |ap_block_state1            |    or    |      0|  0|   2|           1|           1|
    |select_ln81_10_fu_1054_p3  |  select  |      0|  0|  15|           1|          15|
    |select_ln81_11_fu_1076_p3  |  select  |      0|  0|  15|           1|          15|
    |select_ln81_12_fu_1098_p3  |  select  |      0|  0|  15|           1|          15|
    |select_ln81_13_fu_1120_p3  |  select  |      0|  0|  15|           1|          15|
    |select_ln81_14_fu_1142_p3  |  select  |      0|  0|  15|           1|          15|
    |select_ln81_15_fu_1164_p3  |  select  |      0|  0|  15|           1|          15|
    |select_ln81_16_fu_1186_p3  |  select  |      0|  0|  15|           1|          15|
    |select_ln81_17_fu_1208_p3  |  select  |      0|  0|  15|           1|          15|
    |select_ln81_18_fu_1230_p3  |  select  |      0|  0|  15|           1|          15|
    |select_ln81_19_fu_1252_p3  |  select  |      0|  0|  15|           1|          15|
    |select_ln81_1_fu_856_p3    |  select  |      0|  0|  15|           1|          15|
    |select_ln81_20_fu_1274_p3  |  select  |      0|  0|  15|           1|          15|
    |select_ln81_21_fu_1296_p3  |  select  |      0|  0|  15|           1|          15|
    |select_ln81_22_fu_1318_p3  |  select  |      0|  0|  15|           1|          15|
    |select_ln81_23_fu_1340_p3  |  select  |      0|  0|  15|           1|          15|
    |select_ln81_24_fu_1362_p3  |  select  |      0|  0|  15|           1|          15|
    |select_ln81_25_fu_1384_p3  |  select  |      0|  0|  15|           1|          15|
    |select_ln81_26_fu_1406_p3  |  select  |      0|  0|  15|           1|          15|
    |select_ln81_27_fu_1428_p3  |  select  |      0|  0|  15|           1|          15|
    |select_ln81_28_fu_1450_p3  |  select  |      0|  0|  15|           1|          15|
    |select_ln81_29_fu_1472_p3  |  select  |      0|  0|  15|           1|          15|
    |select_ln81_2_fu_878_p3    |  select  |      0|  0|  15|           1|          15|
    |select_ln81_30_fu_1494_p3  |  select  |      0|  0|  15|           1|          15|
    |select_ln81_31_fu_1516_p3  |  select  |      0|  0|  15|           1|          15|
    |select_ln81_32_fu_1538_p3  |  select  |      0|  0|  15|           1|          15|
    |select_ln81_33_fu_1560_p3  |  select  |      0|  0|  15|           1|          15|
    |select_ln81_34_fu_1582_p3  |  select  |      0|  0|  15|           1|          15|
    |select_ln81_35_fu_1604_p3  |  select  |      0|  0|  15|           1|          15|
    |select_ln81_36_fu_1626_p3  |  select  |      0|  0|  15|           1|          15|
    |select_ln81_37_fu_1648_p3  |  select  |      0|  0|  15|           1|          15|
    |select_ln81_38_fu_1670_p3  |  select  |      0|  0|  15|           1|          15|
    |select_ln81_39_fu_1692_p3  |  select  |      0|  0|  15|           1|          15|
    |select_ln81_3_fu_900_p3    |  select  |      0|  0|  15|           1|          15|
    |select_ln81_40_fu_1714_p3  |  select  |      0|  0|  15|           1|          15|
    |select_ln81_41_fu_1736_p3  |  select  |      0|  0|  15|           1|          15|
    |select_ln81_42_fu_1758_p3  |  select  |      0|  0|  15|           1|          15|
    |select_ln81_43_fu_1780_p3  |  select  |      0|  0|  15|           1|          15|
    |select_ln81_44_fu_1802_p3  |  select  |      0|  0|  15|           1|          15|
    |select_ln81_45_fu_1824_p3  |  select  |      0|  0|  15|           1|          15|
    |select_ln81_46_fu_1846_p3  |  select  |      0|  0|  15|           1|          15|
    |select_ln81_47_fu_1868_p3  |  select  |      0|  0|  15|           1|          15|
    |select_ln81_48_fu_1890_p3  |  select  |      0|  0|  15|           1|          15|
    |select_ln81_49_fu_1912_p3  |  select  |      0|  0|  15|           1|          15|
    |select_ln81_4_fu_922_p3    |  select  |      0|  0|  15|           1|          15|
    |select_ln81_50_fu_1934_p3  |  select  |      0|  0|  15|           1|          15|
    |select_ln81_51_fu_1956_p3  |  select  |      0|  0|  15|           1|          15|
    |select_ln81_52_fu_1978_p3  |  select  |      0|  0|  15|           1|          15|
    |select_ln81_53_fu_2000_p3  |  select  |      0|  0|  15|           1|          15|
    |select_ln81_54_fu_2022_p3  |  select  |      0|  0|  15|           1|          15|
    |select_ln81_55_fu_2044_p3  |  select  |      0|  0|  15|           1|          15|
    |select_ln81_56_fu_2066_p3  |  select  |      0|  0|  15|           1|          15|
    |select_ln81_57_fu_2088_p3  |  select  |      0|  0|  15|           1|          15|
    |select_ln81_58_fu_2110_p3  |  select  |      0|  0|  15|           1|          15|
    |select_ln81_59_fu_2132_p3  |  select  |      0|  0|  15|           1|          15|
    |select_ln81_5_fu_944_p3    |  select  |      0|  0|  15|           1|          15|
    |select_ln81_60_fu_2154_p3  |  select  |      0|  0|  15|           1|          15|
    |select_ln81_61_fu_2176_p3  |  select  |      0|  0|  15|           1|          15|
    |select_ln81_62_fu_2198_p3  |  select  |      0|  0|  15|           1|          15|
    |select_ln81_63_fu_2220_p3  |  select  |      0|  0|  15|           1|          15|
    |select_ln81_64_fu_2242_p3  |  select  |      0|  0|  15|           1|          15|
    |select_ln81_65_fu_2264_p3  |  select  |      0|  0|  15|           1|          15|
    |select_ln81_66_fu_2286_p3  |  select  |      0|  0|  15|           1|          15|
    |select_ln81_67_fu_2308_p3  |  select  |      0|  0|  15|           1|          15|
    |select_ln81_68_fu_2330_p3  |  select  |      0|  0|  15|           1|          15|
    |select_ln81_69_fu_2352_p3  |  select  |      0|  0|  15|           1|          15|
    |select_ln81_6_fu_966_p3    |  select  |      0|  0|  15|           1|          15|
    |select_ln81_70_fu_2374_p3  |  select  |      0|  0|  15|           1|          15|
    |select_ln81_71_fu_2396_p3  |  select  |      0|  0|  15|           1|          15|
    |select_ln81_72_fu_2418_p3  |  select  |      0|  0|  15|           1|          15|
    |select_ln81_73_fu_2440_p3  |  select  |      0|  0|  15|           1|          15|
    |select_ln81_74_fu_2462_p3  |  select  |      0|  0|  15|           1|          15|
    |select_ln81_75_fu_2484_p3  |  select  |      0|  0|  15|           1|          15|
    |select_ln81_76_fu_2506_p3  |  select  |      0|  0|  15|           1|          15|
    |select_ln81_77_fu_2528_p3  |  select  |      0|  0|  15|           1|          15|
    |select_ln81_78_fu_2550_p3  |  select  |      0|  0|  15|           1|          15|
    |select_ln81_79_fu_2572_p3  |  select  |      0|  0|  15|           1|          15|
    |select_ln81_7_fu_988_p3    |  select  |      0|  0|  15|           1|          15|
    |select_ln81_80_fu_2594_p3  |  select  |      0|  0|  15|           1|          15|
    |select_ln81_81_fu_2616_p3  |  select  |      0|  0|  15|           1|          15|
    |select_ln81_82_fu_2638_p3  |  select  |      0|  0|  15|           1|          15|
    |select_ln81_83_fu_2660_p3  |  select  |      0|  0|  15|           1|          15|
    |select_ln81_84_fu_2682_p3  |  select  |      0|  0|  15|           1|          15|
    |select_ln81_85_fu_2704_p3  |  select  |      0|  0|  15|           1|          15|
    |select_ln81_86_fu_2726_p3  |  select  |      0|  0|  15|           1|          15|
    |select_ln81_87_fu_2748_p3  |  select  |      0|  0|  15|           1|          15|
    |select_ln81_88_fu_2770_p3  |  select  |      0|  0|  15|           1|          15|
    |select_ln81_89_fu_2792_p3  |  select  |      0|  0|  15|           1|          15|
    |select_ln81_8_fu_1010_p3   |  select  |      0|  0|  15|           1|          15|
    |select_ln81_90_fu_2814_p3  |  select  |      0|  0|  15|           1|          15|
    |select_ln81_91_fu_2836_p3  |  select  |      0|  0|  15|           1|          15|
    |select_ln81_92_fu_2858_p3  |  select  |      0|  0|  15|           1|          15|
    |select_ln81_93_fu_2880_p3  |  select  |      0|  0|  15|           1|          15|
    |select_ln81_94_fu_2902_p3  |  select  |      0|  0|  15|           1|          15|
    |select_ln81_95_fu_2924_p3  |  select  |      0|  0|  15|           1|          15|
    |select_ln81_96_fu_2946_p3  |  select  |      0|  0|  15|           1|          15|
    |select_ln81_97_fu_2968_p3  |  select  |      0|  0|  15|           1|          15|
    |select_ln81_98_fu_2990_p3  |  select  |      0|  0|  15|           1|          15|
    |select_ln81_99_fu_3012_p3  |  select  |      0|  0|  15|           1|          15|
    |select_ln81_9_fu_1032_p3   |  select  |      0|  0|  15|           1|          15|
    |select_ln81_fu_834_p3      |  select  |      0|  0|  15|           1|          15|
    +---------------------------+----------+-------+---+----+------------+------------+
    |Total                      |          |      0|  0|2802|        1701|        1601|
    +---------------------------+----------+-------+---+----+------------+------------+

    * Multiplexer: 
    +--------------+----+-----------+-----+-----------+
    |     Name     | LUT| Input Size| Bits| Total Bits|
    +--------------+----+-----------+-----+-----------+
    |ap_done       |   9|          2|    1|          2|
    |ap_return_0   |   9|          2|   15|         30|
    |ap_return_1   |   9|          2|   15|         30|
    |ap_return_10  |   9|          2|   15|         30|
    |ap_return_11  |   9|          2|   15|         30|
    |ap_return_12  |   9|          2|   15|         30|
    |ap_return_13  |   9|          2|   15|         30|
    |ap_return_14  |   9|          2|   15|         30|
    |ap_return_15  |   9|          2|   15|         30|
    |ap_return_16  |   9|          2|   15|         30|
    |ap_return_17  |   9|          2|   15|         30|
    |ap_return_18  |   9|          2|   15|         30|
    |ap_return_19  |   9|          2|   15|         30|
    |ap_return_2   |   9|          2|   15|         30|
    |ap_return_20  |   9|          2|   15|         30|
    |ap_return_21  |   9|          2|   15|         30|
    |ap_return_22  |   9|          2|   15|         30|
    |ap_return_23  |   9|          2|   15|         30|
    |ap_return_24  |   9|          2|   15|         30|
    |ap_return_25  |   9|          2|   15|         30|
    |ap_return_26  |   9|          2|   15|         30|
    |ap_return_27  |   9|          2|   15|         30|
    |ap_return_28  |   9|          2|   15|         30|
    |ap_return_29  |   9|          2|   15|         30|
    |ap_return_3   |   9|          2|   15|         30|
    |ap_return_30  |   9|          2|   15|         30|
    |ap_return_31  |   9|          2|   15|         30|
    |ap_return_32  |   9|          2|   15|         30|
    |ap_return_33  |   9|          2|   15|         30|
    |ap_return_34  |   9|          2|   15|         30|
    |ap_return_35  |   9|          2|   15|         30|
    |ap_return_36  |   9|          2|   15|         30|
    |ap_return_37  |   9|          2|   15|         30|
    |ap_return_38  |   9|          2|   15|         30|
    |ap_return_39  |   9|          2|   15|         30|
    |ap_return_4   |   9|          2|   15|         30|
    |ap_return_40  |   9|          2|   15|         30|
    |ap_return_41  |   9|          2|   15|         30|
    |ap_return_42  |   9|          2|   15|         30|
    |ap_return_43  |   9|          2|   15|         30|
    |ap_return_44  |   9|          2|   15|         30|
    |ap_return_45  |   9|          2|   15|         30|
    |ap_return_46  |   9|          2|   15|         30|
    |ap_return_47  |   9|          2|   15|         30|
    |ap_return_48  |   9|          2|   15|         30|
    |ap_return_49  |   9|          2|   15|         30|
    |ap_return_5   |   9|          2|   15|         30|
    |ap_return_50  |   9|          2|   15|         30|
    |ap_return_51  |   9|          2|   15|         30|
    |ap_return_52  |   9|          2|   15|         30|
    |ap_return_53  |   9|          2|   15|         30|
    |ap_return_54  |   9|          2|   15|         30|
    |ap_return_55  |   9|          2|   15|         30|
    |ap_return_56  |   9|          2|   15|         30|
    |ap_return_57  |   9|          2|   15|         30|
    |ap_return_58  |   9|          2|   15|         30|
    |ap_return_59  |   9|          2|   15|         30|
    |ap_return_6   |   9|          2|   15|         30|
    |ap_return_60  |   9|          2|   15|         30|
    |ap_return_61  |   9|          2|   15|         30|
    |ap_return_62  |   9|          2|   15|         30|
    |ap_return_63  |   9|          2|   15|         30|
    |ap_return_64  |   9|          2|   15|         30|
    |ap_return_65  |   9|          2|   15|         30|
    |ap_return_66  |   9|          2|   15|         30|
    |ap_return_67  |   9|          2|   15|         30|
    |ap_return_68  |   9|          2|   15|         30|
    |ap_return_69  |   9|          2|   15|         30|
    |ap_return_7   |   9|          2|   15|         30|
    |ap_return_70  |   9|          2|   15|         30|
    |ap_return_71  |   9|          2|   15|         30|
    |ap_return_72  |   9|          2|   15|         30|
    |ap_return_73  |   9|          2|   15|         30|
    |ap_return_74  |   9|          2|   15|         30|
    |ap_return_75  |   9|          2|   15|         30|
    |ap_return_76  |   9|          2|   15|         30|
    |ap_return_77  |   9|          2|   15|         30|
    |ap_return_78  |   9|          2|   15|         30|
    |ap_return_79  |   9|          2|   15|         30|
    |ap_return_8   |   9|          2|   15|         30|
    |ap_return_80  |   9|          2|   15|         30|
    |ap_return_81  |   9|          2|   15|         30|
    |ap_return_82  |   9|          2|   15|         30|
    |ap_return_83  |   9|          2|   15|         30|
    |ap_return_84  |   9|          2|   15|         30|
    |ap_return_85  |   9|          2|   15|         30|
    |ap_return_86  |   9|          2|   15|         30|
    |ap_return_87  |   9|          2|   15|         30|
    |ap_return_88  |   9|          2|   15|         30|
    |ap_return_89  |   9|          2|   15|         30|
    |ap_return_9   |   9|          2|   15|         30|
    |ap_return_90  |   9|          2|   15|         30|
    |ap_return_91  |   9|          2|   15|         30|
    |ap_return_92  |   9|          2|   15|         30|
    |ap_return_93  |   9|          2|   15|         30|
    |ap_return_94  |   9|          2|   15|         30|
    |ap_return_95  |   9|          2|   15|         30|
    |ap_return_96  |   9|          2|   15|         30|
    |ap_return_97  |   9|          2|   15|         30|
    |ap_return_98  |   9|          2|   15|         30|
    |ap_return_99  |   9|          2|   15|         30|
    +--------------+----+-----------+-----+-----------+
    |Total         | 909|        202| 1501|       3002|
    +--------------+----+-----------+-----+-----------+

    * Register: 
    +-------------------+----+----+-----+-----------+
    |        Name       | FF | LUT| Bits| Const Bits|
    +-------------------+----+----+-----+-----------+
    |ap_CS_fsm          |   1|   0|    1|          0|
    |ap_done_reg        |   1|   0|    1|          0|
    |ap_return_0_preg   |  15|   0|   16|          1|
    |ap_return_10_preg  |  15|   0|   16|          1|
    |ap_return_11_preg  |  15|   0|   16|          1|
    |ap_return_12_preg  |  15|   0|   16|          1|
    |ap_return_13_preg  |  15|   0|   16|          1|
    |ap_return_14_preg  |  15|   0|   16|          1|
    |ap_return_15_preg  |  15|   0|   16|          1|
    |ap_return_16_preg  |  15|   0|   16|          1|
    |ap_return_17_preg  |  15|   0|   16|          1|
    |ap_return_18_preg  |  15|   0|   16|          1|
    |ap_return_19_preg  |  15|   0|   16|          1|
    |ap_return_1_preg   |  15|   0|   16|          1|
    |ap_return_20_preg  |  15|   0|   16|          1|
    |ap_return_21_preg  |  15|   0|   16|          1|
    |ap_return_22_preg  |  15|   0|   16|          1|
    |ap_return_23_preg  |  15|   0|   16|          1|
    |ap_return_24_preg  |  15|   0|   16|          1|
    |ap_return_25_preg  |  15|   0|   16|          1|
    |ap_return_26_preg  |  15|   0|   16|          1|
    |ap_return_27_preg  |  15|   0|   16|          1|
    |ap_return_28_preg  |  15|   0|   16|          1|
    |ap_return_29_preg  |  15|   0|   16|          1|
    |ap_return_2_preg   |  15|   0|   16|          1|
    |ap_return_30_preg  |  15|   0|   16|          1|
    |ap_return_31_preg  |  15|   0|   16|          1|
    |ap_return_32_preg  |  15|   0|   16|          1|
    |ap_return_33_preg  |  15|   0|   16|          1|
    |ap_return_34_preg  |  15|   0|   16|          1|
    |ap_return_35_preg  |  15|   0|   16|          1|
    |ap_return_36_preg  |  15|   0|   16|          1|
    |ap_return_37_preg  |  15|   0|   16|          1|
    |ap_return_38_preg  |  15|   0|   16|          1|
    |ap_return_39_preg  |  15|   0|   16|          1|
    |ap_return_3_preg   |  15|   0|   16|          1|
    |ap_return_40_preg  |  15|   0|   16|          1|
    |ap_return_41_preg  |  15|   0|   16|          1|
    |ap_return_42_preg  |  15|   0|   16|          1|
    |ap_return_43_preg  |  15|   0|   16|          1|
    |ap_return_44_preg  |  15|   0|   16|          1|
    |ap_return_45_preg  |  15|   0|   16|          1|
    |ap_return_46_preg  |  15|   0|   16|          1|
    |ap_return_47_preg  |  15|   0|   16|          1|
    |ap_return_48_preg  |  15|   0|   16|          1|
    |ap_return_49_preg  |  15|   0|   16|          1|
    |ap_return_4_preg   |  15|   0|   16|          1|
    |ap_return_50_preg  |  15|   0|   16|          1|
    |ap_return_51_preg  |  15|   0|   16|          1|
    |ap_return_52_preg  |  15|   0|   16|          1|
    |ap_return_53_preg  |  15|   0|   16|          1|
    |ap_return_54_preg  |  15|   0|   16|          1|
    |ap_return_55_preg  |  15|   0|   16|          1|
    |ap_return_56_preg  |  15|   0|   16|          1|
    |ap_return_57_preg  |  15|   0|   16|          1|
    |ap_return_58_preg  |  15|   0|   16|          1|
    |ap_return_59_preg  |  15|   0|   16|          1|
    |ap_return_5_preg   |  15|   0|   16|          1|
    |ap_return_60_preg  |  15|   0|   16|          1|
    |ap_return_61_preg  |  15|   0|   16|          1|
    |ap_return_62_preg  |  15|   0|   16|          1|
    |ap_return_63_preg  |  15|   0|   16|          1|
    |ap_return_64_preg  |  15|   0|   16|          1|
    |ap_return_65_preg  |  15|   0|   16|          1|
    |ap_return_66_preg  |  15|   0|   16|          1|
    |ap_return_67_preg  |  15|   0|   16|          1|
    |ap_return_68_preg  |  15|   0|   16|          1|
    |ap_return_69_preg  |  15|   0|   16|          1|
    |ap_return_6_preg   |  15|   0|   16|          1|
    |ap_return_70_preg  |  15|   0|   16|          1|
    |ap_return_71_preg  |  15|   0|   16|          1|
    |ap_return_72_preg  |  15|   0|   16|          1|
    |ap_return_73_preg  |  15|   0|   16|          1|
    |ap_return_74_preg  |  15|   0|   16|          1|
    |ap_return_75_preg  |  15|   0|   16|          1|
    |ap_return_76_preg  |  15|   0|   16|          1|
    |ap_return_77_preg  |  15|   0|   16|          1|
    |ap_return_78_preg  |  15|   0|   16|          1|
    |ap_return_79_preg  |  15|   0|   16|          1|
    |ap_return_7_preg   |  15|   0|   16|          1|
    |ap_return_80_preg  |  15|   0|   16|          1|
    |ap_return_81_preg  |  15|   0|   16|          1|
    |ap_return_82_preg  |  15|   0|   16|          1|
    |ap_return_83_preg  |  15|   0|   16|          1|
    |ap_return_84_preg  |  15|   0|   16|          1|
    |ap_return_85_preg  |  15|   0|   16|          1|
    |ap_return_86_preg  |  15|   0|   16|          1|
    |ap_return_87_preg  |  15|   0|   16|          1|
    |ap_return_88_preg  |  15|   0|   16|          1|
    |ap_return_89_preg  |  15|   0|   16|          1|
    |ap_return_8_preg   |  15|   0|   16|          1|
    |ap_return_90_preg  |  15|   0|   16|          1|
    |ap_return_91_preg  |  15|   0|   16|          1|
    |ap_return_92_preg  |  15|   0|   16|          1|
    |ap_return_93_preg  |  15|   0|   16|          1|
    |ap_return_94_preg  |  15|   0|   16|          1|
    |ap_return_95_preg  |  15|   0|   16|          1|
    |ap_return_96_preg  |  15|   0|   16|          1|
    |ap_return_97_preg  |  15|   0|   16|          1|
    |ap_return_98_preg  |  15|   0|   16|          1|
    |ap_return_99_preg  |  15|   0|   16|          1|
    |ap_return_9_preg   |  15|   0|   16|          1|
    +-------------------+----+----+-----+-----------+
    |Total              |1502|   0| 1602|        100|
    +-------------------+----+----+-----+-----------+



================================================================
== Interface
================================================================
* Summary: 
+----------------+-----+-----+------------+--------------------------------------------------+--------------+
|    RTL Ports   | Dir | Bits|  Protocol  |                   Source Object                  |    C Type    |
+----------------+-----+-----+------------+--------------------------------------------------+--------------+
|ap_clk          |  in |    1| ap_ctrl_hs | relu<ap_fixed,ap_fixed<16,6,5,3,0>,relu_config7> | return value |
|ap_rst          |  in |    1| ap_ctrl_hs | relu<ap_fixed,ap_fixed<16,6,5,3,0>,relu_config7> | return value |
|ap_start        |  in |    1| ap_ctrl_hs | relu<ap_fixed,ap_fixed<16,6,5,3,0>,relu_config7> | return value |
|ap_done         | out |    1| ap_ctrl_hs | relu<ap_fixed,ap_fixed<16,6,5,3,0>,relu_config7> | return value |
|ap_continue     |  in |    1| ap_ctrl_hs | relu<ap_fixed,ap_fixed<16,6,5,3,0>,relu_config7> | return value |
|ap_idle         | out |    1| ap_ctrl_hs | relu<ap_fixed,ap_fixed<16,6,5,3,0>,relu_config7> | return value |
|ap_ready        | out |    1| ap_ctrl_hs | relu<ap_fixed,ap_fixed<16,6,5,3,0>,relu_config7> | return value |
|ap_return_0     | out |   16| ap_ctrl_hs | relu<ap_fixed,ap_fixed<16,6,5,3,0>,relu_config7> | return value |
|ap_return_1     | out |   16| ap_ctrl_hs | relu<ap_fixed,ap_fixed<16,6,5,3,0>,relu_config7> | return value |
|ap_return_2     | out |   16| ap_ctrl_hs | relu<ap_fixed,ap_fixed<16,6,5,3,0>,relu_config7> | return value |
|ap_return_3     | out |   16| ap_ctrl_hs | relu<ap_fixed,ap_fixed<16,6,5,3,0>,relu_config7> | return value |
|ap_return_4     | out |   16| ap_ctrl_hs | relu<ap_fixed,ap_fixed<16,6,5,3,0>,relu_config7> | return value |
|ap_return_5     | out |   16| ap_ctrl_hs | relu<ap_fixed,ap_fixed<16,6,5,3,0>,relu_config7> | return value |
|ap_return_6     | out |   16| ap_ctrl_hs | relu<ap_fixed,ap_fixed<16,6,5,3,0>,relu_config7> | return value |
|ap_return_7     | out |   16| ap_ctrl_hs | relu<ap_fixed,ap_fixed<16,6,5,3,0>,relu_config7> | return value |
|ap_return_8     | out |   16| ap_ctrl_hs | relu<ap_fixed,ap_fixed<16,6,5,3,0>,relu_config7> | return value |
|ap_return_9     | out |   16| ap_ctrl_hs | relu<ap_fixed,ap_fixed<16,6,5,3,0>,relu_config7> | return value |
|ap_return_10    | out |   16| ap_ctrl_hs | relu<ap_fixed,ap_fixed<16,6,5,3,0>,relu_config7> | return value |
|ap_return_11    | out |   16| ap_ctrl_hs | relu<ap_fixed,ap_fixed<16,6,5,3,0>,relu_config7> | return value |
|ap_return_12    | out |   16| ap_ctrl_hs | relu<ap_fixed,ap_fixed<16,6,5,3,0>,relu_config7> | return value |
|ap_return_13    | out |   16| ap_ctrl_hs | relu<ap_fixed,ap_fixed<16,6,5,3,0>,relu_config7> | return value |
|ap_return_14    | out |   16| ap_ctrl_hs | relu<ap_fixed,ap_fixed<16,6,5,3,0>,relu_config7> | return value |
|ap_return_15    | out |   16| ap_ctrl_hs | relu<ap_fixed,ap_fixed<16,6,5,3,0>,relu_config7> | return value |
|ap_return_16    | out |   16| ap_ctrl_hs | relu<ap_fixed,ap_fixed<16,6,5,3,0>,relu_config7> | return value |
|ap_return_17    | out |   16| ap_ctrl_hs | relu<ap_fixed,ap_fixed<16,6,5,3,0>,relu_config7> | return value |
|ap_return_18    | out |   16| ap_ctrl_hs | relu<ap_fixed,ap_fixed<16,6,5,3,0>,relu_config7> | return value |
|ap_return_19    | out |   16| ap_ctrl_hs | relu<ap_fixed,ap_fixed<16,6,5,3,0>,relu_config7> | return value |
|ap_return_20    | out |   16| ap_ctrl_hs | relu<ap_fixed,ap_fixed<16,6,5,3,0>,relu_config7> | return value |
|ap_return_21    | out |   16| ap_ctrl_hs | relu<ap_fixed,ap_fixed<16,6,5,3,0>,relu_config7> | return value |
|ap_return_22    | out |   16| ap_ctrl_hs | relu<ap_fixed,ap_fixed<16,6,5,3,0>,relu_config7> | return value |
|ap_return_23    | out |   16| ap_ctrl_hs | relu<ap_fixed,ap_fixed<16,6,5,3,0>,relu_config7> | return value |
|ap_return_24    | out |   16| ap_ctrl_hs | relu<ap_fixed,ap_fixed<16,6,5,3,0>,relu_config7> | return value |
|ap_return_25    | out |   16| ap_ctrl_hs | relu<ap_fixed,ap_fixed<16,6,5,3,0>,relu_config7> | return value |
|ap_return_26    | out |   16| ap_ctrl_hs | relu<ap_fixed,ap_fixed<16,6,5,3,0>,relu_config7> | return value |
|ap_return_27    | out |   16| ap_ctrl_hs | relu<ap_fixed,ap_fixed<16,6,5,3,0>,relu_config7> | return value |
|ap_return_28    | out |   16| ap_ctrl_hs | relu<ap_fixed,ap_fixed<16,6,5,3,0>,relu_config7> | return value |
|ap_return_29    | out |   16| ap_ctrl_hs | relu<ap_fixed,ap_fixed<16,6,5,3,0>,relu_config7> | return value |
|ap_return_30    | out |   16| ap_ctrl_hs | relu<ap_fixed,ap_fixed<16,6,5,3,0>,relu_config7> | return value |
|ap_return_31    | out |   16| ap_ctrl_hs | relu<ap_fixed,ap_fixed<16,6,5,3,0>,relu_config7> | return value |
|ap_return_32    | out |   16| ap_ctrl_hs | relu<ap_fixed,ap_fixed<16,6,5,3,0>,relu_config7> | return value |
|ap_return_33    | out |   16| ap_ctrl_hs | relu<ap_fixed,ap_fixed<16,6,5,3,0>,relu_config7> | return value |
|ap_return_34    | out |   16| ap_ctrl_hs | relu<ap_fixed,ap_fixed<16,6,5,3,0>,relu_config7> | return value |
|ap_return_35    | out |   16| ap_ctrl_hs | relu<ap_fixed,ap_fixed<16,6,5,3,0>,relu_config7> | return value |
|ap_return_36    | out |   16| ap_ctrl_hs | relu<ap_fixed,ap_fixed<16,6,5,3,0>,relu_config7> | return value |
|ap_return_37    | out |   16| ap_ctrl_hs | relu<ap_fixed,ap_fixed<16,6,5,3,0>,relu_config7> | return value |
|ap_return_38    | out |   16| ap_ctrl_hs | relu<ap_fixed,ap_fixed<16,6,5,3,0>,relu_config7> | return value |
|ap_return_39    | out |   16| ap_ctrl_hs | relu<ap_fixed,ap_fixed<16,6,5,3,0>,relu_config7> | return value |
|ap_return_40    | out |   16| ap_ctrl_hs | relu<ap_fixed,ap_fixed<16,6,5,3,0>,relu_config7> | return value |
|ap_return_41    | out |   16| ap_ctrl_hs | relu<ap_fixed,ap_fixed<16,6,5,3,0>,relu_config7> | return value |
|ap_return_42    | out |   16| ap_ctrl_hs | relu<ap_fixed,ap_fixed<16,6,5,3,0>,relu_config7> | return value |
|ap_return_43    | out |   16| ap_ctrl_hs | relu<ap_fixed,ap_fixed<16,6,5,3,0>,relu_config7> | return value |
|ap_return_44    | out |   16| ap_ctrl_hs | relu<ap_fixed,ap_fixed<16,6,5,3,0>,relu_config7> | return value |
|ap_return_45    | out |   16| ap_ctrl_hs | relu<ap_fixed,ap_fixed<16,6,5,3,0>,relu_config7> | return value |
|ap_return_46    | out |   16| ap_ctrl_hs | relu<ap_fixed,ap_fixed<16,6,5,3,0>,relu_config7> | return value |
|ap_return_47    | out |   16| ap_ctrl_hs | relu<ap_fixed,ap_fixed<16,6,5,3,0>,relu_config7> | return value |
|ap_return_48    | out |   16| ap_ctrl_hs | relu<ap_fixed,ap_fixed<16,6,5,3,0>,relu_config7> | return value |
|ap_return_49    | out |   16| ap_ctrl_hs | relu<ap_fixed,ap_fixed<16,6,5,3,0>,relu_config7> | return value |
|ap_return_50    | out |   16| ap_ctrl_hs | relu<ap_fixed,ap_fixed<16,6,5,3,0>,relu_config7> | return value |
|ap_return_51    | out |   16| ap_ctrl_hs | relu<ap_fixed,ap_fixed<16,6,5,3,0>,relu_config7> | return value |
|ap_return_52    | out |   16| ap_ctrl_hs | relu<ap_fixed,ap_fixed<16,6,5,3,0>,relu_config7> | return value |
|ap_return_53    | out |   16| ap_ctrl_hs | relu<ap_fixed,ap_fixed<16,6,5,3,0>,relu_config7> | return value |
|ap_return_54    | out |   16| ap_ctrl_hs | relu<ap_fixed,ap_fixed<16,6,5,3,0>,relu_config7> | return value |
|ap_return_55    | out |   16| ap_ctrl_hs | relu<ap_fixed,ap_fixed<16,6,5,3,0>,relu_config7> | return value |
|ap_return_56    | out |   16| ap_ctrl_hs | relu<ap_fixed,ap_fixed<16,6,5,3,0>,relu_config7> | return value |
|ap_return_57    | out |   16| ap_ctrl_hs | relu<ap_fixed,ap_fixed<16,6,5,3,0>,relu_config7> | return value |
|ap_return_58    | out |   16| ap_ctrl_hs | relu<ap_fixed,ap_fixed<16,6,5,3,0>,relu_config7> | return value |
|ap_return_59    | out |   16| ap_ctrl_hs | relu<ap_fixed,ap_fixed<16,6,5,3,0>,relu_config7> | return value |
|ap_return_60    | out |   16| ap_ctrl_hs | relu<ap_fixed,ap_fixed<16,6,5,3,0>,relu_config7> | return value |
|ap_return_61    | out |   16| ap_ctrl_hs | relu<ap_fixed,ap_fixed<16,6,5,3,0>,relu_config7> | return value |
|ap_return_62    | out |   16| ap_ctrl_hs | relu<ap_fixed,ap_fixed<16,6,5,3,0>,relu_config7> | return value |
|ap_return_63    | out |   16| ap_ctrl_hs | relu<ap_fixed,ap_fixed<16,6,5,3,0>,relu_config7> | return value |
|ap_return_64    | out |   16| ap_ctrl_hs | relu<ap_fixed,ap_fixed<16,6,5,3,0>,relu_config7> | return value |
|ap_return_65    | out |   16| ap_ctrl_hs | relu<ap_fixed,ap_fixed<16,6,5,3,0>,relu_config7> | return value |
|ap_return_66    | out |   16| ap_ctrl_hs | relu<ap_fixed,ap_fixed<16,6,5,3,0>,relu_config7> | return value |
|ap_return_67    | out |   16| ap_ctrl_hs | relu<ap_fixed,ap_fixed<16,6,5,3,0>,relu_config7> | return value |
|ap_return_68    | out |   16| ap_ctrl_hs | relu<ap_fixed,ap_fixed<16,6,5,3,0>,relu_config7> | return value |
|ap_return_69    | out |   16| ap_ctrl_hs | relu<ap_fixed,ap_fixed<16,6,5,3,0>,relu_config7> | return value |
|ap_return_70    | out |   16| ap_ctrl_hs | relu<ap_fixed,ap_fixed<16,6,5,3,0>,relu_config7> | return value |
|ap_return_71    | out |   16| ap_ctrl_hs | relu<ap_fixed,ap_fixed<16,6,5,3,0>,relu_config7> | return value |
|ap_return_72    | out |   16| ap_ctrl_hs | relu<ap_fixed,ap_fixed<16,6,5,3,0>,relu_config7> | return value |
|ap_return_73    | out |   16| ap_ctrl_hs | relu<ap_fixed,ap_fixed<16,6,5,3,0>,relu_config7> | return value |
|ap_return_74    | out |   16| ap_ctrl_hs | relu<ap_fixed,ap_fixed<16,6,5,3,0>,relu_config7> | return value |
|ap_return_75    | out |   16| ap_ctrl_hs | relu<ap_fixed,ap_fixed<16,6,5,3,0>,relu_config7> | return value |
|ap_return_76    | out |   16| ap_ctrl_hs | relu<ap_fixed,ap_fixed<16,6,5,3,0>,relu_config7> | return value |
|ap_return_77    | out |   16| ap_ctrl_hs | relu<ap_fixed,ap_fixed<16,6,5,3,0>,relu_config7> | return value |
|ap_return_78    | out |   16| ap_ctrl_hs | relu<ap_fixed,ap_fixed<16,6,5,3,0>,relu_config7> | return value |
|ap_return_79    | out |   16| ap_ctrl_hs | relu<ap_fixed,ap_fixed<16,6,5,3,0>,relu_config7> | return value |
|ap_return_80    | out |   16| ap_ctrl_hs | relu<ap_fixed,ap_fixed<16,6,5,3,0>,relu_config7> | return value |
|ap_return_81    | out |   16| ap_ctrl_hs | relu<ap_fixed,ap_fixed<16,6,5,3,0>,relu_config7> | return value |
|ap_return_82    | out |   16| ap_ctrl_hs | relu<ap_fixed,ap_fixed<16,6,5,3,0>,relu_config7> | return value |
|ap_return_83    | out |   16| ap_ctrl_hs | relu<ap_fixed,ap_fixed<16,6,5,3,0>,relu_config7> | return value |
|ap_return_84    | out |   16| ap_ctrl_hs | relu<ap_fixed,ap_fixed<16,6,5,3,0>,relu_config7> | return value |
|ap_return_85    | out |   16| ap_ctrl_hs | relu<ap_fixed,ap_fixed<16,6,5,3,0>,relu_config7> | return value |
|ap_return_86    | out |   16| ap_ctrl_hs | relu<ap_fixed,ap_fixed<16,6,5,3,0>,relu_config7> | return value |
|ap_return_87    | out |   16| ap_ctrl_hs | relu<ap_fixed,ap_fixed<16,6,5,3,0>,relu_config7> | return value |
|ap_return_88    | out |   16| ap_ctrl_hs | relu<ap_fixed,ap_fixed<16,6,5,3,0>,relu_config7> | return value |
|ap_return_89    | out |   16| ap_ctrl_hs | relu<ap_fixed,ap_fixed<16,6,5,3,0>,relu_config7> | return value |
|ap_return_90    | out |   16| ap_ctrl_hs | relu<ap_fixed,ap_fixed<16,6,5,3,0>,relu_config7> | return value |
|ap_return_91    | out |   16| ap_ctrl_hs | relu<ap_fixed,ap_fixed<16,6,5,3,0>,relu_config7> | return value |
|ap_return_92    | out |   16| ap_ctrl_hs | relu<ap_fixed,ap_fixed<16,6,5,3,0>,relu_config7> | return value |
|ap_return_93    | out |   16| ap_ctrl_hs | relu<ap_fixed,ap_fixed<16,6,5,3,0>,relu_config7> | return value |
|ap_return_94    | out |   16| ap_ctrl_hs | relu<ap_fixed,ap_fixed<16,6,5,3,0>,relu_config7> | return value |
|ap_return_95    | out |   16| ap_ctrl_hs | relu<ap_fixed,ap_fixed<16,6,5,3,0>,relu_config7> | return value |
|ap_return_96    | out |   16| ap_ctrl_hs | relu<ap_fixed,ap_fixed<16,6,5,3,0>,relu_config7> | return value |
|ap_return_97    | out |   16| ap_ctrl_hs | relu<ap_fixed,ap_fixed<16,6,5,3,0>,relu_config7> | return value |
|ap_return_98    | out |   16| ap_ctrl_hs | relu<ap_fixed,ap_fixed<16,6,5,3,0>,relu_config7> | return value |
|ap_return_99    | out |   16| ap_ctrl_hs | relu<ap_fixed,ap_fixed<16,6,5,3,0>,relu_config7> | return value |
|data_0_V_read   |  in |   16|   ap_none  |                   data_0_V_read                  |    scalar    |
|data_1_V_read   |  in |   16|   ap_none  |                   data_1_V_read                  |    scalar    |
|data_2_V_read   |  in |   16|   ap_none  |                   data_2_V_read                  |    scalar    |
|data_3_V_read   |  in |   16|   ap_none  |                   data_3_V_read                  |    scalar    |
|data_4_V_read   |  in |   16|   ap_none  |                   data_4_V_read                  |    scalar    |
|data_5_V_read   |  in |   16|   ap_none  |                   data_5_V_read                  |    scalar    |
|data_6_V_read   |  in |   16|   ap_none  |                   data_6_V_read                  |    scalar    |
|data_7_V_read   |  in |   16|   ap_none  |                   data_7_V_read                  |    scalar    |
|data_8_V_read   |  in |   16|   ap_none  |                   data_8_V_read                  |    scalar    |
|data_9_V_read   |  in |   16|   ap_none  |                   data_9_V_read                  |    scalar    |
|data_10_V_read  |  in |   16|   ap_none  |                  data_10_V_read                  |    scalar    |
|data_11_V_read  |  in |   16|   ap_none  |                  data_11_V_read                  |    scalar    |
|data_12_V_read  |  in |   16|   ap_none  |                  data_12_V_read                  |    scalar    |
|data_13_V_read  |  in |   16|   ap_none  |                  data_13_V_read                  |    scalar    |
|data_14_V_read  |  in |   16|   ap_none  |                  data_14_V_read                  |    scalar    |
|data_15_V_read  |  in |   16|   ap_none  |                  data_15_V_read                  |    scalar    |
|data_16_V_read  |  in |   16|   ap_none  |                  data_16_V_read                  |    scalar    |
|data_17_V_read  |  in |   16|   ap_none  |                  data_17_V_read                  |    scalar    |
|data_18_V_read  |  in |   16|   ap_none  |                  data_18_V_read                  |    scalar    |
|data_19_V_read  |  in |   16|   ap_none  |                  data_19_V_read                  |    scalar    |
|data_20_V_read  |  in |   16|   ap_none  |                  data_20_V_read                  |    scalar    |
|data_21_V_read  |  in |   16|   ap_none  |                  data_21_V_read                  |    scalar    |
|data_22_V_read  |  in |   16|   ap_none  |                  data_22_V_read                  |    scalar    |
|data_23_V_read  |  in |   16|   ap_none  |                  data_23_V_read                  |    scalar    |
|data_24_V_read  |  in |   16|   ap_none  |                  data_24_V_read                  |    scalar    |
|data_25_V_read  |  in |   16|   ap_none  |                  data_25_V_read                  |    scalar    |
|data_26_V_read  |  in |   16|   ap_none  |                  data_26_V_read                  |    scalar    |
|data_27_V_read  |  in |   16|   ap_none  |                  data_27_V_read                  |    scalar    |
|data_28_V_read  |  in |   16|   ap_none  |                  data_28_V_read                  |    scalar    |
|data_29_V_read  |  in |   16|   ap_none  |                  data_29_V_read                  |    scalar    |
|data_30_V_read  |  in |   16|   ap_none  |                  data_30_V_read                  |    scalar    |
|data_31_V_read  |  in |   16|   ap_none  |                  data_31_V_read                  |    scalar    |
|data_32_V_read  |  in |   16|   ap_none  |                  data_32_V_read                  |    scalar    |
|data_33_V_read  |  in |   16|   ap_none  |                  data_33_V_read                  |    scalar    |
|data_34_V_read  |  in |   16|   ap_none  |                  data_34_V_read                  |    scalar    |
|data_35_V_read  |  in |   16|   ap_none  |                  data_35_V_read                  |    scalar    |
|data_36_V_read  |  in |   16|   ap_none  |                  data_36_V_read                  |    scalar    |
|data_37_V_read  |  in |   16|   ap_none  |                  data_37_V_read                  |    scalar    |
|data_38_V_read  |  in |   16|   ap_none  |                  data_38_V_read                  |    scalar    |
|data_39_V_read  |  in |   16|   ap_none  |                  data_39_V_read                  |    scalar    |
|data_40_V_read  |  in |   16|   ap_none  |                  data_40_V_read                  |    scalar    |
|data_41_V_read  |  in |   16|   ap_none  |                  data_41_V_read                  |    scalar    |
|data_42_V_read  |  in |   16|   ap_none  |                  data_42_V_read                  |    scalar    |
|data_43_V_read  |  in |   16|   ap_none  |                  data_43_V_read                  |    scalar    |
|data_44_V_read  |  in |   16|   ap_none  |                  data_44_V_read                  |    scalar    |
|data_45_V_read  |  in |   16|   ap_none  |                  data_45_V_read                  |    scalar    |
|data_46_V_read  |  in |   16|   ap_none  |                  data_46_V_read                  |    scalar    |
|data_47_V_read  |  in |   16|   ap_none  |                  data_47_V_read                  |    scalar    |
|data_48_V_read  |  in |   16|   ap_none  |                  data_48_V_read                  |    scalar    |
|data_49_V_read  |  in |   16|   ap_none  |                  data_49_V_read                  |    scalar    |
|data_50_V_read  |  in |   16|   ap_none  |                  data_50_V_read                  |    scalar    |
|data_51_V_read  |  in |   16|   ap_none  |                  data_51_V_read                  |    scalar    |
|data_52_V_read  |  in |   16|   ap_none  |                  data_52_V_read                  |    scalar    |
|data_53_V_read  |  in |   16|   ap_none  |                  data_53_V_read                  |    scalar    |
|data_54_V_read  |  in |   16|   ap_none  |                  data_54_V_read                  |    scalar    |
|data_55_V_read  |  in |   16|   ap_none  |                  data_55_V_read                  |    scalar    |
|data_56_V_read  |  in |   16|   ap_none  |                  data_56_V_read                  |    scalar    |
|data_57_V_read  |  in |   16|   ap_none  |                  data_57_V_read                  |    scalar    |
|data_58_V_read  |  in |   16|   ap_none  |                  data_58_V_read                  |    scalar    |
|data_59_V_read  |  in |   16|   ap_none  |                  data_59_V_read                  |    scalar    |
|data_60_V_read  |  in |   16|   ap_none  |                  data_60_V_read                  |    scalar    |
|data_61_V_read  |  in |   16|   ap_none  |                  data_61_V_read                  |    scalar    |
|data_62_V_read  |  in |   16|   ap_none  |                  data_62_V_read                  |    scalar    |
|data_63_V_read  |  in |   16|   ap_none  |                  data_63_V_read                  |    scalar    |
|data_64_V_read  |  in |   16|   ap_none  |                  data_64_V_read                  |    scalar    |
|data_65_V_read  |  in |   16|   ap_none  |                  data_65_V_read                  |    scalar    |
|data_66_V_read  |  in |   16|   ap_none  |                  data_66_V_read                  |    scalar    |
|data_67_V_read  |  in |   16|   ap_none  |                  data_67_V_read                  |    scalar    |
|data_68_V_read  |  in |   16|   ap_none  |                  data_68_V_read                  |    scalar    |
|data_69_V_read  |  in |   16|   ap_none  |                  data_69_V_read                  |    scalar    |
|data_70_V_read  |  in |   16|   ap_none  |                  data_70_V_read                  |    scalar    |
|data_71_V_read  |  in |   16|   ap_none  |                  data_71_V_read                  |    scalar    |
|data_72_V_read  |  in |   16|   ap_none  |                  data_72_V_read                  |    scalar    |
|data_73_V_read  |  in |   16|   ap_none  |                  data_73_V_read                  |    scalar    |
|data_74_V_read  |  in |   16|   ap_none  |                  data_74_V_read                  |    scalar    |
|data_75_V_read  |  in |   16|   ap_none  |                  data_75_V_read                  |    scalar    |
|data_76_V_read  |  in |   16|   ap_none  |                  data_76_V_read                  |    scalar    |
|data_77_V_read  |  in |   16|   ap_none  |                  data_77_V_read                  |    scalar    |
|data_78_V_read  |  in |   16|   ap_none  |                  data_78_V_read                  |    scalar    |
|data_79_V_read  |  in |   16|   ap_none  |                  data_79_V_read                  |    scalar    |
|data_80_V_read  |  in |   16|   ap_none  |                  data_80_V_read                  |    scalar    |
|data_81_V_read  |  in |   16|   ap_none  |                  data_81_V_read                  |    scalar    |
|data_82_V_read  |  in |   16|   ap_none  |                  data_82_V_read                  |    scalar    |
|data_83_V_read  |  in |   16|   ap_none  |                  data_83_V_read                  |    scalar    |
|data_84_V_read  |  in |   16|   ap_none  |                  data_84_V_read                  |    scalar    |
|data_85_V_read  |  in |   16|   ap_none  |                  data_85_V_read                  |    scalar    |
|data_86_V_read  |  in |   16|   ap_none  |                  data_86_V_read                  |    scalar    |
|data_87_V_read  |  in |   16|   ap_none  |                  data_87_V_read                  |    scalar    |
|data_88_V_read  |  in |   16|   ap_none  |                  data_88_V_read                  |    scalar    |
|data_89_V_read  |  in |   16|   ap_none  |                  data_89_V_read                  |    scalar    |
|data_90_V_read  |  in |   16|   ap_none  |                  data_90_V_read                  |    scalar    |
|data_91_V_read  |  in |   16|   ap_none  |                  data_91_V_read                  |    scalar    |
|data_92_V_read  |  in |   16|   ap_none  |                  data_92_V_read                  |    scalar    |
|data_93_V_read  |  in |   16|   ap_none  |                  data_93_V_read                  |    scalar    |
|data_94_V_read  |  in |   16|   ap_none  |                  data_94_V_read                  |    scalar    |
|data_95_V_read  |  in |   16|   ap_none  |                  data_95_V_read                  |    scalar    |
|data_96_V_read  |  in |   16|   ap_none  |                  data_96_V_read                  |    scalar    |
|data_97_V_read  |  in |   16|   ap_none  |                  data_97_V_read                  |    scalar    |
|data_98_V_read  |  in |   16|   ap_none  |                  data_98_V_read                  |    scalar    |
|data_99_V_read  |  in |   16|   ap_none  |                  data_99_V_read                  |    scalar    |
+----------------+-----+-----+------------+--------------------------------------------------+--------------+

