

================================================================
== Vivado HLS Report for 'dense_resource_ap_fixed_ap_fixed_8_2_5_3_0_config8_s'
================================================================
* Date:           Wed Nov 12 17:32:04 2025

* Version:        2019.2 (Build 2704478 on Wed Nov 06 22:10:23 MST 2019)
* Project:        model_1_hls4ml_prj_prj
* Solution:       solution1
* Product family: artix7
* Target device:  xc7a100t-csg324-1


================================================================
== Performance Estimates
================================================================
+ Timing: 
    * Summary: 
    +--------+---------+----------+------------+
    |  Clock |  Target | Estimated| Uncertainty|
    +--------+---------+----------+------------+
    |ap_clk  | 5.00 ns | 3.820 ns |   0.62 ns  |
    +--------+---------+----------+------------+

+ Latency: 
    * Summary: 
    +---------+---------+----------+----------+-----+-----+---------------------------------------------+
    |  Latency (cycles) |  Latency (absolute) |  Interval |                   Pipeline                  |
    |   min   |   max   |    min   |    max   | min | max |                     Type                    |
    +---------+---------+----------+----------+-----+-----+---------------------------------------------+
    |       54|       55| 0.270 us | 0.275 us |   50|   50| loop rewind(delay=0 initiation interval(s)) |
    +---------+---------+----------+----------+-----+-----+---------------------------------------------+

    + Detail: 
        * Instance: 
        N/A

        * Loop: 
        +-------------+---------+---------+----------+-----------+-----------+------+----------+
        |             |  Latency (cycles) | Iteration|  Initiation Interval  | Trip |          |
        |  Loop Name  |   min   |   max   |  Latency |  achieved |   target  | Count| Pipelined|
        +-------------+---------+---------+----------+-----------+-----------+------+----------+
        |- ReuseLoop  |       54|       54|         6|          1|          1|    50|    yes   |
        +-------------+---------+---------+----------+-----------+-----------+------+----------+

============================================================
+ Verbose Summary: Synthesis Manager
============================================================
InlineROM: 1
ExposeGlobal: 0
============================================================
+ Verbose Summary: CDFG Model
============================================================
IsTopModel: 0
ResetActiveHigh: 1
IsCombinational: 2
IsDatapathOnly: 0
HasWiredReturn: 1
HasMFsm: 0
HasVarLatency: 1
IsPipeline: 0
IsRtlPipelined: 0
IsInstanceOverlapped: 0
IsDontTouch: 0
HasImplIP: 0
IsGatedGlobalClock: 0

+ Individual pipeline summary: 
  * Pipeline-0: initiation interval (II) = 1, depth = 6


============================================================
+ Verbose Summary: Schedule
============================================================
* Number of FSM states : 7
* Pipeline : 1
  Pipeline-0 : II = 1, D = 6, States = { 2 3 4 5 6 7 }
* Dataflow Pipeline: 0

* FSM state transitions: 
1 --> 2 
2 --> 3 
3 --> 4 
4 --> 5 
5 --> 6 
6 --> 7 
7 --> 2 

* FSM state operations: 

State 1 <SV = 0> <Delay = 1.66>
ST_1 : Operation 8 [1/1] (1.66ns)   --->   "br label %rewind_header" [firmware/nnet_utils/nnet_dense_resource.h:64->firmware/nnet_utils/nnet_dense_resource.h:274]   --->   Operation 8 'br' <Predicate = true> <Delay = 1.66>

State 2 <SV = 1> <Delay = 3.25>
ST_2 : Operation 9 [1/1] (0.00ns)   --->   "%do_init = phi i1 [ true, %0 ], [ false, %ReuseLoop ], [ true, %"dense_resource_rf_leq_nin<ap_fixed<16, 8, 5, 3, 0>, ap_fixed<8, 2, 5, 3, 0>, config8>.exit" ]"   --->   Operation 9 'phi' 'do_init' <Predicate = true> <Delay = 0.00>
ST_2 : Operation 10 [1/1] (0.00ns)   --->   "%data_0_V_read4_rewind = phi i16 [ undef, %0 ], [ %data_0_V_read4_phi, %ReuseLoop ], [ undef, %"dense_resource_rf_leq_nin<ap_fixed<16, 8, 5, 3, 0>, ap_fixed<8, 2, 5, 3, 0>, config8>.exit" ]" [firmware/nnet_utils/nnet_dense_resource.h:266]   --->   Operation 10 'phi' 'data_0_V_read4_rewind' <Predicate = true> <Delay = 0.00>
ST_2 : Operation 11 [1/1] (0.00ns)   --->   "%data_1_V_read5_rewind = phi i16 [ undef, %0 ], [ %data_1_V_read5_phi, %ReuseLoop ], [ undef, %"dense_resource_rf_leq_nin<ap_fixed<16, 8, 5, 3, 0>, ap_fixed<8, 2, 5, 3, 0>, config8>.exit" ]" [firmware/nnet_utils/nnet_dense_resource.h:266]   --->   Operation 11 'phi' 'data_1_V_read5_rewind' <Predicate = true> <Delay = 0.00>
ST_2 : Operation 12 [1/1] (0.00ns)   --->   "%data_2_V_read6_rewind = phi i16 [ undef, %0 ], [ %data_2_V_read6_phi, %ReuseLoop ], [ undef, %"dense_resource_rf_leq_nin<ap_fixed<16, 8, 5, 3, 0>, ap_fixed<8, 2, 5, 3, 0>, config8>.exit" ]" [firmware/nnet_utils/nnet_dense_resource.h:266]   --->   Operation 12 'phi' 'data_2_V_read6_rewind' <Predicate = true> <Delay = 0.00>
ST_2 : Operation 13 [1/1] (0.00ns)   --->   "%data_3_V_read7_rewind = phi i16 [ undef, %0 ], [ %data_3_V_read7_phi, %ReuseLoop ], [ undef, %"dense_resource_rf_leq_nin<ap_fixed<16, 8, 5, 3, 0>, ap_fixed<8, 2, 5, 3, 0>, config8>.exit" ]" [firmware/nnet_utils/nnet_dense_resource.h:266]   --->   Operation 13 'phi' 'data_3_V_read7_rewind' <Predicate = true> <Delay = 0.00>
ST_2 : Operation 14 [1/1] (0.00ns)   --->   "%data_4_V_read8_rewind = phi i16 [ undef, %0 ], [ %data_4_V_read8_phi, %ReuseLoop ], [ undef, %"dense_resource_rf_leq_nin<ap_fixed<16, 8, 5, 3, 0>, ap_fixed<8, 2, 5, 3, 0>, config8>.exit" ]" [firmware/nnet_utils/nnet_dense_resource.h:266]   --->   Operation 14 'phi' 'data_4_V_read8_rewind' <Predicate = true> <Delay = 0.00>
ST_2 : Operation 15 [1/1] (0.00ns)   --->   "%data_5_V_read9_rewind = phi i16 [ undef, %0 ], [ %data_5_V_read9_phi, %ReuseLoop ], [ undef, %"dense_resource_rf_leq_nin<ap_fixed<16, 8, 5, 3, 0>, ap_fixed<8, 2, 5, 3, 0>, config8>.exit" ]" [firmware/nnet_utils/nnet_dense_resource.h:266]   --->   Operation 15 'phi' 'data_5_V_read9_rewind' <Predicate = true> <Delay = 0.00>
ST_2 : Operation 16 [1/1] (0.00ns)   --->   "%data_6_V_read10_rewind = phi i16 [ undef, %0 ], [ %data_6_V_read10_phi, %ReuseLoop ], [ undef, %"dense_resource_rf_leq_nin<ap_fixed<16, 8, 5, 3, 0>, ap_fixed<8, 2, 5, 3, 0>, config8>.exit" ]" [firmware/nnet_utils/nnet_dense_resource.h:266]   --->   Operation 16 'phi' 'data_6_V_read10_rewind' <Predicate = true> <Delay = 0.00>
ST_2 : Operation 17 [1/1] (0.00ns)   --->   "%data_7_V_read11_rewind = phi i16 [ undef, %0 ], [ %data_7_V_read11_phi, %ReuseLoop ], [ undef, %"dense_resource_rf_leq_nin<ap_fixed<16, 8, 5, 3, 0>, ap_fixed<8, 2, 5, 3, 0>, config8>.exit" ]" [firmware/nnet_utils/nnet_dense_resource.h:266]   --->   Operation 17 'phi' 'data_7_V_read11_rewind' <Predicate = true> <Delay = 0.00>
ST_2 : Operation 18 [1/1] (0.00ns)   --->   "%data_8_V_read12_rewind = phi i16 [ undef, %0 ], [ %data_8_V_read12_phi, %ReuseLoop ], [ undef, %"dense_resource_rf_leq_nin<ap_fixed<16, 8, 5, 3, 0>, ap_fixed<8, 2, 5, 3, 0>, config8>.exit" ]" [firmware/nnet_utils/nnet_dense_resource.h:266]   --->   Operation 18 'phi' 'data_8_V_read12_rewind' <Predicate = true> <Delay = 0.00>
ST_2 : Operation 19 [1/1] (0.00ns)   --->   "%data_9_V_read13_rewind = phi i16 [ undef, %0 ], [ %data_9_V_read13_phi, %ReuseLoop ], [ undef, %"dense_resource_rf_leq_nin<ap_fixed<16, 8, 5, 3, 0>, ap_fixed<8, 2, 5, 3, 0>, config8>.exit" ]" [firmware/nnet_utils/nnet_dense_resource.h:266]   --->   Operation 19 'phi' 'data_9_V_read13_rewind' <Predicate = true> <Delay = 0.00>
ST_2 : Operation 20 [1/1] (0.00ns)   --->   "%data_10_V_read14_rewind = phi i16 [ undef, %0 ], [ %data_10_V_read14_phi, %ReuseLoop ], [ undef, %"dense_resource_rf_leq_nin<ap_fixed<16, 8, 5, 3, 0>, ap_fixed<8, 2, 5, 3, 0>, config8>.exit" ]" [firmware/nnet_utils/nnet_dense_resource.h:266]   --->   Operation 20 'phi' 'data_10_V_read14_rewind' <Predicate = true> <Delay = 0.00>
ST_2 : Operation 21 [1/1] (0.00ns)   --->   "%data_11_V_read15_rewind = phi i16 [ undef, %0 ], [ %data_11_V_read15_phi, %ReuseLoop ], [ undef, %"dense_resource_rf_leq_nin<ap_fixed<16, 8, 5, 3, 0>, ap_fixed<8, 2, 5, 3, 0>, config8>.exit" ]" [firmware/nnet_utils/nnet_dense_resource.h:266]   --->   Operation 21 'phi' 'data_11_V_read15_rewind' <Predicate = true> <Delay = 0.00>
ST_2 : Operation 22 [1/1] (0.00ns)   --->   "%data_12_V_read16_rewind = phi i16 [ undef, %0 ], [ %data_12_V_read16_phi, %ReuseLoop ], [ undef, %"dense_resource_rf_leq_nin<ap_fixed<16, 8, 5, 3, 0>, ap_fixed<8, 2, 5, 3, 0>, config8>.exit" ]" [firmware/nnet_utils/nnet_dense_resource.h:266]   --->   Operation 22 'phi' 'data_12_V_read16_rewind' <Predicate = true> <Delay = 0.00>
ST_2 : Operation 23 [1/1] (0.00ns)   --->   "%data_13_V_read17_rewind = phi i16 [ undef, %0 ], [ %data_13_V_read17_phi, %ReuseLoop ], [ undef, %"dense_resource_rf_leq_nin<ap_fixed<16, 8, 5, 3, 0>, ap_fixed<8, 2, 5, 3, 0>, config8>.exit" ]" [firmware/nnet_utils/nnet_dense_resource.h:266]   --->   Operation 23 'phi' 'data_13_V_read17_rewind' <Predicate = true> <Delay = 0.00>
ST_2 : Operation 24 [1/1] (0.00ns)   --->   "%data_14_V_read18_rewind = phi i16 [ undef, %0 ], [ %data_14_V_read18_phi, %ReuseLoop ], [ undef, %"dense_resource_rf_leq_nin<ap_fixed<16, 8, 5, 3, 0>, ap_fixed<8, 2, 5, 3, 0>, config8>.exit" ]" [firmware/nnet_utils/nnet_dense_resource.h:266]   --->   Operation 24 'phi' 'data_14_V_read18_rewind' <Predicate = true> <Delay = 0.00>
ST_2 : Operation 25 [1/1] (0.00ns)   --->   "%data_15_V_read19_rewind = phi i16 [ undef, %0 ], [ %data_15_V_read19_phi, %ReuseLoop ], [ undef, %"dense_resource_rf_leq_nin<ap_fixed<16, 8, 5, 3, 0>, ap_fixed<8, 2, 5, 3, 0>, config8>.exit" ]" [firmware/nnet_utils/nnet_dense_resource.h:266]   --->   Operation 25 'phi' 'data_15_V_read19_rewind' <Predicate = true> <Delay = 0.00>
ST_2 : Operation 26 [1/1] (0.00ns)   --->   "%data_16_V_read20_rewind = phi i16 [ undef, %0 ], [ %data_16_V_read20_phi, %ReuseLoop ], [ undef, %"dense_resource_rf_leq_nin<ap_fixed<16, 8, 5, 3, 0>, ap_fixed<8, 2, 5, 3, 0>, config8>.exit" ]" [firmware/nnet_utils/nnet_dense_resource.h:266]   --->   Operation 26 'phi' 'data_16_V_read20_rewind' <Predicate = true> <Delay = 0.00>
ST_2 : Operation 27 [1/1] (0.00ns)   --->   "%data_17_V_read21_rewind = phi i16 [ undef, %0 ], [ %data_17_V_read21_phi, %ReuseLoop ], [ undef, %"dense_resource_rf_leq_nin<ap_fixed<16, 8, 5, 3, 0>, ap_fixed<8, 2, 5, 3, 0>, config8>.exit" ]" [firmware/nnet_utils/nnet_dense_resource.h:266]   --->   Operation 27 'phi' 'data_17_V_read21_rewind' <Predicate = true> <Delay = 0.00>
ST_2 : Operation 28 [1/1] (0.00ns)   --->   "%data_18_V_read22_rewind = phi i16 [ undef, %0 ], [ %data_18_V_read22_phi, %ReuseLoop ], [ undef, %"dense_resource_rf_leq_nin<ap_fixed<16, 8, 5, 3, 0>, ap_fixed<8, 2, 5, 3, 0>, config8>.exit" ]" [firmware/nnet_utils/nnet_dense_resource.h:266]   --->   Operation 28 'phi' 'data_18_V_read22_rewind' <Predicate = true> <Delay = 0.00>
ST_2 : Operation 29 [1/1] (0.00ns)   --->   "%data_19_V_read23_rewind = phi i16 [ undef, %0 ], [ %data_19_V_read23_phi, %ReuseLoop ], [ undef, %"dense_resource_rf_leq_nin<ap_fixed<16, 8, 5, 3, 0>, ap_fixed<8, 2, 5, 3, 0>, config8>.exit" ]" [firmware/nnet_utils/nnet_dense_resource.h:266]   --->   Operation 29 'phi' 'data_19_V_read23_rewind' <Predicate = true> <Delay = 0.00>
ST_2 : Operation 30 [1/1] (0.00ns)   --->   "%data_20_V_read24_rewind = phi i16 [ undef, %0 ], [ %data_20_V_read24_phi, %ReuseLoop ], [ undef, %"dense_resource_rf_leq_nin<ap_fixed<16, 8, 5, 3, 0>, ap_fixed<8, 2, 5, 3, 0>, config8>.exit" ]" [firmware/nnet_utils/nnet_dense_resource.h:266]   --->   Operation 30 'phi' 'data_20_V_read24_rewind' <Predicate = true> <Delay = 0.00>
ST_2 : Operation 31 [1/1] (0.00ns)   --->   "%data_21_V_read25_rewind = phi i16 [ undef, %0 ], [ %data_21_V_read25_phi, %ReuseLoop ], [ undef, %"dense_resource_rf_leq_nin<ap_fixed<16, 8, 5, 3, 0>, ap_fixed<8, 2, 5, 3, 0>, config8>.exit" ]" [firmware/nnet_utils/nnet_dense_resource.h:266]   --->   Operation 31 'phi' 'data_21_V_read25_rewind' <Predicate = true> <Delay = 0.00>
ST_2 : Operation 32 [1/1] (0.00ns)   --->   "%data_22_V_read26_rewind = phi i16 [ undef, %0 ], [ %data_22_V_read26_phi, %ReuseLoop ], [ undef, %"dense_resource_rf_leq_nin<ap_fixed<16, 8, 5, 3, 0>, ap_fixed<8, 2, 5, 3, 0>, config8>.exit" ]" [firmware/nnet_utils/nnet_dense_resource.h:266]   --->   Operation 32 'phi' 'data_22_V_read26_rewind' <Predicate = true> <Delay = 0.00>
ST_2 : Operation 33 [1/1] (0.00ns)   --->   "%data_23_V_read27_rewind = phi i16 [ undef, %0 ], [ %data_23_V_read27_phi, %ReuseLoop ], [ undef, %"dense_resource_rf_leq_nin<ap_fixed<16, 8, 5, 3, 0>, ap_fixed<8, 2, 5, 3, 0>, config8>.exit" ]" [firmware/nnet_utils/nnet_dense_resource.h:266]   --->   Operation 33 'phi' 'data_23_V_read27_rewind' <Predicate = true> <Delay = 0.00>
ST_2 : Operation 34 [1/1] (0.00ns)   --->   "%data_24_V_read28_rewind = phi i16 [ undef, %0 ], [ %data_24_V_read28_phi, %ReuseLoop ], [ undef, %"dense_resource_rf_leq_nin<ap_fixed<16, 8, 5, 3, 0>, ap_fixed<8, 2, 5, 3, 0>, config8>.exit" ]" [firmware/nnet_utils/nnet_dense_resource.h:266]   --->   Operation 34 'phi' 'data_24_V_read28_rewind' <Predicate = true> <Delay = 0.00>
ST_2 : Operation 35 [1/1] (0.00ns)   --->   "%data_25_V_read29_rewind = phi i16 [ undef, %0 ], [ %data_25_V_read29_phi, %ReuseLoop ], [ undef, %"dense_resource_rf_leq_nin<ap_fixed<16, 8, 5, 3, 0>, ap_fixed<8, 2, 5, 3, 0>, config8>.exit" ]" [firmware/nnet_utils/nnet_dense_resource.h:266]   --->   Operation 35 'phi' 'data_25_V_read29_rewind' <Predicate = true> <Delay = 0.00>
ST_2 : Operation 36 [1/1] (0.00ns)   --->   "%data_26_V_read30_rewind = phi i16 [ undef, %0 ], [ %data_26_V_read30_phi, %ReuseLoop ], [ undef, %"dense_resource_rf_leq_nin<ap_fixed<16, 8, 5, 3, 0>, ap_fixed<8, 2, 5, 3, 0>, config8>.exit" ]" [firmware/nnet_utils/nnet_dense_resource.h:266]   --->   Operation 36 'phi' 'data_26_V_read30_rewind' <Predicate = true> <Delay = 0.00>
ST_2 : Operation 37 [1/1] (0.00ns)   --->   "%data_27_V_read31_rewind = phi i16 [ undef, %0 ], [ %data_27_V_read31_phi, %ReuseLoop ], [ undef, %"dense_resource_rf_leq_nin<ap_fixed<16, 8, 5, 3, 0>, ap_fixed<8, 2, 5, 3, 0>, config8>.exit" ]" [firmware/nnet_utils/nnet_dense_resource.h:266]   --->   Operation 37 'phi' 'data_27_V_read31_rewind' <Predicate = true> <Delay = 0.00>
ST_2 : Operation 38 [1/1] (0.00ns)   --->   "%data_28_V_read32_rewind = phi i16 [ undef, %0 ], [ %data_28_V_read32_phi, %ReuseLoop ], [ undef, %"dense_resource_rf_leq_nin<ap_fixed<16, 8, 5, 3, 0>, ap_fixed<8, 2, 5, 3, 0>, config8>.exit" ]" [firmware/nnet_utils/nnet_dense_resource.h:266]   --->   Operation 38 'phi' 'data_28_V_read32_rewind' <Predicate = true> <Delay = 0.00>
ST_2 : Operation 39 [1/1] (0.00ns)   --->   "%data_29_V_read33_rewind = phi i16 [ undef, %0 ], [ %data_29_V_read33_phi, %ReuseLoop ], [ undef, %"dense_resource_rf_leq_nin<ap_fixed<16, 8, 5, 3, 0>, ap_fixed<8, 2, 5, 3, 0>, config8>.exit" ]" [firmware/nnet_utils/nnet_dense_resource.h:266]   --->   Operation 39 'phi' 'data_29_V_read33_rewind' <Predicate = true> <Delay = 0.00>
ST_2 : Operation 40 [1/1] (0.00ns)   --->   "%data_30_V_read34_rewind = phi i16 [ undef, %0 ], [ %data_30_V_read34_phi, %ReuseLoop ], [ undef, %"dense_resource_rf_leq_nin<ap_fixed<16, 8, 5, 3, 0>, ap_fixed<8, 2, 5, 3, 0>, config8>.exit" ]" [firmware/nnet_utils/nnet_dense_resource.h:266]   --->   Operation 40 'phi' 'data_30_V_read34_rewind' <Predicate = true> <Delay = 0.00>
ST_2 : Operation 41 [1/1] (0.00ns)   --->   "%data_31_V_read35_rewind = phi i16 [ undef, %0 ], [ %data_31_V_read35_phi, %ReuseLoop ], [ undef, %"dense_resource_rf_leq_nin<ap_fixed<16, 8, 5, 3, 0>, ap_fixed<8, 2, 5, 3, 0>, config8>.exit" ]" [firmware/nnet_utils/nnet_dense_resource.h:266]   --->   Operation 41 'phi' 'data_31_V_read35_rewind' <Predicate = true> <Delay = 0.00>
ST_2 : Operation 42 [1/1] (0.00ns)   --->   "%data_32_V_read36_rewind = phi i16 [ undef, %0 ], [ %data_32_V_read36_phi, %ReuseLoop ], [ undef, %"dense_resource_rf_leq_nin<ap_fixed<16, 8, 5, 3, 0>, ap_fixed<8, 2, 5, 3, 0>, config8>.exit" ]" [firmware/nnet_utils/nnet_dense_resource.h:266]   --->   Operation 42 'phi' 'data_32_V_read36_rewind' <Predicate = true> <Delay = 0.00>
ST_2 : Operation 43 [1/1] (0.00ns)   --->   "%data_33_V_read37_rewind = phi i16 [ undef, %0 ], [ %data_33_V_read37_phi, %ReuseLoop ], [ undef, %"dense_resource_rf_leq_nin<ap_fixed<16, 8, 5, 3, 0>, ap_fixed<8, 2, 5, 3, 0>, config8>.exit" ]" [firmware/nnet_utils/nnet_dense_resource.h:266]   --->   Operation 43 'phi' 'data_33_V_read37_rewind' <Predicate = true> <Delay = 0.00>
ST_2 : Operation 44 [1/1] (0.00ns)   --->   "%data_34_V_read38_rewind = phi i16 [ undef, %0 ], [ %data_34_V_read38_phi, %ReuseLoop ], [ undef, %"dense_resource_rf_leq_nin<ap_fixed<16, 8, 5, 3, 0>, ap_fixed<8, 2, 5, 3, 0>, config8>.exit" ]" [firmware/nnet_utils/nnet_dense_resource.h:266]   --->   Operation 44 'phi' 'data_34_V_read38_rewind' <Predicate = true> <Delay = 0.00>
ST_2 : Operation 45 [1/1] (0.00ns)   --->   "%data_35_V_read39_rewind = phi i16 [ undef, %0 ], [ %data_35_V_read39_phi, %ReuseLoop ], [ undef, %"dense_resource_rf_leq_nin<ap_fixed<16, 8, 5, 3, 0>, ap_fixed<8, 2, 5, 3, 0>, config8>.exit" ]" [firmware/nnet_utils/nnet_dense_resource.h:266]   --->   Operation 45 'phi' 'data_35_V_read39_rewind' <Predicate = true> <Delay = 0.00>
ST_2 : Operation 46 [1/1] (0.00ns)   --->   "%data_36_V_read40_rewind = phi i16 [ undef, %0 ], [ %data_36_V_read40_phi, %ReuseLoop ], [ undef, %"dense_resource_rf_leq_nin<ap_fixed<16, 8, 5, 3, 0>, ap_fixed<8, 2, 5, 3, 0>, config8>.exit" ]" [firmware/nnet_utils/nnet_dense_resource.h:266]   --->   Operation 46 'phi' 'data_36_V_read40_rewind' <Predicate = true> <Delay = 0.00>
ST_2 : Operation 47 [1/1] (0.00ns)   --->   "%data_37_V_read41_rewind = phi i16 [ undef, %0 ], [ %data_37_V_read41_phi, %ReuseLoop ], [ undef, %"dense_resource_rf_leq_nin<ap_fixed<16, 8, 5, 3, 0>, ap_fixed<8, 2, 5, 3, 0>, config8>.exit" ]" [firmware/nnet_utils/nnet_dense_resource.h:266]   --->   Operation 47 'phi' 'data_37_V_read41_rewind' <Predicate = true> <Delay = 0.00>
ST_2 : Operation 48 [1/1] (0.00ns)   --->   "%data_38_V_read42_rewind = phi i16 [ undef, %0 ], [ %data_38_V_read42_phi, %ReuseLoop ], [ undef, %"dense_resource_rf_leq_nin<ap_fixed<16, 8, 5, 3, 0>, ap_fixed<8, 2, 5, 3, 0>, config8>.exit" ]" [firmware/nnet_utils/nnet_dense_resource.h:266]   --->   Operation 48 'phi' 'data_38_V_read42_rewind' <Predicate = true> <Delay = 0.00>
ST_2 : Operation 49 [1/1] (0.00ns)   --->   "%data_39_V_read43_rewind = phi i16 [ undef, %0 ], [ %data_39_V_read43_phi, %ReuseLoop ], [ undef, %"dense_resource_rf_leq_nin<ap_fixed<16, 8, 5, 3, 0>, ap_fixed<8, 2, 5, 3, 0>, config8>.exit" ]" [firmware/nnet_utils/nnet_dense_resource.h:266]   --->   Operation 49 'phi' 'data_39_V_read43_rewind' <Predicate = true> <Delay = 0.00>
ST_2 : Operation 50 [1/1] (0.00ns)   --->   "%data_40_V_read44_rewind = phi i16 [ undef, %0 ], [ %data_40_V_read44_phi, %ReuseLoop ], [ undef, %"dense_resource_rf_leq_nin<ap_fixed<16, 8, 5, 3, 0>, ap_fixed<8, 2, 5, 3, 0>, config8>.exit" ]" [firmware/nnet_utils/nnet_dense_resource.h:266]   --->   Operation 50 'phi' 'data_40_V_read44_rewind' <Predicate = true> <Delay = 0.00>
ST_2 : Operation 51 [1/1] (0.00ns)   --->   "%data_41_V_read45_rewind = phi i16 [ undef, %0 ], [ %data_41_V_read45_phi, %ReuseLoop ], [ undef, %"dense_resource_rf_leq_nin<ap_fixed<16, 8, 5, 3, 0>, ap_fixed<8, 2, 5, 3, 0>, config8>.exit" ]" [firmware/nnet_utils/nnet_dense_resource.h:266]   --->   Operation 51 'phi' 'data_41_V_read45_rewind' <Predicate = true> <Delay = 0.00>
ST_2 : Operation 52 [1/1] (0.00ns)   --->   "%data_42_V_read46_rewind = phi i16 [ undef, %0 ], [ %data_42_V_read46_phi, %ReuseLoop ], [ undef, %"dense_resource_rf_leq_nin<ap_fixed<16, 8, 5, 3, 0>, ap_fixed<8, 2, 5, 3, 0>, config8>.exit" ]" [firmware/nnet_utils/nnet_dense_resource.h:266]   --->   Operation 52 'phi' 'data_42_V_read46_rewind' <Predicate = true> <Delay = 0.00>
ST_2 : Operation 53 [1/1] (0.00ns)   --->   "%data_43_V_read47_rewind = phi i16 [ undef, %0 ], [ %data_43_V_read47_phi, %ReuseLoop ], [ undef, %"dense_resource_rf_leq_nin<ap_fixed<16, 8, 5, 3, 0>, ap_fixed<8, 2, 5, 3, 0>, config8>.exit" ]" [firmware/nnet_utils/nnet_dense_resource.h:266]   --->   Operation 53 'phi' 'data_43_V_read47_rewind' <Predicate = true> <Delay = 0.00>
ST_2 : Operation 54 [1/1] (0.00ns)   --->   "%data_44_V_read48_rewind = phi i16 [ undef, %0 ], [ %data_44_V_read48_phi, %ReuseLoop ], [ undef, %"dense_resource_rf_leq_nin<ap_fixed<16, 8, 5, 3, 0>, ap_fixed<8, 2, 5, 3, 0>, config8>.exit" ]" [firmware/nnet_utils/nnet_dense_resource.h:266]   --->   Operation 54 'phi' 'data_44_V_read48_rewind' <Predicate = true> <Delay = 0.00>
ST_2 : Operation 55 [1/1] (0.00ns)   --->   "%data_45_V_read49_rewind = phi i16 [ undef, %0 ], [ %data_45_V_read49_phi, %ReuseLoop ], [ undef, %"dense_resource_rf_leq_nin<ap_fixed<16, 8, 5, 3, 0>, ap_fixed<8, 2, 5, 3, 0>, config8>.exit" ]" [firmware/nnet_utils/nnet_dense_resource.h:266]   --->   Operation 55 'phi' 'data_45_V_read49_rewind' <Predicate = true> <Delay = 0.00>
ST_2 : Operation 56 [1/1] (0.00ns)   --->   "%data_46_V_read50_rewind = phi i16 [ undef, %0 ], [ %data_46_V_read50_phi, %ReuseLoop ], [ undef, %"dense_resource_rf_leq_nin<ap_fixed<16, 8, 5, 3, 0>, ap_fixed<8, 2, 5, 3, 0>, config8>.exit" ]" [firmware/nnet_utils/nnet_dense_resource.h:266]   --->   Operation 56 'phi' 'data_46_V_read50_rewind' <Predicate = true> <Delay = 0.00>
ST_2 : Operation 57 [1/1] (0.00ns)   --->   "%data_47_V_read51_rewind = phi i16 [ undef, %0 ], [ %data_47_V_read51_phi, %ReuseLoop ], [ undef, %"dense_resource_rf_leq_nin<ap_fixed<16, 8, 5, 3, 0>, ap_fixed<8, 2, 5, 3, 0>, config8>.exit" ]" [firmware/nnet_utils/nnet_dense_resource.h:266]   --->   Operation 57 'phi' 'data_47_V_read51_rewind' <Predicate = true> <Delay = 0.00>
ST_2 : Operation 58 [1/1] (0.00ns)   --->   "%data_48_V_read52_rewind = phi i16 [ undef, %0 ], [ %data_48_V_read52_phi, %ReuseLoop ], [ undef, %"dense_resource_rf_leq_nin<ap_fixed<16, 8, 5, 3, 0>, ap_fixed<8, 2, 5, 3, 0>, config8>.exit" ]" [firmware/nnet_utils/nnet_dense_resource.h:266]   --->   Operation 58 'phi' 'data_48_V_read52_rewind' <Predicate = true> <Delay = 0.00>
ST_2 : Operation 59 [1/1] (0.00ns)   --->   "%data_49_V_read53_rewind = phi i16 [ undef, %0 ], [ %data_49_V_read53_phi, %ReuseLoop ], [ undef, %"dense_resource_rf_leq_nin<ap_fixed<16, 8, 5, 3, 0>, ap_fixed<8, 2, 5, 3, 0>, config8>.exit" ]" [firmware/nnet_utils/nnet_dense_resource.h:266]   --->   Operation 59 'phi' 'data_49_V_read53_rewind' <Predicate = true> <Delay = 0.00>
ST_2 : Operation 60 [1/1] (0.00ns)   --->   "%in_index3 = phi i6 [ 0, %0 ], [ %in_index, %ReuseLoop ], [ 0, %"dense_resource_rf_leq_nin<ap_fixed<16, 8, 5, 3, 0>, ap_fixed<8, 2, 5, 3, 0>, config8>.exit" ]"   --->   Operation 60 'phi' 'in_index3' <Predicate = true> <Delay = 0.00>
ST_2 : Operation 61 [1/1] (1.66ns)   --->   "br i1 %do_init, label %rewind_init, label %ReuseLoop"   --->   Operation 61 'br' <Predicate = true> <Delay = 1.66>
ST_2 : Operation 62 [1/1] (0.00ns)   --->   "%data_49_V_read53 = call i16 @_ssdm_op_Read.ap_auto.i16(i16 %data_49_V_read)" [firmware/nnet_utils/nnet_dense_resource.h:266]   --->   Operation 62 'read' 'data_49_V_read53' <Predicate = (do_init)> <Delay = 0.00>
ST_2 : Operation 63 [1/1] (0.00ns)   --->   "%data_48_V_read52 = call i16 @_ssdm_op_Read.ap_auto.i16(i16 %data_48_V_read)" [firmware/nnet_utils/nnet_dense_resource.h:266]   --->   Operation 63 'read' 'data_48_V_read52' <Predicate = (do_init)> <Delay = 0.00>
ST_2 : Operation 64 [1/1] (0.00ns)   --->   "%data_47_V_read51 = call i16 @_ssdm_op_Read.ap_auto.i16(i16 %data_47_V_read)" [firmware/nnet_utils/nnet_dense_resource.h:266]   --->   Operation 64 'read' 'data_47_V_read51' <Predicate = (do_init)> <Delay = 0.00>
ST_2 : Operation 65 [1/1] (0.00ns)   --->   "%data_46_V_read_4 = call i16 @_ssdm_op_Read.ap_auto.i16(i16 %data_46_V_read)" [firmware/nnet_utils/nnet_dense_resource.h:266]   --->   Operation 65 'read' 'data_46_V_read_4' <Predicate = (do_init)> <Delay = 0.00>
ST_2 : Operation 66 [1/1] (0.00ns)   --->   "%data_45_V_read_4 = call i16 @_ssdm_op_Read.ap_auto.i16(i16 %data_45_V_read)" [firmware/nnet_utils/nnet_dense_resource.h:266]   --->   Operation 66 'read' 'data_45_V_read_4' <Predicate = (do_init)> <Delay = 0.00>
ST_2 : Operation 67 [1/1] (0.00ns)   --->   "%data_44_V_read_4 = call i16 @_ssdm_op_Read.ap_auto.i16(i16 %data_44_V_read)" [firmware/nnet_utils/nnet_dense_resource.h:266]   --->   Operation 67 'read' 'data_44_V_read_4' <Predicate = (do_init)> <Delay = 0.00>
ST_2 : Operation 68 [1/1] (0.00ns)   --->   "%data_43_V_read_4 = call i16 @_ssdm_op_Read.ap_auto.i16(i16 %data_43_V_read)" [firmware/nnet_utils/nnet_dense_resource.h:266]   --->   Operation 68 'read' 'data_43_V_read_4' <Predicate = (do_init)> <Delay = 0.00>
ST_2 : Operation 69 [1/1] (0.00ns)   --->   "%data_42_V_read_4 = call i16 @_ssdm_op_Read.ap_auto.i16(i16 %data_42_V_read)" [firmware/nnet_utils/nnet_dense_resource.h:266]   --->   Operation 69 'read' 'data_42_V_read_4' <Predicate = (do_init)> <Delay = 0.00>
ST_2 : Operation 70 [1/1] (0.00ns)   --->   "%data_41_V_read_3 = call i16 @_ssdm_op_Read.ap_auto.i16(i16 %data_41_V_read)" [firmware/nnet_utils/nnet_dense_resource.h:266]   --->   Operation 70 'read' 'data_41_V_read_3' <Predicate = (do_init)> <Delay = 0.00>
ST_2 : Operation 71 [1/1] (0.00ns)   --->   "%data_40_V_read_2 = call i16 @_ssdm_op_Read.ap_auto.i16(i16 %data_40_V_read)" [firmware/nnet_utils/nnet_dense_resource.h:266]   --->   Operation 71 'read' 'data_40_V_read_2' <Predicate = (do_init)> <Delay = 0.00>
ST_2 : Operation 72 [1/1] (0.00ns)   --->   "%data_39_V_read43 = call i16 @_ssdm_op_Read.ap_auto.i16(i16 %data_39_V_read)" [firmware/nnet_utils/nnet_dense_resource.h:266]   --->   Operation 72 'read' 'data_39_V_read43' <Predicate = (do_init)> <Delay = 0.00>
ST_2 : Operation 73 [1/1] (0.00ns)   --->   "%data_38_V_read42 = call i16 @_ssdm_op_Read.ap_auto.i16(i16 %data_38_V_read)" [firmware/nnet_utils/nnet_dense_resource.h:266]   --->   Operation 73 'read' 'data_38_V_read42' <Predicate = (do_init)> <Delay = 0.00>
ST_2 : Operation 74 [1/1] (0.00ns)   --->   "%data_37_V_read41 = call i16 @_ssdm_op_Read.ap_auto.i16(i16 %data_37_V_read)" [firmware/nnet_utils/nnet_dense_resource.h:266]   --->   Operation 74 'read' 'data_37_V_read41' <Predicate = (do_init)> <Delay = 0.00>
ST_2 : Operation 75 [1/1] (0.00ns)   --->   "%data_36_V_read_4 = call i16 @_ssdm_op_Read.ap_auto.i16(i16 %data_36_V_read)" [firmware/nnet_utils/nnet_dense_resource.h:266]   --->   Operation 75 'read' 'data_36_V_read_4' <Predicate = (do_init)> <Delay = 0.00>
ST_2 : Operation 76 [1/1] (0.00ns)   --->   "%data_35_V_read_4 = call i16 @_ssdm_op_Read.ap_auto.i16(i16 %data_35_V_read)" [firmware/nnet_utils/nnet_dense_resource.h:266]   --->   Operation 76 'read' 'data_35_V_read_4' <Predicate = (do_init)> <Delay = 0.00>
ST_2 : Operation 77 [1/1] (0.00ns)   --->   "%data_34_V_read_4 = call i16 @_ssdm_op_Read.ap_auto.i16(i16 %data_34_V_read)" [firmware/nnet_utils/nnet_dense_resource.h:266]   --->   Operation 77 'read' 'data_34_V_read_4' <Predicate = (do_init)> <Delay = 0.00>
ST_2 : Operation 78 [1/1] (0.00ns)   --->   "%data_33_V_read_4 = call i16 @_ssdm_op_Read.ap_auto.i16(i16 %data_33_V_read)" [firmware/nnet_utils/nnet_dense_resource.h:266]   --->   Operation 78 'read' 'data_33_V_read_4' <Predicate = (do_init)> <Delay = 0.00>
ST_2 : Operation 79 [1/1] (0.00ns)   --->   "%data_32_V_read_4 = call i16 @_ssdm_op_Read.ap_auto.i16(i16 %data_32_V_read)" [firmware/nnet_utils/nnet_dense_resource.h:266]   --->   Operation 79 'read' 'data_32_V_read_4' <Predicate = (do_init)> <Delay = 0.00>
ST_2 : Operation 80 [1/1] (0.00ns)   --->   "%data_31_V_read_3 = call i16 @_ssdm_op_Read.ap_auto.i16(i16 %data_31_V_read)" [firmware/nnet_utils/nnet_dense_resource.h:266]   --->   Operation 80 'read' 'data_31_V_read_3' <Predicate = (do_init)> <Delay = 0.00>
ST_2 : Operation 81 [1/1] (0.00ns)   --->   "%data_30_V_read_2 = call i16 @_ssdm_op_Read.ap_auto.i16(i16 %data_30_V_read)" [firmware/nnet_utils/nnet_dense_resource.h:266]   --->   Operation 81 'read' 'data_30_V_read_2' <Predicate = (do_init)> <Delay = 0.00>
ST_2 : Operation 82 [1/1] (0.00ns)   --->   "%data_29_V_read33 = call i16 @_ssdm_op_Read.ap_auto.i16(i16 %data_29_V_read)" [firmware/nnet_utils/nnet_dense_resource.h:266]   --->   Operation 82 'read' 'data_29_V_read33' <Predicate = (do_init)> <Delay = 0.00>
ST_2 : Operation 83 [1/1] (0.00ns)   --->   "%data_28_V_read32 = call i16 @_ssdm_op_Read.ap_auto.i16(i16 %data_28_V_read)" [firmware/nnet_utils/nnet_dense_resource.h:266]   --->   Operation 83 'read' 'data_28_V_read32' <Predicate = (do_init)> <Delay = 0.00>
ST_2 : Operation 84 [1/1] (0.00ns)   --->   "%data_27_V_read31 = call i16 @_ssdm_op_Read.ap_auto.i16(i16 %data_27_V_read)" [firmware/nnet_utils/nnet_dense_resource.h:266]   --->   Operation 84 'read' 'data_27_V_read31' <Predicate = (do_init)> <Delay = 0.00>
ST_2 : Operation 85 [1/1] (0.00ns)   --->   "%data_26_V_read_4 = call i16 @_ssdm_op_Read.ap_auto.i16(i16 %data_26_V_read)" [firmware/nnet_utils/nnet_dense_resource.h:266]   --->   Operation 85 'read' 'data_26_V_read_4' <Predicate = (do_init)> <Delay = 0.00>
ST_2 : Operation 86 [1/1] (0.00ns)   --->   "%data_25_V_read_4 = call i16 @_ssdm_op_Read.ap_auto.i16(i16 %data_25_V_read)" [firmware/nnet_utils/nnet_dense_resource.h:266]   --->   Operation 86 'read' 'data_25_V_read_4' <Predicate = (do_init)> <Delay = 0.00>
ST_2 : Operation 87 [1/1] (0.00ns)   --->   "%data_24_V_read_4 = call i16 @_ssdm_op_Read.ap_auto.i16(i16 %data_24_V_read)" [firmware/nnet_utils/nnet_dense_resource.h:266]   --->   Operation 87 'read' 'data_24_V_read_4' <Predicate = (do_init)> <Delay = 0.00>
ST_2 : Operation 88 [1/1] (0.00ns)   --->   "%data_23_V_read_4 = call i16 @_ssdm_op_Read.ap_auto.i16(i16 %data_23_V_read)" [firmware/nnet_utils/nnet_dense_resource.h:266]   --->   Operation 88 'read' 'data_23_V_read_4' <Predicate = (do_init)> <Delay = 0.00>
ST_2 : Operation 89 [1/1] (0.00ns)   --->   "%data_22_V_read_4 = call i16 @_ssdm_op_Read.ap_auto.i16(i16 %data_22_V_read)" [firmware/nnet_utils/nnet_dense_resource.h:266]   --->   Operation 89 'read' 'data_22_V_read_4' <Predicate = (do_init)> <Delay = 0.00>
ST_2 : Operation 90 [1/1] (0.00ns)   --->   "%data_21_V_read_3 = call i16 @_ssdm_op_Read.ap_auto.i16(i16 %data_21_V_read)" [firmware/nnet_utils/nnet_dense_resource.h:266]   --->   Operation 90 'read' 'data_21_V_read_3' <Predicate = (do_init)> <Delay = 0.00>
ST_2 : Operation 91 [1/1] (0.00ns)   --->   "%data_20_V_read_2 = call i16 @_ssdm_op_Read.ap_auto.i16(i16 %data_20_V_read)" [firmware/nnet_utils/nnet_dense_resource.h:266]   --->   Operation 91 'read' 'data_20_V_read_2' <Predicate = (do_init)> <Delay = 0.00>
ST_2 : Operation 92 [1/1] (0.00ns)   --->   "%data_19_V_read23 = call i16 @_ssdm_op_Read.ap_auto.i16(i16 %data_19_V_read)" [firmware/nnet_utils/nnet_dense_resource.h:266]   --->   Operation 92 'read' 'data_19_V_read23' <Predicate = (do_init)> <Delay = 0.00>
ST_2 : Operation 93 [1/1] (0.00ns)   --->   "%data_18_V_read22 = call i16 @_ssdm_op_Read.ap_auto.i16(i16 %data_18_V_read)" [firmware/nnet_utils/nnet_dense_resource.h:266]   --->   Operation 93 'read' 'data_18_V_read22' <Predicate = (do_init)> <Delay = 0.00>
ST_2 : Operation 94 [1/1] (0.00ns)   --->   "%data_17_V_read21 = call i16 @_ssdm_op_Read.ap_auto.i16(i16 %data_17_V_read)" [firmware/nnet_utils/nnet_dense_resource.h:266]   --->   Operation 94 'read' 'data_17_V_read21' <Predicate = (do_init)> <Delay = 0.00>
ST_2 : Operation 95 [1/1] (0.00ns)   --->   "%data_16_V_read_4 = call i16 @_ssdm_op_Read.ap_auto.i16(i16 %data_16_V_read)" [firmware/nnet_utils/nnet_dense_resource.h:266]   --->   Operation 95 'read' 'data_16_V_read_4' <Predicate = (do_init)> <Delay = 0.00>
ST_2 : Operation 96 [1/1] (0.00ns)   --->   "%data_15_V_read_4 = call i16 @_ssdm_op_Read.ap_auto.i16(i16 %data_15_V_read)" [firmware/nnet_utils/nnet_dense_resource.h:266]   --->   Operation 96 'read' 'data_15_V_read_4' <Predicate = (do_init)> <Delay = 0.00>
ST_2 : Operation 97 [1/1] (0.00ns)   --->   "%data_14_V_read_4 = call i16 @_ssdm_op_Read.ap_auto.i16(i16 %data_14_V_read)" [firmware/nnet_utils/nnet_dense_resource.h:266]   --->   Operation 97 'read' 'data_14_V_read_4' <Predicate = (do_init)> <Delay = 0.00>
ST_2 : Operation 98 [1/1] (0.00ns)   --->   "%data_13_V_read_4 = call i16 @_ssdm_op_Read.ap_auto.i16(i16 %data_13_V_read)" [firmware/nnet_utils/nnet_dense_resource.h:266]   --->   Operation 98 'read' 'data_13_V_read_4' <Predicate = (do_init)> <Delay = 0.00>
ST_2 : Operation 99 [1/1] (0.00ns)   --->   "%data_12_V_read_4 = call i16 @_ssdm_op_Read.ap_auto.i16(i16 %data_12_V_read)" [firmware/nnet_utils/nnet_dense_resource.h:266]   --->   Operation 99 'read' 'data_12_V_read_4' <Predicate = (do_init)> <Delay = 0.00>
ST_2 : Operation 100 [1/1] (0.00ns)   --->   "%data_11_V_read_3 = call i16 @_ssdm_op_Read.ap_auto.i16(i16 %data_11_V_read)" [firmware/nnet_utils/nnet_dense_resource.h:266]   --->   Operation 100 'read' 'data_11_V_read_3' <Predicate = (do_init)> <Delay = 0.00>
ST_2 : Operation 101 [1/1] (0.00ns)   --->   "%data_10_V_read_2 = call i16 @_ssdm_op_Read.ap_auto.i16(i16 %data_10_V_read)" [firmware/nnet_utils/nnet_dense_resource.h:266]   --->   Operation 101 'read' 'data_10_V_read_2' <Predicate = (do_init)> <Delay = 0.00>
ST_2 : Operation 102 [1/1] (0.00ns)   --->   "%data_9_V_read13 = call i16 @_ssdm_op_Read.ap_auto.i16(i16 %data_9_V_read)" [firmware/nnet_utils/nnet_dense_resource.h:266]   --->   Operation 102 'read' 'data_9_V_read13' <Predicate = (do_init)> <Delay = 0.00>
ST_2 : Operation 103 [1/1] (0.00ns)   --->   "%data_8_V_read12 = call i16 @_ssdm_op_Read.ap_auto.i16(i16 %data_8_V_read)" [firmware/nnet_utils/nnet_dense_resource.h:266]   --->   Operation 103 'read' 'data_8_V_read12' <Predicate = (do_init)> <Delay = 0.00>
ST_2 : Operation 104 [1/1] (0.00ns)   --->   "%data_7_V_read11 = call i16 @_ssdm_op_Read.ap_auto.i16(i16 %data_7_V_read)" [firmware/nnet_utils/nnet_dense_resource.h:266]   --->   Operation 104 'read' 'data_7_V_read11' <Predicate = (do_init)> <Delay = 0.00>
ST_2 : Operation 105 [1/1] (0.00ns)   --->   "%data_6_V_read_4 = call i16 @_ssdm_op_Read.ap_auto.i16(i16 %data_6_V_read)" [firmware/nnet_utils/nnet_dense_resource.h:266]   --->   Operation 105 'read' 'data_6_V_read_4' <Predicate = (do_init)> <Delay = 0.00>
ST_2 : Operation 106 [1/1] (0.00ns)   --->   "%data_5_V_read_4 = call i16 @_ssdm_op_Read.ap_auto.i16(i16 %data_5_V_read)" [firmware/nnet_utils/nnet_dense_resource.h:266]   --->   Operation 106 'read' 'data_5_V_read_4' <Predicate = (do_init)> <Delay = 0.00>
ST_2 : Operation 107 [1/1] (0.00ns)   --->   "%data_4_V_read_4 = call i16 @_ssdm_op_Read.ap_auto.i16(i16 %data_4_V_read)" [firmware/nnet_utils/nnet_dense_resource.h:266]   --->   Operation 107 'read' 'data_4_V_read_4' <Predicate = (do_init)> <Delay = 0.00>
ST_2 : Operation 108 [1/1] (0.00ns)   --->   "%data_3_V_read_4 = call i16 @_ssdm_op_Read.ap_auto.i16(i16 %data_3_V_read)" [firmware/nnet_utils/nnet_dense_resource.h:266]   --->   Operation 108 'read' 'data_3_V_read_4' <Predicate = (do_init)> <Delay = 0.00>
ST_2 : Operation 109 [1/1] (0.00ns)   --->   "%data_2_V_read_4 = call i16 @_ssdm_op_Read.ap_auto.i16(i16 %data_2_V_read)" [firmware/nnet_utils/nnet_dense_resource.h:266]   --->   Operation 109 'read' 'data_2_V_read_4' <Predicate = (do_init)> <Delay = 0.00>
ST_2 : Operation 110 [1/1] (0.00ns)   --->   "%data_1_V_read_4 = call i16 @_ssdm_op_Read.ap_auto.i16(i16 %data_1_V_read)" [firmware/nnet_utils/nnet_dense_resource.h:266]   --->   Operation 110 'read' 'data_1_V_read_4' <Predicate = (do_init)> <Delay = 0.00>
ST_2 : Operation 111 [1/1] (0.00ns)   --->   "%data_0_V_read_4 = call i16 @_ssdm_op_Read.ap_auto.i16(i16 %data_0_V_read)" [firmware/nnet_utils/nnet_dense_resource.h:266]   --->   Operation 111 'read' 'data_0_V_read_4' <Predicate = (do_init)> <Delay = 0.00>
ST_2 : Operation 112 [1/1] (1.66ns)   --->   "br label %ReuseLoop" [firmware/nnet_utils/nnet_dense_resource.h:64->firmware/nnet_utils/nnet_dense_resource.h:274]   --->   Operation 112 'br' <Predicate = (do_init)> <Delay = 1.66>
ST_2 : Operation 113 [1/1] (0.00ns)   --->   "%data_0_V_read4_phi = phi i16 [ %data_0_V_read_4, %rewind_init ], [ %data_0_V_read4_rewind, %rewind_header ]" [firmware/nnet_utils/nnet_dense_resource.h:266]   --->   Operation 113 'phi' 'data_0_V_read4_phi' <Predicate = true> <Delay = 0.00>
ST_2 : Operation 114 [1/1] (0.00ns)   --->   "%data_1_V_read5_phi = phi i16 [ %data_1_V_read_4, %rewind_init ], [ %data_1_V_read5_rewind, %rewind_header ]" [firmware/nnet_utils/nnet_dense_resource.h:266]   --->   Operation 114 'phi' 'data_1_V_read5_phi' <Predicate = true> <Delay = 0.00>
ST_2 : Operation 115 [1/1] (0.00ns)   --->   "%data_2_V_read6_phi = phi i16 [ %data_2_V_read_4, %rewind_init ], [ %data_2_V_read6_rewind, %rewind_header ]" [firmware/nnet_utils/nnet_dense_resource.h:266]   --->   Operation 115 'phi' 'data_2_V_read6_phi' <Predicate = true> <Delay = 0.00>
ST_2 : Operation 116 [1/1] (0.00ns)   --->   "%data_3_V_read7_phi = phi i16 [ %data_3_V_read_4, %rewind_init ], [ %data_3_V_read7_rewind, %rewind_header ]" [firmware/nnet_utils/nnet_dense_resource.h:266]   --->   Operation 116 'phi' 'data_3_V_read7_phi' <Predicate = true> <Delay = 0.00>
ST_2 : Operation 117 [1/1] (0.00ns)   --->   "%data_4_V_read8_phi = phi i16 [ %data_4_V_read_4, %rewind_init ], [ %data_4_V_read8_rewind, %rewind_header ]" [firmware/nnet_utils/nnet_dense_resource.h:266]   --->   Operation 117 'phi' 'data_4_V_read8_phi' <Predicate = true> <Delay = 0.00>
ST_2 : Operation 118 [1/1] (0.00ns)   --->   "%data_5_V_read9_phi = phi i16 [ %data_5_V_read_4, %rewind_init ], [ %data_5_V_read9_rewind, %rewind_header ]" [firmware/nnet_utils/nnet_dense_resource.h:266]   --->   Operation 118 'phi' 'data_5_V_read9_phi' <Predicate = true> <Delay = 0.00>
ST_2 : Operation 119 [1/1] (0.00ns)   --->   "%data_6_V_read10_phi = phi i16 [ %data_6_V_read_4, %rewind_init ], [ %data_6_V_read10_rewind, %rewind_header ]" [firmware/nnet_utils/nnet_dense_resource.h:266]   --->   Operation 119 'phi' 'data_6_V_read10_phi' <Predicate = true> <Delay = 0.00>
ST_2 : Operation 120 [1/1] (0.00ns)   --->   "%data_7_V_read11_phi = phi i16 [ %data_7_V_read11, %rewind_init ], [ %data_7_V_read11_rewind, %rewind_header ]" [firmware/nnet_utils/nnet_dense_resource.h:266]   --->   Operation 120 'phi' 'data_7_V_read11_phi' <Predicate = true> <Delay = 0.00>
ST_2 : Operation 121 [1/1] (0.00ns)   --->   "%data_8_V_read12_phi = phi i16 [ %data_8_V_read12, %rewind_init ], [ %data_8_V_read12_rewind, %rewind_header ]" [firmware/nnet_utils/nnet_dense_resource.h:266]   --->   Operation 121 'phi' 'data_8_V_read12_phi' <Predicate = true> <Delay = 0.00>
ST_2 : Operation 122 [1/1] (0.00ns)   --->   "%data_9_V_read13_phi = phi i16 [ %data_9_V_read13, %rewind_init ], [ %data_9_V_read13_rewind, %rewind_header ]" [firmware/nnet_utils/nnet_dense_resource.h:266]   --->   Operation 122 'phi' 'data_9_V_read13_phi' <Predicate = true> <Delay = 0.00>
ST_2 : Operation 123 [1/1] (0.00ns)   --->   "%data_10_V_read14_phi = phi i16 [ %data_10_V_read_2, %rewind_init ], [ %data_10_V_read14_rewind, %rewind_header ]" [firmware/nnet_utils/nnet_dense_resource.h:266]   --->   Operation 123 'phi' 'data_10_V_read14_phi' <Predicate = true> <Delay = 0.00>
ST_2 : Operation 124 [1/1] (0.00ns)   --->   "%data_11_V_read15_phi = phi i16 [ %data_11_V_read_3, %rewind_init ], [ %data_11_V_read15_rewind, %rewind_header ]" [firmware/nnet_utils/nnet_dense_resource.h:266]   --->   Operation 124 'phi' 'data_11_V_read15_phi' <Predicate = true> <Delay = 0.00>
ST_2 : Operation 125 [1/1] (0.00ns)   --->   "%data_12_V_read16_phi = phi i16 [ %data_12_V_read_4, %rewind_init ], [ %data_12_V_read16_rewind, %rewind_header ]" [firmware/nnet_utils/nnet_dense_resource.h:266]   --->   Operation 125 'phi' 'data_12_V_read16_phi' <Predicate = true> <Delay = 0.00>
ST_2 : Operation 126 [1/1] (0.00ns)   --->   "%data_13_V_read17_phi = phi i16 [ %data_13_V_read_4, %rewind_init ], [ %data_13_V_read17_rewind, %rewind_header ]" [firmware/nnet_utils/nnet_dense_resource.h:266]   --->   Operation 126 'phi' 'data_13_V_read17_phi' <Predicate = true> <Delay = 0.00>
ST_2 : Operation 127 [1/1] (0.00ns)   --->   "%data_14_V_read18_phi = phi i16 [ %data_14_V_read_4, %rewind_init ], [ %data_14_V_read18_rewind, %rewind_header ]" [firmware/nnet_utils/nnet_dense_resource.h:266]   --->   Operation 127 'phi' 'data_14_V_read18_phi' <Predicate = true> <Delay = 0.00>
ST_2 : Operation 128 [1/1] (0.00ns)   --->   "%data_15_V_read19_phi = phi i16 [ %data_15_V_read_4, %rewind_init ], [ %data_15_V_read19_rewind, %rewind_header ]" [firmware/nnet_utils/nnet_dense_resource.h:266]   --->   Operation 128 'phi' 'data_15_V_read19_phi' <Predicate = true> <Delay = 0.00>
ST_2 : Operation 129 [1/1] (0.00ns)   --->   "%data_16_V_read20_phi = phi i16 [ %data_16_V_read_4, %rewind_init ], [ %data_16_V_read20_rewind, %rewind_header ]" [firmware/nnet_utils/nnet_dense_resource.h:266]   --->   Operation 129 'phi' 'data_16_V_read20_phi' <Predicate = true> <Delay = 0.00>
ST_2 : Operation 130 [1/1] (0.00ns)   --->   "%data_17_V_read21_phi = phi i16 [ %data_17_V_read21, %rewind_init ], [ %data_17_V_read21_rewind, %rewind_header ]" [firmware/nnet_utils/nnet_dense_resource.h:266]   --->   Operation 130 'phi' 'data_17_V_read21_phi' <Predicate = true> <Delay = 0.00>
ST_2 : Operation 131 [1/1] (0.00ns)   --->   "%data_18_V_read22_phi = phi i16 [ %data_18_V_read22, %rewind_init ], [ %data_18_V_read22_rewind, %rewind_header ]" [firmware/nnet_utils/nnet_dense_resource.h:266]   --->   Operation 131 'phi' 'data_18_V_read22_phi' <Predicate = true> <Delay = 0.00>
ST_2 : Operation 132 [1/1] (0.00ns)   --->   "%data_19_V_read23_phi = phi i16 [ %data_19_V_read23, %rewind_init ], [ %data_19_V_read23_rewind, %rewind_header ]" [firmware/nnet_utils/nnet_dense_resource.h:266]   --->   Operation 132 'phi' 'data_19_V_read23_phi' <Predicate = true> <Delay = 0.00>
ST_2 : Operation 133 [1/1] (0.00ns)   --->   "%data_20_V_read24_phi = phi i16 [ %data_20_V_read_2, %rewind_init ], [ %data_20_V_read24_rewind, %rewind_header ]" [firmware/nnet_utils/nnet_dense_resource.h:266]   --->   Operation 133 'phi' 'data_20_V_read24_phi' <Predicate = true> <Delay = 0.00>
ST_2 : Operation 134 [1/1] (0.00ns)   --->   "%data_21_V_read25_phi = phi i16 [ %data_21_V_read_3, %rewind_init ], [ %data_21_V_read25_rewind, %rewind_header ]" [firmware/nnet_utils/nnet_dense_resource.h:266]   --->   Operation 134 'phi' 'data_21_V_read25_phi' <Predicate = true> <Delay = 0.00>
ST_2 : Operation 135 [1/1] (0.00ns)   --->   "%data_22_V_read26_phi = phi i16 [ %data_22_V_read_4, %rewind_init ], [ %data_22_V_read26_rewind, %rewind_header ]" [firmware/nnet_utils/nnet_dense_resource.h:266]   --->   Operation 135 'phi' 'data_22_V_read26_phi' <Predicate = true> <Delay = 0.00>
ST_2 : Operation 136 [1/1] (0.00ns)   --->   "%data_23_V_read27_phi = phi i16 [ %data_23_V_read_4, %rewind_init ], [ %data_23_V_read27_rewind, %rewind_header ]" [firmware/nnet_utils/nnet_dense_resource.h:266]   --->   Operation 136 'phi' 'data_23_V_read27_phi' <Predicate = true> <Delay = 0.00>
ST_2 : Operation 137 [1/1] (0.00ns)   --->   "%data_24_V_read28_phi = phi i16 [ %data_24_V_read_4, %rewind_init ], [ %data_24_V_read28_rewind, %rewind_header ]" [firmware/nnet_utils/nnet_dense_resource.h:266]   --->   Operation 137 'phi' 'data_24_V_read28_phi' <Predicate = true> <Delay = 0.00>
ST_2 : Operation 138 [1/1] (0.00ns)   --->   "%data_25_V_read29_phi = phi i16 [ %data_25_V_read_4, %rewind_init ], [ %data_25_V_read29_rewind, %rewind_header ]" [firmware/nnet_utils/nnet_dense_resource.h:266]   --->   Operation 138 'phi' 'data_25_V_read29_phi' <Predicate = true> <Delay = 0.00>
ST_2 : Operation 139 [1/1] (0.00ns)   --->   "%data_26_V_read30_phi = phi i16 [ %data_26_V_read_4, %rewind_init ], [ %data_26_V_read30_rewind, %rewind_header ]" [firmware/nnet_utils/nnet_dense_resource.h:266]   --->   Operation 139 'phi' 'data_26_V_read30_phi' <Predicate = true> <Delay = 0.00>
ST_2 : Operation 140 [1/1] (0.00ns)   --->   "%data_27_V_read31_phi = phi i16 [ %data_27_V_read31, %rewind_init ], [ %data_27_V_read31_rewind, %rewind_header ]" [firmware/nnet_utils/nnet_dense_resource.h:266]   --->   Operation 140 'phi' 'data_27_V_read31_phi' <Predicate = true> <Delay = 0.00>
ST_2 : Operation 141 [1/1] (0.00ns)   --->   "%data_28_V_read32_phi = phi i16 [ %data_28_V_read32, %rewind_init ], [ %data_28_V_read32_rewind, %rewind_header ]" [firmware/nnet_utils/nnet_dense_resource.h:266]   --->   Operation 141 'phi' 'data_28_V_read32_phi' <Predicate = true> <Delay = 0.00>
ST_2 : Operation 142 [1/1] (0.00ns)   --->   "%data_29_V_read33_phi = phi i16 [ %data_29_V_read33, %rewind_init ], [ %data_29_V_read33_rewind, %rewind_header ]" [firmware/nnet_utils/nnet_dense_resource.h:266]   --->   Operation 142 'phi' 'data_29_V_read33_phi' <Predicate = true> <Delay = 0.00>
ST_2 : Operation 143 [1/1] (0.00ns)   --->   "%data_30_V_read34_phi = phi i16 [ %data_30_V_read_2, %rewind_init ], [ %data_30_V_read34_rewind, %rewind_header ]" [firmware/nnet_utils/nnet_dense_resource.h:266]   --->   Operation 143 'phi' 'data_30_V_read34_phi' <Predicate = true> <Delay = 0.00>
ST_2 : Operation 144 [1/1] (0.00ns)   --->   "%data_31_V_read35_phi = phi i16 [ %data_31_V_read_3, %rewind_init ], [ %data_31_V_read35_rewind, %rewind_header ]" [firmware/nnet_utils/nnet_dense_resource.h:266]   --->   Operation 144 'phi' 'data_31_V_read35_phi' <Predicate = true> <Delay = 0.00>
ST_2 : Operation 145 [1/1] (0.00ns)   --->   "%data_32_V_read36_phi = phi i16 [ %data_32_V_read_4, %rewind_init ], [ %data_32_V_read36_rewind, %rewind_header ]" [firmware/nnet_utils/nnet_dense_resource.h:266]   --->   Operation 145 'phi' 'data_32_V_read36_phi' <Predicate = true> <Delay = 0.00>
ST_2 : Operation 146 [1/1] (0.00ns)   --->   "%data_33_V_read37_phi = phi i16 [ %data_33_V_read_4, %rewind_init ], [ %data_33_V_read37_rewind, %rewind_header ]" [firmware/nnet_utils/nnet_dense_resource.h:266]   --->   Operation 146 'phi' 'data_33_V_read37_phi' <Predicate = true> <Delay = 0.00>
ST_2 : Operation 147 [1/1] (0.00ns)   --->   "%data_34_V_read38_phi = phi i16 [ %data_34_V_read_4, %rewind_init ], [ %data_34_V_read38_rewind, %rewind_header ]" [firmware/nnet_utils/nnet_dense_resource.h:266]   --->   Operation 147 'phi' 'data_34_V_read38_phi' <Predicate = true> <Delay = 0.00>
ST_2 : Operation 148 [1/1] (0.00ns)   --->   "%data_35_V_read39_phi = phi i16 [ %data_35_V_read_4, %rewind_init ], [ %data_35_V_read39_rewind, %rewind_header ]" [firmware/nnet_utils/nnet_dense_resource.h:266]   --->   Operation 148 'phi' 'data_35_V_read39_phi' <Predicate = true> <Delay = 0.00>
ST_2 : Operation 149 [1/1] (0.00ns)   --->   "%data_36_V_read40_phi = phi i16 [ %data_36_V_read_4, %rewind_init ], [ %data_36_V_read40_rewind, %rewind_header ]" [firmware/nnet_utils/nnet_dense_resource.h:266]   --->   Operation 149 'phi' 'data_36_V_read40_phi' <Predicate = true> <Delay = 0.00>
ST_2 : Operation 150 [1/1] (0.00ns)   --->   "%data_37_V_read41_phi = phi i16 [ %data_37_V_read41, %rewind_init ], [ %data_37_V_read41_rewind, %rewind_header ]" [firmware/nnet_utils/nnet_dense_resource.h:266]   --->   Operation 150 'phi' 'data_37_V_read41_phi' <Predicate = true> <Delay = 0.00>
ST_2 : Operation 151 [1/1] (0.00ns)   --->   "%data_38_V_read42_phi = phi i16 [ %data_38_V_read42, %rewind_init ], [ %data_38_V_read42_rewind, %rewind_header ]" [firmware/nnet_utils/nnet_dense_resource.h:266]   --->   Operation 151 'phi' 'data_38_V_read42_phi' <Predicate = true> <Delay = 0.00>
ST_2 : Operation 152 [1/1] (0.00ns)   --->   "%data_39_V_read43_phi = phi i16 [ %data_39_V_read43, %rewind_init ], [ %data_39_V_read43_rewind, %rewind_header ]" [firmware/nnet_utils/nnet_dense_resource.h:266]   --->   Operation 152 'phi' 'data_39_V_read43_phi' <Predicate = true> <Delay = 0.00>
ST_2 : Operation 153 [1/1] (0.00ns)   --->   "%data_40_V_read44_phi = phi i16 [ %data_40_V_read_2, %rewind_init ], [ %data_40_V_read44_rewind, %rewind_header ]" [firmware/nnet_utils/nnet_dense_resource.h:266]   --->   Operation 153 'phi' 'data_40_V_read44_phi' <Predicate = true> <Delay = 0.00>
ST_2 : Operation 154 [1/1] (0.00ns)   --->   "%data_41_V_read45_phi = phi i16 [ %data_41_V_read_3, %rewind_init ], [ %data_41_V_read45_rewind, %rewind_header ]" [firmware/nnet_utils/nnet_dense_resource.h:266]   --->   Operation 154 'phi' 'data_41_V_read45_phi' <Predicate = true> <Delay = 0.00>
ST_2 : Operation 155 [1/1] (0.00ns)   --->   "%data_42_V_read46_phi = phi i16 [ %data_42_V_read_4, %rewind_init ], [ %data_42_V_read46_rewind, %rewind_header ]" [firmware/nnet_utils/nnet_dense_resource.h:266]   --->   Operation 155 'phi' 'data_42_V_read46_phi' <Predicate = true> <Delay = 0.00>
ST_2 : Operation 156 [1/1] (0.00ns)   --->   "%data_43_V_read47_phi = phi i16 [ %data_43_V_read_4, %rewind_init ], [ %data_43_V_read47_rewind, %rewind_header ]" [firmware/nnet_utils/nnet_dense_resource.h:266]   --->   Operation 156 'phi' 'data_43_V_read47_phi' <Predicate = true> <Delay = 0.00>
ST_2 : Operation 157 [1/1] (0.00ns)   --->   "%data_44_V_read48_phi = phi i16 [ %data_44_V_read_4, %rewind_init ], [ %data_44_V_read48_rewind, %rewind_header ]" [firmware/nnet_utils/nnet_dense_resource.h:266]   --->   Operation 157 'phi' 'data_44_V_read48_phi' <Predicate = true> <Delay = 0.00>
ST_2 : Operation 158 [1/1] (0.00ns)   --->   "%data_45_V_read49_phi = phi i16 [ %data_45_V_read_4, %rewind_init ], [ %data_45_V_read49_rewind, %rewind_header ]" [firmware/nnet_utils/nnet_dense_resource.h:266]   --->   Operation 158 'phi' 'data_45_V_read49_phi' <Predicate = true> <Delay = 0.00>
ST_2 : Operation 159 [1/1] (0.00ns)   --->   "%data_46_V_read50_phi = phi i16 [ %data_46_V_read_4, %rewind_init ], [ %data_46_V_read50_rewind, %rewind_header ]" [firmware/nnet_utils/nnet_dense_resource.h:266]   --->   Operation 159 'phi' 'data_46_V_read50_phi' <Predicate = true> <Delay = 0.00>
ST_2 : Operation 160 [1/1] (0.00ns)   --->   "%data_47_V_read51_phi = phi i16 [ %data_47_V_read51, %rewind_init ], [ %data_47_V_read51_rewind, %rewind_header ]" [firmware/nnet_utils/nnet_dense_resource.h:266]   --->   Operation 160 'phi' 'data_47_V_read51_phi' <Predicate = true> <Delay = 0.00>
ST_2 : Operation 161 [1/1] (0.00ns)   --->   "%data_48_V_read52_phi = phi i16 [ %data_48_V_read52, %rewind_init ], [ %data_48_V_read52_rewind, %rewind_header ]" [firmware/nnet_utils/nnet_dense_resource.h:266]   --->   Operation 161 'phi' 'data_48_V_read52_phi' <Predicate = true> <Delay = 0.00>
ST_2 : Operation 162 [1/1] (0.00ns)   --->   "%data_49_V_read53_phi = phi i16 [ %data_49_V_read53, %rewind_init ], [ %data_49_V_read53_rewind, %rewind_header ]" [firmware/nnet_utils/nnet_dense_resource.h:266]   --->   Operation 162 'phi' 'data_49_V_read53_phi' <Predicate = true> <Delay = 0.00>
ST_2 : Operation 163 [1/1] (0.00ns)   --->   "%zext_ln76 = zext i6 %in_index3 to i64" [firmware/nnet_utils/nnet_dense_resource.h:76->firmware/nnet_utils/nnet_dense_resource.h:274]   --->   Operation 163 'zext' 'zext_ln76' <Predicate = true> <Delay = 0.00>
ST_2 : Operation 164 [1/1] (0.00ns)   --->   "%w8_V_addr = getelementptr [50 x i6]* @w8_V, i64 0, i64 %zext_ln76" [firmware/nnet_utils/nnet_dense_resource.h:76->firmware/nnet_utils/nnet_dense_resource.h:274]   --->   Operation 164 'getelementptr' 'w8_V_addr' <Predicate = true> <Delay = 0.00>
ST_2 : Operation 165 [2/2] (3.25ns)   --->   "%w8_V_load = load i6* %w8_V_addr, align 1" [firmware/nnet_utils/nnet_dense_resource.h:76->firmware/nnet_utils/nnet_dense_resource.h:274]   --->   Operation 165 'load' 'w8_V_load' <Predicate = true> <Delay = 3.25> <Core = "ROM_nP">   --->   Core 52 'ROM_nP' <Latency = 1> <II = 1> <Delay = 3.25> <Storage> <Opcode : 'load'> <Ports = 0> <Width = 6> <Depth = 50> <ROM>
ST_2 : Operation 166 [1/1] (1.94ns)   --->   "%in_index = add i6 %in_index3, 1" [firmware/nnet_utils/nnet_dense_resource.h:64->firmware/nnet_utils/nnet_dense_resource.h:274]   --->   Operation 166 'add' 'in_index' <Predicate = true> <Delay = 1.94> <Core = "AddSub">   --->   Core 14 'AddSub' <Latency = 0> <II = 1> <Delay = 1.94> <FuncUnit> <Opcode : 'add' 'sub'> <InPorts = 2> <OutPorts = 1>
ST_2 : Operation 167 [1/1] (1.45ns)   --->   "%icmp_ln64 = icmp eq i6 %in_index3, -15" [firmware/nnet_utils/nnet_dense_resource.h:64->firmware/nnet_utils/nnet_dense_resource.h:274]   --->   Operation 167 'icmp' 'icmp_ln64' <Predicate = true> <Delay = 1.45> <Core = "Cmp">   --->   Core 25 'Cmp' <Latency = 0> <II = 1> <Delay = 1.45> <FuncUnit> <Opcode : 'icmp'> <InPorts = 2> <OutPorts = 1>
ST_2 : Operation 168 [1/1] (0.00ns)   --->   "br i1 %icmp_ln64, label %"dense_resource_rf_leq_nin<ap_fixed<16, 8, 5, 3, 0>, ap_fixed<8, 2, 5, 3, 0>, config8>.exit", label %rewind_header" [firmware/nnet_utils/nnet_dense_resource.h:64->firmware/nnet_utils/nnet_dense_resource.h:274]   --->   Operation 168 'br' <Predicate = true> <Delay = 0.00>
ST_2 : Operation 169 [1/1] (0.00ns)   --->   "br label %rewind_header" [firmware/nnet_utils/nnet_dense_resource.h:280]   --->   Operation 169 'br' <Predicate = (icmp_ln64)> <Delay = 0.00>

State 3 <SV = 2> <Delay = 3.25>
ST_3 : Operation 170 [1/1] (3.07ns)   --->   "%tmp_1 = call i16 @_ssdm_op_Mux.ap_auto.50i16.i6(i16 %data_0_V_read4_phi, i16 %data_1_V_read5_phi, i16 %data_2_V_read6_phi, i16 %data_3_V_read7_phi, i16 %data_4_V_read8_phi, i16 %data_5_V_read9_phi, i16 %data_6_V_read10_phi, i16 %data_7_V_read11_phi, i16 %data_8_V_read12_phi, i16 %data_9_V_read13_phi, i16 %data_10_V_read14_phi, i16 %data_11_V_read15_phi, i16 %data_12_V_read16_phi, i16 %data_13_V_read17_phi, i16 %data_14_V_read18_phi, i16 %data_15_V_read19_phi, i16 %data_16_V_read20_phi, i16 %data_17_V_read21_phi, i16 %data_18_V_read22_phi, i16 %data_19_V_read23_phi, i16 %data_20_V_read24_phi, i16 %data_21_V_read25_phi, i16 %data_22_V_read26_phi, i16 %data_23_V_read27_phi, i16 %data_24_V_read28_phi, i16 %data_25_V_read29_phi, i16 %data_26_V_read30_phi, i16 %data_27_V_read31_phi, i16 %data_28_V_read32_phi, i16 %data_29_V_read33_phi, i16 %data_30_V_read34_phi, i16 %data_31_V_read35_phi, i16 %data_32_V_read36_phi, i16 %data_33_V_read37_phi, i16 %data_34_V_read38_phi, i16 %data_35_V_read39_phi, i16 %data_36_V_read40_phi, i16 %data_37_V_read41_phi, i16 %data_38_V_read42_phi, i16 %data_39_V_read43_phi, i16 %data_40_V_read44_phi, i16 %data_41_V_read45_phi, i16 %data_42_V_read46_phi, i16 %data_43_V_read47_phi, i16 %data_44_V_read48_phi, i16 %data_45_V_read49_phi, i16 %data_46_V_read50_phi, i16 %data_47_V_read51_phi, i16 %data_48_V_read52_phi, i16 %data_49_V_read53_phi, i6 %in_index3)" [firmware/nnet_utils/nnet_dense_resource.h:76->firmware/nnet_utils/nnet_dense_resource.h:274]   --->   Operation 170 'mux' 'tmp_1' <Predicate = true> <Delay = 3.07> <Core = "MuxnS">   --->   Core 31 'MuxnS' <Latency = 0> <II = 1> <Delay = 3.07> <FuncUnit> <Opcode : 'mux'> <InPorts = 2> <OutPorts = 1>
ST_3 : Operation 171 [1/2] (3.25ns)   --->   "%w8_V_load = load i6* %w8_V_addr, align 1" [firmware/nnet_utils/nnet_dense_resource.h:76->firmware/nnet_utils/nnet_dense_resource.h:274]   --->   Operation 171 'load' 'w8_V_load' <Predicate = true> <Delay = 3.25> <Core = "ROM_nP">   --->   Core 52 'ROM_nP' <Latency = 1> <II = 1> <Delay = 3.25> <Storage> <Opcode : 'load'> <Ports = 0> <Width = 6> <Depth = 50> <ROM>

State 4 <SV = 3> <Delay = 1.45>
ST_4 : Operation 172 [1/1] (0.00ns)   --->   "%sext_ln703 = sext i6 %w8_V_load to i16" [firmware/nnet_utils/nnet_mult.h:77->firmware/nnet_utils/nnet_dense_resource.h:76->firmware/nnet_utils/nnet_dense_resource.h:274]   --->   Operation 172 'sext' 'sext_ln703' <Predicate = true> <Delay = 0.00>
ST_4 : Operation 173 [3/3] (1.45ns) (grouped into DSP with root node acc_0_V)   --->   "%mul_ln703 = mul i16 %tmp_1, %sext_ln703" [firmware/nnet_utils/nnet_mult.h:77->firmware/nnet_utils/nnet_dense_resource.h:76->firmware/nnet_utils/nnet_dense_resource.h:274]   --->   Operation 173 'mul' 'mul_ln703' <Predicate = true> <Delay = 1.45> <Core = "DSP48">   --->   Core 88 'DSP48' <Latency = 2> <II = 1> <Delay = 3.88> <IPBlock> <Opcode : 'mul' 'add' 'sub' 'select'> <InPorts = 0> <OutPorts = 1> <Sync> <CReg>

State 5 <SV = 4> <Delay = 1.45>
ST_5 : Operation 174 [2/3] (1.45ns) (grouped into DSP with root node acc_0_V)   --->   "%mul_ln703 = mul i16 %tmp_1, %sext_ln703" [firmware/nnet_utils/nnet_mult.h:77->firmware/nnet_utils/nnet_dense_resource.h:76->firmware/nnet_utils/nnet_dense_resource.h:274]   --->   Operation 174 'mul' 'mul_ln703' <Predicate = true> <Delay = 1.45> <Core = "DSP48">   --->   Core 88 'DSP48' <Latency = 2> <II = 1> <Delay = 3.88> <IPBlock> <Opcode : 'mul' 'add' 'sub' 'select'> <InPorts = 0> <OutPorts = 1> <Sync> <CReg>

State 6 <SV = 5> <Delay = 3.82>
ST_6 : Operation 175 [1/1] (0.00ns)   --->   "%p_Val2_2 = phi i16 [ -512, %0 ], [ %acc_0_V, %ReuseLoop ], [ -512, %"dense_resource_rf_leq_nin<ap_fixed<16, 8, 5, 3, 0>, ap_fixed<8, 2, 5, 3, 0>, config8>.exit" ]"   --->   Operation 175 'phi' 'p_Val2_2' <Predicate = true> <Delay = 0.00>
ST_6 : Operation 176 [1/3] (0.00ns) (grouped into DSP with root node acc_0_V)   --->   "%mul_ln703 = mul i16 %tmp_1, %sext_ln703" [firmware/nnet_utils/nnet_mult.h:77->firmware/nnet_utils/nnet_dense_resource.h:76->firmware/nnet_utils/nnet_dense_resource.h:274]   --->   Operation 176 'mul' 'mul_ln703' <Predicate = true> <Delay = 0.00> <Core = "DSP48">   --->   Core 88 'DSP48' <Latency = 2> <II = 1> <Delay = 3.88> <IPBlock> <Opcode : 'mul' 'add' 'sub' 'select'> <InPorts = 0> <OutPorts = 1> <Sync> <CReg>
ST_6 : Operation 177 [1/1] (3.82ns) (root node of the DSP)   --->   "%acc_0_V = add i16 %mul_ln703, %p_Val2_2" [firmware/nnet_utils/nnet_dense_resource.h:76->firmware/nnet_utils/nnet_dense_resource.h:274]   --->   Operation 177 'add' 'acc_0_V' <Predicate = true> <Delay = 3.82> <Core = "DSP48">   --->   Core 88 'DSP48' <Latency = 2> <II = 1> <Delay = 3.88> <IPBlock> <Opcode : 'mul' 'add' 'sub' 'select'> <InPorts = 0> <OutPorts = 1> <Sync> <CReg>

State 7 <SV = 6> <Delay = 0.00>
ST_7 : Operation 178 [1/1] (0.00ns)   --->   "call void (...)* @_ssdm_op_SpecLoopName([10 x i8]* @p_str14) nounwind" [firmware/nnet_utils/nnet_dense_resource.h:64->firmware/nnet_utils/nnet_dense_resource.h:274]   --->   Operation 178 'specloopname' <Predicate = true> <Delay = 0.00>
ST_7 : Operation 179 [1/1] (0.00ns)   --->   "%tmp = call i32 (...)* @_ssdm_op_SpecRegionBegin([10 x i8]* @p_str14)" [firmware/nnet_utils/nnet_dense_resource.h:64->firmware/nnet_utils/nnet_dense_resource.h:274]   --->   Operation 179 'specregionbegin' 'tmp' <Predicate = true> <Delay = 0.00>
ST_7 : Operation 180 [1/1] (0.00ns)   --->   "call void (...)* @_ssdm_op_SpecPipeline(i32 1, i32 1, i32 1, i32 0, [1 x i8]* @p_str9) nounwind" [firmware/nnet_utils/nnet_dense_resource.h:65->firmware/nnet_utils/nnet_dense_resource.h:274]   --->   Operation 180 'specpipeline' <Predicate = true> <Delay = 0.00>
ST_7 : Operation 181 [1/1] (0.00ns)   --->   "%empty = call i32 (...)* @_ssdm_op_SpecRegionEnd([10 x i8]* @p_str14, i32 %tmp)" [firmware/nnet_utils/nnet_dense_resource.h:93->firmware/nnet_utils/nnet_dense_resource.h:274]   --->   Operation 181 'specregionend' 'empty' <Predicate = true> <Delay = 0.00>
ST_7 : Operation 182 [1/1] (0.00ns)   --->   "%empty_18 = call i32 (...)* @_ssdm_op_SpecLoopTripCount(i64 50, i64 50, i64 50)"   --->   Operation 182 'speclooptripcount' 'empty_18' <Predicate = true> <Delay = 0.00>
ST_7 : Operation 183 [1/1] (0.00ns)   --->   "%res_V_write_assign = call i8 @_ssdm_op_PartSelect.i8.i16.i32.i32(i16 %acc_0_V, i32 8, i32 15)" [firmware/nnet_utils/nnet_mult.h:117->firmware/nnet_utils/nnet_dense_resource.h:99->firmware/nnet_utils/nnet_dense_resource.h:274]   --->   Operation 183 'partselect' 'res_V_write_assign' <Predicate = (icmp_ln64)> <Delay = 0.00>
ST_7 : Operation 184 [1/1] (0.00ns)   --->   "call void (...)* @_ssdm_op_Return(i8 %res_V_write_assign)" [firmware/nnet_utils/nnet_dense_resource.h:280]   --->   Operation 184 'return' <Predicate = (icmp_ln64)> <Delay = 0.00>


============================================================
+ Verbose Summary: Timing violations
============================================================
Target clock period: 5ns, clock uncertainty: 0.625ns.

 <State 1>: 1.66ns
The critical path consists of the following:
	multiplexor before 'phi' operation ('do_init') [55]  (1.66 ns)

 <State 2>: 3.26ns
The critical path consists of the following:
	'phi' operation ('ir') with incoming values : ('ir', firmware/nnet_utils/nnet_dense_resource.h:64->firmware/nnet_utils/nnet_dense_resource.h:274) [106]  (0 ns)
	'getelementptr' operation ('w8_V_addr', firmware/nnet_utils/nnet_dense_resource.h:76->firmware/nnet_utils/nnet_dense_resource.h:274) [217]  (0 ns)
	'load' operation ('w8_V_load', firmware/nnet_utils/nnet_dense_resource.h:76->firmware/nnet_utils/nnet_dense_resource.h:274) on array 'w8_V' [218]  (3.26 ns)

 <State 3>: 3.26ns
The critical path consists of the following:
	'load' operation ('w8_V_load', firmware/nnet_utils/nnet_dense_resource.h:76->firmware/nnet_utils/nnet_dense_resource.h:274) on array 'w8_V' [218]  (3.26 ns)

 <State 4>: 1.45ns
The critical path consists of the following:
	'mul' operation of DSP[221] ('mul_ln703', firmware/nnet_utils/nnet_mult.h:77->firmware/nnet_utils/nnet_dense_resource.h:76->firmware/nnet_utils/nnet_dense_resource.h:274) [220]  (1.45 ns)

 <State 5>: 1.45ns
The critical path consists of the following:
	'mul' operation of DSP[221] ('mul_ln703', firmware/nnet_utils/nnet_mult.h:77->firmware/nnet_utils/nnet_dense_resource.h:76->firmware/nnet_utils/nnet_dense_resource.h:274) [220]  (1.45 ns)

 <State 6>: 3.82ns
The critical path consists of the following:
	'phi' operation ('acc[0].V') with incoming values : ('acc[0].V', firmware/nnet_utils/nnet_dense_resource.h:76->firmware/nnet_utils/nnet_dense_resource.h:274) [107]  (0 ns)
	'add' operation of DSP[221] ('acc[0].V', firmware/nnet_utils/nnet_dense_resource.h:76->firmware/nnet_utils/nnet_dense_resource.h:274) [221]  (3.82 ns)

 <State 7>: 0ns
The critical path consists of the following:


============================================================
+ Verbose Summary: Binding
============================================================
N/A
* FSMD analyzer results:
  - Output states:
 - Input state : 
  - Chain level:
	State 1
	State 2
	State 3
	State 4
	State 5
	State 6
	State 7


============================================================
+ Verbose Summary: Datapath Resource usage 
============================================================
N/A
