

================================================================
== Vivado HLS Report for 'sigmoid_ap_fixed_ap_fixed_16_6_5_3_0_sigmoid_config9_s'
================================================================
* Date:           Wed Nov 12 16:32:55 2025

* Version:        2019.2 (Build 2704478 on Wed Nov 06 22:10:23 MST 2019)
* Project:        model_1_hls4ml_prj_prj
* Solution:       solution1
* Product family: artix7
* Target device:  xc7a100t-csg324-1


================================================================
== Performance Estimates
================================================================
+ Timing: 
    * Summary: 
    +--------+---------+----------+------------+
    |  Clock |  Target | Estimated| Uncertainty|
    +--------+---------+----------+------------+
    |ap_clk  | 5.00 ns | 4.247 ns |   0.62 ns  |
    +--------+---------+----------+------------+

+ Latency: 
    * Summary: 
    +---------+---------+----------+----------+-----+-----+----------+
    |  Latency (cycles) |  Latency (absolute) |  Interval | Pipeline |
    |   min   |   max   |    min   |    max   | min | max |   Type   |
    +---------+---------+----------+----------+-----+-----+----------+
    |        1|        1| 5.000 ns | 5.000 ns |    1|    1| function |
    +---------+---------+----------+----------+-----+-----+----------+

    + Detail: 
        * Instance: 
        N/A

        * Loop: 
        N/A

============================================================
+ Verbose Summary: Synthesis Manager
============================================================
InlineROM: 1
ExposeGlobal: 0
============================================================
+ Verbose Summary: CDFG Model
============================================================
IsTopModel: 0
ResetActiveHigh: 1
IsCombinational: 2
IsDatapathOnly: 0
HasWiredReturn: 1
HasMFsm: 2
HasVarLatency: 0
IsPipeline: 1
IsRtlPipelined: 1
IsInstanceOverlapped: 0
IsDontTouch: 0
HasImplIP: 0
IsGatedGlobalClock: 0

+ Individual pipeline summary: 
  * Pipeline-0: initiation interval (II) = 1, depth = 2


============================================================
+ Verbose Summary: Schedule
============================================================
* Number of FSM states : 2
* Pipeline : 1
  Pipeline-0 : II = 1, D = 2, States = { 1 2 }
* Dataflow Pipeline: 0

* FSM state transitions: 
1 --> 2 
2 --> 

* FSM state operations: 

State 1 <SV = 0> <Delay = 4.24>
ST_1 : Operation 3 [1/1] (0.00ns)   --->   "%data_V_read_1 = call i4 @_ssdm_op_Read.ap_auto.i4(i4 %data_V_read)" [firmware/nnet_utils/nnet_activation.h:140]   --->   Operation 3 'read' 'data_V_read_1' <Predicate = true> <Delay = 0.00>
ST_1 : Operation 4 [1/1] (0.00ns)   --->   "%tmp_1 = call i8 @_ssdm_op_BitConcatenate.i8.i4.i4(i4 %data_V_read_1, i4 0)" [firmware/nnet_utils/nnet_activation.h:166]   --->   Operation 4 'bitconcatenate' 'tmp_1' <Predicate = true> <Delay = 0.00>
ST_1 : Operation 5 [1/1] (0.00ns)   --->   "%sext_ln166 = sext i8 %tmp_1 to i10" [firmware/nnet_utils/nnet_activation.h:166]   --->   Operation 5 'sext' 'sext_ln166' <Predicate = true> <Delay = 0.00>
ST_1 : Operation 6 [1/1] (0.99ns)   --->   "%xor_ln167 = xor i10 %sext_ln166, -512" [firmware/nnet_utils/nnet_activation.h:167]   --->   Operation 6 'xor' 'xor_ln167' <Predicate = true> <Delay = 0.99> <Core = "LogicGate">   --->   Core 27 'LogicGate' <Latency = 0> <II = 1> <Delay = 0.99> <FuncUnit> <Opcode : 'and' 'or' 'xor'> <InPorts = 2> <OutPorts = 1>
ST_1 : Operation 7 [1/1] (0.00ns)   --->   "%zext_ln170 = zext i10 %xor_ln167 to i64" [firmware/nnet_utils/nnet_activation.h:170]   --->   Operation 7 'zext' 'zext_ln170' <Predicate = true> <Delay = 0.00>
ST_1 : Operation 8 [1/1] (0.00ns)   --->   "%sigmoid_table1_addr = getelementptr [1024 x i10]* @sigmoid_table1, i64 0, i64 %zext_ln170" [firmware/nnet_utils/nnet_activation.h:170]   --->   Operation 8 'getelementptr' 'sigmoid_table1_addr' <Predicate = true> <Delay = 0.00>
ST_1 : Operation 9 [2/2] (3.25ns)   --->   "%p_Val2_s = load i10* %sigmoid_table1_addr, align 2" [firmware/nnet_utils/nnet_activation.h:170]   --->   Operation 9 'load' 'p_Val2_s' <Predicate = true> <Delay = 3.25> <Core = "ROM_nP">   --->   Core 52 'ROM_nP' <Latency = 1> <II = 1> <Delay = 3.25> <Storage> <Opcode : 'load'> <Ports = 0> <Width = 10> <Depth = 1024> <ROM>

State 2 <SV = 1> <Delay = 3.25>
ST_2 : Operation 10 [1/1] (0.00ns)   --->   "%tmp = call i32 (...)* @_ssdm_op_SpecRegionBegin([13 x i8]* @p_str11)" [firmware/nnet_utils/nnet_activation.h:155]   --->   Operation 10 'specregionbegin' 'tmp' <Predicate = true> <Delay = 0.00>
ST_2 : Operation 11 [1/1] (0.00ns)   --->   "call void (...)* @_ssdm_op_SpecPipeline(i32 -1, i32 1, i32 1, i32 0, [1 x i8]* @p_str9) nounwind" [firmware/nnet_utils/nnet_activation.h:156]   --->   Operation 11 'specpipeline' <Predicate = true> <Delay = 0.00>
ST_2 : Operation 12 [1/1] (0.00ns)   --->   "%empty = call i32 (...)* @_ssdm_op_SpecRegionEnd([13 x i8]* @p_str11, i32 %tmp)" [firmware/nnet_utils/nnet_activation.h:157]   --->   Operation 12 'specregionend' 'empty' <Predicate = true> <Delay = 0.00>
ST_2 : Operation 13 [1/2] (3.25ns)   --->   "%p_Val2_s = load i10* %sigmoid_table1_addr, align 2" [firmware/nnet_utils/nnet_activation.h:170]   --->   Operation 13 'load' 'p_Val2_s' <Predicate = true> <Delay = 3.25> <Core = "ROM_nP">   --->   Core 52 'ROM_nP' <Latency = 1> <II = 1> <Delay = 3.25> <Storage> <Opcode : 'load'> <Ports = 0> <Width = 10> <Depth = 1024> <ROM>
ST_2 : Operation 14 [1/1] (0.00ns)   --->   "%zext_ln703 = zext i10 %p_Val2_s to i16" [firmware/nnet_utils/nnet_activation.h:170]   --->   Operation 14 'zext' 'zext_ln703' <Predicate = true> <Delay = 0.00>
ST_2 : Operation 15 [1/1] (0.00ns)   --->   "call void @_ssdm_op_Write.ap_auto.i16P(i16* %res_V, i16 %zext_ln703)" [firmware/nnet_utils/nnet_activation.h:170]   --->   Operation 15 'write' <Predicate = true> <Delay = 0.00>
ST_2 : Operation 16 [1/1] (0.00ns)   --->   "ret void" [firmware/nnet_utils/nnet_activation.h:172]   --->   Operation 16 'ret' <Predicate = true> <Delay = 0.00>


============================================================
+ Verbose Summary: Binding
============================================================
STG Binding: 
---------------- STG Properties BEGIN ----------------
- Is combinational: 0
- Is one-state seq: 0
- Is datapath-only: 0
- Is pipelined: 1
- Is top level: 0
Port [ Return ] is wired: 1; IO mode=ap_ctrl_hs:ce=0
Port [ data_V_read]:  wired=1; compound=0; hidden=0; nouse=0; global=0; static=0; extern=0; dir=0; type=0; pingpong=0; private_global=0; IO mode=ap_none:ce=0
Port [ res_V]:  wired=1; compound=0; hidden=0; nouse=0; global=0; static=0; extern=0; dir=1; type=0; pingpong=0; private_global=0; IO mode=ap_vld:ce=0
Port [ sigmoid_table1]:  wired=0; compound=1; hidden=1; nouse=0; global=1; static=1; extern=0; dir=0; type=1; pingpong=0; private_global=1; linkage=7; visibility=0; MemPort=[1]; IO mode=ap_memory:ce=0
---------------- STG Properties END ------------------

---------------- Datapath Model BEGIN ----------------

<LifeTime>
<method=bitvector/>
data_V_read_1       (read           ) [ 000]
tmp_1               (bitconcatenate ) [ 000]
sext_ln166          (sext           ) [ 000]
xor_ln167           (xor            ) [ 000]
zext_ln170          (zext           ) [ 000]
sigmoid_table1_addr (getelementptr  ) [ 011]
tmp                 (specregionbegin) [ 000]
specpipeline_ln156  (specpipeline   ) [ 000]
empty               (specregionend  ) [ 000]
p_Val2_s            (load           ) [ 000]
zext_ln703          (zext           ) [ 000]
write_ln170         (write          ) [ 000]
ret_ln172           (ret            ) [ 000]
</LifeTime>

<model>

<comp_list>
<comp id="0" class="1000" name="data_V_read">
<pin_list>
<pin id="1" dir="1" index="0" bw="1" slack="0"/>
</pin_list>
<bind>
<StgValue><ssdm name="data_V_read"/></StgValue>
</bind>
</comp>

<comp id="2" class="1000" name="res_V">
<pin_list>
<pin id="3" dir="1" index="0" bw="1" slack="0"/>
</pin_list>
<bind>
<StgValue><ssdm name="res_V"/></StgValue>
</bind>
</comp>

<comp id="4" class="1000" name="sigmoid_table1">
<pin_list>
<pin id="5" dir="1" index="0" bw="1" slack="0"/>
</pin_list>
<bind>
<StgValue><ssdm name="sigmoid_table1"/><MemPortTyVec>1 </MemPortTyVec>
</StgValue>
</bind>
</comp>

<comp id="6" class="1001" name="const_6">
<pin_list>
<pin id="7" dir="1" index="0" bw="1" slack="0"/>
</pin_list>
<bind>
<StgValue><ssdm name="_ssdm_op_Read.ap_auto.i4"/></StgValue>
</bind>
</comp>

<comp id="8" class="1001" name="const_8">
<pin_list>
<pin id="9" dir="1" index="0" bw="1" slack="0"/>
</pin_list>
<bind>
<StgValue><ssdm name="_ssdm_op_BitConcatenate.i8.i4.i4"/></StgValue>
</bind>
</comp>

<comp id="10" class="1001" name="const_10">
<pin_list>
<pin id="11" dir="1" index="0" bw="1" slack="0"/>
</pin_list>
<bind>
<StgValue><ssdm name=""/></StgValue>
</bind>
</comp>

<comp id="12" class="1001" name="const_12">
<pin_list>
<pin id="13" dir="1" index="0" bw="1" slack="0"/>
</pin_list>
<bind>
<StgValue><ssdm name=""/></StgValue>
</bind>
</comp>

<comp id="14" class="1001" name="const_14">
<pin_list>
<pin id="15" dir="1" index="0" bw="1" slack="0"/>
</pin_list>
<bind>
<StgValue><ssdm name=""/></StgValue>
</bind>
</comp>

<comp id="16" class="1001" name="const_16">
<pin_list>
<pin id="17" dir="1" index="0" bw="1" slack="2147483647"/>
</pin_list>
<bind>
<StgValue><ssdm name="_ssdm_op_SpecRegionBegin"/></StgValue>
</bind>
</comp>

<comp id="18" class="1001" name="const_18">
<pin_list>
<pin id="19" dir="1" index="0" bw="1" slack="2147483647"/>
</pin_list>
<bind>
<StgValue><ssdm name="p_str11"/></StgValue>
</bind>
</comp>

<comp id="20" class="1001" name="const_20">
<pin_list>
<pin id="21" dir="1" index="0" bw="1" slack="2147483647"/>
</pin_list>
<bind>
<StgValue><ssdm name="_ssdm_op_SpecPipeline"/></StgValue>
</bind>
</comp>

<comp id="22" class="1001" name="const_22">
<pin_list>
<pin id="23" dir="1" index="0" bw="1" slack="2147483647"/>
</pin_list>
<bind>
<StgValue><ssdm name=""/></StgValue>
</bind>
</comp>

<comp id="24" class="1001" name="const_24">
<pin_list>
<pin id="25" dir="1" index="0" bw="1" slack="2147483647"/>
</pin_list>
<bind>
<StgValue><ssdm name=""/></StgValue>
</bind>
</comp>

<comp id="26" class="1001" name="const_26">
<pin_list>
<pin id="27" dir="1" index="0" bw="1" slack="2147483647"/>
</pin_list>
<bind>
<StgValue><ssdm name=""/></StgValue>
</bind>
</comp>

<comp id="28" class="1001" name="const_28">
<pin_list>
<pin id="29" dir="1" index="0" bw="1" slack="2147483647"/>
</pin_list>
<bind>
<StgValue><ssdm name="p_str9"/></StgValue>
</bind>
</comp>

<comp id="30" class="1001" name="const_30">
<pin_list>
<pin id="31" dir="1" index="0" bw="1" slack="2147483647"/>
</pin_list>
<bind>
<StgValue><ssdm name="_ssdm_op_SpecRegionEnd"/></StgValue>
</bind>
</comp>

<comp id="32" class="1001" name="const_32">
<pin_list>
<pin id="33" dir="1" index="0" bw="1" slack="0"/>
</pin_list>
<bind>
<StgValue><ssdm name="_ssdm_op_Write.ap_auto.i16P"/></StgValue>
</bind>
</comp>

<comp id="34" class="1004" name="data_V_read_1_read_fu_34">
<pin_list>
<pin id="35" dir="0" index="0" bw="4" slack="0"/>
<pin id="36" dir="0" index="1" bw="4" slack="0"/>
<pin id="37" dir="1" index="2" bw="4" slack="0"/>
</pin_list>
<bind>
<opcode="read(1150) " fcode="read"/>
<opset="data_V_read_1/1 "/>
</bind>
</comp>

<comp id="40" class="1004" name="write_ln170_write_fu_40">
<pin_list>
<pin id="41" dir="0" index="0" bw="0" slack="0"/>
<pin id="42" dir="0" index="1" bw="16" slack="0"/>
<pin id="43" dir="0" index="2" bw="10" slack="0"/>
<pin id="44" dir="1" index="3" bw="0" slack="2147483647"/>
</pin_list>
<bind>
<opcode="write(1151) " fcode="write"/>
<opset="write_ln170/2 "/>
</bind>
</comp>

<comp id="47" class="1004" name="sigmoid_table1_addr_gep_fu_47">
<pin_list>
<pin id="48" dir="0" index="0" bw="10" slack="0"/>
<pin id="49" dir="0" index="1" bw="1" slack="0"/>
<pin id="50" dir="0" index="2" bw="10" slack="0"/>
<pin id="51" dir="1" index="3" bw="10" slack="0"/>
</pin_list>
<bind>
<opcode="getelementptr(29) " fcode="getelementptr"/>
<opset="sigmoid_table1_addr/1 "/>
</bind>
</comp>

<comp id="54" class="1004" name="grp_access_fu_54">
<pin_list>
<pin id="55" dir="0" index="0" bw="10" slack="0"/>
<pin id="56" dir="0" index="1" bw="10" slack="2147483647"/>
<pin id="57" dir="0" index="2" bw="0" slack="2147483647"/>
<pin id="58" dir="1" index="3" bw="10" slack="0"/>
</pin_list>
<bind>
<opcode="load(27) " fcode="load"/>
<opset="p_Val2_s/1 "/>
</bind>
</comp>

<comp id="60" class="1004" name="tmp_1_fu_60">
<pin_list>
<pin id="61" dir="0" index="0" bw="8" slack="0"/>
<pin id="62" dir="0" index="1" bw="4" slack="0"/>
<pin id="63" dir="0" index="2" bw="1" slack="0"/>
<pin id="64" dir="1" index="3" bw="8" slack="0"/>
</pin_list>
<bind>
<opcode="bitconcatenate(1004) " fcode="bitconcatenate"/>
<opset="tmp_1/1 "/>
</bind>
</comp>

<comp id="68" class="1004" name="sext_ln166_fu_68">
<pin_list>
<pin id="69" dir="0" index="0" bw="8" slack="0"/>
<pin id="70" dir="1" index="1" bw="10" slack="0"/>
</pin_list>
<bind>
<opcode="sext(35) " fcode="sext"/>
<opset="sext_ln166/1 "/>
</bind>
</comp>

<comp id="72" class="1004" name="xor_ln167_fu_72">
<pin_list>
<pin id="73" dir="0" index="0" bw="8" slack="0"/>
<pin id="74" dir="0" index="1" bw="10" slack="0"/>
<pin id="75" dir="1" index="2" bw="10" slack="0"/>
</pin_list>
<bind>
<opcode="xor(25) " fcode="xor"/>
<opset="xor_ln167/1 "/>
</bind>
</comp>

<comp id="78" class="1004" name="zext_ln170_fu_78">
<pin_list>
<pin id="79" dir="0" index="0" bw="10" slack="0"/>
<pin id="80" dir="1" index="1" bw="64" slack="0"/>
</pin_list>
<bind>
<opcode="zext(34) " fcode="zext"/>
<opset="zext_ln170/1 "/>
</bind>
</comp>

<comp id="83" class="1004" name="zext_ln703_fu_83">
<pin_list>
<pin id="84" dir="0" index="0" bw="10" slack="0"/>
<pin id="85" dir="1" index="1" bw="16" slack="0"/>
</pin_list>
<bind>
<opcode="zext(34) " fcode="zext"/>
<opset="zext_ln703/2 "/>
</bind>
</comp>

<comp id="88" class="1005" name="sigmoid_table1_addr_reg_88">
<pin_list>
<pin id="89" dir="0" index="0" bw="10" slack="1"/>
<pin id="90" dir="1" index="1" bw="10" slack="1"/>
</pin_list>
<bind>
<opset="sigmoid_table1_addr "/>
</bind>
</comp>

</comp_list>

<net_list>
<net id="38"><net_src comp="6" pin="0"/><net_sink comp="34" pin=0"/></net>

<net id="39"><net_src comp="0" pin="0"/><net_sink comp="34" pin=1"/></net>

<net id="45"><net_src comp="32" pin="0"/><net_sink comp="40" pin=0"/></net>

<net id="46"><net_src comp="2" pin="0"/><net_sink comp="40" pin=1"/></net>

<net id="52"><net_src comp="4" pin="0"/><net_sink comp="47" pin=0"/></net>

<net id="53"><net_src comp="14" pin="0"/><net_sink comp="47" pin=1"/></net>

<net id="59"><net_src comp="47" pin="3"/><net_sink comp="54" pin=0"/></net>

<net id="65"><net_src comp="8" pin="0"/><net_sink comp="60" pin=0"/></net>

<net id="66"><net_src comp="34" pin="2"/><net_sink comp="60" pin=1"/></net>

<net id="67"><net_src comp="10" pin="0"/><net_sink comp="60" pin=2"/></net>

<net id="71"><net_src comp="60" pin="3"/><net_sink comp="68" pin=0"/></net>

<net id="76"><net_src comp="68" pin="1"/><net_sink comp="72" pin=0"/></net>

<net id="77"><net_src comp="12" pin="0"/><net_sink comp="72" pin=1"/></net>

<net id="81"><net_src comp="72" pin="2"/><net_sink comp="78" pin=0"/></net>

<net id="82"><net_src comp="78" pin="1"/><net_sink comp="47" pin=2"/></net>

<net id="86"><net_src comp="54" pin="3"/><net_sink comp="83" pin=0"/></net>

<net id="87"><net_src comp="83" pin="1"/><net_sink comp="40" pin=2"/></net>

<net id="91"><net_src comp="47" pin="3"/><net_sink comp="88" pin=0"/></net>

<net id="92"><net_src comp="88" pin="1"/><net_sink comp="54" pin=0"/></net>

</net_list>

</model> 
---------------- Datapath Model END ------------------

* FSMD analyzer results:
  - Output states:
	Port: res_V | {2 }
 - Input state : 
	Port: sigmoid<ap_fixed,ap_fixed<16,6,5,3,0>,sigmoid_config9> : data_V_read | {1 }
	Port: sigmoid<ap_fixed,ap_fixed<16,6,5,3,0>,sigmoid_config9> : sigmoid_table1 | {1 2 }
  - Chain level:
	State 1
		sext_ln166 : 1
		xor_ln167 : 2
		zext_ln170 : 2
		sigmoid_table1_addr : 3
		p_Val2_s : 4
	State 2
		empty : 1
		zext_ln703 : 1
		write_ln170 : 2


============================================================
+ Verbose Summary: Datapath Resource usage 
============================================================

* Functional unit list:
|----------|--------------------------|---------|---------|
| Operation|      Functional Unit     |    FF   |   LUT   |
|----------|--------------------------|---------|---------|
|    xor   |      xor_ln167_fu_72     |    0    |    10   |
|----------|--------------------------|---------|---------|
|   read   | data_V_read_1_read_fu_34 |    0    |    0    |
|----------|--------------------------|---------|---------|
|   write  |  write_ln170_write_fu_40 |    0    |    0    |
|----------|--------------------------|---------|---------|
|bitconcatenate|        tmp_1_fu_60       |    0    |    0    |
|----------|--------------------------|---------|---------|
|   sext   |     sext_ln166_fu_68     |    0    |    0    |
|----------|--------------------------|---------|---------|
|   zext   |     zext_ln170_fu_78     |    0    |    0    |
|          |     zext_ln703_fu_83     |    0    |    0    |
|----------|--------------------------|---------|---------|
|   Total  |                          |    0    |    10   |
|----------|--------------------------|---------|---------|

Memories:
N/A

* Register list:
+--------------------------+--------+
|                          |   FF   |
+--------------------------+--------+
|sigmoid_table1_addr_reg_88|   10   |
+--------------------------+--------+
|           Total          |   10   |
+--------------------------+--------+

* Multiplexer (MUX) list: 
|------------------|------|------|------|--------||---------||---------|
|       Comp       |  Pin | Size |  BW  | S x BW ||  Delay  ||   LUT   |
|------------------|------|------|------|--------||---------||---------|
| grp_access_fu_54 |  p0  |   2  |  10  |   20   ||    9    |
|------------------|------|------|------|--------||---------||---------|
|       Total      |      |      |      |   20   ||  1.664  ||    9    |
|------------------|------|------|------|--------||---------||---------|



* Summary:
+-----------+--------+--------+--------+
|           |  Delay |   FF   |   LUT  |
+-----------+--------+--------+--------+
|  Function |    -   |    0   |   10   |
|   Memory  |    -   |    -   |    -   |
|Multiplexer|    1   |    -   |    9   |
|  Register |    -   |   10   |    -   |
+-----------+--------+--------+--------+
|   Total   |    1   |   10   |   19   |
+-----------+--------+--------+--------+
