

================================================================
== Vivado HLS Report for 'dense_resource_ap_fixed_ap_fixed_16_6_5_3_0_config11_s'
================================================================
* Date:           Wed Nov 12 17:02:51 2025

* Version:        2019.2 (Build 2704478 on Wed Nov 06 22:10:23 MST 2019)
* Project:        model_2_hls4ml_prj_prj
* Solution:       solution1
* Product family: artix7
* Target device:  xc7a100t-csg324-1


================================================================
== Performance Estimates
================================================================
+ Timing: 
    * Summary: 
    +--------+---------+----------+------------+
    |  Clock |  Target | Estimated| Uncertainty|
    +--------+---------+----------+------------+
    |ap_clk  | 5.00 ns | 4.290 ns |   0.62 ns  |
    +--------+---------+----------+------------+

+ Latency: 
    * Summary: 
    +---------+---------+----------+----------+-----+-----+---------------------------------------------+
    |  Latency (cycles) |  Latency (absolute) |  Interval |                   Pipeline                  |
    |   min   |   max   |    min   |    max   | min | max |                     Type                    |
    +---------+---------+----------+----------+-----+-----+---------------------------------------------+
    |       54|       55| 0.270 us | 0.275 us |   50|   50| loop rewind(delay=0 initiation interval(s)) |
    +---------+---------+----------+----------+-----+-----+---------------------------------------------+

    + Detail: 
        * Instance: 
        N/A

        * Loop: 
        +-------------+---------+---------+----------+-----------+-----------+------+----------+
        |             |  Latency (cycles) | Iteration|  Initiation Interval  | Trip |          |
        |  Loop Name  |   min   |   max   |  Latency |  achieved |   target  | Count| Pipelined|
        +-------------+---------+---------+----------+-----------+-----------+------+----------+
        |- ReuseLoop  |       54|       54|         6|          1|          1|    50|    yes   |
        +-------------+---------+---------+----------+-----------+-----------+------+----------+



================================================================
== Utilization Estimates
================================================================
* Summary: 
+-----------------+---------+-------+--------+-------+-----+
|       Name      | BRAM_18K| DSP48E|   FF   |  LUT  | URAM|
+-----------------+---------+-------+--------+-------+-----+
|DSP              |        -|      1|       -|      -|    -|
|Expression       |        -|      -|       0|     57|    -|
|FIFO             |        -|      -|       -|      -|    -|
|Instance         |        -|      -|       0|    217|    -|
|Memory           |        0|      -|      16|     13|    -|
|Multiplexer      |        -|      -|       -|   1299|    -|
|Register         |        0|      -|    1779|     32|    -|
+-----------------+---------+-------+--------+-------+-----+
|Total            |        0|      1|    1795|   1618|    0|
+-----------------+---------+-------+--------+-------+-----+
|Available        |      270|    240|  126800|  63400|    0|
+-----------------+---------+-------+--------+-------+-----+
|Utilization (%)  |        0|   ~0  |       1|      2|    0|
+-----------------+---------+-------+--------+-------+-----+

+ Detail: 
    * Instance: 
    +-----------------------------------------+-----------------------------------+---------+-------+---+-----+-----+
    |                 Instance                |               Module              | BRAM_18K| DSP48E| FF| LUT | URAM|
    +-----------------------------------------+-----------------------------------+---------+-------+---+-----+-----+
    |model_2_hls4ml_prj_mux_506_16_1_1_U1477  |model_2_hls4ml_prj_mux_506_16_1_1  |        0|      0|  0|  217|    0|
    +-----------------------------------------+-----------------------------------+---------+-------+---+-----+-----+
    |Total                                    |                                   |        0|      0|  0|  217|    0|
    +-----------------------------------------+-----------------------------------+---------+-------+---+-----+-----+

    * DSP48E: 
    +-------------------------------------------------+-------------------------------------------+-----------+
    |                     Instance                    |                   Module                  | Expression|
    +-------------------------------------------------+-------------------------------------------+-----------+
    |model_2_hls4ml_prj_mul_mul_16s_16s_29_3_1_U1478  |model_2_hls4ml_prj_mul_mul_16s_16s_29_3_1  |  i0 * i1  |
    +-------------------------------------------------+-------------------------------------------+-----------+

    * Memory: 
    +---------+--------------------------------------------------------------+---------+----+----+-----+------+-----+------+-------------+
    |  Memory |                            Module                            | BRAM_18K| FF | LUT| URAM| Words| Bits| Banks| W*Bits*Banks|
    +---------+--------------------------------------------------------------+---------+----+----+-----+------+-----+------+-------------+
    |w11_V_U  |dense_resource_ap_fixed_ap_fixed_16_6_5_3_0_config11_s_w1cud  |        0|  16|  13|    0|    50|   16|     1|          800|
    +---------+--------------------------------------------------------------+---------+----+----+-----+------+-----+------+-------------+
    |Total    |                                                              |        0|  16|  13|    0|    50|   16|     1|          800|
    +---------+--------------------------------------------------------------+---------+----+----+-----+------+-----+------+-------------+

    * FIFO: 
    N/A

    * Expression: 
    +----------------------+----------+-------+---+----+------------+------------+
    |     Variable Name    | Operation| DSP48E| FF| LUT| Bitwidth P0| Bitwidth P1|
    +----------------------+----------+-------+---+----+------------+------------+
    |acc_0_V_fu_1994_p2    |     +    |      0|  0|  23|          16|          16|
    |in_index_fu_1861_p2   |     +    |      0|  0|  15|           6|           1|
    |ap_condition_363      |    and   |      0|  0|   2|           1|           1|
    |ap_condition_46       |    and   |      0|  0|   2|           1|           1|
    |icmp_ln64_fu_1867_p2  |   icmp   |      0|  0|  11|           6|           5|
    |ap_block_state1       |    or    |      0|  0|   2|           1|           1|
    |ap_enable_pp0         |    xor   |      0|  0|   2|           1|           2|
    +----------------------+----------+-------+---+----+------------+------------+
    |Total                 |          |      0|  0|  57|          32|          27|
    +----------------------+----------+-------+---+----+------------+------------+

    * Multiplexer: 
    +---------------------------------------------------+----+-----------+-----+-----------+
    |                        Name                       | LUT| Input Size| Bits| Total Bits|
    +---------------------------------------------------+----+-----------+-----+-----------+
    |ap_NS_fsm                                          |  15|          3|    1|          3|
    |ap_done                                            |   9|          2|    1|          2|
    |ap_enable_reg_pp0_iter1                            |   9|          2|    1|          2|
    |ap_enable_reg_pp0_iter5                            |   9|          2|    1|          2|
    |ap_phi_mux_data_0_V_read6_rewind_phi_fu_481_p6     |   9|          2|   16|         32|
    |ap_phi_mux_data_10_V_read16_rewind_phi_fu_621_p6   |   9|          2|   16|         32|
    |ap_phi_mux_data_11_V_read17_rewind_phi_fu_635_p6   |   9|          2|   16|         32|
    |ap_phi_mux_data_12_V_read18_rewind_phi_fu_649_p6   |   9|          2|   16|         32|
    |ap_phi_mux_data_13_V_read19_rewind_phi_fu_663_p6   |   9|          2|   16|         32|
    |ap_phi_mux_data_14_V_read20_rewind_phi_fu_677_p6   |   9|          2|   16|         32|
    |ap_phi_mux_data_15_V_read21_rewind_phi_fu_691_p6   |   9|          2|   16|         32|
    |ap_phi_mux_data_16_V_read22_rewind_phi_fu_705_p6   |   9|          2|   16|         32|
    |ap_phi_mux_data_17_V_read23_rewind_phi_fu_719_p6   |   9|          2|   16|         32|
    |ap_phi_mux_data_18_V_read24_rewind_phi_fu_733_p6   |   9|          2|   16|         32|
    |ap_phi_mux_data_19_V_read25_rewind_phi_fu_747_p6   |   9|          2|   16|         32|
    |ap_phi_mux_data_1_V_read7_rewind_phi_fu_495_p6     |   9|          2|   16|         32|
    |ap_phi_mux_data_20_V_read26_rewind_phi_fu_761_p6   |   9|          2|   16|         32|
    |ap_phi_mux_data_21_V_read27_rewind_phi_fu_775_p6   |   9|          2|   16|         32|
    |ap_phi_mux_data_22_V_read28_rewind_phi_fu_789_p6   |   9|          2|   16|         32|
    |ap_phi_mux_data_23_V_read29_rewind_phi_fu_803_p6   |   9|          2|   16|         32|
    |ap_phi_mux_data_24_V_read30_rewind_phi_fu_817_p6   |   9|          2|   16|         32|
    |ap_phi_mux_data_25_V_read31_rewind_phi_fu_831_p6   |   9|          2|   16|         32|
    |ap_phi_mux_data_26_V_read32_rewind_phi_fu_845_p6   |   9|          2|   16|         32|
    |ap_phi_mux_data_27_V_read33_rewind_phi_fu_859_p6   |   9|          2|   16|         32|
    |ap_phi_mux_data_28_V_read34_rewind_phi_fu_873_p6   |   9|          2|   16|         32|
    |ap_phi_mux_data_29_V_read35_rewind_phi_fu_887_p6   |   9|          2|   16|         32|
    |ap_phi_mux_data_2_V_read8_rewind_phi_fu_509_p6     |   9|          2|   16|         32|
    |ap_phi_mux_data_30_V_read36_rewind_phi_fu_901_p6   |   9|          2|   16|         32|
    |ap_phi_mux_data_31_V_read37_rewind_phi_fu_915_p6   |   9|          2|   16|         32|
    |ap_phi_mux_data_32_V_read38_rewind_phi_fu_929_p6   |   9|          2|   16|         32|
    |ap_phi_mux_data_33_V_read39_rewind_phi_fu_943_p6   |   9|          2|   16|         32|
    |ap_phi_mux_data_34_V_read40_rewind_phi_fu_957_p6   |   9|          2|   16|         32|
    |ap_phi_mux_data_35_V_read41_rewind_phi_fu_971_p6   |   9|          2|   16|         32|
    |ap_phi_mux_data_36_V_read42_rewind_phi_fu_985_p6   |   9|          2|   16|         32|
    |ap_phi_mux_data_37_V_read43_rewind_phi_fu_999_p6   |   9|          2|   16|         32|
    |ap_phi_mux_data_38_V_read44_rewind_phi_fu_1013_p6  |   9|          2|   16|         32|
    |ap_phi_mux_data_39_V_read45_rewind_phi_fu_1027_p6  |   9|          2|   16|         32|
    |ap_phi_mux_data_3_V_read9_rewind_phi_fu_523_p6     |   9|          2|   16|         32|
    |ap_phi_mux_data_40_V_read46_rewind_phi_fu_1041_p6  |   9|          2|   16|         32|
    |ap_phi_mux_data_41_V_read47_rewind_phi_fu_1055_p6  |   9|          2|   16|         32|
    |ap_phi_mux_data_42_V_read48_rewind_phi_fu_1069_p6  |   9|          2|   16|         32|
    |ap_phi_mux_data_43_V_read49_rewind_phi_fu_1083_p6  |   9|          2|   16|         32|
    |ap_phi_mux_data_44_V_read50_rewind_phi_fu_1097_p6  |   9|          2|   16|         32|
    |ap_phi_mux_data_45_V_read51_rewind_phi_fu_1111_p6  |   9|          2|   16|         32|
    |ap_phi_mux_data_46_V_read52_rewind_phi_fu_1125_p6  |   9|          2|   16|         32|
    |ap_phi_mux_data_47_V_read53_rewind_phi_fu_1139_p6  |   9|          2|   16|         32|
    |ap_phi_mux_data_48_V_read54_rewind_phi_fu_1153_p6  |   9|          2|   16|         32|
    |ap_phi_mux_data_49_V_read55_rewind_phi_fu_1167_p6  |   9|          2|   16|         32|
    |ap_phi_mux_data_4_V_read10_rewind_phi_fu_537_p6    |   9|          2|   16|         32|
    |ap_phi_mux_data_5_V_read11_rewind_phi_fu_551_p6    |   9|          2|   16|         32|
    |ap_phi_mux_data_6_V_read12_rewind_phi_fu_565_p6    |   9|          2|   16|         32|
    |ap_phi_mux_data_7_V_read13_rewind_phi_fu_579_p6    |   9|          2|   16|         32|
    |ap_phi_mux_data_8_V_read14_rewind_phi_fu_593_p6    |   9|          2|   16|         32|
    |ap_phi_mux_data_9_V_read15_rewind_phi_fu_607_p6    |   9|          2|   16|         32|
    |ap_phi_mux_do_init_phi_fu_465_p6                   |  15|          3|    1|          3|
    |ap_phi_mux_in_index5_phi_fu_1181_p6                |  15|          3|    6|         18|
    |ap_return                                          |   9|          2|   16|         32|
    |data_0_V_read6_phi_reg_1192                        |  15|          3|   16|         48|
    |data_10_V_read16_phi_reg_1322                      |  15|          3|   16|         48|
    |data_11_V_read17_phi_reg_1335                      |  15|          3|   16|         48|
    |data_12_V_read18_phi_reg_1348                      |  15|          3|   16|         48|
    |data_13_V_read19_phi_reg_1361                      |  15|          3|   16|         48|
    |data_14_V_read20_phi_reg_1374                      |  15|          3|   16|         48|
    |data_15_V_read21_phi_reg_1387                      |  15|          3|   16|         48|
    |data_16_V_read22_phi_reg_1400                      |  15|          3|   16|         48|
    |data_17_V_read23_phi_reg_1413                      |  15|          3|   16|         48|
    |data_18_V_read24_phi_reg_1426                      |  15|          3|   16|         48|
    |data_19_V_read25_phi_reg_1439                      |  15|          3|   16|         48|
    |data_1_V_read7_phi_reg_1205                        |  15|          3|   16|         48|
    |data_20_V_read26_phi_reg_1452                      |  15|          3|   16|         48|
    |data_21_V_read27_phi_reg_1465                      |  15|          3|   16|         48|
    |data_22_V_read28_phi_reg_1478                      |  15|          3|   16|         48|
    |data_23_V_read29_phi_reg_1491                      |  15|          3|   16|         48|
    |data_24_V_read30_phi_reg_1504                      |  15|          3|   16|         48|
    |data_25_V_read31_phi_reg_1517                      |  15|          3|   16|         48|
    |data_26_V_read32_phi_reg_1530                      |  15|          3|   16|         48|
    |data_27_V_read33_phi_reg_1543                      |  15|          3|   16|         48|
    |data_28_V_read34_phi_reg_1556                      |  15|          3|   16|         48|
    |data_29_V_read35_phi_reg_1569                      |  15|          3|   16|         48|
    |data_2_V_read8_phi_reg_1218                        |  15|          3|   16|         48|
    |data_30_V_read36_phi_reg_1582                      |  15|          3|   16|         48|
    |data_31_V_read37_phi_reg_1595                      |  15|          3|   16|         48|
    |data_32_V_read38_phi_reg_1608                      |  15|          3|   16|         48|
    |data_33_V_read39_phi_reg_1621                      |  15|          3|   16|         48|
    |data_34_V_read40_phi_reg_1634                      |  15|          3|   16|         48|
    |data_35_V_read41_phi_reg_1647                      |  15|          3|   16|         48|
    |data_36_V_read42_phi_reg_1660                      |  15|          3|   16|         48|
    |data_37_V_read43_phi_reg_1673                      |  15|          3|   16|         48|
    |data_38_V_read44_phi_reg_1686                      |  15|          3|   16|         48|
    |data_39_V_read45_phi_reg_1699                      |  15|          3|   16|         48|
    |data_3_V_read9_phi_reg_1231                        |  15|          3|   16|         48|
    |data_40_V_read46_phi_reg_1712                      |  15|          3|   16|         48|
    |data_41_V_read47_phi_reg_1725                      |  15|          3|   16|         48|
    |data_42_V_read48_phi_reg_1738                      |  15|          3|   16|         48|
    |data_43_V_read49_phi_reg_1751                      |  15|          3|   16|         48|
    |data_44_V_read50_phi_reg_1764                      |  15|          3|   16|         48|
    |data_45_V_read51_phi_reg_1777                      |  15|          3|   16|         48|
    |data_46_V_read52_phi_reg_1790                      |  15|          3|   16|         48|
    |data_47_V_read53_phi_reg_1803                      |  15|          3|   16|         48|
    |data_48_V_read54_phi_reg_1816                      |  15|          3|   16|         48|
    |data_49_V_read55_phi_reg_1829                      |  15|          3|   16|         48|
    |data_4_V_read10_phi_reg_1244                       |  15|          3|   16|         48|
    |data_5_V_read11_phi_reg_1257                       |  15|          3|   16|         48|
    |data_6_V_read12_phi_reg_1270                       |  15|          3|   16|         48|
    |data_7_V_read13_phi_reg_1283                       |  15|          3|   16|         48|
    |data_8_V_read14_phi_reg_1296                       |  15|          3|   16|         48|
    |data_9_V_read15_phi_reg_1309                       |  15|          3|   16|         48|
    |in_index5_reg_1177                                 |   9|          2|    6|         12|
    |res_V_write_assign3_reg_1842                       |   9|          2|   16|         32|
    +---------------------------------------------------+----+-----------+-----+-----------+
    |Total                                              |1299|        271| 1649|       4106|
    +---------------------------------------------------+----+-----------+-----+-----------+

    * Register: 
    +----------------------------------+----+----+-----+-----------+
    |               Name               | FF | LUT| Bits| Const Bits|
    +----------------------------------+----+----+-----+-----------+
    |ap_CS_fsm                         |   2|   0|    2|          0|
    |ap_done_reg                       |   1|   0|    1|          0|
    |ap_enable_reg_pp0_iter1           |   1|   0|    1|          0|
    |ap_enable_reg_pp0_iter2           |   1|   0|    1|          0|
    |ap_enable_reg_pp0_iter3           |   1|   0|    1|          0|
    |ap_enable_reg_pp0_iter4           |   1|   0|    1|          0|
    |ap_enable_reg_pp0_iter5           |   1|   0|    1|          0|
    |ap_return_preg                    |  16|   0|   16|          0|
    |data_0_V_read6_phi_reg_1192       |  16|   0|   16|          0|
    |data_0_V_read6_rewind_reg_477     |  16|   0|   16|          0|
    |data_10_V_read16_phi_reg_1322     |  16|   0|   16|          0|
    |data_10_V_read16_rewind_reg_617   |  16|   0|   16|          0|
    |data_11_V_read17_phi_reg_1335     |  16|   0|   16|          0|
    |data_11_V_read17_rewind_reg_631   |  16|   0|   16|          0|
    |data_12_V_read18_phi_reg_1348     |  16|   0|   16|          0|
    |data_12_V_read18_rewind_reg_645   |  16|   0|   16|          0|
    |data_13_V_read19_phi_reg_1361     |  16|   0|   16|          0|
    |data_13_V_read19_rewind_reg_659   |  16|   0|   16|          0|
    |data_14_V_read20_phi_reg_1374     |  16|   0|   16|          0|
    |data_14_V_read20_rewind_reg_673   |  16|   0|   16|          0|
    |data_15_V_read21_phi_reg_1387     |  16|   0|   16|          0|
    |data_15_V_read21_rewind_reg_687   |  16|   0|   16|          0|
    |data_16_V_read22_phi_reg_1400     |  16|   0|   16|          0|
    |data_16_V_read22_rewind_reg_701   |  16|   0|   16|          0|
    |data_17_V_read23_phi_reg_1413     |  16|   0|   16|          0|
    |data_17_V_read23_rewind_reg_715   |  16|   0|   16|          0|
    |data_18_V_read24_phi_reg_1426     |  16|   0|   16|          0|
    |data_18_V_read24_rewind_reg_729   |  16|   0|   16|          0|
    |data_19_V_read25_phi_reg_1439     |  16|   0|   16|          0|
    |data_19_V_read25_rewind_reg_743   |  16|   0|   16|          0|
    |data_1_V_read7_phi_reg_1205       |  16|   0|   16|          0|
    |data_1_V_read7_rewind_reg_491     |  16|   0|   16|          0|
    |data_20_V_read26_phi_reg_1452     |  16|   0|   16|          0|
    |data_20_V_read26_rewind_reg_757   |  16|   0|   16|          0|
    |data_21_V_read27_phi_reg_1465     |  16|   0|   16|          0|
    |data_21_V_read27_rewind_reg_771   |  16|   0|   16|          0|
    |data_22_V_read28_phi_reg_1478     |  16|   0|   16|          0|
    |data_22_V_read28_rewind_reg_785   |  16|   0|   16|          0|
    |data_23_V_read29_phi_reg_1491     |  16|   0|   16|          0|
    |data_23_V_read29_rewind_reg_799   |  16|   0|   16|          0|
    |data_24_V_read30_phi_reg_1504     |  16|   0|   16|          0|
    |data_24_V_read30_rewind_reg_813   |  16|   0|   16|          0|
    |data_25_V_read31_phi_reg_1517     |  16|   0|   16|          0|
    |data_25_V_read31_rewind_reg_827   |  16|   0|   16|          0|
    |data_26_V_read32_phi_reg_1530     |  16|   0|   16|          0|
    |data_26_V_read32_rewind_reg_841   |  16|   0|   16|          0|
    |data_27_V_read33_phi_reg_1543     |  16|   0|   16|          0|
    |data_27_V_read33_rewind_reg_855   |  16|   0|   16|          0|
    |data_28_V_read34_phi_reg_1556     |  16|   0|   16|          0|
    |data_28_V_read34_rewind_reg_869   |  16|   0|   16|          0|
    |data_29_V_read35_phi_reg_1569     |  16|   0|   16|          0|
    |data_29_V_read35_rewind_reg_883   |  16|   0|   16|          0|
    |data_2_V_read8_phi_reg_1218       |  16|   0|   16|          0|
    |data_2_V_read8_rewind_reg_505     |  16|   0|   16|          0|
    |data_30_V_read36_phi_reg_1582     |  16|   0|   16|          0|
    |data_30_V_read36_rewind_reg_897   |  16|   0|   16|          0|
    |data_31_V_read37_phi_reg_1595     |  16|   0|   16|          0|
    |data_31_V_read37_rewind_reg_911   |  16|   0|   16|          0|
    |data_32_V_read38_phi_reg_1608     |  16|   0|   16|          0|
    |data_32_V_read38_rewind_reg_925   |  16|   0|   16|          0|
    |data_33_V_read39_phi_reg_1621     |  16|   0|   16|          0|
    |data_33_V_read39_rewind_reg_939   |  16|   0|   16|          0|
    |data_34_V_read40_phi_reg_1634     |  16|   0|   16|          0|
    |data_34_V_read40_rewind_reg_953   |  16|   0|   16|          0|
    |data_35_V_read41_phi_reg_1647     |  16|   0|   16|          0|
    |data_35_V_read41_rewind_reg_967   |  16|   0|   16|          0|
    |data_36_V_read42_phi_reg_1660     |  16|   0|   16|          0|
    |data_36_V_read42_rewind_reg_981   |  16|   0|   16|          0|
    |data_37_V_read43_phi_reg_1673     |  16|   0|   16|          0|
    |data_37_V_read43_rewind_reg_995   |  16|   0|   16|          0|
    |data_38_V_read44_phi_reg_1686     |  16|   0|   16|          0|
    |data_38_V_read44_rewind_reg_1009  |  16|   0|   16|          0|
    |data_39_V_read45_phi_reg_1699     |  16|   0|   16|          0|
    |data_39_V_read45_rewind_reg_1023  |  16|   0|   16|          0|
    |data_3_V_read9_phi_reg_1231       |  16|   0|   16|          0|
    |data_3_V_read9_rewind_reg_519     |  16|   0|   16|          0|
    |data_40_V_read46_phi_reg_1712     |  16|   0|   16|          0|
    |data_40_V_read46_rewind_reg_1037  |  16|   0|   16|          0|
    |data_41_V_read47_phi_reg_1725     |  16|   0|   16|          0|
    |data_41_V_read47_rewind_reg_1051  |  16|   0|   16|          0|
    |data_42_V_read48_phi_reg_1738     |  16|   0|   16|          0|
    |data_42_V_read48_rewind_reg_1065  |  16|   0|   16|          0|
    |data_43_V_read49_phi_reg_1751     |  16|   0|   16|          0|
    |data_43_V_read49_rewind_reg_1079  |  16|   0|   16|          0|
    |data_44_V_read50_phi_reg_1764     |  16|   0|   16|          0|
    |data_44_V_read50_rewind_reg_1093  |  16|   0|   16|          0|
    |data_45_V_read51_phi_reg_1777     |  16|   0|   16|          0|
    |data_45_V_read51_rewind_reg_1107  |  16|   0|   16|          0|
    |data_46_V_read52_phi_reg_1790     |  16|   0|   16|          0|
    |data_46_V_read52_rewind_reg_1121  |  16|   0|   16|          0|
    |data_47_V_read53_phi_reg_1803     |  16|   0|   16|          0|
    |data_47_V_read53_rewind_reg_1135  |  16|   0|   16|          0|
    |data_48_V_read54_phi_reg_1816     |  16|   0|   16|          0|
    |data_48_V_read54_rewind_reg_1149  |  16|   0|   16|          0|
    |data_49_V_read55_phi_reg_1829     |  16|   0|   16|          0|
    |data_49_V_read55_rewind_reg_1163  |  16|   0|   16|          0|
    |data_4_V_read10_phi_reg_1244      |  16|   0|   16|          0|
    |data_4_V_read10_rewind_reg_533    |  16|   0|   16|          0|
    |data_5_V_read11_phi_reg_1257      |  16|   0|   16|          0|
    |data_5_V_read11_rewind_reg_547    |  16|   0|   16|          0|
    |data_6_V_read12_phi_reg_1270      |  16|   0|   16|          0|
    |data_6_V_read12_rewind_reg_561    |  16|   0|   16|          0|
    |data_7_V_read13_phi_reg_1283      |  16|   0|   16|          0|
    |data_7_V_read13_rewind_reg_575    |  16|   0|   16|          0|
    |data_8_V_read14_phi_reg_1296      |  16|   0|   16|          0|
    |data_8_V_read14_rewind_reg_589    |  16|   0|   16|          0|
    |data_9_V_read15_phi_reg_1309      |  16|   0|   16|          0|
    |data_9_V_read15_rewind_reg_603    |  16|   0|   16|          0|
    |do_init_reg_461                   |   1|   0|    1|          0|
    |icmp_ln64_reg_2020                |   1|   0|    1|          0|
    |in_index5_reg_1177                |   6|   0|    6|          0|
    |in_index_reg_2015                 |   6|   0|    6|          0|
    |r_V_reg_2044                      |  29|   0|   29|          0|
    |res_V_write_assign3_reg_1842      |  16|   0|   16|          0|
    |tmp_2_reg_2024                    |  16|   0|   16|          0|
    |w11_V_load_reg_2029               |  16|   0|   16|          0|
    |icmp_ln64_reg_2020                |  64|  32|    1|          0|
    +----------------------------------+----+----+-----+-----------+
    |Total                             |1779|  32| 1716|          0|
    +----------------------------------+----+----+-----+-----------+



================================================================
== Interface
================================================================
* Summary: 
+----------------+-----+-----+------------+--------------------------------------------------------+--------------+
|    RTL Ports   | Dir | Bits|  Protocol  |                      Source Object                     |    C Type    |
+----------------+-----+-----+------------+--------------------------------------------------------+--------------+
|ap_clk          |  in |    1| ap_ctrl_hs | dense_resource<ap_fixed,ap_fixed<16,6,5,3,0>,config11> | return value |
|ap_rst          |  in |    1| ap_ctrl_hs | dense_resource<ap_fixed,ap_fixed<16,6,5,3,0>,config11> | return value |
|ap_start        |  in |    1| ap_ctrl_hs | dense_resource<ap_fixed,ap_fixed<16,6,5,3,0>,config11> | return value |
|ap_done         | out |    1| ap_ctrl_hs | dense_resource<ap_fixed,ap_fixed<16,6,5,3,0>,config11> | return value |
|ap_continue     |  in |    1| ap_ctrl_hs | dense_resource<ap_fixed,ap_fixed<16,6,5,3,0>,config11> | return value |
|ap_idle         | out |    1| ap_ctrl_hs | dense_resource<ap_fixed,ap_fixed<16,6,5,3,0>,config11> | return value |
|ap_ready        | out |    1| ap_ctrl_hs | dense_resource<ap_fixed,ap_fixed<16,6,5,3,0>,config11> | return value |
|ap_return       | out |   16| ap_ctrl_hs | dense_resource<ap_fixed,ap_fixed<16,6,5,3,0>,config11> | return value |
|data_0_V_read   |  in |   16|   ap_none  |                      data_0_V_read                     |    scalar    |
|data_1_V_read   |  in |   16|   ap_none  |                      data_1_V_read                     |    scalar    |
|data_2_V_read   |  in |   16|   ap_none  |                      data_2_V_read                     |    scalar    |
|data_3_V_read   |  in |   16|   ap_none  |                      data_3_V_read                     |    scalar    |
|data_4_V_read   |  in |   16|   ap_none  |                      data_4_V_read                     |    scalar    |
|data_5_V_read   |  in |   16|   ap_none  |                      data_5_V_read                     |    scalar    |
|data_6_V_read   |  in |   16|   ap_none  |                      data_6_V_read                     |    scalar    |
|data_7_V_read   |  in |   16|   ap_none  |                      data_7_V_read                     |    scalar    |
|data_8_V_read   |  in |   16|   ap_none  |                      data_8_V_read                     |    scalar    |
|data_9_V_read   |  in |   16|   ap_none  |                      data_9_V_read                     |    scalar    |
|data_10_V_read  |  in |   16|   ap_none  |                     data_10_V_read                     |    scalar    |
|data_11_V_read  |  in |   16|   ap_none  |                     data_11_V_read                     |    scalar    |
|data_12_V_read  |  in |   16|   ap_none  |                     data_12_V_read                     |    scalar    |
|data_13_V_read  |  in |   16|   ap_none  |                     data_13_V_read                     |    scalar    |
|data_14_V_read  |  in |   16|   ap_none  |                     data_14_V_read                     |    scalar    |
|data_15_V_read  |  in |   16|   ap_none  |                     data_15_V_read                     |    scalar    |
|data_16_V_read  |  in |   16|   ap_none  |                     data_16_V_read                     |    scalar    |
|data_17_V_read  |  in |   16|   ap_none  |                     data_17_V_read                     |    scalar    |
|data_18_V_read  |  in |   16|   ap_none  |                     data_18_V_read                     |    scalar    |
|data_19_V_read  |  in |   16|   ap_none  |                     data_19_V_read                     |    scalar    |
|data_20_V_read  |  in |   16|   ap_none  |                     data_20_V_read                     |    scalar    |
|data_21_V_read  |  in |   16|   ap_none  |                     data_21_V_read                     |    scalar    |
|data_22_V_read  |  in |   16|   ap_none  |                     data_22_V_read                     |    scalar    |
|data_23_V_read  |  in |   16|   ap_none  |                     data_23_V_read                     |    scalar    |
|data_24_V_read  |  in |   16|   ap_none  |                     data_24_V_read                     |    scalar    |
|data_25_V_read  |  in |   16|   ap_none  |                     data_25_V_read                     |    scalar    |
|data_26_V_read  |  in |   16|   ap_none  |                     data_26_V_read                     |    scalar    |
|data_27_V_read  |  in |   16|   ap_none  |                     data_27_V_read                     |    scalar    |
|data_28_V_read  |  in |   16|   ap_none  |                     data_28_V_read                     |    scalar    |
|data_29_V_read  |  in |   16|   ap_none  |                     data_29_V_read                     |    scalar    |
|data_30_V_read  |  in |   16|   ap_none  |                     data_30_V_read                     |    scalar    |
|data_31_V_read  |  in |   16|   ap_none  |                     data_31_V_read                     |    scalar    |
|data_32_V_read  |  in |   16|   ap_none  |                     data_32_V_read                     |    scalar    |
|data_33_V_read  |  in |   16|   ap_none  |                     data_33_V_read                     |    scalar    |
|data_34_V_read  |  in |   16|   ap_none  |                     data_34_V_read                     |    scalar    |
|data_35_V_read  |  in |   16|   ap_none  |                     data_35_V_read                     |    scalar    |
|data_36_V_read  |  in |   16|   ap_none  |                     data_36_V_read                     |    scalar    |
|data_37_V_read  |  in |   16|   ap_none  |                     data_37_V_read                     |    scalar    |
|data_38_V_read  |  in |   16|   ap_none  |                     data_38_V_read                     |    scalar    |
|data_39_V_read  |  in |   16|   ap_none  |                     data_39_V_read                     |    scalar    |
|data_40_V_read  |  in |   16|   ap_none  |                     data_40_V_read                     |    scalar    |
|data_41_V_read  |  in |   16|   ap_none  |                     data_41_V_read                     |    scalar    |
|data_42_V_read  |  in |   16|   ap_none  |                     data_42_V_read                     |    scalar    |
|data_43_V_read  |  in |   16|   ap_none  |                     data_43_V_read                     |    scalar    |
|data_44_V_read  |  in |   16|   ap_none  |                     data_44_V_read                     |    scalar    |
|data_45_V_read  |  in |   16|   ap_none  |                     data_45_V_read                     |    scalar    |
|data_46_V_read  |  in |   16|   ap_none  |                     data_46_V_read                     |    scalar    |
|data_47_V_read  |  in |   16|   ap_none  |                     data_47_V_read                     |    scalar    |
|data_48_V_read  |  in |   16|   ap_none  |                     data_48_V_read                     |    scalar    |
|data_49_V_read  |  in |   16|   ap_none  |                     data_49_V_read                     |    scalar    |
+----------------+-----+-----+------------+--------------------------------------------------------+--------------+

