

================================================================
== Vivado HLS Report for 'normalize_0_0_0_0_0_0_0_0_0_0_0_0_0_0_0_0_0_0_0_0_0_0_0_0_0_1'
================================================================
* Date:           Wed Nov 12 17:02:12 2025

* Version:        2019.2 (Build 2704478 on Wed Nov 06 22:10:23 MST 2019)
* Project:        model_2_hls4ml_prj_prj
* Solution:       solution1
* Product family: artix7
* Target device:  xc7a100t-csg324-1


================================================================
== Performance Estimates
================================================================
+ Timing: 
    * Summary: 
    +--------+---------+----------+------------+
    |  Clock |  Target | Estimated| Uncertainty|
    +--------+---------+----------+------------+
    |ap_clk  | 5.00 ns | 2.142 ns |   0.62 ns  |
    +--------+---------+----------+------------+

+ Latency: 
    * Summary: 
    +---------+---------+----------+----------+-----+-----+----------+
    |  Latency (cycles) |  Latency (absolute) |  Interval | Pipeline |
    |   min   |   max   |    min   |    max   | min | max |   Type   |
    +---------+---------+----------+----------+-----+-----+----------+
    |        0|        0|   0 ns   |   0 ns   |    1|    1| function |
    +---------+---------+----------+----------+-----+-----+----------+

    + Detail: 
        * Instance: 
        N/A

        * Loop: 
        N/A



================================================================
== Utilization Estimates
================================================================
* Summary: 
+-----------------+---------+-------+--------+-------+-----+
|       Name      | BRAM_18K| DSP48E|   FF   |  LUT  | URAM|
+-----------------+---------+-------+--------+-------+-----+
|DSP              |        -|      -|       -|      -|    -|
|Expression       |        -|      -|       0|   2103|    -|
|FIFO             |        -|      -|       -|      -|    -|
|Instance         |        -|      -|       -|      -|    -|
|Memory           |        -|      -|       -|      -|    -|
|Multiplexer      |        -|      -|       -|    909|    -|
|Register         |        -|      -|    1602|      -|    -|
+-----------------+---------+-------+--------+-------+-----+
|Total            |        0|      0|    1602|   3012|    0|
+-----------------+---------+-------+--------+-------+-----+
|Available        |      270|    240|  126800|  63400|    0|
+-----------------+---------+-------+--------+-------+-----+
|Utilization (%)  |        0|      0|       1|      4|    0|
+-----------------+---------+-------+--------+-------+-----+

+ Detail: 
    * Instance: 
    N/A

    * DSP48E: 
    N/A

    * Memory: 
    N/A

    * FIFO: 
    N/A

    * Expression: 
    +---------------------------+----------+-------+---+----+------------+------------+
    |       Variable Name       | Operation| DSP48E| FF| LUT| Bitwidth P0| Bitwidth P1|
    +---------------------------+----------+-------+---+----+------------+------------+
    |add_ln1192_100_fu_3338_p2  |     +    |      0|  0|  19|          12|           7|
    |add_ln1192_101_fu_3380_p2  |     +    |      0|  0|  19|          12|           8|
    |add_ln1192_102_fu_3422_p2  |     +    |      0|  0|  21|          14|          10|
    |add_ln1192_103_fu_3464_p2  |     +    |      0|  0|  22|          15|           9|
    |add_ln1192_104_fu_3506_p2  |     +    |      0|  0|  22|          15|          10|
    |add_ln1192_105_fu_3548_p2  |     +    |      0|  0|  19|          12|           5|
    |add_ln1192_106_fu_3590_p2  |     +    |      0|  0|  22|          15|          11|
    |add_ln1192_107_fu_3632_p2  |     +    |      0|  0|  22|          15|          10|
    |add_ln1192_108_fu_3674_p2  |     +    |      0|  0|  19|          12|           7|
    |add_ln1192_109_fu_3716_p2  |     +    |      0|  0|  19|          12|           8|
    |add_ln1192_110_fu_3758_p2  |     +    |      0|  0|  22|          15|          10|
    |add_ln1192_111_fu_3800_p2  |     +    |      0|  0|  19|          12|           8|
    |add_ln1192_112_fu_3842_p2  |     +    |      0|  0|  22|          15|          11|
    |add_ln1192_113_fu_3884_p2  |     +    |      0|  0|  19|          12|           5|
    |add_ln1192_114_fu_3926_p2  |     +    |      0|  0|  22|          15|          10|
    |add_ln1192_115_fu_3968_p2  |     +    |      0|  0|  22|          15|          10|
    |add_ln1192_116_fu_4010_p2  |     +    |      0|  0|  22|          15|          11|
    |add_ln1192_117_fu_4052_p2  |     +    |      0|  0|  22|          15|          11|
    |add_ln1192_118_fu_4094_p2  |     +    |      0|  0|  19|          12|           8|
    |add_ln1192_119_fu_4136_p2  |     +    |      0|  0|  19|          12|           7|
    |add_ln1192_120_fu_4178_p2  |     +    |      0|  0|  22|          15|           9|
    |add_ln1192_121_fu_4220_p2  |     +    |      0|  0|  22|          15|          10|
    |add_ln1192_122_fu_4262_p2  |     +    |      0|  0|  22|          15|          11|
    |add_ln1192_123_fu_4304_p2  |     +    |      0|  0|  22|          15|          11|
    |add_ln1192_124_fu_4346_p2  |     +    |      0|  0|  23|          16|          10|
    |add_ln1192_125_fu_4388_p2  |     +    |      0|  0|  19|          12|           8|
    |add_ln1192_126_fu_4430_p2  |     +    |      0|  0|  22|          15|          11|
    |add_ln1192_127_fu_4472_p2  |     +    |      0|  0|  19|          12|           5|
    |add_ln1192_128_fu_4514_p2  |     +    |      0|  0|  22|          15|          10|
    |add_ln1192_129_fu_4556_p2  |     +    |      0|  0|  21|          14|          10|
    |add_ln1192_130_fu_4598_p2  |     +    |      0|  0|  22|          15|          10|
    |add_ln1192_131_fu_4640_p2  |     +    |      0|  0|  22|          15|          11|
    |add_ln1192_132_fu_4682_p2  |     +    |      0|  0|  22|          15|          10|
    |add_ln1192_133_fu_4724_p2  |     +    |      0|  0|  22|          15|          10|
    |add_ln1192_134_fu_4766_p2  |     +    |      0|  0|  22|          15|           9|
    |add_ln1192_135_fu_4808_p2  |     +    |      0|  0|  19|          12|           7|
    |add_ln1192_136_fu_4850_p2  |     +    |      0|  0|  22|          15|          10|
    |add_ln1192_137_fu_4892_p2  |     +    |      0|  0|  19|          12|           5|
    |add_ln1192_138_fu_4934_p2  |     +    |      0|  0|  22|          15|          10|
    |add_ln1192_139_fu_4976_p2  |     +    |      0|  0|  22|          15|          11|
    |add_ln1192_140_fu_5018_p2  |     +    |      0|  0|  22|          15|          10|
    |add_ln1192_141_fu_5060_p2  |     +    |      0|  0|  22|          15|          10|
    |add_ln1192_142_fu_5102_p2  |     +    |      0|  0|  22|          15|           8|
    |add_ln1192_143_fu_5144_p2  |     +    |      0|  0|  22|          15|          10|
    |add_ln1192_144_fu_5186_p2  |     +    |      0|  0|  22|          15|          11|
    |add_ln1192_46_fu_1070_p2   |     +    |      0|  0|  22|          15|          10|
    |add_ln1192_47_fu_1112_p2   |     +    |      0|  0|  22|          15|          11|
    |add_ln1192_48_fu_1154_p2   |     +    |      0|  0|  22|          15|          10|
    |add_ln1192_49_fu_1196_p2   |     +    |      0|  0|  19|          12|           7|
    |add_ln1192_50_fu_1238_p2   |     +    |      0|  0|  22|          15|          11|
    |add_ln1192_51_fu_1280_p2   |     +    |      0|  0|  22|          15|          10|
    |add_ln1192_52_fu_1322_p2   |     +    |      0|  0|  22|          15|          10|
    |add_ln1192_53_fu_1364_p2   |     +    |      0|  0|  19|          12|           6|
    |add_ln1192_54_fu_1406_p2   |     +    |      0|  0|  22|          15|          10|
    |add_ln1192_55_fu_1448_p2   |     +    |      0|  0|  22|          15|          11|
    |add_ln1192_56_fu_1490_p2   |     +    |      0|  0|  19|          12|           7|
    |add_ln1192_57_fu_1532_p2   |     +    |      0|  0|  21|          14|          10|
    |add_ln1192_58_fu_1574_p2   |     +    |      0|  0|  19|          12|           9|
    |add_ln1192_59_fu_1616_p2   |     +    |      0|  0|  19|          12|           4|
    |add_ln1192_60_fu_1658_p2   |     +    |      0|  0|  22|          15|          11|
    |add_ln1192_61_fu_1700_p2   |     +    |      0|  0|  22|          15|          11|
    |add_ln1192_62_fu_1742_p2   |     +    |      0|  0|  19|          12|           8|
    |add_ln1192_63_fu_1784_p2   |     +    |      0|  0|  22|          15|          10|
    |add_ln1192_64_fu_1826_p2   |     +    |      0|  0|  22|          15|          11|
    |add_ln1192_65_fu_1868_p2   |     +    |      0|  0|  19|          12|           5|
    |add_ln1192_66_fu_1910_p2   |     +    |      0|  0|  19|          12|           8|
    |add_ln1192_67_fu_1952_p2   |     +    |      0|  0|  19|          12|           5|
    |add_ln1192_68_fu_1994_p2   |     +    |      0|  0|  22|          15|          10|
    |add_ln1192_69_fu_2036_p2   |     +    |      0|  0|  22|          15|          10|
    |add_ln1192_70_fu_2078_p2   |     +    |      0|  0|  22|          15|          10|
    |add_ln1192_71_fu_2120_p2   |     +    |      0|  0|  21|          14|           9|
    |add_ln1192_72_fu_2162_p2   |     +    |      0|  0|  19|          12|           6|
    |add_ln1192_73_fu_2204_p2   |     +    |      0|  0|  22|          15|          10|
    |add_ln1192_74_fu_2246_p2   |     +    |      0|  0|  19|          12|           7|
    |add_ln1192_75_fu_2288_p2   |     +    |      0|  0|  19|          12|           5|
    |add_ln1192_76_fu_2330_p2   |     +    |      0|  0|  22|          15|          11|
    |add_ln1192_77_fu_2372_p2   |     +    |      0|  0|  19|          12|           6|
    |add_ln1192_78_fu_2414_p2   |     +    |      0|  0|  22|          15|          10|
    |add_ln1192_79_fu_2456_p2   |     +    |      0|  0|  22|          15|          11|
    |add_ln1192_80_fu_2498_p2   |     +    |      0|  0|  22|          15|          11|
    |add_ln1192_81_fu_2540_p2   |     +    |      0|  0|  19|          12|           8|
    |add_ln1192_82_fu_2582_p2   |     +    |      0|  0|  22|          15|          11|
    |add_ln1192_83_fu_2624_p2   |     +    |      0|  0|  22|          15|          11|
    |add_ln1192_84_fu_2666_p2   |     +    |      0|  0|  22|          15|          11|
    |add_ln1192_85_fu_2708_p2   |     +    |      0|  0|  19|          12|           5|
    |add_ln1192_86_fu_2750_p2   |     +    |      0|  0|  22|          15|          10|
    |add_ln1192_87_fu_2792_p2   |     +    |      0|  0|  19|          12|           7|
    |add_ln1192_88_fu_2834_p2   |     +    |      0|  0|  22|          15|          11|
    |add_ln1192_89_fu_2876_p2   |     +    |      0|  0|  22|          15|          11|
    |add_ln1192_90_fu_2918_p2   |     +    |      0|  0|  22|          15|          11|
    |add_ln1192_91_fu_2960_p2   |     +    |      0|  0|  22|          15|          11|
    |add_ln1192_92_fu_3002_p2   |     +    |      0|  0|  22|          15|          11|
    |add_ln1192_93_fu_3044_p2   |     +    |      0|  0|  22|          15|          10|
    |add_ln1192_94_fu_3086_p2   |     +    |      0|  0|  22|          15|          11|
    |add_ln1192_95_fu_3128_p2   |     +    |      0|  0|  22|          15|          10|
    |add_ln1192_96_fu_3170_p2   |     +    |      0|  0|  22|          15|          10|
    |add_ln1192_97_fu_3212_p2   |     +    |      0|  0|  22|          15|          10|
    |add_ln1192_98_fu_3254_p2   |     +    |      0|  0|  19|          12|           5|
    |add_ln1192_99_fu_3296_p2   |     +    |      0|  0|  19|          12|           5|
    |add_ln1192_fu_1028_p2      |     +    |      0|  0|  19|          12|           6|
    |ap_block_state1            |    or    |      0|  0|   2|           1|           1|
    +---------------------------+----------+-------+---+----+------------+------------+
    |Total                      |          |      0|  0|2103|        1402|         910|
    +---------------------------+----------+-------+---+----+------------+------------+

    * Multiplexer: 
    +--------------+----+-----------+-----+-----------+
    |     Name     | LUT| Input Size| Bits| Total Bits|
    +--------------+----+-----------+-----+-----------+
    |ap_done       |   9|          2|    1|          2|
    |ap_return_0   |   9|          2|   16|         32|
    |ap_return_1   |   9|          2|   16|         32|
    |ap_return_10  |   9|          2|   16|         32|
    |ap_return_11  |   9|          2|   16|         32|
    |ap_return_12  |   9|          2|   16|         32|
    |ap_return_13  |   9|          2|   16|         32|
    |ap_return_14  |   9|          2|   16|         32|
    |ap_return_15  |   9|          2|   16|         32|
    |ap_return_16  |   9|          2|   16|         32|
    |ap_return_17  |   9|          2|   16|         32|
    |ap_return_18  |   9|          2|   16|         32|
    |ap_return_19  |   9|          2|   16|         32|
    |ap_return_2   |   9|          2|   16|         32|
    |ap_return_20  |   9|          2|   16|         32|
    |ap_return_21  |   9|          2|   16|         32|
    |ap_return_22  |   9|          2|   16|         32|
    |ap_return_23  |   9|          2|   16|         32|
    |ap_return_24  |   9|          2|   16|         32|
    |ap_return_25  |   9|          2|   16|         32|
    |ap_return_26  |   9|          2|   16|         32|
    |ap_return_27  |   9|          2|   16|         32|
    |ap_return_28  |   9|          2|   16|         32|
    |ap_return_29  |   9|          2|   16|         32|
    |ap_return_3   |   9|          2|   16|         32|
    |ap_return_30  |   9|          2|   16|         32|
    |ap_return_31  |   9|          2|   16|         32|
    |ap_return_32  |   9|          2|   16|         32|
    |ap_return_33  |   9|          2|   16|         32|
    |ap_return_34  |   9|          2|   16|         32|
    |ap_return_35  |   9|          2|   16|         32|
    |ap_return_36  |   9|          2|   16|         32|
    |ap_return_37  |   9|          2|   16|         32|
    |ap_return_38  |   9|          2|   16|         32|
    |ap_return_39  |   9|          2|   16|         32|
    |ap_return_4   |   9|          2|   16|         32|
    |ap_return_40  |   9|          2|   16|         32|
    |ap_return_41  |   9|          2|   16|         32|
    |ap_return_42  |   9|          2|   16|         32|
    |ap_return_43  |   9|          2|   16|         32|
    |ap_return_44  |   9|          2|   16|         32|
    |ap_return_45  |   9|          2|   16|         32|
    |ap_return_46  |   9|          2|   16|         32|
    |ap_return_47  |   9|          2|   16|         32|
    |ap_return_48  |   9|          2|   16|         32|
    |ap_return_49  |   9|          2|   16|         32|
    |ap_return_5   |   9|          2|   16|         32|
    |ap_return_50  |   9|          2|   16|         32|
    |ap_return_51  |   9|          2|   16|         32|
    |ap_return_52  |   9|          2|   16|         32|
    |ap_return_53  |   9|          2|   16|         32|
    |ap_return_54  |   9|          2|   16|         32|
    |ap_return_55  |   9|          2|   16|         32|
    |ap_return_56  |   9|          2|   16|         32|
    |ap_return_57  |   9|          2|   16|         32|
    |ap_return_58  |   9|          2|   16|         32|
    |ap_return_59  |   9|          2|   16|         32|
    |ap_return_6   |   9|          2|   16|         32|
    |ap_return_60  |   9|          2|   16|         32|
    |ap_return_61  |   9|          2|   16|         32|
    |ap_return_62  |   9|          2|   16|         32|
    |ap_return_63  |   9|          2|   16|         32|
    |ap_return_64  |   9|          2|   16|         32|
    |ap_return_65  |   9|          2|   16|         32|
    |ap_return_66  |   9|          2|   16|         32|
    |ap_return_67  |   9|          2|   16|         32|
    |ap_return_68  |   9|          2|   16|         32|
    |ap_return_69  |   9|          2|   16|         32|
    |ap_return_7   |   9|          2|   16|         32|
    |ap_return_70  |   9|          2|   16|         32|
    |ap_return_71  |   9|          2|   16|         32|
    |ap_return_72  |   9|          2|   16|         32|
    |ap_return_73  |   9|          2|   16|         32|
    |ap_return_74  |   9|          2|   16|         32|
    |ap_return_75  |   9|          2|   16|         32|
    |ap_return_76  |   9|          2|   16|         32|
    |ap_return_77  |   9|          2|   16|         32|
    |ap_return_78  |   9|          2|   16|         32|
    |ap_return_79  |   9|          2|   16|         32|
    |ap_return_8   |   9|          2|   16|         32|
    |ap_return_80  |   9|          2|   16|         32|
    |ap_return_81  |   9|          2|   16|         32|
    |ap_return_82  |   9|          2|   16|         32|
    |ap_return_83  |   9|          2|   16|         32|
    |ap_return_84  |   9|          2|   16|         32|
    |ap_return_85  |   9|          2|   16|         32|
    |ap_return_86  |   9|          2|   16|         32|
    |ap_return_87  |   9|          2|   16|         32|
    |ap_return_88  |   9|          2|   16|         32|
    |ap_return_89  |   9|          2|   16|         32|
    |ap_return_9   |   9|          2|   16|         32|
    |ap_return_90  |   9|          2|   16|         32|
    |ap_return_91  |   9|          2|   16|         32|
    |ap_return_92  |   9|          2|   16|         32|
    |ap_return_93  |   9|          2|   16|         32|
    |ap_return_94  |   9|          2|   16|         32|
    |ap_return_95  |   9|          2|   16|         32|
    |ap_return_96  |   9|          2|   16|         32|
    |ap_return_97  |   9|          2|   16|         32|
    |ap_return_98  |   9|          2|   16|         32|
    |ap_return_99  |   9|          2|   16|         32|
    +--------------+----+-----------+-----+-----------+
    |Total         | 909|        202| 1601|       3202|
    +--------------+----+-----------+-----+-----------+

    * Register: 
    +-------------------+----+----+-----+-----------+
    |        Name       | FF | LUT| Bits| Const Bits|
    +-------------------+----+----+-----+-----------+
    |ap_CS_fsm          |   1|   0|    1|          0|
    |ap_done_reg        |   1|   0|    1|          0|
    |ap_return_0_preg   |  16|   0|   16|          0|
    |ap_return_10_preg  |  16|   0|   16|          0|
    |ap_return_11_preg  |  16|   0|   16|          0|
    |ap_return_12_preg  |  16|   0|   16|          0|
    |ap_return_13_preg  |  16|   0|   16|          0|
    |ap_return_14_preg  |  16|   0|   16|          0|
    |ap_return_15_preg  |  16|   0|   16|          0|
    |ap_return_16_preg  |  16|   0|   16|          0|
    |ap_return_17_preg  |  16|   0|   16|          0|
    |ap_return_18_preg  |  16|   0|   16|          0|
    |ap_return_19_preg  |  16|   0|   16|          0|
    |ap_return_1_preg   |  16|   0|   16|          0|
    |ap_return_20_preg  |  16|   0|   16|          0|
    |ap_return_21_preg  |  16|   0|   16|          0|
    |ap_return_22_preg  |  16|   0|   16|          0|
    |ap_return_23_preg  |  16|   0|   16|          0|
    |ap_return_24_preg  |  16|   0|   16|          0|
    |ap_return_25_preg  |  16|   0|   16|          0|
    |ap_return_26_preg  |  16|   0|   16|          0|
    |ap_return_27_preg  |  16|   0|   16|          0|
    |ap_return_28_preg  |  16|   0|   16|          0|
    |ap_return_29_preg  |  16|   0|   16|          0|
    |ap_return_2_preg   |  16|   0|   16|          0|
    |ap_return_30_preg  |  16|   0|   16|          0|
    |ap_return_31_preg  |  16|   0|   16|          0|
    |ap_return_32_preg  |  16|   0|   16|          0|
    |ap_return_33_preg  |  16|   0|   16|          0|
    |ap_return_34_preg  |  16|   0|   16|          0|
    |ap_return_35_preg  |  16|   0|   16|          0|
    |ap_return_36_preg  |  16|   0|   16|          0|
    |ap_return_37_preg  |  16|   0|   16|          0|
    |ap_return_38_preg  |  16|   0|   16|          0|
    |ap_return_39_preg  |  16|   0|   16|          0|
    |ap_return_3_preg   |  16|   0|   16|          0|
    |ap_return_40_preg  |  16|   0|   16|          0|
    |ap_return_41_preg  |  16|   0|   16|          0|
    |ap_return_42_preg  |  16|   0|   16|          0|
    |ap_return_43_preg  |  16|   0|   16|          0|
    |ap_return_44_preg  |  16|   0|   16|          0|
    |ap_return_45_preg  |  16|   0|   16|          0|
    |ap_return_46_preg  |  16|   0|   16|          0|
    |ap_return_47_preg  |  16|   0|   16|          0|
    |ap_return_48_preg  |  16|   0|   16|          0|
    |ap_return_49_preg  |  16|   0|   16|          0|
    |ap_return_4_preg   |  16|   0|   16|          0|
    |ap_return_50_preg  |  16|   0|   16|          0|
    |ap_return_51_preg  |  16|   0|   16|          0|
    |ap_return_52_preg  |  16|   0|   16|          0|
    |ap_return_53_preg  |  16|   0|   16|          0|
    |ap_return_54_preg  |  16|   0|   16|          0|
    |ap_return_55_preg  |  16|   0|   16|          0|
    |ap_return_56_preg  |  16|   0|   16|          0|
    |ap_return_57_preg  |  16|   0|   16|          0|
    |ap_return_58_preg  |  16|   0|   16|          0|
    |ap_return_59_preg  |  16|   0|   16|          0|
    |ap_return_5_preg   |  16|   0|   16|          0|
    |ap_return_60_preg  |  16|   0|   16|          0|
    |ap_return_61_preg  |  16|   0|   16|          0|
    |ap_return_62_preg  |  16|   0|   16|          0|
    |ap_return_63_preg  |  16|   0|   16|          0|
    |ap_return_64_preg  |  16|   0|   16|          0|
    |ap_return_65_preg  |  16|   0|   16|          0|
    |ap_return_66_preg  |  16|   0|   16|          0|
    |ap_return_67_preg  |  16|   0|   16|          0|
    |ap_return_68_preg  |  16|   0|   16|          0|
    |ap_return_69_preg  |  16|   0|   16|          0|
    |ap_return_6_preg   |  16|   0|   16|          0|
    |ap_return_70_preg  |  16|   0|   16|          0|
    |ap_return_71_preg  |  16|   0|   16|          0|
    |ap_return_72_preg  |  16|   0|   16|          0|
    |ap_return_73_preg  |  16|   0|   16|          0|
    |ap_return_74_preg  |  16|   0|   16|          0|
    |ap_return_75_preg  |  16|   0|   16|          0|
    |ap_return_76_preg  |  16|   0|   16|          0|
    |ap_return_77_preg  |  16|   0|   16|          0|
    |ap_return_78_preg  |  16|   0|   16|          0|
    |ap_return_79_preg  |  16|   0|   16|          0|
    |ap_return_7_preg   |  16|   0|   16|          0|
    |ap_return_80_preg  |  16|   0|   16|          0|
    |ap_return_81_preg  |  16|   0|   16|          0|
    |ap_return_82_preg  |  16|   0|   16|          0|
    |ap_return_83_preg  |  16|   0|   16|          0|
    |ap_return_84_preg  |  16|   0|   16|          0|
    |ap_return_85_preg  |  16|   0|   16|          0|
    |ap_return_86_preg  |  16|   0|   16|          0|
    |ap_return_87_preg  |  16|   0|   16|          0|
    |ap_return_88_preg  |  16|   0|   16|          0|
    |ap_return_89_preg  |  16|   0|   16|          0|
    |ap_return_8_preg   |  16|   0|   16|          0|
    |ap_return_90_preg  |  16|   0|   16|          0|
    |ap_return_91_preg  |  16|   0|   16|          0|
    |ap_return_92_preg  |  16|   0|   16|          0|
    |ap_return_93_preg  |  16|   0|   16|          0|
    |ap_return_94_preg  |  16|   0|   16|          0|
    |ap_return_95_preg  |  16|   0|   16|          0|
    |ap_return_96_preg  |  16|   0|   16|          0|
    |ap_return_97_preg  |  16|   0|   16|          0|
    |ap_return_98_preg  |  16|   0|   16|          0|
    |ap_return_99_preg  |  16|   0|   16|          0|
    |ap_return_9_preg   |  16|   0|   16|          0|
    +-------------------+----+----+-----+-----------+
    |Total              |1602|   0| 1602|          0|
    +-------------------+----+----+-----+-----------+



================================================================
== Interface
================================================================
* Summary: 
+--------------+-----+-----+------------+----------------------------------------------------------------+--------------+
|   RTL Ports  | Dir | Bits|  Protocol  |                          Source Object                         |    C Type    |
+--------------+-----+-----+------------+----------------------------------------------------------------+--------------+
|ap_clk        |  in |    1| ap_ctrl_hs | normalize.0.0.0.0.0.0.0.0.0.0.0.0.0.0.0.0.0.0.0.0.0.0.0.0.0..1 | return value |
|ap_rst        |  in |    1| ap_ctrl_hs | normalize.0.0.0.0.0.0.0.0.0.0.0.0.0.0.0.0.0.0.0.0.0.0.0.0.0..1 | return value |
|ap_start      |  in |    1| ap_ctrl_hs | normalize.0.0.0.0.0.0.0.0.0.0.0.0.0.0.0.0.0.0.0.0.0.0.0.0.0..1 | return value |
|ap_done       | out |    1| ap_ctrl_hs | normalize.0.0.0.0.0.0.0.0.0.0.0.0.0.0.0.0.0.0.0.0.0.0.0.0.0..1 | return value |
|ap_continue   |  in |    1| ap_ctrl_hs | normalize.0.0.0.0.0.0.0.0.0.0.0.0.0.0.0.0.0.0.0.0.0.0.0.0.0..1 | return value |
|ap_idle       | out |    1| ap_ctrl_hs | normalize.0.0.0.0.0.0.0.0.0.0.0.0.0.0.0.0.0.0.0.0.0.0.0.0.0..1 | return value |
|ap_ready      | out |    1| ap_ctrl_hs | normalize.0.0.0.0.0.0.0.0.0.0.0.0.0.0.0.0.0.0.0.0.0.0.0.0.0..1 | return value |
|ap_return_0   | out |   16| ap_ctrl_hs | normalize.0.0.0.0.0.0.0.0.0.0.0.0.0.0.0.0.0.0.0.0.0.0.0.0.0..1 | return value |
|ap_return_1   | out |   16| ap_ctrl_hs | normalize.0.0.0.0.0.0.0.0.0.0.0.0.0.0.0.0.0.0.0.0.0.0.0.0.0..1 | return value |
|ap_return_2   | out |   16| ap_ctrl_hs | normalize.0.0.0.0.0.0.0.0.0.0.0.0.0.0.0.0.0.0.0.0.0.0.0.0.0..1 | return value |
|ap_return_3   | out |   16| ap_ctrl_hs | normalize.0.0.0.0.0.0.0.0.0.0.0.0.0.0.0.0.0.0.0.0.0.0.0.0.0..1 | return value |
|ap_return_4   | out |   16| ap_ctrl_hs | normalize.0.0.0.0.0.0.0.0.0.0.0.0.0.0.0.0.0.0.0.0.0.0.0.0.0..1 | return value |
|ap_return_5   | out |   16| ap_ctrl_hs | normalize.0.0.0.0.0.0.0.0.0.0.0.0.0.0.0.0.0.0.0.0.0.0.0.0.0..1 | return value |
|ap_return_6   | out |   16| ap_ctrl_hs | normalize.0.0.0.0.0.0.0.0.0.0.0.0.0.0.0.0.0.0.0.0.0.0.0.0.0..1 | return value |
|ap_return_7   | out |   16| ap_ctrl_hs | normalize.0.0.0.0.0.0.0.0.0.0.0.0.0.0.0.0.0.0.0.0.0.0.0.0.0..1 | return value |
|ap_return_8   | out |   16| ap_ctrl_hs | normalize.0.0.0.0.0.0.0.0.0.0.0.0.0.0.0.0.0.0.0.0.0.0.0.0.0..1 | return value |
|ap_return_9   | out |   16| ap_ctrl_hs | normalize.0.0.0.0.0.0.0.0.0.0.0.0.0.0.0.0.0.0.0.0.0.0.0.0.0..1 | return value |
|ap_return_10  | out |   16| ap_ctrl_hs | normalize.0.0.0.0.0.0.0.0.0.0.0.0.0.0.0.0.0.0.0.0.0.0.0.0.0..1 | return value |
|ap_return_11  | out |   16| ap_ctrl_hs | normalize.0.0.0.0.0.0.0.0.0.0.0.0.0.0.0.0.0.0.0.0.0.0.0.0.0..1 | return value |
|ap_return_12  | out |   16| ap_ctrl_hs | normalize.0.0.0.0.0.0.0.0.0.0.0.0.0.0.0.0.0.0.0.0.0.0.0.0.0..1 | return value |
|ap_return_13  | out |   16| ap_ctrl_hs | normalize.0.0.0.0.0.0.0.0.0.0.0.0.0.0.0.0.0.0.0.0.0.0.0.0.0..1 | return value |
|ap_return_14  | out |   16| ap_ctrl_hs | normalize.0.0.0.0.0.0.0.0.0.0.0.0.0.0.0.0.0.0.0.0.0.0.0.0.0..1 | return value |
|ap_return_15  | out |   16| ap_ctrl_hs | normalize.0.0.0.0.0.0.0.0.0.0.0.0.0.0.0.0.0.0.0.0.0.0.0.0.0..1 | return value |
|ap_return_16  | out |   16| ap_ctrl_hs | normalize.0.0.0.0.0.0.0.0.0.0.0.0.0.0.0.0.0.0.0.0.0.0.0.0.0..1 | return value |
|ap_return_17  | out |   16| ap_ctrl_hs | normalize.0.0.0.0.0.0.0.0.0.0.0.0.0.0.0.0.0.0.0.0.0.0.0.0.0..1 | return value |
|ap_return_18  | out |   16| ap_ctrl_hs | normalize.0.0.0.0.0.0.0.0.0.0.0.0.0.0.0.0.0.0.0.0.0.0.0.0.0..1 | return value |
|ap_return_19  | out |   16| ap_ctrl_hs | normalize.0.0.0.0.0.0.0.0.0.0.0.0.0.0.0.0.0.0.0.0.0.0.0.0.0..1 | return value |
|ap_return_20  | out |   16| ap_ctrl_hs | normalize.0.0.0.0.0.0.0.0.0.0.0.0.0.0.0.0.0.0.0.0.0.0.0.0.0..1 | return value |
|ap_return_21  | out |   16| ap_ctrl_hs | normalize.0.0.0.0.0.0.0.0.0.0.0.0.0.0.0.0.0.0.0.0.0.0.0.0.0..1 | return value |
|ap_return_22  | out |   16| ap_ctrl_hs | normalize.0.0.0.0.0.0.0.0.0.0.0.0.0.0.0.0.0.0.0.0.0.0.0.0.0..1 | return value |
|ap_return_23  | out |   16| ap_ctrl_hs | normalize.0.0.0.0.0.0.0.0.0.0.0.0.0.0.0.0.0.0.0.0.0.0.0.0.0..1 | return value |
|ap_return_24  | out |   16| ap_ctrl_hs | normalize.0.0.0.0.0.0.0.0.0.0.0.0.0.0.0.0.0.0.0.0.0.0.0.0.0..1 | return value |
|ap_return_25  | out |   16| ap_ctrl_hs | normalize.0.0.0.0.0.0.0.0.0.0.0.0.0.0.0.0.0.0.0.0.0.0.0.0.0..1 | return value |
|ap_return_26  | out |   16| ap_ctrl_hs | normalize.0.0.0.0.0.0.0.0.0.0.0.0.0.0.0.0.0.0.0.0.0.0.0.0.0..1 | return value |
|ap_return_27  | out |   16| ap_ctrl_hs | normalize.0.0.0.0.0.0.0.0.0.0.0.0.0.0.0.0.0.0.0.0.0.0.0.0.0..1 | return value |
|ap_return_28  | out |   16| ap_ctrl_hs | normalize.0.0.0.0.0.0.0.0.0.0.0.0.0.0.0.0.0.0.0.0.0.0.0.0.0..1 | return value |
|ap_return_29  | out |   16| ap_ctrl_hs | normalize.0.0.0.0.0.0.0.0.0.0.0.0.0.0.0.0.0.0.0.0.0.0.0.0.0..1 | return value |
|ap_return_30  | out |   16| ap_ctrl_hs | normalize.0.0.0.0.0.0.0.0.0.0.0.0.0.0.0.0.0.0.0.0.0.0.0.0.0..1 | return value |
|ap_return_31  | out |   16| ap_ctrl_hs | normalize.0.0.0.0.0.0.0.0.0.0.0.0.0.0.0.0.0.0.0.0.0.0.0.0.0..1 | return value |
|ap_return_32  | out |   16| ap_ctrl_hs | normalize.0.0.0.0.0.0.0.0.0.0.0.0.0.0.0.0.0.0.0.0.0.0.0.0.0..1 | return value |
|ap_return_33  | out |   16| ap_ctrl_hs | normalize.0.0.0.0.0.0.0.0.0.0.0.0.0.0.0.0.0.0.0.0.0.0.0.0.0..1 | return value |
|ap_return_34  | out |   16| ap_ctrl_hs | normalize.0.0.0.0.0.0.0.0.0.0.0.0.0.0.0.0.0.0.0.0.0.0.0.0.0..1 | return value |
|ap_return_35  | out |   16| ap_ctrl_hs | normalize.0.0.0.0.0.0.0.0.0.0.0.0.0.0.0.0.0.0.0.0.0.0.0.0.0..1 | return value |
|ap_return_36  | out |   16| ap_ctrl_hs | normalize.0.0.0.0.0.0.0.0.0.0.0.0.0.0.0.0.0.0.0.0.0.0.0.0.0..1 | return value |
|ap_return_37  | out |   16| ap_ctrl_hs | normalize.0.0.0.0.0.0.0.0.0.0.0.0.0.0.0.0.0.0.0.0.0.0.0.0.0..1 | return value |
|ap_return_38  | out |   16| ap_ctrl_hs | normalize.0.0.0.0.0.0.0.0.0.0.0.0.0.0.0.0.0.0.0.0.0.0.0.0.0..1 | return value |
|ap_return_39  | out |   16| ap_ctrl_hs | normalize.0.0.0.0.0.0.0.0.0.0.0.0.0.0.0.0.0.0.0.0.0.0.0.0.0..1 | return value |
|ap_return_40  | out |   16| ap_ctrl_hs | normalize.0.0.0.0.0.0.0.0.0.0.0.0.0.0.0.0.0.0.0.0.0.0.0.0.0..1 | return value |
|ap_return_41  | out |   16| ap_ctrl_hs | normalize.0.0.0.0.0.0.0.0.0.0.0.0.0.0.0.0.0.0.0.0.0.0.0.0.0..1 | return value |
|ap_return_42  | out |   16| ap_ctrl_hs | normalize.0.0.0.0.0.0.0.0.0.0.0.0.0.0.0.0.0.0.0.0.0.0.0.0.0..1 | return value |
|ap_return_43  | out |   16| ap_ctrl_hs | normalize.0.0.0.0.0.0.0.0.0.0.0.0.0.0.0.0.0.0.0.0.0.0.0.0.0..1 | return value |
|ap_return_44  | out |   16| ap_ctrl_hs | normalize.0.0.0.0.0.0.0.0.0.0.0.0.0.0.0.0.0.0.0.0.0.0.0.0.0..1 | return value |
|ap_return_45  | out |   16| ap_ctrl_hs | normalize.0.0.0.0.0.0.0.0.0.0.0.0.0.0.0.0.0.0.0.0.0.0.0.0.0..1 | return value |
|ap_return_46  | out |   16| ap_ctrl_hs | normalize.0.0.0.0.0.0.0.0.0.0.0.0.0.0.0.0.0.0.0.0.0.0.0.0.0..1 | return value |
|ap_return_47  | out |   16| ap_ctrl_hs | normalize.0.0.0.0.0.0.0.0.0.0.0.0.0.0.0.0.0.0.0.0.0.0.0.0.0..1 | return value |
|ap_return_48  | out |   16| ap_ctrl_hs | normalize.0.0.0.0.0.0.0.0.0.0.0.0.0.0.0.0.0.0.0.0.0.0.0.0.0..1 | return value |
|ap_return_49  | out |   16| ap_ctrl_hs | normalize.0.0.0.0.0.0.0.0.0.0.0.0.0.0.0.0.0.0.0.0.0.0.0.0.0..1 | return value |
|ap_return_50  | out |   16| ap_ctrl_hs | normalize.0.0.0.0.0.0.0.0.0.0.0.0.0.0.0.0.0.0.0.0.0.0.0.0.0..1 | return value |
|ap_return_51  | out |   16| ap_ctrl_hs | normalize.0.0.0.0.0.0.0.0.0.0.0.0.0.0.0.0.0.0.0.0.0.0.0.0.0..1 | return value |
|ap_return_52  | out |   16| ap_ctrl_hs | normalize.0.0.0.0.0.0.0.0.0.0.0.0.0.0.0.0.0.0.0.0.0.0.0.0.0..1 | return value |
|ap_return_53  | out |   16| ap_ctrl_hs | normalize.0.0.0.0.0.0.0.0.0.0.0.0.0.0.0.0.0.0.0.0.0.0.0.0.0..1 | return value |
|ap_return_54  | out |   16| ap_ctrl_hs | normalize.0.0.0.0.0.0.0.0.0.0.0.0.0.0.0.0.0.0.0.0.0.0.0.0.0..1 | return value |
|ap_return_55  | out |   16| ap_ctrl_hs | normalize.0.0.0.0.0.0.0.0.0.0.0.0.0.0.0.0.0.0.0.0.0.0.0.0.0..1 | return value |
|ap_return_56  | out |   16| ap_ctrl_hs | normalize.0.0.0.0.0.0.0.0.0.0.0.0.0.0.0.0.0.0.0.0.0.0.0.0.0..1 | return value |
|ap_return_57  | out |   16| ap_ctrl_hs | normalize.0.0.0.0.0.0.0.0.0.0.0.0.0.0.0.0.0.0.0.0.0.0.0.0.0..1 | return value |
|ap_return_58  | out |   16| ap_ctrl_hs | normalize.0.0.0.0.0.0.0.0.0.0.0.0.0.0.0.0.0.0.0.0.0.0.0.0.0..1 | return value |
|ap_return_59  | out |   16| ap_ctrl_hs | normalize.0.0.0.0.0.0.0.0.0.0.0.0.0.0.0.0.0.0.0.0.0.0.0.0.0..1 | return value |
|ap_return_60  | out |   16| ap_ctrl_hs | normalize.0.0.0.0.0.0.0.0.0.0.0.0.0.0.0.0.0.0.0.0.0.0.0.0.0..1 | return value |
|ap_return_61  | out |   16| ap_ctrl_hs | normalize.0.0.0.0.0.0.0.0.0.0.0.0.0.0.0.0.0.0.0.0.0.0.0.0.0..1 | return value |
|ap_return_62  | out |   16| ap_ctrl_hs | normalize.0.0.0.0.0.0.0.0.0.0.0.0.0.0.0.0.0.0.0.0.0.0.0.0.0..1 | return value |
|ap_return_63  | out |   16| ap_ctrl_hs | normalize.0.0.0.0.0.0.0.0.0.0.0.0.0.0.0.0.0.0.0.0.0.0.0.0.0..1 | return value |
|ap_return_64  | out |   16| ap_ctrl_hs | normalize.0.0.0.0.0.0.0.0.0.0.0.0.0.0.0.0.0.0.0.0.0.0.0.0.0..1 | return value |
|ap_return_65  | out |   16| ap_ctrl_hs | normalize.0.0.0.0.0.0.0.0.0.0.0.0.0.0.0.0.0.0.0.0.0.0.0.0.0..1 | return value |
|ap_return_66  | out |   16| ap_ctrl_hs | normalize.0.0.0.0.0.0.0.0.0.0.0.0.0.0.0.0.0.0.0.0.0.0.0.0.0..1 | return value |
|ap_return_67  | out |   16| ap_ctrl_hs | normalize.0.0.0.0.0.0.0.0.0.0.0.0.0.0.0.0.0.0.0.0.0.0.0.0.0..1 | return value |
|ap_return_68  | out |   16| ap_ctrl_hs | normalize.0.0.0.0.0.0.0.0.0.0.0.0.0.0.0.0.0.0.0.0.0.0.0.0.0..1 | return value |
|ap_return_69  | out |   16| ap_ctrl_hs | normalize.0.0.0.0.0.0.0.0.0.0.0.0.0.0.0.0.0.0.0.0.0.0.0.0.0..1 | return value |
|ap_return_70  | out |   16| ap_ctrl_hs | normalize.0.0.0.0.0.0.0.0.0.0.0.0.0.0.0.0.0.0.0.0.0.0.0.0.0..1 | return value |
|ap_return_71  | out |   16| ap_ctrl_hs | normalize.0.0.0.0.0.0.0.0.0.0.0.0.0.0.0.0.0.0.0.0.0.0.0.0.0..1 | return value |
|ap_return_72  | out |   16| ap_ctrl_hs | normalize.0.0.0.0.0.0.0.0.0.0.0.0.0.0.0.0.0.0.0.0.0.0.0.0.0..1 | return value |
|ap_return_73  | out |   16| ap_ctrl_hs | normalize.0.0.0.0.0.0.0.0.0.0.0.0.0.0.0.0.0.0.0.0.0.0.0.0.0..1 | return value |
|ap_return_74  | out |   16| ap_ctrl_hs | normalize.0.0.0.0.0.0.0.0.0.0.0.0.0.0.0.0.0.0.0.0.0.0.0.0.0..1 | return value |
|ap_return_75  | out |   16| ap_ctrl_hs | normalize.0.0.0.0.0.0.0.0.0.0.0.0.0.0.0.0.0.0.0.0.0.0.0.0.0..1 | return value |
|ap_return_76  | out |   16| ap_ctrl_hs | normalize.0.0.0.0.0.0.0.0.0.0.0.0.0.0.0.0.0.0.0.0.0.0.0.0.0..1 | return value |
|ap_return_77  | out |   16| ap_ctrl_hs | normalize.0.0.0.0.0.0.0.0.0.0.0.0.0.0.0.0.0.0.0.0.0.0.0.0.0..1 | return value |
|ap_return_78  | out |   16| ap_ctrl_hs | normalize.0.0.0.0.0.0.0.0.0.0.0.0.0.0.0.0.0.0.0.0.0.0.0.0.0..1 | return value |
|ap_return_79  | out |   16| ap_ctrl_hs | normalize.0.0.0.0.0.0.0.0.0.0.0.0.0.0.0.0.0.0.0.0.0.0.0.0.0..1 | return value |
|ap_return_80  | out |   16| ap_ctrl_hs | normalize.0.0.0.0.0.0.0.0.0.0.0.0.0.0.0.0.0.0.0.0.0.0.0.0.0..1 | return value |
|ap_return_81  | out |   16| ap_ctrl_hs | normalize.0.0.0.0.0.0.0.0.0.0.0.0.0.0.0.0.0.0.0.0.0.0.0.0.0..1 | return value |
|ap_return_82  | out |   16| ap_ctrl_hs | normalize.0.0.0.0.0.0.0.0.0.0.0.0.0.0.0.0.0.0.0.0.0.0.0.0.0..1 | return value |
|ap_return_83  | out |   16| ap_ctrl_hs | normalize.0.0.0.0.0.0.0.0.0.0.0.0.0.0.0.0.0.0.0.0.0.0.0.0.0..1 | return value |
|ap_return_84  | out |   16| ap_ctrl_hs | normalize.0.0.0.0.0.0.0.0.0.0.0.0.0.0.0.0.0.0.0.0.0.0.0.0.0..1 | return value |
|ap_return_85  | out |   16| ap_ctrl_hs | normalize.0.0.0.0.0.0.0.0.0.0.0.0.0.0.0.0.0.0.0.0.0.0.0.0.0..1 | return value |
|ap_return_86  | out |   16| ap_ctrl_hs | normalize.0.0.0.0.0.0.0.0.0.0.0.0.0.0.0.0.0.0.0.0.0.0.0.0.0..1 | return value |
|ap_return_87  | out |   16| ap_ctrl_hs | normalize.0.0.0.0.0.0.0.0.0.0.0.0.0.0.0.0.0.0.0.0.0.0.0.0.0..1 | return value |
|ap_return_88  | out |   16| ap_ctrl_hs | normalize.0.0.0.0.0.0.0.0.0.0.0.0.0.0.0.0.0.0.0.0.0.0.0.0.0..1 | return value |
|ap_return_89  | out |   16| ap_ctrl_hs | normalize.0.0.0.0.0.0.0.0.0.0.0.0.0.0.0.0.0.0.0.0.0.0.0.0.0..1 | return value |
|ap_return_90  | out |   16| ap_ctrl_hs | normalize.0.0.0.0.0.0.0.0.0.0.0.0.0.0.0.0.0.0.0.0.0.0.0.0.0..1 | return value |
|ap_return_91  | out |   16| ap_ctrl_hs | normalize.0.0.0.0.0.0.0.0.0.0.0.0.0.0.0.0.0.0.0.0.0.0.0.0.0..1 | return value |
|ap_return_92  | out |   16| ap_ctrl_hs | normalize.0.0.0.0.0.0.0.0.0.0.0.0.0.0.0.0.0.0.0.0.0.0.0.0.0..1 | return value |
|ap_return_93  | out |   16| ap_ctrl_hs | normalize.0.0.0.0.0.0.0.0.0.0.0.0.0.0.0.0.0.0.0.0.0.0.0.0.0..1 | return value |
|ap_return_94  | out |   16| ap_ctrl_hs | normalize.0.0.0.0.0.0.0.0.0.0.0.0.0.0.0.0.0.0.0.0.0.0.0.0.0..1 | return value |
|ap_return_95  | out |   16| ap_ctrl_hs | normalize.0.0.0.0.0.0.0.0.0.0.0.0.0.0.0.0.0.0.0.0.0.0.0.0.0..1 | return value |
|ap_return_96  | out |   16| ap_ctrl_hs | normalize.0.0.0.0.0.0.0.0.0.0.0.0.0.0.0.0.0.0.0.0.0.0.0.0.0..1 | return value |
|ap_return_97  | out |   16| ap_ctrl_hs | normalize.0.0.0.0.0.0.0.0.0.0.0.0.0.0.0.0.0.0.0.0.0.0.0.0.0..1 | return value |
|ap_return_98  | out |   16| ap_ctrl_hs | normalize.0.0.0.0.0.0.0.0.0.0.0.0.0.0.0.0.0.0.0.0.0.0.0.0.0..1 | return value |
|ap_return_99  | out |   16| ap_ctrl_hs | normalize.0.0.0.0.0.0.0.0.0.0.0.0.0.0.0.0.0.0.0.0.0.0.0.0.0..1 | return value |
|p_read        |  in |   16|   ap_none  |                             p_read                             |    scalar    |
|p_read1       |  in |   16|   ap_none  |                             p_read1                            |    scalar    |
|p_read2       |  in |   16|   ap_none  |                             p_read2                            |    scalar    |
|p_read3       |  in |   16|   ap_none  |                             p_read3                            |    scalar    |
|p_read4       |  in |   16|   ap_none  |                             p_read4                            |    scalar    |
|p_read5       |  in |   16|   ap_none  |                             p_read5                            |    scalar    |
|p_read6       |  in |   16|   ap_none  |                             p_read6                            |    scalar    |
|p_read7       |  in |   16|   ap_none  |                             p_read7                            |    scalar    |
|p_read8       |  in |   16|   ap_none  |                             p_read8                            |    scalar    |
|p_read9       |  in |   16|   ap_none  |                             p_read9                            |    scalar    |
|p_read10      |  in |   16|   ap_none  |                            p_read10                            |    scalar    |
|p_read11      |  in |   16|   ap_none  |                            p_read11                            |    scalar    |
|p_read12      |  in |   16|   ap_none  |                            p_read12                            |    scalar    |
|p_read13      |  in |   16|   ap_none  |                            p_read13                            |    scalar    |
|p_read14      |  in |   16|   ap_none  |                            p_read14                            |    scalar    |
|p_read15      |  in |   16|   ap_none  |                            p_read15                            |    scalar    |
|p_read16      |  in |   16|   ap_none  |                            p_read16                            |    scalar    |
|p_read17      |  in |   16|   ap_none  |                            p_read17                            |    scalar    |
|p_read18      |  in |   16|   ap_none  |                            p_read18                            |    scalar    |
|p_read19      |  in |   16|   ap_none  |                            p_read19                            |    scalar    |
|p_read20      |  in |   16|   ap_none  |                            p_read20                            |    scalar    |
|p_read21      |  in |   16|   ap_none  |                            p_read21                            |    scalar    |
|p_read22      |  in |   16|   ap_none  |                            p_read22                            |    scalar    |
|p_read23      |  in |   16|   ap_none  |                            p_read23                            |    scalar    |
|p_read24      |  in |   16|   ap_none  |                            p_read24                            |    scalar    |
|p_read25      |  in |   16|   ap_none  |                            p_read25                            |    scalar    |
|p_read26      |  in |   16|   ap_none  |                            p_read26                            |    scalar    |
|p_read27      |  in |   16|   ap_none  |                            p_read27                            |    scalar    |
|p_read28      |  in |   16|   ap_none  |                            p_read28                            |    scalar    |
|p_read29      |  in |   16|   ap_none  |                            p_read29                            |    scalar    |
|p_read30      |  in |   16|   ap_none  |                            p_read30                            |    scalar    |
|p_read31      |  in |   16|   ap_none  |                            p_read31                            |    scalar    |
|p_read32      |  in |   16|   ap_none  |                            p_read32                            |    scalar    |
|p_read33      |  in |   16|   ap_none  |                            p_read33                            |    scalar    |
|p_read34      |  in |   16|   ap_none  |                            p_read34                            |    scalar    |
|p_read35      |  in |   16|   ap_none  |                            p_read35                            |    scalar    |
|p_read36      |  in |   16|   ap_none  |                            p_read36                            |    scalar    |
|p_read37      |  in |   16|   ap_none  |                            p_read37                            |    scalar    |
|p_read38      |  in |   16|   ap_none  |                            p_read38                            |    scalar    |
|p_read39      |  in |   16|   ap_none  |                            p_read39                            |    scalar    |
|p_read40      |  in |   16|   ap_none  |                            p_read40                            |    scalar    |
|p_read41      |  in |   16|   ap_none  |                            p_read41                            |    scalar    |
|p_read42      |  in |   16|   ap_none  |                            p_read42                            |    scalar    |
|p_read43      |  in |   16|   ap_none  |                            p_read43                            |    scalar    |
|p_read44      |  in |   16|   ap_none  |                            p_read44                            |    scalar    |
|p_read45      |  in |   16|   ap_none  |                            p_read45                            |    scalar    |
|p_read46      |  in |   16|   ap_none  |                            p_read46                            |    scalar    |
|p_read47      |  in |   16|   ap_none  |                            p_read47                            |    scalar    |
|p_read48      |  in |   16|   ap_none  |                            p_read48                            |    scalar    |
|p_read49      |  in |   16|   ap_none  |                            p_read49                            |    scalar    |
|p_read50      |  in |   16|   ap_none  |                            p_read50                            |    scalar    |
|p_read51      |  in |   16|   ap_none  |                            p_read51                            |    scalar    |
|p_read52      |  in |   16|   ap_none  |                            p_read52                            |    scalar    |
|p_read53      |  in |   16|   ap_none  |                            p_read53                            |    scalar    |
|p_read54      |  in |   16|   ap_none  |                            p_read54                            |    scalar    |
|p_read55      |  in |   16|   ap_none  |                            p_read55                            |    scalar    |
|p_read56      |  in |   16|   ap_none  |                            p_read56                            |    scalar    |
|p_read57      |  in |   16|   ap_none  |                            p_read57                            |    scalar    |
|p_read58      |  in |   16|   ap_none  |                            p_read58                            |    scalar    |
|p_read59      |  in |   16|   ap_none  |                            p_read59                            |    scalar    |
|p_read60      |  in |   16|   ap_none  |                            p_read60                            |    scalar    |
|p_read61      |  in |   16|   ap_none  |                            p_read61                            |    scalar    |
|p_read62      |  in |   16|   ap_none  |                            p_read62                            |    scalar    |
|p_read63      |  in |   16|   ap_none  |                            p_read63                            |    scalar    |
|p_read64      |  in |   16|   ap_none  |                            p_read64                            |    scalar    |
|p_read65      |  in |   16|   ap_none  |                            p_read65                            |    scalar    |
|p_read66      |  in |   16|   ap_none  |                            p_read66                            |    scalar    |
|p_read67      |  in |   16|   ap_none  |                            p_read67                            |    scalar    |
|p_read68      |  in |   16|   ap_none  |                            p_read68                            |    scalar    |
|p_read69      |  in |   16|   ap_none  |                            p_read69                            |    scalar    |
|p_read70      |  in |   16|   ap_none  |                            p_read70                            |    scalar    |
|p_read71      |  in |   16|   ap_none  |                            p_read71                            |    scalar    |
|p_read72      |  in |   16|   ap_none  |                            p_read72                            |    scalar    |
|p_read73      |  in |   16|   ap_none  |                            p_read73                            |    scalar    |
|p_read74      |  in |   16|   ap_none  |                            p_read74                            |    scalar    |
|p_read75      |  in |   16|   ap_none  |                            p_read75                            |    scalar    |
|p_read76      |  in |   16|   ap_none  |                            p_read76                            |    scalar    |
|p_read77      |  in |   16|   ap_none  |                            p_read77                            |    scalar    |
|p_read78      |  in |   16|   ap_none  |                            p_read78                            |    scalar    |
|p_read79      |  in |   16|   ap_none  |                            p_read79                            |    scalar    |
|p_read80      |  in |   16|   ap_none  |                            p_read80                            |    scalar    |
|p_read81      |  in |   16|   ap_none  |                            p_read81                            |    scalar    |
|p_read82      |  in |   16|   ap_none  |                            p_read82                            |    scalar    |
|p_read83      |  in |   16|   ap_none  |                            p_read83                            |    scalar    |
|p_read84      |  in |   16|   ap_none  |                            p_read84                            |    scalar    |
|p_read85      |  in |   16|   ap_none  |                            p_read85                            |    scalar    |
|p_read86      |  in |   16|   ap_none  |                            p_read86                            |    scalar    |
|p_read87      |  in |   16|   ap_none  |                            p_read87                            |    scalar    |
|p_read88      |  in |   16|   ap_none  |                            p_read88                            |    scalar    |
|p_read89      |  in |   16|   ap_none  |                            p_read89                            |    scalar    |
|p_read90      |  in |   16|   ap_none  |                            p_read90                            |    scalar    |
|p_read91      |  in |   16|   ap_none  |                            p_read91                            |    scalar    |
|p_read92      |  in |   16|   ap_none  |                            p_read92                            |    scalar    |
|p_read93      |  in |   16|   ap_none  |                            p_read93                            |    scalar    |
|p_read94      |  in |   16|   ap_none  |                            p_read94                            |    scalar    |
|p_read95      |  in |   16|   ap_none  |                            p_read95                            |    scalar    |
|p_read96      |  in |   16|   ap_none  |                            p_read96                            |    scalar    |
|p_read97      |  in |   16|   ap_none  |                            p_read97                            |    scalar    |
|p_read98      |  in |   16|   ap_none  |                            p_read98                            |    scalar    |
|p_read99      |  in |   16|   ap_none  |                            p_read99                            |    scalar    |
+--------------+-----+-----+------------+----------------------------------------------------------------+--------------+

